<?xml version="1.0" encoding="UTF-8"?>
<coverage generated="1614564199231" clover="3.2.0">
  <project timestamp="1614564199231" name="All files">
    <metrics statements="26" coveredstatements="26" conditionals="8" coveredconditionals="8" methods="3" coveredmethods="3" elements="37" coveredelements="37" complexity="0" loc="26" ncloc="26" packages="1" files="1" classes="1"/>
    <file name="script.js" path="/home/runner/work/cse110-w21-group13/cse110-w21-group13/source/src/scripts/script.js">
      <metrics statements="26" coveredstatements="26" conditionals="8" coveredconditionals="8" methods="3" coveredmethods="3"/>
      <line num="1" count="4" type="stmt"/>
      <line num="2" count="4" type="stmt"/>
      <line num="3" count="4" type="stmt"/>
      <line num="4" count="4" type="stmt"/>
      <line num="7" count="4" type="stmt"/>
      <line num="13" count="5" type="cond" truecount="2" falsecount="0"/>
      <line num="14" count="3" type="stmt"/>
      <line num="15" count="3" type="stmt"/>
      <line num="17" count="2" type="stmt"/>
      <line num="18" count="2" type="stmt"/>
      <line num="19" count="2" type="stmt"/>
      <line num="24" count="1507" type="stmt"/>
      <line num="25" count="1507" type="stmt"/>
      <line num="26" count="1507" type="stmt"/>
      <line num="28" count="1507" type="cond" truecount="2" falsecount="0"/>
      <line num="29" count="1" type="stmt"/>
      <line num="30" count="1" type="stmt"/>
      <line num="33" count="1506" type="cond" truecount="2" falsecount="0"/>
      <line num="34" count="1480" type="stmt"/>
      <line num="36" count="26" type="stmt"/>
      <line num="37" count="26" type="stmt"/>
      <line num="40" count="1506" type="cond" truecount="2" falsecount="0"/>
      <line num="41" count="251" type="stmt"/>
      <line num="43" count="1506" type="stmt"/>
      <line num="45" count="1506" type="stmt"/>
      <line num="49" count="2" type="stmt"/>
    </file>
  </project>
</coverage>
