{"D:\\学习\\21WI\\CSE110\\cse110-w21-group13\\source\\src\\components\\ResetPopUp.js": {"path":"D:\\学习\\21WI\\CSE110\\cse110-w21-group13\\source\\src\\components\\ResetPopUp.js","statementMap":{"0":{"start":{"line":3,"column":8},"end":{"line":3,"column":15}},"1":{"start":{"line":4,"column":25},"end":{"line":4,"column":116}},"2":{"start":{"line":5,"column":8},"end":{"line":7,"column":9}},"3":{"start":{"line":5,"column":21},"end":{"line":5,"column":22}},"4":{"start":{"line":6,"column":12},"end":{"line":6,"column":37}},"5":{"start":{"line":8,"column":8},"end":{"line":8,"column":43}},"6":{"start":{"line":9,"column":25},"end":{"line":9,"column":58}},"7":{"start":{"line":10,"column":8},"end":{"line":10,"column":78}},"8":{"start":{"line":11,"column":8},"end":{"line":11,"column":24}},"9":{"start":{"line":12,"column":8},"end":{"line":12,"column":26}},"10":{"start":{"line":16,"column":24},"end":{"line":16,"column":77}},"11":{"start":{"line":17,"column":8},"end":{"line":17,"column":39}},"12":{"start":{"line":21,"column":8},"end":{"line":21,"column":16}},"13":{"start":{"line":22,"column":23},"end":{"line":22,"column":58}},"14":{"start":{"line":24,"column":24},"end":{"line":24,"column":53}},"15":{"start":{"line":25,"column":8},"end":{"line":25,"column":58}},"16":{"start":{"line":27,"column":22},"end":{"line":27,"column":72}},"17":{"start":{"line":28,"column":8},"end":{"line":28,"column":53}},"18":{"start":{"line":29,"column":8},"end":{"line":29,"column":47}},"19":{"start":{"line":31,"column":22},"end":{"line":31,"column":71}},"20":{"start":{"line":32,"column":8},"end":{"line":32,"column":42}},"21":{"start":{"line":34,"column":24},"end":{"line":34,"column":73}},"22":{"start":{"line":35,"column":8},"end":{"line":35,"column":52}},"23":{"start":{"line":36,"column":8},"end":{"line":36,"column":108}},"24":{"start":{"line":38,"column":23},"end":{"line":38,"column":73}},"25":{"start":{"line":39,"column":8},"end":{"line":39,"column":54}},"26":{"start":{"line":40,"column":27},"end":{"line":40,"column":79}},"27":{"start":{"line":41,"column":8},"end":{"line":41,"column":61}},"28":{"start":{"line":42,"column":8},"end":{"line":42,"column":59}},"29":{"start":{"line":43,"column":8},"end":{"line":43,"column":41}},"30":{"start":{"line":45,"column":8},"end":{"line":45,"column":68}},"31":{"start":{"line":46,"column":8},"end":{"line":46,"column":68}},"32":{"start":{"line":48,"column":8},"end":{"line":48,"column":54}},"33":{"start":{"line":49,"column":8},"end":{"line":49,"column":49}},"34":{"start":{"line":50,"column":8},"end":{"line":50,"column":55}},"35":{"start":{"line":51,"column":8},"end":{"line":51,"column":54}},"36":{"start":{"line":52,"column":8},"end":{"line":52,"column":50}},"37":{"start":{"line":53,"column":8},"end":{"line":53,"column":55}},"38":{"start":{"line":55,"column":22},"end":{"line":55,"column":53}},"39":{"start":{"line":56,"column":8},"end":{"line":147,"column":11}},"40":{"start":{"line":148,"column":8},"end":{"line":148,"column":36}},"41":{"start":{"line":149,"column":8},"end":{"line":149,"column":34}},"42":{"start":{"line":152,"column":0},"end":{"line":152,"column":49}},"43":{"start":{"line":154,"column":0},"end":{"line":170,"column":3}},"44":{"start":{"line":155,"column":23},"end":{"line":155,"column":60}},"45":{"start":{"line":156,"column":4},"end":{"line":156,"column":46}},"46":{"start":{"line":157,"column":4},"end":{"line":157,"column":42}},"47":{"start":{"line":158,"column":21},"end":{"line":158,"column":60}},"48":{"start":{"line":159,"column":4},"end":{"line":169,"column":7}},"49":{"start":{"line":160,"column":25},"end":{"line":160,"column":58}},"50":{"start":{"line":161,"column":8},"end":{"line":161,"column":78}},"51":{"start":{"line":162,"column":8},"end":{"line":162,"column":24}},"52":{"start":{"line":164,"column":23},"end":{"line":164,"column":75}},"53":{"start":{"line":165,"column":8},"end":{"line":167,"column":9}},"54":{"start":{"line":165,"column":21},"end":{"line":165,"column":22}},"55":{"start":{"line":166,"column":12},"end":{"line":166,"column":35}},"56":{"start":{"line":168,"column":8},"end":{"line":168,"column":107}},"57":{"start":{"line":172,"column":0},"end":{"line":172,"column":28}}},"fnMap":{"0":{"name":"(anonymous_0)","decl":{"start":{"line":2,"column":4},"end":{"line":2,"column":5}},"loc":{"start":{"line":2,"column":12},"end":{"line":13,"column":5}},"line":2},"1":{"name":"(anonymous_1)","decl":{"start":{"line":15,"column":4},"end":{"line":15,"column":5}},"loc":{"start":{"line":15,"column":17},"end":{"line":18,"column":5}},"line":15},"2":{"name":"(anonymous_2)","decl":{"start":{"line":20,"column":4},"end":{"line":20,"column":5}},"loc":{"start":{"line":20,"column":18},"end":{"line":150,"column":5}},"line":20},"3":{"name":"(anonymous_3)","decl":{"start":{"line":154,"column":32},"end":{"line":154,"column":33}},"loc":{"start":{"line":154,"column":38},"end":{"line":170,"column":1}},"line":154},"4":{"name":"(anonymous_4)","decl":{"start":{"line":159,"column":39},"end":{"line":159,"column":40}},"loc":{"start":{"line":159,"column":45},"end":{"line":169,"column":5}},"line":159}},"branchMap":{},"s":{"0":0,"1":0,"2":0,"3":0,"4":0,"5":0,"6":0,"7":0,"8":0,"9":0,"10":2,"11":2,"12":3,"13":3,"14":3,"15":3,"16":3,"17":3,"18":3,"19":3,"20":3,"21":3,"22":3,"23":3,"24":3,"25":3,"26":3,"27":3,"28":3,"29":3,"30":3,"31":3,"32":3,"33":3,"34":3,"35":3,"36":3,"37":3,"38":3,"39":3,"40":3,"41":3,"42":1,"43":1,"44":2,"45":2,"46":2,"47":2,"48":2,"49":1,"50":1,"51":1,"52":1,"53":1,"54":1,"55":1,"56":1,"57":1},"f":{"0":0,"1":2,"2":3,"3":2,"4":1},"b":{},"_coverageSchema":"1a1c01bbd47fc00a2c39e90264f33305004495a9","hash":"bc5848cfca98894a93d8d8accc561e4f1bb6fc4c"}
,"D:\\学习\\21WI\\CSE110\\cse110-w21-group13\\source\\src\\components\\SettingsPopUp.js": {"path":"D:\\学习\\21WI\\CSE110\\cse110-w21-group13\\source\\src\\components\\SettingsPopUp.js","statementMap":{"0":{"start":{"line":3,"column":24},"end":{"line":3,"column":80}},"1":{"start":{"line":4,"column":8},"end":{"line":4,"column":39}},"2":{"start":{"line":8,"column":27},"end":{"line":8,"column":84}},"3":{"start":{"line":9,"column":27},"end":{"line":9,"column":84}},"4":{"start":{"line":10,"column":26},"end":{"line":10,"column":82}},"5":{"start":{"line":11,"column":8},"end":{"line":11,"column":56}},"6":{"start":{"line":12,"column":8},"end":{"line":12,"column":63}},"7":{"start":{"line":13,"column":8},"end":{"line":13,"column":61}},"8":{"start":{"line":14,"column":25},"end":{"line":14,"column":58}},"9":{"start":{"line":15,"column":8},"end":{"line":15,"column":78}},"10":{"start":{"line":16,"column":8},"end":{"line":16,"column":24}},"11":{"start":{"line":17,"column":8},"end":{"line":17,"column":15}},"12":{"start":{"line":18,"column":8},"end":{"line":18,"column":26}},"13":{"start":{"line":22,"column":8},"end":{"line":26,"column":9}},"14":{"start":{"line":23,"column":12},"end":{"line":23,"column":50}},"15":{"start":{"line":25,"column":12},"end":{"line":25,"column":51}},"16":{"start":{"line":27,"column":8},"end":{"line":27,"column":53}},"17":{"start":{"line":31,"column":23},"end":{"line":31,"column":68}},"18":{"start":{"line":32,"column":8},"end":{"line":32,"column":52}},"19":{"start":{"line":36,"column":8},"end":{"line":36,"column":16}},"20":{"start":{"line":37,"column":23},"end":{"line":37,"column":58}},"21":{"start":{"line":39,"column":24},"end":{"line":39,"column":53}},"22":{"start":{"line":40,"column":8},"end":{"line":40,"column":61}},"23":{"start":{"line":42,"column":22},"end":{"line":42,"column":72}},"24":{"start":{"line":43,"column":8},"end":{"line":43,"column":53}},"25":{"start":{"line":44,"column":8},"end":{"line":44,"column":47}},"26":{"start":{"line":46,"column":22},"end":{"line":46,"column":71}},"27":{"start":{"line":47,"column":8},"end":{"line":47,"column":37}},"28":{"start":{"line":49,"column":29},"end":{"line":49,"column":78}},"29":{"start":{"line":50,"column":8},"end":{"line":50,"column":58}},"30":{"start":{"line":51,"column":8},"end":{"line":51,"column":60}},"31":{"start":{"line":53,"column":24},"end":{"line":53,"column":74}},"32":{"start":{"line":54,"column":8},"end":{"line":54,"column":46}},"33":{"start":{"line":56,"column":28},"end":{"line":56,"column":78}},"34":{"start":{"line":57,"column":8},"end":{"line":57,"column":60}},"35":{"start":{"line":58,"column":26},"end":{"line":58,"column":82}},"36":{"start":{"line":59,"column":8},"end":{"line":59,"column":46}},"37":{"start":{"line":60,"column":8},"end":{"line":60,"column":37}},"38":{"start":{"line":61,"column":26},"end":{"line":61,"column":82}},"39":{"start":{"line":62,"column":8},"end":{"line":62,"column":49}},"40":{"start":{"line":63,"column":8},"end":{"line":63,"column":58}},"41":{"start":{"line":64,"column":8},"end":{"line":64,"column":91}},"42":{"start":{"line":65,"column":8},"end":{"line":65,"column":41}},"43":{"start":{"line":66,"column":8},"end":{"line":66,"column":42}},"44":{"start":{"line":67,"column":34},"end":{"line":67,"column":84}},"45":{"start":{"line":68,"column":8},"end":{"line":68,"column":66}},"46":{"start":{"line":69,"column":32},"end":{"line":69,"column":94}},"47":{"start":{"line":70,"column":8},"end":{"line":70,"column":59}},"48":{"start":{"line":71,"column":8},"end":{"line":71,"column":50}},"49":{"start":{"line":72,"column":32},"end":{"line":72,"column":94}},"50":{"start":{"line":73,"column":8},"end":{"line":73,"column":55}},"51":{"start":{"line":74,"column":8},"end":{"line":74,"column":64}},"52":{"start":{"line":75,"column":8},"end":{"line":75,"column":104}},"53":{"start":{"line":76,"column":8},"end":{"line":76,"column":47}},"54":{"start":{"line":77,"column":8},"end":{"line":77,"column":48}},"55":{"start":{"line":78,"column":33},"end":{"line":78,"column":83}},"56":{"start":{"line":79,"column":8},"end":{"line":79,"column":65}},"57":{"start":{"line":80,"column":31},"end":{"line":80,"column":92}},"58":{"start":{"line":81,"column":8},"end":{"line":81,"column":57}},"59":{"start":{"line":82,"column":8},"end":{"line":82,"column":48}},"60":{"start":{"line":83,"column":31},"end":{"line":83,"column":92}},"61":{"start":{"line":84,"column":8},"end":{"line":84,"column":54}},"62":{"start":{"line":85,"column":8},"end":{"line":85,"column":62}},"63":{"start":{"line":86,"column":8},"end":{"line":86,"column":102}},"64":{"start":{"line":87,"column":8},"end":{"line":87,"column":46}},"65":{"start":{"line":88,"column":8},"end":{"line":88,"column":47}},"66":{"start":{"line":90,"column":28},"end":{"line":90,"column":78}},"67":{"start":{"line":91,"column":8},"end":{"line":91,"column":52}},"68":{"start":{"line":92,"column":30},"end":{"line":92,"column":83}},"69":{"start":{"line":93,"column":8},"end":{"line":93,"column":61}},"70":{"start":{"line":94,"column":8},"end":{"line":94,"column":54}},"71":{"start":{"line":95,"column":27},"end":{"line":95,"column":83}},"72":{"start":{"line":96,"column":8},"end":{"line":96,"column":51}},"73":{"start":{"line":97,"column":30},"end":{"line":97,"column":85}},"74":{"start":{"line":98,"column":8},"end":{"line":98,"column":55}},"75":{"start":{"line":99,"column":8},"end":{"line":101,"column":9}},"76":{"start":{"line":100,"column":12},"end":{"line":100,"column":46}},"77":{"start":{"line":102,"column":23},"end":{"line":102,"column":77}},"78":{"start":{"line":103,"column":8},"end":{"line":103,"column":47}},"79":{"start":{"line":105,"column":8},"end":{"line":105,"column":69}},"80":{"start":{"line":107,"column":26},"end":{"line":107,"column":76}},"81":{"start":{"line":108,"column":8},"end":{"line":108,"column":51}},"82":{"start":{"line":109,"column":28},"end":{"line":109,"column":79}},"83":{"start":{"line":110,"column":8},"end":{"line":110,"column":55}},"84":{"start":{"line":111,"column":8},"end":{"line":111,"column":47}},"85":{"start":{"line":112,"column":21},"end":{"line":112,"column":71}},"86":{"start":{"line":113,"column":24},"end":{"line":113,"column":72}},"87":{"start":{"line":114,"column":8},"end":{"line":114,"column":52}},"88":{"start":{"line":115,"column":26},"end":{"line":115,"column":78}},"89":{"start":{"line":116,"column":8},"end":{"line":116,"column":54}},"90":{"start":{"line":117,"column":27},"end":{"line":117,"column":81}},"91":{"start":{"line":118,"column":8},"end":{"line":118,"column":49}},"92":{"start":{"line":119,"column":8},"end":{"line":119,"column":42}},"93":{"start":{"line":120,"column":8},"end":{"line":120,"column":44}},"94":{"start":{"line":121,"column":8},"end":{"line":121,"column":87}},"95":{"start":{"line":122,"column":8},"end":{"line":122,"column":55}},"96":{"start":{"line":123,"column":8},"end":{"line":123,"column":47}},"97":{"start":{"line":125,"column":23},"end":{"line":125,"column":73}},"98":{"start":{"line":126,"column":8},"end":{"line":126,"column":54}},"99":{"start":{"line":127,"column":27},"end":{"line":127,"column":79}},"100":{"start":{"line":128,"column":8},"end":{"line":128,"column":64}},"101":{"start":{"line":129,"column":8},"end":{"line":129,"column":62}},"102":{"start":{"line":130,"column":8},"end":{"line":130,"column":41}},"103":{"start":{"line":132,"column":8},"end":{"line":132,"column":78}},"104":{"start":{"line":133,"column":8},"end":{"line":133,"column":68}},"105":{"start":{"line":135,"column":8},"end":{"line":135,"column":73}},"106":{"start":{"line":136,"column":8},"end":{"line":136,"column":45}},"107":{"start":{"line":138,"column":8},"end":{"line":140,"column":11}},"108":{"start":{"line":139,"column":12},"end":{"line":139,"column":43}},"109":{"start":{"line":142,"column":8},"end":{"line":142,"column":63}},"110":{"start":{"line":143,"column":8},"end":{"line":143,"column":49}},"111":{"start":{"line":144,"column":8},"end":{"line":144,"column":50}},"112":{"start":{"line":145,"column":8},"end":{"line":145,"column":60}},"113":{"start":{"line":146,"column":8},"end":{"line":146,"column":57}},"114":{"start":{"line":147,"column":8},"end":{"line":147,"column":56}},"115":{"start":{"line":148,"column":8},"end":{"line":148,"column":63}},"116":{"start":{"line":149,"column":8},"end":{"line":149,"column":62}},"117":{"start":{"line":150,"column":8},"end":{"line":150,"column":62}},"118":{"start":{"line":151,"column":8},"end":{"line":151,"column":61}},"119":{"start":{"line":152,"column":8},"end":{"line":152,"column":63}},"120":{"start":{"line":153,"column":8},"end":{"line":153,"column":57}},"121":{"start":{"line":154,"column":8},"end":{"line":154,"column":54}},"122":{"start":{"line":155,"column":8},"end":{"line":155,"column":56}},"123":{"start":{"line":156,"column":8},"end":{"line":156,"column":50}},"124":{"start":{"line":157,"column":8},"end":{"line":157,"column":55}},"125":{"start":{"line":158,"column":22},"end":{"line":158,"column":53}},"126":{"start":{"line":159,"column":8},"end":{"line":392,"column":11}},"127":{"start":{"line":393,"column":8},"end":{"line":393,"column":36}},"128":{"start":{"line":394,"column":8},"end":{"line":394,"column":34}},"129":{"start":{"line":397,"column":0},"end":{"line":397,"column":55}},"130":{"start":{"line":399,"column":0},"end":{"line":415,"column":3}},"131":{"start":{"line":400,"column":27},"end":{"line":400,"column":68}},"132":{"start":{"line":401,"column":26},"end":{"line":401,"column":66}},"133":{"start":{"line":402,"column":4},"end":{"line":402,"column":49}},"134":{"start":{"line":403,"column":4},"end":{"line":403,"column":45}},"135":{"start":{"line":404,"column":4},"end":{"line":414,"column":7}},"136":{"start":{"line":405,"column":25},"end":{"line":405,"column":58}},"137":{"start":{"line":406,"column":8},"end":{"line":406,"column":78}},"138":{"start":{"line":407,"column":8},"end":{"line":407,"column":24}},"139":{"start":{"line":409,"column":23},"end":{"line":409,"column":75}},"140":{"start":{"line":410,"column":5},"end":{"line":412,"column":6}},"141":{"start":{"line":410,"column":18},"end":{"line":410,"column":19}},"142":{"start":{"line":411,"column":9},"end":{"line":411,"column":32}},"143":{"start":{"line":413,"column":8},"end":{"line":413,"column":113}},"144":{"start":{"line":417,"column":0},"end":{"line":417,"column":31}}},"fnMap":{"0":{"name":"(anonymous_0)","decl":{"start":{"line":2,"column":4},"end":{"line":2,"column":5}},"loc":{"start":{"line":2,"column":17},"end":{"line":5,"column":5}},"line":2},"1":{"name":"(anonymous_1)","decl":{"start":{"line":7,"column":4},"end":{"line":7,"column":5}},"loc":{"start":{"line":7,"column":22},"end":{"line":19,"column":5}},"line":7},"2":{"name":"(anonymous_2)","decl":{"start":{"line":21,"column":4},"end":{"line":21,"column":5}},"loc":{"start":{"line":21,"column":17},"end":{"line":28,"column":5}},"line":21},"3":{"name":"(anonymous_3)","decl":{"start":{"line":30,"column":4},"end":{"line":30,"column":5}},"loc":{"start":{"line":30,"column":16},"end":{"line":33,"column":5}},"line":30},"4":{"name":"(anonymous_4)","decl":{"start":{"line":35,"column":4},"end":{"line":35,"column":5}},"loc":{"start":{"line":35,"column":18},"end":{"line":395,"column":5}},"line":35},"5":{"name":"(anonymous_5)","decl":{"start":{"line":138,"column":45},"end":{"line":138,"column":46}},"loc":{"start":{"line":138,"column":57},"end":{"line":140,"column":9}},"line":138},"6":{"name":"(anonymous_6)","decl":{"start":{"line":399,"column":32},"end":{"line":399,"column":33}},"loc":{"start":{"line":399,"column":38},"end":{"line":415,"column":1}},"line":399},"7":{"name":"(anonymous_7)","decl":{"start":{"line":404,"column":45},"end":{"line":404,"column":46}},"loc":{"start":{"line":404,"column":51},"end":{"line":414,"column":5}},"line":404}},"branchMap":{"0":{"loc":{"start":{"line":22,"column":8},"end":{"line":26,"column":9}},"type":"if","locations":[{"start":{"line":22,"column":8},"end":{"line":26,"column":9}},{"start":{"line":22,"column":8},"end":{"line":26,"column":9}}],"line":22},"1":{"loc":{"start":{"line":99,"column":8},"end":{"line":101,"column":9}},"type":"if","locations":[{"start":{"line":99,"column":8},"end":{"line":101,"column":9}},{"start":{"line":99,"column":8},"end":{"line":101,"column":9}}],"line":99}},"s":{"0":2,"1":2,"2":1,"3":1,"4":1,"5":1,"6":1,"7":1,"8":1,"9":1,"10":1,"11":1,"12":0,"13":2,"14":1,"15":1,"16":2,"17":1,"18":1,"19":11,"20":11,"21":11,"22":11,"23":11,"24":11,"25":11,"26":11,"27":11,"28":11,"29":11,"30":11,"31":11,"32":11,"33":11,"34":11,"35":11,"36":11,"37":11,"38":11,"39":11,"40":11,"41":11,"42":11,"43":11,"44":11,"45":11,"46":11,"47":11,"48":11,"49":11,"50":11,"51":11,"52":11,"53":11,"54":11,"55":11,"56":11,"57":11,"58":11,"59":11,"60":11,"61":11,"62":11,"63":11,"64":11,"65":11,"66":11,"67":11,"68":11,"69":11,"70":11,"71":11,"72":11,"73":11,"74":11,"75":11,"76":2,"77":11,"78":11,"79":11,"80":11,"81":11,"82":11,"83":11,"84":11,"85":11,"86":11,"87":11,"88":11,"89":11,"90":11,"91":11,"92":11,"93":11,"94":11,"95":11,"96":11,"97":11,"98":11,"99":11,"100":11,"101":11,"102":11,"103":11,"104":11,"105":11,"106":11,"107":11,"108":1,"109":11,"110":11,"111":11,"112":11,"113":11,"114":11,"115":11,"116":11,"117":11,"118":11,"119":11,"120":11,"121":11,"122":11,"123":11,"124":11,"125":11,"126":11,"127":11,"128":11,"129":1,"130":1,"131":2,"132":2,"133":2,"134":2,"135":2,"136":1,"137":1,"138":1,"139":1,"140":1,"141":1,"142":1,"143":1,"144":1},"f":{"0":2,"1":1,"2":2,"3":1,"4":11,"5":1,"6":2,"7":1},"b":{"0":[1,1],"1":[2,9]},"_coverageSchema":"1a1c01bbd47fc00a2c39e90264f33305004495a9","hash":"c821541c5da0dc0f1f2eb5142c370227c7d3a5ec"}
,"D:\\学习\\21WI\\CSE110\\cse110-w21-group13\\source\\src\\components\\TaskItem.js": {"path":"D:\\学习\\21WI\\CSE110\\cse110-w21-group13\\source\\src\\components\\TaskItem.js","statementMap":{"0":{"start":{"line":5,"column":22},"end":{"line":5,"column":63}},"1":{"start":{"line":7,"column":24},"end":{"line":7,"column":77}},"2":{"start":{"line":8,"column":8},"end":{"line":8,"column":47}},"3":{"start":{"line":10,"column":21},"end":{"line":10,"column":112}},"4":{"start":{"line":10,"column":39},"end":{"line":10,"column":111}},"5":{"start":{"line":11,"column":8},"end":{"line":14,"column":9}},"6":{"start":{"line":12,"column":12},"end":{"line":12,"column":41}},"7":{"start":{"line":13,"column":12},"end":{"line":13,"column":65}},"8":{"start":{"line":19,"column":22},"end":{"line":19,"column":63}},"9":{"start":{"line":21,"column":8},"end":{"line":21,"column":131}},"10":{"start":{"line":21,"column":47},"end":{"line":21,"column":125}},"11":{"start":{"line":22,"column":8},"end":{"line":22,"column":61}},"12":{"start":{"line":24,"column":8},"end":{"line":24,"column":42}},"13":{"start":{"line":29,"column":8},"end":{"line":29,"column":16}},"14":{"start":{"line":30,"column":23},"end":{"line":30,"column":58}},"15":{"start":{"line":36,"column":19},"end":{"line":36,"column":47}},"16":{"start":{"line":37,"column":8},"end":{"line":37,"column":36}},"17":{"start":{"line":38,"column":22},"end":{"line":38,"column":51}},"18":{"start":{"line":39,"column":8},"end":{"line":39,"column":53}},"19":{"start":{"line":40,"column":8},"end":{"line":40,"column":50}},"20":{"start":{"line":41,"column":8},"end":{"line":41,"column":43}},"21":{"start":{"line":42,"column":8},"end":{"line":42,"column":30}},"22":{"start":{"line":44,"column":8},"end":{"line":44,"column":52}},"23":{"start":{"line":46,"column":21},"end":{"line":46,"column":50}},"24":{"start":{"line":47,"column":8},"end":{"line":47,"column":53}},"25":{"start":{"line":48,"column":8},"end":{"line":48,"column":50}},"26":{"start":{"line":49,"column":8},"end":{"line":49,"column":29}},"27":{"start":{"line":51,"column":8},"end":{"line":51,"column":67}},"28":{"start":{"line":53,"column":22},"end":{"line":53,"column":53}},"29":{"start":{"line":54,"column":8},"end":{"line":110,"column":10}},"30":{"start":{"line":111,"column":8},"end":{"line":111,"column":31}},"31":{"start":{"line":112,"column":8},"end":{"line":112,"column":34}},"32":{"start":{"line":116,"column":8},"end":{"line":116,"column":24}},"33":{"start":{"line":120,"column":23},"end":{"line":120,"column":38}},"34":{"start":{"line":121,"column":21},"end":{"line":121,"column":52}},"35":{"start":{"line":122,"column":8},"end":{"line":122,"column":49}},"36":{"start":{"line":126,"column":0},"end":{"line":126,"column":45}},"37":{"start":{"line":128,"column":0},"end":{"line":128,"column":26}}},"fnMap":{"0":{"name":"(anonymous_0)","decl":{"start":{"line":4,"column":4},"end":{"line":4,"column":5}},"loc":{"start":{"line":4,"column":13},"end":{"line":15,"column":5}},"line":4},"1":{"name":"(anonymous_1)","decl":{"start":{"line":10,"column":32},"end":{"line":10,"column":33}},"loc":{"start":{"line":10,"column":39},"end":{"line":10,"column":111}},"line":10},"2":{"name":"(anonymous_2)","decl":{"start":{"line":18,"column":4},"end":{"line":18,"column":5}},"loc":{"start":{"line":18,"column":17},"end":{"line":25,"column":5}},"line":18},"3":{"name":"(anonymous_3)","decl":{"start":{"line":21,"column":37},"end":{"line":21,"column":38}},"loc":{"start":{"line":21,"column":47},"end":{"line":21,"column":125}},"line":21},"4":{"name":"(anonymous_4)","decl":{"start":{"line":28,"column":4},"end":{"line":28,"column":5}},"loc":{"start":{"line":28,"column":18},"end":{"line":113,"column":5}},"line":28},"5":{"name":"(anonymous_5)","decl":{"start":{"line":115,"column":4},"end":{"line":115,"column":5}},"loc":{"start":{"line":115,"column":36},"end":{"line":117,"column":5}},"line":115},"6":{"name":"(anonymous_6)","decl":{"start":{"line":119,"column":4},"end":{"line":119,"column":5}},"loc":{"start":{"line":119,"column":55},"end":{"line":123,"column":5}},"line":119}},"branchMap":{"0":{"loc":{"start":{"line":10,"column":39},"end":{"line":10,"column":111}},"type":"binary-expr","locations":[{"start":{"line":10,"column":39},"end":{"line":10,"column":71}},{"start":{"line":10,"column":75},"end":{"line":10,"column":111}}],"line":10},"1":{"loc":{"start":{"line":11,"column":8},"end":{"line":14,"column":9}},"type":"if","locations":[{"start":{"line":11,"column":8},"end":{"line":14,"column":9}},{"start":{"line":11,"column":8},"end":{"line":14,"column":9}}],"line":11},"2":{"loc":{"start":{"line":21,"column":47},"end":{"line":21,"column":125}},"type":"binary-expr","locations":[{"start":{"line":21,"column":47},"end":{"line":21,"column":82}},{"start":{"line":21,"column":86},"end":{"line":21,"column":125}}],"line":21}},"s":{"0":3,"1":3,"2":3,"3":3,"4":4,"5":3,"6":2,"7":2,"8":1,"9":1,"10":1,"11":1,"12":1,"13":12,"14":12,"15":12,"16":12,"17":12,"18":12,"19":12,"20":12,"21":12,"22":12,"23":12,"24":12,"25":12,"26":12,"27":12,"28":12,"29":12,"30":12,"31":12,"32":3,"33":12,"34":12,"35":12,"36":3,"37":3},"f":{"0":3,"1":4,"2":1,"3":1,"4":12,"5":3,"6":12},"b":{"0":[4,2],"1":[2,1],"2":[1,1]},"_coverageSchema":"1a1c01bbd47fc00a2c39e90264f33305004495a9","hash":"5256817bef8c5cbf25c6622b42293419e954daee"}
,"D:\\学习\\21WI\\CSE110\\cse110-w21-group13\\source\\src\\components\\TaskPopUp.js": {"path":"D:\\学习\\21WI\\CSE110\\cse110-w21-group13\\source\\src\\components\\TaskPopUp.js","statementMap":{"0":{"start":{"line":6,"column":22},"end":{"line":6,"column":63}},"1":{"start":{"line":7,"column":22},"end":{"line":7,"column":72}},"2":{"start":{"line":8,"column":8},"end":{"line":30,"column":9}},"3":{"start":{"line":10,"column":25},"end":{"line":14,"column":13}},"4":{"start":{"line":15,"column":29},"end":{"line":15,"column":64}},"5":{"start":{"line":16,"column":12},"end":{"line":16,"column":49}},"6":{"start":{"line":17,"column":12},"end":{"line":17,"column":59}},"7":{"start":{"line":18,"column":12},"end":{"line":18,"column":53}},"8":{"start":{"line":19,"column":12},"end":{"line":19,"column":80}},"9":{"start":{"line":21,"column":12},"end":{"line":21,"column":29}},"10":{"start":{"line":22,"column":12},"end":{"line":22,"column":65}},"11":{"start":{"line":23,"column":23},"end":{"line":23,"column":67}},"12":{"start":{"line":24,"column":12},"end":{"line":24,"column":48}},"13":{"start":{"line":25,"column":29},"end":{"line":25,"column":62}},"14":{"start":{"line":26,"column":12},"end":{"line":26,"column":80}},"15":{"start":{"line":27,"column":12},"end":{"line":27,"column":28}},"16":{"start":{"line":29,"column":12},"end":{"line":29,"column":30}},"17":{"start":{"line":35,"column":24},"end":{"line":35,"column":72}},"18":{"start":{"line":36,"column":22},"end":{"line":36,"column":66}},"19":{"start":{"line":37,"column":8},"end":{"line":37,"column":39}},"20":{"start":{"line":38,"column":8},"end":{"line":38,"column":25}},"21":{"start":{"line":43,"column":8},"end":{"line":43,"column":16}},"22":{"start":{"line":44,"column":23},"end":{"line":44,"column":58}},"23":{"start":{"line":46,"column":24},"end":{"line":46,"column":53}},"24":{"start":{"line":47,"column":8},"end":{"line":47,"column":53}},"25":{"start":{"line":49,"column":22},"end":{"line":49,"column":72}},"26":{"start":{"line":50,"column":8},"end":{"line":50,"column":53}},"27":{"start":{"line":51,"column":8},"end":{"line":51,"column":47}},"28":{"start":{"line":52,"column":22},"end":{"line":52,"column":71}},"29":{"start":{"line":53,"column":8},"end":{"line":53,"column":37}},"30":{"start":{"line":55,"column":22},"end":{"line":55,"column":74}},"31":{"start":{"line":56,"column":8},"end":{"line":56,"column":43}},"32":{"start":{"line":57,"column":8},"end":{"line":57,"column":47}},"33":{"start":{"line":58,"column":8},"end":{"line":58,"column":76}},"34":{"start":{"line":59,"column":8},"end":{"line":59,"column":46}},"35":{"start":{"line":60,"column":8},"end":{"line":60,"column":50}},"36":{"start":{"line":62,"column":23},"end":{"line":62,"column":73}},"37":{"start":{"line":63,"column":8},"end":{"line":63,"column":54}},"38":{"start":{"line":64,"column":23},"end":{"line":64,"column":75}},"39":{"start":{"line":65,"column":8},"end":{"line":65,"column":51}},"40":{"start":{"line":66,"column":8},"end":{"line":66,"column":50}},"41":{"start":{"line":67,"column":8},"end":{"line":67,"column":33}},"42":{"start":{"line":69,"column":8},"end":{"line":69,"column":68}},"43":{"start":{"line":70,"column":8},"end":{"line":70,"column":66}},"44":{"start":{"line":72,"column":8},"end":{"line":72,"column":54}},"45":{"start":{"line":73,"column":8},"end":{"line":73,"column":49}},"46":{"start":{"line":74,"column":8},"end":{"line":74,"column":50}},"47":{"start":{"line":75,"column":8},"end":{"line":75,"column":49}},"48":{"start":{"line":76,"column":8},"end":{"line":76,"column":50}},"49":{"start":{"line":77,"column":8},"end":{"line":77,"column":47}},"50":{"start":{"line":79,"column":8},"end":{"line":86,"column":11}},"51":{"start":{"line":80,"column":12},"end":{"line":82,"column":13}},"52":{"start":{"line":81,"column":16},"end":{"line":81,"column":31}},"53":{"start":{"line":83,"column":12},"end":{"line":85,"column":13}},"54":{"start":{"line":84,"column":16},"end":{"line":84,"column":30}},"55":{"start":{"line":88,"column":22},"end":{"line":88,"column":53}},"56":{"start":{"line":89,"column":8},"end":{"line":192,"column":11}},"57":{"start":{"line":193,"column":8},"end":{"line":193,"column":36}},"58":{"start":{"line":194,"column":8},"end":{"line":194,"column":34}},"59":{"start":{"line":197,"column":0},"end":{"line":197,"column":47}},"60":{"start":{"line":199,"column":0},"end":{"line":216,"column":3}},"61":{"start":{"line":200,"column":21},"end":{"line":200,"column":62}},"62":{"start":{"line":201,"column":18},"end":{"line":201,"column":54}},"63":{"start":{"line":202,"column":4},"end":{"line":202,"column":41}},"64":{"start":{"line":203,"column":4},"end":{"line":203,"column":37}},"65":{"start":{"line":204,"column":4},"end":{"line":215,"column":7}},"66":{"start":{"line":205,"column":25},"end":{"line":205,"column":58}},"67":{"start":{"line":206,"column":8},"end":{"line":206,"column":76}},"68":{"start":{"line":207,"column":8},"end":{"line":207,"column":24}},"69":{"start":{"line":209,"column":23},"end":{"line":209,"column":75}},"70":{"start":{"line":210,"column":8},"end":{"line":212,"column":9}},"71":{"start":{"line":210,"column":21},"end":{"line":210,"column":22}},"72":{"start":{"line":211,"column":12},"end":{"line":211,"column":35}},"73":{"start":{"line":213,"column":8},"end":{"line":213,"column":97}},"74":{"start":{"line":214,"column":8},"end":{"line":214,"column":62}},"75":{"start":{"line":218,"column":0},"end":{"line":218,"column":27}}},"fnMap":{"0":{"name":"(anonymous_0)","decl":{"start":{"line":5,"column":4},"end":{"line":5,"column":5}},"loc":{"start":{"line":5,"column":14},"end":{"line":31,"column":5}},"line":5},"1":{"name":"(anonymous_1)","decl":{"start":{"line":34,"column":4},"end":{"line":34,"column":5}},"loc":{"start":{"line":34,"column":17},"end":{"line":39,"column":5}},"line":34},"2":{"name":"(anonymous_2)","decl":{"start":{"line":42,"column":4},"end":{"line":42,"column":5}},"loc":{"start":{"line":42,"column":18},"end":{"line":195,"column":5}},"line":42},"3":{"name":"(anonymous_3)","decl":{"start":{"line":79,"column":43},"end":{"line":79,"column":44}},"loc":{"start":{"line":79,"column":54},"end":{"line":86,"column":9}},"line":79},"4":{"name":"(anonymous_4)","decl":{"start":{"line":199,"column":32},"end":{"line":199,"column":33}},"loc":{"start":{"line":199,"column":38},"end":{"line":216,"column":1}},"line":199},"5":{"name":"(anonymous_5)","decl":{"start":{"line":204,"column":39},"end":{"line":204,"column":40}},"loc":{"start":{"line":204,"column":45},"end":{"line":215,"column":5}},"line":204}},"branchMap":{"0":{"loc":{"start":{"line":8,"column":8},"end":{"line":30,"column":9}},"type":"if","locations":[{"start":{"line":8,"column":8},"end":{"line":30,"column":9}},{"start":{"line":8,"column":8},"end":{"line":30,"column":9}}],"line":8},"1":{"loc":{"start":{"line":80,"column":12},"end":{"line":82,"column":13}},"type":"if","locations":[{"start":{"line":80,"column":12},"end":{"line":82,"column":13}},{"start":{"line":80,"column":12},"end":{"line":82,"column":13}}],"line":80},"2":{"loc":{"start":{"line":80,"column":16},"end":{"line":80,"column":74}},"type":"binary-expr","locations":[{"start":{"line":80,"column":16},"end":{"line":80,"column":38}},{"start":{"line":80,"column":42},"end":{"line":80,"column":74}}],"line":80},"3":{"loc":{"start":{"line":83,"column":12},"end":{"line":85,"column":13}},"type":"if","locations":[{"start":{"line":83,"column":12},"end":{"line":85,"column":13}},{"start":{"line":83,"column":12},"end":{"line":85,"column":13}}],"line":83},"4":{"loc":{"start":{"line":83,"column":16},"end":{"line":83,"column":75}},"type":"binary-expr","locations":[{"start":{"line":83,"column":16},"end":{"line":83,"column":39}},{"start":{"line":83,"column":43},"end":{"line":83,"column":75}}],"line":83}},"s":{"0":2,"1":2,"2":2,"3":1,"4":1,"5":1,"6":1,"7":1,"8":1,"9":1,"10":1,"11":1,"12":1,"13":1,"14":1,"15":1,"16":1,"17":3,"18":3,"19":3,"20":3,"21":7,"22":7,"23":7,"24":7,"25":7,"26":7,"27":7,"28":7,"29":7,"30":7,"31":7,"32":7,"33":7,"34":7,"35":7,"36":7,"37":7,"38":7,"39":7,"40":7,"41":7,"42":7,"43":7,"44":7,"45":7,"46":7,"47":7,"48":7,"49":7,"50":7,"51":0,"52":0,"53":0,"54":0,"55":7,"56":7,"57":7,"58":7,"59":1,"60":1,"61":2,"62":2,"63":2,"64":2,"65":2,"66":1,"67":1,"68":1,"69":1,"70":1,"71":1,"72":1,"73":1,"74":1,"75":1},"f":{"0":2,"1":3,"2":7,"3":0,"4":2,"5":1},"b":{"0":[1,1],"1":[0,0],"2":[0,0],"3":[0,0],"4":[0,0]},"_coverageSchema":"1a1c01bbd47fc00a2c39e90264f33305004495a9","hash":"2796756b257090834742dd657c7d14750869f115"}
,"D:\\学习\\21WI\\CSE110\\cse110-w21-group13\\source\\src\\scripts\\Timer.js": {"path":"D:\\学习\\21WI\\CSE110\\cse110-w21-group13\\source\\src\\scripts\\Timer.js","statementMap":{"0":{"start":{"line":1,"column":20},"end":{"line":1,"column":56}},"1":{"start":{"line":2,"column":29},"end":{"line":2,"column":78}},"2":{"start":{"line":3,"column":17},"end":{"line":3,"column":50}},"3":{"start":{"line":4,"column":19},"end":{"line":4,"column":49}},"4":{"start":{"line":5,"column":15},"end":{"line":5,"column":19}},"5":{"start":{"line":7,"column":18},"end":{"line":7,"column":24}},"6":{"start":{"line":8,"column":19},"end":{"line":8,"column":20}},"7":{"start":{"line":11,"column":0},"end":{"line":15,"column":1}},"8":{"start":{"line":12,"column":4},"end":{"line":12,"column":46}},"9":{"start":{"line":13,"column":4},"end":{"line":13,"column":52}},"10":{"start":{"line":14,"column":4},"end":{"line":14,"column":52}},"11":{"start":{"line":16,"column":15},"end":{"line":16,"column":50}},"12":{"start":{"line":17,"column":16},"end":{"line":17,"column":58}},"13":{"start":{"line":18,"column":20},"end":{"line":18,"column":61}},"14":{"start":{"line":20,"column":0},"end":{"line":20,"column":50}},"15":{"start":{"line":23,"column":23},"end":{"line":23,"column":58}},"16":{"start":{"line":24,"column":24},"end":{"line":24,"column":60}},"17":{"start":{"line":26,"column":4},"end":{"line":49,"column":5}},"18":{"start":{"line":27,"column":8},"end":{"line":27,"column":63}},"19":{"start":{"line":28,"column":8},"end":{"line":31,"column":9}},"20":{"start":{"line":29,"column":12},"end":{"line":29,"column":50}},"21":{"start":{"line":30,"column":12},"end":{"line":30,"column":51}},"22":{"start":{"line":32,"column":8},"end":{"line":32,"column":30}},"23":{"start":{"line":33,"column":8},"end":{"line":33,"column":25}},"24":{"start":{"line":34,"column":11},"end":{"line":49,"column":5}},"25":{"start":{"line":35,"column":8},"end":{"line":35,"column":59}},"26":{"start":{"line":36,"column":8},"end":{"line":39,"column":9}},"27":{"start":{"line":37,"column":12},"end":{"line":37,"column":50}},"28":{"start":{"line":38,"column":12},"end":{"line":38,"column":51}},"29":{"start":{"line":40,"column":8},"end":{"line":40,"column":30}},"30":{"start":{"line":41,"column":8},"end":{"line":41,"column":26}},"31":{"start":{"line":43,"column":8},"end":{"line":43,"column":58}},"32":{"start":{"line":44,"column":8},"end":{"line":47,"column":9}},"33":{"start":{"line":45,"column":12},"end":{"line":45,"column":50}},"34":{"start":{"line":46,"column":12},"end":{"line":46,"column":51}},"35":{"start":{"line":48,"column":8},"end":{"line":48,"column":29}},"36":{"start":{"line":53,"column":20},"end":{"line":53,"column":50}},"37":{"start":{"line":55,"column":4},"end":{"line":58,"column":5}},"38":{"start":{"line":56,"column":8},"end":{"line":56,"column":21}},"39":{"start":{"line":57,"column":8},"end":{"line":57,"column":51}},"40":{"start":{"line":60,"column":4},"end":{"line":64,"column":5}},"41":{"start":{"line":61,"column":8},"end":{"line":61,"column":80}},"42":{"start":{"line":63,"column":8},"end":{"line":63,"column":26}},"43":{"start":{"line":66,"column":18},"end":{"line":66,"column":70}},"44":{"start":{"line":67,"column":18},"end":{"line":67,"column":67}},"45":{"start":{"line":69,"column":4},"end":{"line":74,"column":5}},"46":{"start":{"line":70,"column":8},"end":{"line":70,"column":21}},"47":{"start":{"line":72,"column":8},"end":{"line":72,"column":21}},"48":{"start":{"line":73,"column":8},"end":{"line":73,"column":21}},"49":{"start":{"line":76,"column":4},"end":{"line":78,"column":5}},"50":{"start":{"line":77,"column":8},"end":{"line":77,"column":40}},"51":{"start":{"line":80,"column":4},"end":{"line":80,"column":61}},"52":{"start":{"line":84,"column":4},"end":{"line":84,"column":35}},"53":{"start":{"line":85,"column":4},"end":{"line":85,"column":47}},"54":{"start":{"line":89,"column":4},"end":{"line":89,"column":51}},"55":{"start":{"line":90,"column":4},"end":{"line":90,"column":59}},"56":{"start":{"line":91,"column":4},"end":{"line":91,"column":62}},"57":{"start":{"line":92,"column":4},"end":{"line":92,"column":25}},"58":{"start":{"line":93,"column":4},"end":{"line":93,"column":26}},"59":{"start":{"line":94,"column":4},"end":{"line":94,"column":40}},"60":{"start":{"line":95,"column":4},"end":{"line":95,"column":21}},"61":{"start":{"line":96,"column":4},"end":{"line":96,"column":36}},"62":{"start":{"line":100,"column":4},"end":{"line":100,"column":74}},"63":{"start":{"line":101,"column":4},"end":{"line":101,"column":20}},"64":{"start":{"line":102,"column":4},"end":{"line":106,"column":5}},"65":{"start":{"line":103,"column":8},"end":{"line":103,"column":16}},"66":{"start":{"line":105,"column":8},"end":{"line":105,"column":15}},"67":{"start":{"line":108,"column":0},"end":{"line":108,"column":58}},"68":{"start":{"line":110,"column":0},"end":{"line":151,"column":3}},"69":{"start":{"line":111,"column":19},"end":{"line":111,"column":113}},"70":{"start":{"line":112,"column":19},"end":{"line":112,"column":125}},"71":{"start":{"line":113,"column":19},"end":{"line":113,"column":119}},"72":{"start":{"line":114,"column":20},"end":{"line":114,"column":110}},"73":{"start":{"line":115,"column":4},"end":{"line":150,"column":5}},"74":{"start":{"line":116,"column":8},"end":{"line":149,"column":9}},"75":{"start":{"line":118,"column":12},"end":{"line":118,"column":32}},"76":{"start":{"line":119,"column":12},"end":{"line":119,"column":18}},"77":{"start":{"line":121,"column":12},"end":{"line":121,"column":60}},"78":{"start":{"line":122,"column":12},"end":{"line":122,"column":18}},"79":{"start":{"line":124,"column":12},"end":{"line":124,"column":59}},"80":{"start":{"line":125,"column":12},"end":{"line":125,"column":18}},"81":{"start":{"line":127,"column":12},"end":{"line":127,"column":62}},"82":{"start":{"line":128,"column":12},"end":{"line":128,"column":18}},"83":{"start":{"line":130,"column":12},"end":{"line":136,"column":13}},"84":{"start":{"line":131,"column":16},"end":{"line":131,"column":112}},"85":{"start":{"line":132,"column":19},"end":{"line":136,"column":13}},"86":{"start":{"line":133,"column":16},"end":{"line":133,"column":109}},"87":{"start":{"line":134,"column":19},"end":{"line":136,"column":13}},"88":{"start":{"line":135,"column":16},"end":{"line":135,"column":108}},"89":{"start":{"line":137,"column":12},"end":{"line":137,"column":18}},"90":{"start":{"line":139,"column":12},"end":{"line":139,"column":62}},"91":{"start":{"line":140,"column":12},"end":{"line":140,"column":18}},"92":{"start":{"line":142,"column":12},"end":{"line":146,"column":13}},"93":{"start":{"line":143,"column":16},"end":{"line":143,"column":122}},"94":{"start":{"line":144,"column":19},"end":{"line":146,"column":13}},"95":{"start":{"line":145,"column":16},"end":{"line":145,"column":116}},"96":{"start":{"line":147,"column":12},"end":{"line":147,"column":18}}},"fnMap":{"0":{"name":"switchMode","decl":{"start":{"line":22,"column":9},"end":{"line":22,"column":19}},"loc":{"start":{"line":22,"column":22},"end":{"line":50,"column":1}},"line":22},"1":{"name":"timerFunction","decl":{"start":{"line":52,"column":15},"end":{"line":52,"column":28}},"loc":{"start":{"line":52,"column":31},"end":{"line":81,"column":1}},"line":52},"2":{"name":"start","decl":{"start":{"line":83,"column":15},"end":{"line":83,"column":20}},"loc":{"start":{"line":83,"column":23},"end":{"line":86,"column":1}},"line":83},"3":{"name":"stop","decl":{"start":{"line":88,"column":15},"end":{"line":88,"column":19}},"loc":{"start":{"line":88,"column":22},"end":{"line":97,"column":1}},"line":88},"4":{"name":"startAndStopButton","decl":{"start":{"line":99,"column":15},"end":{"line":99,"column":33}},"loc":{"start":{"line":99,"column":36},"end":{"line":107,"column":1}},"line":99},"5":{"name":"(anonymous_5)","decl":{"start":{"line":110,"column":33},"end":{"line":110,"column":34}},"loc":{"start":{"line":110,"column":44},"end":{"line":151,"column":1}},"line":110}},"branchMap":{"0":{"loc":{"start":{"line":11,"column":0},"end":{"line":15,"column":1}},"type":"if","locations":[{"start":{"line":11,"column":0},"end":{"line":15,"column":1}},{"start":{"line":11,"column":0},"end":{"line":15,"column":1}}],"line":11},"1":{"loc":{"start":{"line":26,"column":4},"end":{"line":49,"column":5}},"type":"if","locations":[{"start":{"line":26,"column":4},"end":{"line":49,"column":5}},{"start":{"line":26,"column":4},"end":{"line":49,"column":5}}],"line":26},"2":{"loc":{"start":{"line":26,"column":8},"end":{"line":26,"column":51}},"type":"binary-expr","locations":[{"start":{"line":26,"column":8},"end":{"line":26,"column":30}},{"start":{"line":26,"column":34},"end":{"line":26,"column":51}}],"line":26},"3":{"loc":{"start":{"line":28,"column":8},"end":{"line":31,"column":9}},"type":"if","locations":[{"start":{"line":28,"column":8},"end":{"line":31,"column":9}},{"start":{"line":28,"column":8},"end":{"line":31,"column":9}}],"line":28},"4":{"loc":{"start":{"line":34,"column":11},"end":{"line":49,"column":5}},"type":"if","locations":[{"start":{"line":34,"column":11},"end":{"line":49,"column":5}},{"start":{"line":34,"column":11},"end":{"line":49,"column":5}}],"line":34},"5":{"loc":{"start":{"line":36,"column":8},"end":{"line":39,"column":9}},"type":"if","locations":[{"start":{"line":36,"column":8},"end":{"line":39,"column":9}},{"start":{"line":36,"column":8},"end":{"line":39,"column":9}}],"line":36},"6":{"loc":{"start":{"line":44,"column":8},"end":{"line":47,"column":9}},"type":"if","locations":[{"start":{"line":44,"column":8},"end":{"line":47,"column":9}},{"start":{"line":44,"column":8},"end":{"line":47,"column":9}}],"line":44},"7":{"loc":{"start":{"line":55,"column":4},"end":{"line":58,"column":5}},"type":"if","locations":[{"start":{"line":55,"column":4},"end":{"line":58,"column":5}},{"start":{"line":55,"column":4},"end":{"line":58,"column":5}}],"line":55},"8":{"loc":{"start":{"line":60,"column":4},"end":{"line":64,"column":5}},"type":"if","locations":[{"start":{"line":60,"column":4},"end":{"line":64,"column":5}},{"start":{"line":60,"column":4},"end":{"line":64,"column":5}}],"line":60},"9":{"loc":{"start":{"line":69,"column":4},"end":{"line":74,"column":5}},"type":"if","locations":[{"start":{"line":69,"column":4},"end":{"line":74,"column":5}},{"start":{"line":69,"column":4},"end":{"line":74,"column":5}}],"line":69},"10":{"loc":{"start":{"line":76,"column":4},"end":{"line":78,"column":5}},"type":"if","locations":[{"start":{"line":76,"column":4},"end":{"line":78,"column":5}},{"start":{"line":76,"column":4},"end":{"line":78,"column":5}}],"line":76},"11":{"loc":{"start":{"line":102,"column":4},"end":{"line":106,"column":5}},"type":"if","locations":[{"start":{"line":102,"column":4},"end":{"line":106,"column":5}},{"start":{"line":102,"column":4},"end":{"line":106,"column":5}}],"line":102},"12":{"loc":{"start":{"line":115,"column":4},"end":{"line":150,"column":5}},"type":"if","locations":[{"start":{"line":115,"column":4},"end":{"line":150,"column":5}},{"start":{"line":115,"column":4},"end":{"line":150,"column":5}}],"line":115},"13":{"loc":{"start":{"line":115,"column":8},"end":{"line":115,"column":36}},"type":"binary-expr","locations":[{"start":{"line":115,"column":8},"end":{"line":115,"column":15}},{"start":{"line":115,"column":19},"end":{"line":115,"column":36}}],"line":115},"14":{"loc":{"start":{"line":116,"column":8},"end":{"line":149,"column":9}},"type":"switch","locations":[{"start":{"line":117,"column":8},"end":{"line":119,"column":18}},{"start":{"line":120,"column":8},"end":{"line":122,"column":18}},{"start":{"line":123,"column":8},"end":{"line":125,"column":18}},{"start":{"line":126,"column":8},"end":{"line":128,"column":18}},{"start":{"line":129,"column":8},"end":{"line":137,"column":18}},{"start":{"line":138,"column":8},"end":{"line":140,"column":18}},{"start":{"line":141,"column":8},"end":{"line":147,"column":18}},{"start":{"line":148,"column":8},"end":{"line":148,"column":16}}],"line":116},"15":{"loc":{"start":{"line":130,"column":12},"end":{"line":136,"column":13}},"type":"if","locations":[{"start":{"line":130,"column":12},"end":{"line":136,"column":13}},{"start":{"line":130,"column":12},"end":{"line":136,"column":13}}],"line":130},"16":{"loc":{"start":{"line":132,"column":19},"end":{"line":136,"column":13}},"type":"if","locations":[{"start":{"line":132,"column":19},"end":{"line":136,"column":13}},{"start":{"line":132,"column":19},"end":{"line":136,"column":13}}],"line":132},"17":{"loc":{"start":{"line":134,"column":19},"end":{"line":136,"column":13}},"type":"if","locations":[{"start":{"line":134,"column":19},"end":{"line":136,"column":13}},{"start":{"line":134,"column":19},"end":{"line":136,"column":13}}],"line":134},"18":{"loc":{"start":{"line":142,"column":12},"end":{"line":146,"column":13}},"type":"if","locations":[{"start":{"line":142,"column":12},"end":{"line":146,"column":13}},{"start":{"line":142,"column":12},"end":{"line":146,"column":13}}],"line":142},"19":{"loc":{"start":{"line":144,"column":19},"end":{"line":146,"column":13}},"type":"if","locations":[{"start":{"line":144,"column":19},"end":{"line":146,"column":13}},{"start":{"line":144,"column":19},"end":{"line":146,"column":13}}],"line":144}},"s":{"0":6,"1":6,"2":6,"3":6,"4":6,"5":6,"6":6,"7":6,"8":1,"9":1,"10":1,"11":6,"12":6,"13":6,"14":6,"15":11,"16":11,"17":11,"18":1,"19":1,"20":1,"21":1,"22":1,"23":1,"24":10,"25":5,"26":5,"27":5,"28":5,"29":5,"30":5,"31":5,"32":5,"33":4,"34":4,"35":5,"36":2828,"37":2828,"38":10,"39":10,"40":2828,"41":11,"42":11,"43":2828,"44":2828,"45":2828,"46":2777,"47":51,"48":51,"49":2828,"50":470,"51":2828,"52":5,"53":5,"54":1,"55":1,"56":1,"57":1,"58":1,"59":1,"60":1,"61":1,"62":6,"63":6,"64":6,"65":5,"66":1,"67":6,"68":6,"69":0,"70":0,"71":0,"72":0,"73":0,"74":0,"75":0,"76":0,"77":0,"78":0,"79":0,"80":0,"81":0,"82":0,"83":0,"84":0,"85":0,"86":0,"87":0,"88":0,"89":0,"90":0,"91":0,"92":0,"93":0,"94":0,"95":0,"96":0},"f":{"0":11,"1":2828,"2":5,"3":1,"4":6,"5":0},"b":{"0":[1,5],"1":[1,10],"2":[11,6],"3":[1,0],"4":[5,5],"5":[5,0],"6":[4,1],"7":[10,2818],"8":[11,2817],"9":[2777,51],"10":[470,2358],"11":[5,1],"12":[0,0],"13":[0,0],"14":[0,0,0,0,0,0,0,0],"15":[0,0],"16":[0,0],"17":[0,0],"18":[0,0],"19":[0,0]},"_coverageSchema":"1a1c01bbd47fc00a2c39e90264f33305004495a9","hash":"d9f443d905aabeb42da54d5236bb1f5afbda017c"}
,"D:\\学习\\21WI\\CSE110\\cse110-w21-group13\\source\\src\\scripts\\script.js": {"path":"D:\\学习\\21WI\\CSE110\\cse110-w21-group13\\source\\src\\scripts\\script.js","statementMap":{"0":{"start":{"line":3,"column":0},"end":{"line":34,"column":3}},"1":{"start":{"line":8,"column":4},"end":{"line":25,"column":5}},"2":{"start":{"line":9,"column":8},"end":{"line":9,"column":19}},"3":{"start":{"line":10,"column":8},"end":{"line":10,"column":15}},"4":{"start":{"line":11,"column":8},"end":{"line":11,"column":24}},"5":{"start":{"line":12,"column":8},"end":{"line":12,"column":20}},"6":{"start":{"line":13,"column":8},"end":{"line":13,"column":61}},"7":{"start":{"line":14,"column":8},"end":{"line":14,"column":44}},"8":{"start":{"line":15,"column":8},"end":{"line":15,"column":45}},"9":{"start":{"line":16,"column":8},"end":{"line":16,"column":52}},"10":{"start":{"line":19,"column":8},"end":{"line":19,"column":58}},"11":{"start":{"line":20,"column":8},"end":{"line":20,"column":46}},"12":{"start":{"line":22,"column":8},"end":{"line":24,"column":9}},"13":{"start":{"line":23,"column":12},"end":{"line":23,"column":54}},"14":{"start":{"line":27,"column":4},"end":{"line":33,"column":5}},"15":{"start":{"line":27,"column":17},"end":{"line":27,"column":18}},"16":{"start":{"line":28,"column":21},"end":{"line":28,"column":56}},"17":{"start":{"line":29,"column":8},"end":{"line":29,"column":45}},"18":{"start":{"line":30,"column":8},"end":{"line":30,"column":55}},"19":{"start":{"line":31,"column":8},"end":{"line":31,"column":49}},"20":{"start":{"line":32,"column":8},"end":{"line":32,"column":72}}},"fnMap":{"0":{"name":"(anonymous_0)","decl":{"start":{"line":3,"column":44},"end":{"line":3,"column":45}},"loc":{"start":{"line":3,"column":50},"end":{"line":34,"column":1}},"line":3}},"branchMap":{"0":{"loc":{"start":{"line":8,"column":4},"end":{"line":25,"column":5}},"type":"if","locations":[{"start":{"line":8,"column":4},"end":{"line":25,"column":5}},{"start":{"line":8,"column":4},"end":{"line":25,"column":5}}],"line":8},"1":{"loc":{"start":{"line":8,"column":8},"end":{"line":8,"column":85}},"type":"binary-expr","locations":[{"start":{"line":8,"column":8},"end":{"line":8,"column":46}},{"start":{"line":8,"column":50},"end":{"line":8,"column":85}}],"line":8},"2":{"loc":{"start":{"line":22,"column":8},"end":{"line":24,"column":9}},"type":"if","locations":[{"start":{"line":22,"column":8},"end":{"line":24,"column":9}},{"start":{"line":22,"column":8},"end":{"line":24,"column":9}}],"line":22}},"s":{"0":1,"1":4,"2":1,"3":1,"4":1,"5":1,"6":1,"7":1,"8":1,"9":1,"10":3,"11":3,"12":3,"13":1,"14":4,"15":4,"16":3,"17":3,"18":3,"19":3,"20":3},"f":{"0":4},"b":{"0":[1,3],"1":[4,3],"2":[1,2]},"_coverageSchema":"1a1c01bbd47fc00a2c39e90264f33305004495a9","hash":"5bcf6ff237bab8878b5de4d8bf898073cfbb80ca"}
}
