{"D:\\学习\\21WI\\CSE110\\cse110-w21-group13\\source\\src\\scripts\\script.js": {"path":"D:\\学习\\21WI\\CSE110\\cse110-w21-group13\\source\\src\\scripts\\script.js","statementMap":{"0":{"start":{"line":5,"column":21},"end":{"line":5,"column":57}},"1":{"start":{"line":6,"column":31},"end":{"line":6,"column":80}},"2":{"start":{"line":7,"column":21},"end":{"line":7,"column":28}},"3":{"start":{"line":8,"column":15},"end":{"line":8,"column":19}},"4":{"start":{"line":11,"column":0},"end":{"line":11,"column":45}},"5":{"start":{"line":14,"column":4},"end":{"line":21,"column":5}},"6":{"start":{"line":15,"column":8},"end":{"line":15,"column":40}},"7":{"start":{"line":16,"column":8},"end":{"line":16,"column":52}},"8":{"start":{"line":18,"column":8},"end":{"line":18,"column":29}},"9":{"start":{"line":19,"column":8},"end":{"line":19,"column":44}},"10":{"start":{"line":20,"column":8},"end":{"line":20,"column":41}},"11":{"start":{"line":25,"column":23},"end":{"line":25,"column":55}},"12":{"start":{"line":26,"column":18},"end":{"line":26,"column":72}},"13":{"start":{"line":27,"column":18},"end":{"line":27,"column":69}},"14":{"start":{"line":29,"column":4},"end":{"line":32,"column":5}},"15":{"start":{"line":30,"column":8},"end":{"line":30,"column":38}},"16":{"start":{"line":31,"column":8},"end":{"line":31,"column":15}},"17":{"start":{"line":34,"column":4},"end":{"line":39,"column":5}},"18":{"start":{"line":35,"column":8},"end":{"line":35,"column":18}},"19":{"start":{"line":37,"column":8},"end":{"line":37,"column":21}},"20":{"start":{"line":38,"column":8},"end":{"line":38,"column":18}},"21":{"start":{"line":41,"column":4},"end":{"line":43,"column":5}},"22":{"start":{"line":42,"column":8},"end":{"line":42,"column":40}},"23":{"start":{"line":44,"column":4},"end":{"line":44,"column":30}},"24":{"start":{"line":46,"column":4},"end":{"line":46,"column":63}},"25":{"start":{"line":50,"column":4},"end":{"line":50,"column":52}},"26":{"start":{"line":53,"column":0},"end":{"line":53,"column":32}}},"fnMap":{"0":{"name":"start_and_stop_button","decl":{"start":{"line":13,"column":15},"end":{"line":13,"column":36}},"loc":{"start":{"line":13,"column":39},"end":{"line":22,"column":1}},"line":13},"1":{"name":"timer_function","decl":{"start":{"line":24,"column":15},"end":{"line":24,"column":29}},"loc":{"start":{"line":24,"column":32},"end":{"line":47,"column":1}},"line":24},"2":{"name":"reset_time","decl":{"start":{"line":49,"column":9},"end":{"line":49,"column":19}},"loc":{"start":{"line":49,"column":22},"end":{"line":51,"column":1}},"line":49}},"branchMap":{"0":{"loc":{"start":{"line":14,"column":4},"end":{"line":21,"column":5}},"type":"if","locations":[{"start":{"line":14,"column":4},"end":{"line":21,"column":5}},{"start":{"line":14,"column":4},"end":{"line":21,"column":5}}],"line":14},"1":{"loc":{"start":{"line":29,"column":4},"end":{"line":32,"column":5}},"type":"if","locations":[{"start":{"line":29,"column":4},"end":{"line":32,"column":5}},{"start":{"line":29,"column":4},"end":{"line":32,"column":5}}],"line":29},"2":{"loc":{"start":{"line":34,"column":4},"end":{"line":39,"column":5}},"type":"if","locations":[{"start":{"line":34,"column":4},"end":{"line":39,"column":5}},{"start":{"line":34,"column":4},"end":{"line":39,"column":5}}],"line":34},"3":{"loc":{"start":{"line":41,"column":4},"end":{"line":43,"column":5}},"type":"if","locations":[{"start":{"line":41,"column":4},"end":{"line":43,"column":5}},{"start":{"line":41,"column":4},"end":{"line":43,"column":5}}],"line":41}},"s":{"0":4,"1":4,"2":4,"3":4,"4":4,"5":5,"6":3,"7":3,"8":2,"9":2,"10":2,"11":1507,"12":1507,"13":1507,"14":1507,"15":1,"16":1,"17":1506,"18":1480,"19":26,"20":26,"21":1506,"22":251,"23":1506,"24":1506,"25":2,"26":4},"f":{"0":5,"1":1507,"2":2},"b":{"0":[3,2],"1":[1,1506],"2":[1480,26],"3":[251,1255]},"_coverageSchema":"1a1c01bbd47fc00a2c39e90264f33305004495a9","hash":"97514f0a66219e3e120447e33e7f1dd3d07a6c5f"}
}
