TN:
SF:src\components\TaskItem.js
FN:4,(anonymous_0)
FN:10,(anonymous_1)
FN:18,(anonymous_2)
FN:21,(anonymous_3)
FN:28,(anonymous_4)
FNF:5
FNH:5
FNDA:3,(anonymous_0)
FNDA:4,(anonymous_1)
FNDA:1,(anonymous_2)
FNDA:1,(anonymous_3)
FNDA:7,(anonymous_4)
DA:5,3
DA:7,3
DA:8,3
DA:10,4
DA:11,3
DA:12,2
DA:13,2
DA:19,1
DA:21,1
DA:22,1
DA:24,1
DA:29,7
DA:30,7
DA:32,7
DA:33,7
DA:34,7
DA:36,7
DA:37,7
DA:38,7
DA:40,7
DA:42,7
DA:43,7
DA:44,7
DA:45,7
DA:47,7
DA:49,7
DA:50,7
DA:69,7
DA:70,7
DA:74,3
DA:76,3
LF:31
LH:31
BRDA:10,0,0,4
BRDA:10,0,1,2
BRDA:11,1,0,2
BRDA:11,1,1,1
BRDA:21,2,0,1
BRDA:21,2,1,1
BRF:6
BRH:6
end_of_record
TN:
SF:src\components\TaskPopUp.js
FN:5,(anonymous_0)
FN:27,(anonymous_1)
FN:35,(anonymous_2)
FN:182,(anonymous_3)
FN:186,(anonymous_4)
FNF:5
FNH:4
FNDA:2,(anonymous_0)
FNDA:2,(anonymous_1)
FNDA:6,(anonymous_2)
FNDA:1,(anonymous_3)
FNDA:0,(anonymous_4)
DA:6,2
DA:7,2
DA:8,2
DA:10,1
DA:15,1
DA:17,1
DA:18,1
DA:19,1
DA:20,1
DA:22,1
DA:28,2
DA:29,2
DA:30,2
DA:31,2
DA:36,6
DA:37,6
DA:39,6
DA:40,6
DA:42,6
DA:43,6
DA:44,6
DA:45,6
DA:46,6
DA:48,6
DA:49,6
DA:50,6
DA:51,6
DA:52,6
DA:54,6
DA:55,6
DA:56,6
DA:57,6
DA:58,6
DA:59,6
DA:61,6
DA:62,6
DA:64,6
DA:65,6
DA:168,6
DA:169,6
DA:173,1
DA:182,1
DA:183,1
DA:184,1
DA:185,1
DA:186,1
DA:187,0
DA:191,1
LF:48
LH:47
BRDA:8,0,0,1
BRDA:8,0,1,1
BRF:2
BRH:2
end_of_record
TN:
SF:src\scripts\Timer.js
FN:24,startAndStopButton
FN:32,start
FN:37,stop
FN:46,timer_function
FN:71,reset_timer
FN:76,switch_mode
FNF:6
FNH:6
FNDA:6,startAndStopButton
FNDA:5,start
FNDA:1,stop
FNDA:2828,timer_function
FNDA:1,reset_timer
FNDA:10,switch_mode
DA:1,6
DA:2,6
DA:4,6
DA:8,6
DA:9,6
DA:10,6
DA:11,6
DA:13,6
DA:14,1
DA:15,1
DA:16,1
DA:18,6
DA:19,6
DA:20,6
DA:22,6
DA:25,6
DA:26,5
DA:28,1
DA:33,5
DA:34,5
DA:38,1
DA:39,1
DA:40,1
DA:41,1
DA:42,1
DA:43,1
DA:47,2828
DA:49,2828
DA:50,10
DA:51,10
DA:54,2828
DA:55,2828
DA:57,2828
DA:58,2777
DA:60,51
DA:61,51
DA:64,2828
DA:65,470
DA:68,2828
DA:72,1
DA:73,1
DA:77,10
DA:78,10
DA:79,10
DA:80,1
DA:81,1
DA:82,1
DA:83,1
DA:84,1
DA:85,9
DA:86,5
DA:87,5
DA:88,5
DA:89,5
DA:90,5
DA:92,4
DA:93,4
DA:94,4
DA:95,4
DA:99,6
LF:60
LH:60
BRDA:13,0,0,1
BRDA:13,0,1,5
BRDA:25,1,0,5
BRDA:25,1,1,1
BRDA:49,2,0,10
BRDA:49,2,1,2818
BRDA:57,3,0,2777
BRDA:57,3,1,51
BRDA:64,4,0,470
BRDA:64,4,1,2358
BRDA:79,5,0,1
BRDA:79,5,1,9
BRDA:79,6,0,10
BRDA:79,6,1,6
BRDA:85,7,0,5
BRDA:85,7,1,4
BRF:16
BRH:16
end_of_record
TN:
SF:src\scripts\script.js
FN:3,(anonymous_0)
FNF:1
FNH:1
FNDA:2,(anonymous_0)
DA:3,1
DA:7,2
DA:8,1
DA:9,1
DA:10,1
DA:11,1
DA:14,1
DA:16,2
DA:17,1
DA:18,1
LF:10
LH:10
BRDA:7,0,0,1
BRDA:7,0,1,1
BRDA:7,1,0,2
BRDA:7,1,1,1
BRF:4
BRH:4
end_of_record
