TN:
SF:src/scripts/script.js
FN:11,startAndStopButton
FN:22,timer_function
FN:47,reset_time
FNF:3
FNH:3
FNDA:5,startAndStopButton
FNDA:1507,timer_function
FNDA:2,reset_time
DA:2,4
DA:3,4
DA:4,4
DA:5,4
DA:8,4
DA:12,5
DA:13,3
DA:14,3
DA:16,2
DA:17,2
DA:18,2
DA:23,1507
DA:24,1507
DA:25,1507
DA:27,1507
DA:28,1
DA:29,1
DA:32,1506
DA:33,1480
DA:35,26
DA:36,26
DA:39,1506
DA:40,251
DA:42,1506
DA:44,1506
DA:48,2
LF:26
LH:26
BRDA:12,0,0,3
BRDA:12,0,1,2
BRDA:27,1,0,1
BRDA:27,1,1,1506
BRDA:32,2,0,1480
BRDA:32,2,1,26
BRDA:39,3,0,251
BRDA:39,3,1,1255
BRF:8
BRH:8
end_of_record
