{"/home/runner/work/cse110-w21-group13/cse110-w21-group13/source/src/components/HelpPopUp.js": {"path":"/home/runner/work/cse110-w21-group13/cse110-w21-group13/source/src/components/HelpPopUp.js","statementMap":{"0":{"start":{"line":5,"column":24},"end":{"line":5,"column":68}},"1":{"start":{"line":6,"column":8},"end":{"line":6,"column":39}},"2":{"start":{"line":10,"column":8},"end":{"line":10,"column":16}},"3":{"start":{"line":11,"column":23},"end":{"line":11,"column":58}},"4":{"start":{"line":12,"column":24},"end":{"line":12,"column":53}},"5":{"start":{"line":13,"column":8},"end":{"line":13,"column":49}},"6":{"start":{"line":14,"column":22},"end":{"line":14,"column":72}},"7":{"start":{"line":15,"column":8},"end":{"line":15,"column":53}},"8":{"start":{"line":16,"column":8},"end":{"line":16,"column":47}},"9":{"start":{"line":17,"column":22},"end":{"line":17,"column":71}},"10":{"start":{"line":18,"column":8},"end":{"line":18,"column":33}},"11":{"start":{"line":19,"column":8},"end":{"line":19,"column":68}},"12":{"start":{"line":20,"column":30},"end":{"line":20,"column":80}},"13":{"start":{"line":21,"column":8},"end":{"line":21,"column":59}},"14":{"start":{"line":22,"column":32},"end":{"line":22,"column":88}},"15":{"start":{"line":23,"column":8},"end":{"line":23,"column":53}},"16":{"start":{"line":24,"column":22},"end":{"line":24,"column":79}},"17":{"start":{"line":25,"column":8},"end":{"line":25,"column":58}},"18":{"start":{"line":26,"column":29},"end":{"line":26,"column":86}},"19":{"start":{"line":27,"column":8},"end":{"line":27,"column":58}},"20":{"start":{"line":28,"column":22},"end":{"line":28,"column":76}},"21":{"start":{"line":29,"column":8},"end":{"line":29,"column":59}},"22":{"start":{"line":30,"column":22},"end":{"line":30,"column":76}},"23":{"start":{"line":31,"column":8},"end":{"line":31,"column":103}},"24":{"start":{"line":32,"column":22},"end":{"line":32,"column":76}},"25":{"start":{"line":33,"column":8},"end":{"line":33,"column":86}},"26":{"start":{"line":34,"column":22},"end":{"line":34,"column":76}},"27":{"start":{"line":35,"column":8},"end":{"line":35,"column":63}},"28":{"start":{"line":36,"column":22},"end":{"line":36,"column":76}},"29":{"start":{"line":37,"column":8},"end":{"line":37,"column":62}},"30":{"start":{"line":38,"column":22},"end":{"line":38,"column":76}},"31":{"start":{"line":39,"column":8},"end":{"line":39,"column":61}},"32":{"start":{"line":41,"column":28},"end":{"line":41,"column":84}},"33":{"start":{"line":42,"column":8},"end":{"line":42,"column":51}},"34":{"start":{"line":43,"column":30},"end":{"line":43,"column":83}},"35":{"start":{"line":44,"column":8},"end":{"line":44,"column":45}},"36":{"start":{"line":45,"column":32},"end":{"line":45,"column":85}},"37":{"start":{"line":46,"column":8},"end":{"line":46,"column":63}},"38":{"start":{"line":47,"column":25},"end":{"line":47,"column":82}},"39":{"start":{"line":48,"column":8},"end":{"line":48,"column":76}},"40":{"start":{"line":49,"column":25},"end":{"line":49,"column":82}},"41":{"start":{"line":50,"column":8},"end":{"line":50,"column":79}},"42":{"start":{"line":51,"column":25},"end":{"line":51,"column":82}},"43":{"start":{"line":52,"column":8},"end":{"line":52,"column":73}},"44":{"start":{"line":53,"column":25},"end":{"line":53,"column":82}},"45":{"start":{"line":54,"column":8},"end":{"line":54,"column":85}},"46":{"start":{"line":55,"column":25},"end":{"line":55,"column":82}},"47":{"start":{"line":56,"column":8},"end":{"line":56,"column":117}},"48":{"start":{"line":58,"column":33},"end":{"line":58,"column":89}},"49":{"start":{"line":59,"column":8},"end":{"line":59,"column":61}},"50":{"start":{"line":60,"column":35},"end":{"line":60,"column":93}},"51":{"start":{"line":61,"column":8},"end":{"line":61,"column":60}},"52":{"start":{"line":62,"column":37},"end":{"line":62,"column":95}},"53":{"start":{"line":63,"column":8},"end":{"line":63,"column":73}},"54":{"start":{"line":64,"column":26},"end":{"line":64,"column":88}},"55":{"start":{"line":65,"column":8},"end":{"line":65,"column":55}},"56":{"start":{"line":66,"column":26},"end":{"line":66,"column":88}},"57":{"start":{"line":67,"column":8},"end":{"line":67,"column":54}},"58":{"start":{"line":68,"column":26},"end":{"line":68,"column":88}},"59":{"start":{"line":69,"column":8},"end":{"line":69,"column":51}},"60":{"start":{"line":70,"column":26},"end":{"line":70,"column":88}},"61":{"start":{"line":71,"column":8},"end":{"line":71,"column":49}},"62":{"start":{"line":72,"column":26},"end":{"line":72,"column":88}},"63":{"start":{"line":73,"column":8},"end":{"line":73,"column":49}},"64":{"start":{"line":74,"column":26},"end":{"line":74,"column":88}},"65":{"start":{"line":75,"column":8},"end":{"line":75,"column":47}},"66":{"start":{"line":76,"column":26},"end":{"line":76,"column":88}},"67":{"start":{"line":77,"column":8},"end":{"line":77,"column":54}},"68":{"start":{"line":78,"column":26},"end":{"line":78,"column":88}},"69":{"start":{"line":79,"column":8},"end":{"line":79,"column":53}},"70":{"start":{"line":82,"column":8},"end":{"line":82,"column":54}},"71":{"start":{"line":83,"column":8},"end":{"line":83,"column":49}},"72":{"start":{"line":84,"column":8},"end":{"line":84,"column":46}},"73":{"start":{"line":85,"column":8},"end":{"line":85,"column":61}},"74":{"start":{"line":86,"column":8},"end":{"line":86,"column":53}},"75":{"start":{"line":87,"column":8},"end":{"line":87,"column":63}},"76":{"start":{"line":88,"column":8},"end":{"line":88,"column":41}},"77":{"start":{"line":89,"column":8},"end":{"line":89,"column":49}},"78":{"start":{"line":90,"column":8},"end":{"line":90,"column":54}},"79":{"start":{"line":93,"column":22},"end":{"line":93,"column":53}},"80":{"start":{"line":94,"column":8},"end":{"line":199,"column":11}},"81":{"start":{"line":200,"column":8},"end":{"line":200,"column":36}},"82":{"start":{"line":201,"column":8},"end":{"line":201,"column":34}},"83":{"start":{"line":204,"column":0},"end":{"line":204,"column":47}},"84":{"start":{"line":206,"column":0},"end":{"line":222,"column":3}},"85":{"start":{"line":207,"column":22},"end":{"line":207,"column":58}},"86":{"start":{"line":208,"column":4},"end":{"line":208,"column":45}},"87":{"start":{"line":209,"column":4},"end":{"line":209,"column":41}},"88":{"start":{"line":210,"column":20},"end":{"line":210,"column":58}},"89":{"start":{"line":211,"column":4},"end":{"line":221,"column":7}},"90":{"start":{"line":212,"column":25},"end":{"line":212,"column":58}},"91":{"start":{"line":213,"column":8},"end":{"line":213,"column":78}},"92":{"start":{"line":214,"column":8},"end":{"line":214,"column":24}},"93":{"start":{"line":216,"column":23},"end":{"line":216,"column":75}},"94":{"start":{"line":217,"column":8},"end":{"line":219,"column":9}},"95":{"start":{"line":217,"column":21},"end":{"line":217,"column":22}},"96":{"start":{"line":218,"column":12},"end":{"line":218,"column":35}},"97":{"start":{"line":220,"column":8},"end":{"line":220,"column":97}}},"fnMap":{"0":{"name":"(anonymous_0)","decl":{"start":{"line":4,"column":4},"end":{"line":4,"column":5}},"loc":{"start":{"line":4,"column":17},"end":{"line":7,"column":5}},"line":4},"1":{"name":"(anonymous_1)","decl":{"start":{"line":9,"column":4},"end":{"line":9,"column":5}},"loc":{"start":{"line":9,"column":18},"end":{"line":202,"column":5}},"line":9},"2":{"name":"(anonymous_2)","decl":{"start":{"line":206,"column":32},"end":{"line":206,"column":33}},"loc":{"start":{"line":206,"column":38},"end":{"line":222,"column":1}},"line":206},"3":{"name":"(anonymous_3)","decl":{"start":{"line":211,"column":38},"end":{"line":211,"column":39}},"loc":{"start":{"line":211,"column":44},"end":{"line":221,"column":5}},"line":211}},"branchMap":{},"s":{"0":113,"1":113,"2":77,"3":77,"4":77,"5":77,"6":77,"7":77,"8":77,"9":77,"10":77,"11":77,"12":77,"13":77,"14":77,"15":77,"16":77,"17":77,"18":77,"19":77,"20":77,"21":77,"22":77,"23":77,"24":77,"25":77,"26":77,"27":77,"28":77,"29":77,"30":77,"31":77,"32":77,"33":77,"34":77,"35":77,"36":77,"37":77,"38":77,"39":77,"40":77,"41":77,"42":77,"43":77,"44":77,"45":77,"46":77,"47":77,"48":77,"49":77,"50":77,"51":77,"52":77,"53":77,"54":77,"55":77,"56":77,"57":77,"58":77,"59":77,"60":77,"61":77,"62":77,"63":77,"64":77,"65":77,"66":77,"67":77,"68":77,"69":77,"70":77,"71":77,"72":77,"73":77,"74":77,"75":77,"76":77,"77":77,"78":77,"79":77,"80":77,"81":77,"82":77,"83":77,"84":77,"85":77,"86":77,"87":77,"88":77,"89":77,"90":4,"91":4,"92":4,"93":4,"94":4,"95":4,"96":16,"97":4},"f":{"0":113,"1":77,"2":77,"3":4},"b":{},"_coverageSchema":"1a1c01bbd47fc00a2c39e90264f33305004495a9","hash":"2fbbc9d7ad853ffb3326705acbff4303b10de323"}
,"/home/runner/work/cse110-w21-group13/cse110-w21-group13/source/src/components/ResetPopUp.js": {"path":"/home/runner/work/cse110-w21-group13/cse110-w21-group13/source/src/components/ResetPopUp.js","statementMap":{"0":{"start":{"line":6,"column":8},"end":{"line":6,"column":45}},"1":{"start":{"line":7,"column":25},"end":{"line":7,"column":116}},"2":{"start":{"line":8,"column":8},"end":{"line":10,"column":9}},"3":{"start":{"line":8,"column":21},"end":{"line":8,"column":22}},"4":{"start":{"line":9,"column":12},"end":{"line":9,"column":37}},"5":{"start":{"line":12,"column":26},"end":{"line":12,"column":90}},"6":{"start":{"line":13,"column":8},"end":{"line":15,"column":9}},"7":{"start":{"line":14,"column":12},"end":{"line":14,"column":35}},"8":{"start":{"line":16,"column":8},"end":{"line":16,"column":43}},"9":{"start":{"line":17,"column":25},"end":{"line":17,"column":58}},"10":{"start":{"line":18,"column":8},"end":{"line":18,"column":78}},"11":{"start":{"line":19,"column":8},"end":{"line":19,"column":24}},"12":{"start":{"line":20,"column":8},"end":{"line":20,"column":26}},"13":{"start":{"line":25,"column":24},"end":{"line":25,"column":77}},"14":{"start":{"line":26,"column":8},"end":{"line":26,"column":39}},"15":{"start":{"line":30,"column":8},"end":{"line":30,"column":16}},"16":{"start":{"line":31,"column":23},"end":{"line":31,"column":58}},"17":{"start":{"line":33,"column":24},"end":{"line":33,"column":53}},"18":{"start":{"line":34,"column":8},"end":{"line":34,"column":58}},"19":{"start":{"line":36,"column":22},"end":{"line":36,"column":72}},"20":{"start":{"line":37,"column":8},"end":{"line":37,"column":53}},"21":{"start":{"line":38,"column":8},"end":{"line":38,"column":47}},"22":{"start":{"line":40,"column":22},"end":{"line":40,"column":71}},"23":{"start":{"line":41,"column":8},"end":{"line":41,"column":42}},"24":{"start":{"line":43,"column":24},"end":{"line":43,"column":73}},"25":{"start":{"line":44,"column":8},"end":{"line":44,"column":52}},"26":{"start":{"line":45,"column":8},"end":{"line":45,"column":108}},"27":{"start":{"line":47,"column":23},"end":{"line":47,"column":73}},"28":{"start":{"line":48,"column":8},"end":{"line":48,"column":54}},"29":{"start":{"line":49,"column":27},"end":{"line":49,"column":79}},"30":{"start":{"line":50,"column":8},"end":{"line":50,"column":61}},"31":{"start":{"line":51,"column":8},"end":{"line":51,"column":59}},"32":{"start":{"line":52,"column":8},"end":{"line":52,"column":41}},"33":{"start":{"line":54,"column":8},"end":{"line":54,"column":68}},"34":{"start":{"line":55,"column":8},"end":{"line":55,"column":68}},"35":{"start":{"line":57,"column":8},"end":{"line":57,"column":54}},"36":{"start":{"line":58,"column":8},"end":{"line":58,"column":49}},"37":{"start":{"line":59,"column":8},"end":{"line":59,"column":55}},"38":{"start":{"line":60,"column":8},"end":{"line":60,"column":54}},"39":{"start":{"line":61,"column":8},"end":{"line":61,"column":50}},"40":{"start":{"line":62,"column":8},"end":{"line":62,"column":55}},"41":{"start":{"line":64,"column":22},"end":{"line":64,"column":53}},"42":{"start":{"line":65,"column":8},"end":{"line":172,"column":11}},"43":{"start":{"line":173,"column":8},"end":{"line":173,"column":36}},"44":{"start":{"line":174,"column":8},"end":{"line":174,"column":34}},"45":{"start":{"line":177,"column":0},"end":{"line":177,"column":49}},"46":{"start":{"line":179,"column":0},"end":{"line":195,"column":3}},"47":{"start":{"line":180,"column":23},"end":{"line":180,"column":60}},"48":{"start":{"line":181,"column":4},"end":{"line":181,"column":46}},"49":{"start":{"line":182,"column":4},"end":{"line":182,"column":42}},"50":{"start":{"line":183,"column":21},"end":{"line":183,"column":60}},"51":{"start":{"line":184,"column":4},"end":{"line":194,"column":7}},"52":{"start":{"line":185,"column":25},"end":{"line":185,"column":58}},"53":{"start":{"line":186,"column":8},"end":{"line":186,"column":78}},"54":{"start":{"line":187,"column":8},"end":{"line":187,"column":24}},"55":{"start":{"line":189,"column":23},"end":{"line":189,"column":75}},"56":{"start":{"line":190,"column":8},"end":{"line":192,"column":9}},"57":{"start":{"line":190,"column":21},"end":{"line":190,"column":22}},"58":{"start":{"line":191,"column":12},"end":{"line":191,"column":35}},"59":{"start":{"line":193,"column":8},"end":{"line":193,"column":107}}},"fnMap":{"0":{"name":"(anonymous_0)","decl":{"start":{"line":4,"column":4},"end":{"line":4,"column":5}},"loc":{"start":{"line":4,"column":12},"end":{"line":21,"column":5}},"line":4},"1":{"name":"(anonymous_1)","decl":{"start":{"line":24,"column":4},"end":{"line":24,"column":5}},"loc":{"start":{"line":24,"column":17},"end":{"line":27,"column":5}},"line":24},"2":{"name":"(anonymous_2)","decl":{"start":{"line":29,"column":4},"end":{"line":29,"column":5}},"loc":{"start":{"line":29,"column":18},"end":{"line":175,"column":5}},"line":29},"3":{"name":"(anonymous_3)","decl":{"start":{"line":179,"column":32},"end":{"line":179,"column":33}},"loc":{"start":{"line":179,"column":38},"end":{"line":195,"column":1}},"line":179},"4":{"name":"(anonymous_4)","decl":{"start":{"line":184,"column":39},"end":{"line":184,"column":40}},"loc":{"start":{"line":184,"column":45},"end":{"line":194,"column":5}},"line":184}},"branchMap":{"0":{"loc":{"start":{"line":13,"column":8},"end":{"line":15,"column":9}},"type":"if","locations":[{"start":{"line":13,"column":8},"end":{"line":15,"column":9}},{"start":{"line":13,"column":8},"end":{"line":15,"column":9}}],"line":13}},"s":{"0":6,"1":6,"2":6,"3":6,"4":8,"5":6,"6":6,"7":4,"8":6,"9":6,"10":6,"11":6,"12":6,"13":121,"14":121,"15":77,"16":77,"17":77,"18":77,"19":77,"20":77,"21":77,"22":77,"23":77,"24":77,"25":77,"26":77,"27":77,"28":77,"29":77,"30":77,"31":77,"32":77,"33":77,"34":77,"35":77,"36":77,"37":77,"38":77,"39":77,"40":77,"41":77,"42":77,"43":77,"44":77,"45":77,"46":77,"47":77,"48":77,"49":77,"50":77,"51":77,"52":12,"53":12,"54":12,"55":12,"56":12,"57":12,"58":48,"59":12},"f":{"0":6,"1":121,"2":77,"3":77,"4":12},"b":{"0":[4,2]},"_coverageSchema":"1a1c01bbd47fc00a2c39e90264f33305004495a9","hash":"8f6537042331e7b71468b801e10e8b68b1a54d19"}
,"/home/runner/work/cse110-w21-group13/cse110-w21-group13/source/src/components/SettingsPopUp.js": {"path":"/home/runner/work/cse110-w21-group13/cse110-w21-group13/source/src/components/SettingsPopUp.js","statementMap":{"0":{"start":{"line":3,"column":24},"end":{"line":3,"column":80}},"1":{"start":{"line":4,"column":8},"end":{"line":4,"column":39}},"2":{"start":{"line":8,"column":25},"end":{"line":8,"column":96}},"3":{"start":{"line":9,"column":8},"end":{"line":12,"column":9}},"4":{"start":{"line":10,"column":12},"end":{"line":10,"column":28}},"5":{"start":{"line":11,"column":12},"end":{"line":11,"column":75}},"6":{"start":{"line":13,"column":8},"end":{"line":13,"column":64}},"7":{"start":{"line":15,"column":25},"end":{"line":15,"column":96}},"8":{"start":{"line":16,"column":8},"end":{"line":19,"column":9}},"9":{"start":{"line":17,"column":12},"end":{"line":17,"column":27}},"10":{"start":{"line":18,"column":12},"end":{"line":18,"column":74}},"11":{"start":{"line":20,"column":8},"end":{"line":20,"column":71}},"12":{"start":{"line":22,"column":24},"end":{"line":22,"column":94}},"13":{"start":{"line":23,"column":8},"end":{"line":26,"column":9}},"14":{"start":{"line":24,"column":12},"end":{"line":24,"column":27}},"15":{"start":{"line":25,"column":12},"end":{"line":25,"column":74}},"16":{"start":{"line":27,"column":8},"end":{"line":27,"column":69}},"17":{"start":{"line":29,"column":25},"end":{"line":29,"column":58}},"18":{"start":{"line":30,"column":8},"end":{"line":30,"column":78}},"19":{"start":{"line":31,"column":8},"end":{"line":31,"column":24}},"20":{"start":{"line":32,"column":8},"end":{"line":32,"column":45}},"21":{"start":{"line":33,"column":8},"end":{"line":33,"column":26}},"22":{"start":{"line":37,"column":8},"end":{"line":41,"column":9}},"23":{"start":{"line":38,"column":12},"end":{"line":38,"column":50}},"24":{"start":{"line":40,"column":12},"end":{"line":40,"column":51}},"25":{"start":{"line":42,"column":8},"end":{"line":42,"column":53}},"26":{"start":{"line":46,"column":23},"end":{"line":46,"column":68}},"27":{"start":{"line":47,"column":8},"end":{"line":47,"column":52}},"28":{"start":{"line":51,"column":8},"end":{"line":51,"column":16}},"29":{"start":{"line":52,"column":23},"end":{"line":52,"column":58}},"30":{"start":{"line":54,"column":24},"end":{"line":54,"column":53}},"31":{"start":{"line":55,"column":8},"end":{"line":55,"column":61}},"32":{"start":{"line":57,"column":22},"end":{"line":57,"column":72}},"33":{"start":{"line":58,"column":8},"end":{"line":58,"column":53}},"34":{"start":{"line":59,"column":8},"end":{"line":59,"column":47}},"35":{"start":{"line":61,"column":22},"end":{"line":61,"column":71}},"36":{"start":{"line":62,"column":8},"end":{"line":62,"column":37}},"37":{"start":{"line":64,"column":29},"end":{"line":64,"column":78}},"38":{"start":{"line":65,"column":8},"end":{"line":65,"column":58}},"39":{"start":{"line":66,"column":8},"end":{"line":66,"column":60}},"40":{"start":{"line":68,"column":24},"end":{"line":68,"column":74}},"41":{"start":{"line":69,"column":8},"end":{"line":69,"column":46}},"42":{"start":{"line":71,"column":28},"end":{"line":71,"column":78}},"43":{"start":{"line":72,"column":8},"end":{"line":72,"column":60}},"44":{"start":{"line":73,"column":26},"end":{"line":73,"column":82}},"45":{"start":{"line":74,"column":8},"end":{"line":74,"column":46}},"46":{"start":{"line":75,"column":8},"end":{"line":75,"column":41}},"47":{"start":{"line":76,"column":26},"end":{"line":76,"column":82}},"48":{"start":{"line":77,"column":8},"end":{"line":77,"column":49}},"49":{"start":{"line":78,"column":8},"end":{"line":78,"column":58}},"50":{"start":{"line":79,"column":8},"end":{"line":79,"column":91}},"51":{"start":{"line":80,"column":8},"end":{"line":80,"column":41}},"52":{"start":{"line":81,"column":8},"end":{"line":81,"column":42}},"53":{"start":{"line":82,"column":8},"end":{"line":82,"column":73}},"54":{"start":{"line":83,"column":34},"end":{"line":83,"column":84}},"55":{"start":{"line":84,"column":8},"end":{"line":84,"column":66}},"56":{"start":{"line":85,"column":32},"end":{"line":85,"column":94}},"57":{"start":{"line":86,"column":8},"end":{"line":86,"column":59}},"58":{"start":{"line":87,"column":8},"end":{"line":87,"column":50}},"59":{"start":{"line":88,"column":32},"end":{"line":88,"column":94}},"60":{"start":{"line":89,"column":8},"end":{"line":89,"column":55}},"61":{"start":{"line":90,"column":8},"end":{"line":90,"column":64}},"62":{"start":{"line":91,"column":8},"end":{"line":91,"column":104}},"63":{"start":{"line":92,"column":8},"end":{"line":92,"column":47}},"64":{"start":{"line":93,"column":8},"end":{"line":93,"column":48}},"65":{"start":{"line":94,"column":8},"end":{"line":94,"column":79}},"66":{"start":{"line":95,"column":33},"end":{"line":95,"column":83}},"67":{"start":{"line":96,"column":8},"end":{"line":96,"column":65}},"68":{"start":{"line":97,"column":31},"end":{"line":97,"column":92}},"69":{"start":{"line":98,"column":8},"end":{"line":98,"column":57}},"70":{"start":{"line":99,"column":8},"end":{"line":99,"column":48}},"71":{"start":{"line":100,"column":31},"end":{"line":100,"column":92}},"72":{"start":{"line":101,"column":8},"end":{"line":101,"column":54}},"73":{"start":{"line":102,"column":8},"end":{"line":102,"column":62}},"74":{"start":{"line":103,"column":8},"end":{"line":103,"column":102}},"75":{"start":{"line":104,"column":8},"end":{"line":104,"column":46}},"76":{"start":{"line":105,"column":8},"end":{"line":105,"column":47}},"77":{"start":{"line":106,"column":8},"end":{"line":106,"column":78}},"78":{"start":{"line":108,"column":28},"end":{"line":108,"column":78}},"79":{"start":{"line":109,"column":8},"end":{"line":109,"column":52}},"80":{"start":{"line":110,"column":30},"end":{"line":110,"column":83}},"81":{"start":{"line":111,"column":8},"end":{"line":111,"column":61}},"82":{"start":{"line":112,"column":8},"end":{"line":112,"column":54}},"83":{"start":{"line":113,"column":27},"end":{"line":113,"column":83}},"84":{"start":{"line":114,"column":8},"end":{"line":114,"column":51}},"85":{"start":{"line":115,"column":30},"end":{"line":115,"column":85}},"86":{"start":{"line":116,"column":8},"end":{"line":116,"column":55}},"87":{"start":{"line":117,"column":8},"end":{"line":119,"column":9}},"88":{"start":{"line":118,"column":12},"end":{"line":118,"column":46}},"89":{"start":{"line":120,"column":23},"end":{"line":120,"column":77}},"90":{"start":{"line":121,"column":8},"end":{"line":121,"column":47}},"91":{"start":{"line":123,"column":8},"end":{"line":123,"column":69}},"92":{"start":{"line":125,"column":26},"end":{"line":125,"column":76}},"93":{"start":{"line":126,"column":8},"end":{"line":126,"column":51}},"94":{"start":{"line":127,"column":28},"end":{"line":127,"column":79}},"95":{"start":{"line":128,"column":8},"end":{"line":128,"column":55}},"96":{"start":{"line":129,"column":8},"end":{"line":129,"column":47}},"97":{"start":{"line":130,"column":21},"end":{"line":130,"column":71}},"98":{"start":{"line":131,"column":24},"end":{"line":131,"column":72}},"99":{"start":{"line":132,"column":8},"end":{"line":132,"column":52}},"100":{"start":{"line":133,"column":26},"end":{"line":133,"column":78}},"101":{"start":{"line":134,"column":8},"end":{"line":134,"column":54}},"102":{"start":{"line":135,"column":27},"end":{"line":135,"column":81}},"103":{"start":{"line":136,"column":8},"end":{"line":136,"column":49}},"104":{"start":{"line":137,"column":8},"end":{"line":137,"column":42}},"105":{"start":{"line":138,"column":8},"end":{"line":138,"column":44}},"106":{"start":{"line":139,"column":8},"end":{"line":139,"column":87}},"107":{"start":{"line":140,"column":8},"end":{"line":140,"column":55}},"108":{"start":{"line":141,"column":8},"end":{"line":141,"column":47}},"109":{"start":{"line":143,"column":23},"end":{"line":143,"column":73}},"110":{"start":{"line":144,"column":8},"end":{"line":144,"column":54}},"111":{"start":{"line":145,"column":27},"end":{"line":145,"column":79}},"112":{"start":{"line":146,"column":8},"end":{"line":146,"column":64}},"113":{"start":{"line":147,"column":8},"end":{"line":147,"column":62}},"114":{"start":{"line":148,"column":8},"end":{"line":148,"column":41}},"115":{"start":{"line":150,"column":8},"end":{"line":150,"column":78}},"116":{"start":{"line":151,"column":8},"end":{"line":151,"column":68}},"117":{"start":{"line":153,"column":8},"end":{"line":153,"column":73}},"118":{"start":{"line":154,"column":8},"end":{"line":154,"column":45}},"119":{"start":{"line":156,"column":8},"end":{"line":158,"column":11}},"120":{"start":{"line":157,"column":12},"end":{"line":157,"column":43}},"121":{"start":{"line":160,"column":8},"end":{"line":160,"column":63}},"122":{"start":{"line":161,"column":8},"end":{"line":161,"column":49}},"123":{"start":{"line":162,"column":8},"end":{"line":162,"column":50}},"124":{"start":{"line":163,"column":8},"end":{"line":163,"column":60}},"125":{"start":{"line":164,"column":8},"end":{"line":164,"column":57}},"126":{"start":{"line":165,"column":8},"end":{"line":165,"column":56}},"127":{"start":{"line":166,"column":8},"end":{"line":166,"column":63}},"128":{"start":{"line":167,"column":8},"end":{"line":167,"column":62}},"129":{"start":{"line":168,"column":8},"end":{"line":168,"column":62}},"130":{"start":{"line":169,"column":8},"end":{"line":169,"column":61}},"131":{"start":{"line":170,"column":8},"end":{"line":170,"column":63}},"132":{"start":{"line":171,"column":8},"end":{"line":171,"column":57}},"133":{"start":{"line":172,"column":8},"end":{"line":172,"column":54}},"134":{"start":{"line":173,"column":8},"end":{"line":173,"column":56}},"135":{"start":{"line":174,"column":8},"end":{"line":174,"column":50}},"136":{"start":{"line":175,"column":8},"end":{"line":175,"column":55}},"137":{"start":{"line":176,"column":22},"end":{"line":176,"column":53}},"138":{"start":{"line":177,"column":8},"end":{"line":413,"column":11}},"139":{"start":{"line":414,"column":8},"end":{"line":414,"column":36}},"140":{"start":{"line":415,"column":8},"end":{"line":415,"column":34}},"141":{"start":{"line":418,"column":0},"end":{"line":418,"column":55}},"142":{"start":{"line":420,"column":0},"end":{"line":436,"column":3}},"143":{"start":{"line":421,"column":27},"end":{"line":421,"column":68}},"144":{"start":{"line":422,"column":26},"end":{"line":422,"column":66}},"145":{"start":{"line":423,"column":4},"end":{"line":423,"column":49}},"146":{"start":{"line":424,"column":4},"end":{"line":424,"column":45}},"147":{"start":{"line":425,"column":4},"end":{"line":435,"column":7}},"148":{"start":{"line":426,"column":25},"end":{"line":426,"column":58}},"149":{"start":{"line":427,"column":8},"end":{"line":427,"column":78}},"150":{"start":{"line":428,"column":8},"end":{"line":428,"column":24}},"151":{"start":{"line":430,"column":23},"end":{"line":430,"column":75}},"152":{"start":{"line":431,"column":8},"end":{"line":433,"column":9}},"153":{"start":{"line":431,"column":21},"end":{"line":431,"column":22}},"154":{"start":{"line":432,"column":12},"end":{"line":432,"column":35}},"155":{"start":{"line":434,"column":8},"end":{"line":434,"column":113}}},"fnMap":{"0":{"name":"(anonymous_0)","decl":{"start":{"line":2,"column":4},"end":{"line":2,"column":5}},"loc":{"start":{"line":2,"column":17},"end":{"line":5,"column":5}},"line":2},"1":{"name":"(anonymous_1)","decl":{"start":{"line":7,"column":4},"end":{"line":7,"column":5}},"loc":{"start":{"line":7,"column":22},"end":{"line":34,"column":5}},"line":7},"2":{"name":"(anonymous_2)","decl":{"start":{"line":36,"column":4},"end":{"line":36,"column":5}},"loc":{"start":{"line":36,"column":17},"end":{"line":43,"column":5}},"line":36},"3":{"name":"(anonymous_3)","decl":{"start":{"line":45,"column":4},"end":{"line":45,"column":5}},"loc":{"start":{"line":45,"column":16},"end":{"line":48,"column":5}},"line":45},"4":{"name":"(anonymous_4)","decl":{"start":{"line":50,"column":4},"end":{"line":50,"column":5}},"loc":{"start":{"line":50,"column":18},"end":{"line":416,"column":5}},"line":50},"5":{"name":"onInput","decl":{"start":{"line":156,"column":54},"end":{"line":156,"column":61}},"loc":{"start":{"line":156,"column":64},"end":{"line":158,"column":9}},"line":156},"6":{"name":"(anonymous_6)","decl":{"start":{"line":420,"column":32},"end":{"line":420,"column":33}},"loc":{"start":{"line":420,"column":38},"end":{"line":436,"column":1}},"line":420},"7":{"name":"(anonymous_7)","decl":{"start":{"line":425,"column":45},"end":{"line":425,"column":46}},"loc":{"start":{"line":425,"column":51},"end":{"line":435,"column":5}},"line":425}},"branchMap":{"0":{"loc":{"start":{"line":9,"column":8},"end":{"line":12,"column":9}},"type":"if","locations":[{"start":{"line":9,"column":8},"end":{"line":12,"column":9}},{"start":{"line":9,"column":8},"end":{"line":12,"column":9}}],"line":9},"1":{"loc":{"start":{"line":16,"column":8},"end":{"line":19,"column":9}},"type":"if","locations":[{"start":{"line":16,"column":8},"end":{"line":19,"column":9}},{"start":{"line":16,"column":8},"end":{"line":19,"column":9}}],"line":16},"2":{"loc":{"start":{"line":23,"column":8},"end":{"line":26,"column":9}},"type":"if","locations":[{"start":{"line":23,"column":8},"end":{"line":26,"column":9}},{"start":{"line":23,"column":8},"end":{"line":26,"column":9}}],"line":23},"3":{"loc":{"start":{"line":37,"column":8},"end":{"line":41,"column":9}},"type":"if","locations":[{"start":{"line":37,"column":8},"end":{"line":41,"column":9}},{"start":{"line":37,"column":8},"end":{"line":41,"column":9}}],"line":37},"4":{"loc":{"start":{"line":117,"column":8},"end":{"line":119,"column":9}},"type":"if","locations":[{"start":{"line":117,"column":8},"end":{"line":119,"column":9}},{"start":{"line":117,"column":8},"end":{"line":119,"column":9}}],"line":117}},"s":{"0":120,"1":120,"2":6,"3":6,"4":2,"5":2,"6":6,"7":6,"8":6,"9":2,"10":2,"11":6,"12":6,"13":6,"14":2,"15":2,"16":6,"17":6,"18":6,"19":6,"20":6,"21":6,"22":5,"23":3,"24":2,"25":5,"26":2,"27":2,"28":77,"29":77,"30":77,"31":77,"32":77,"33":77,"34":77,"35":77,"36":77,"37":77,"38":77,"39":77,"40":77,"41":77,"42":77,"43":77,"44":77,"45":77,"46":77,"47":77,"48":77,"49":77,"50":77,"51":77,"52":77,"53":77,"54":77,"55":77,"56":77,"57":77,"58":77,"59":77,"60":77,"61":77,"62":77,"63":77,"64":77,"65":77,"66":77,"67":77,"68":77,"69":77,"70":77,"71":77,"72":77,"73":77,"74":77,"75":77,"76":77,"77":77,"78":77,"79":77,"80":77,"81":77,"82":77,"83":77,"84":77,"85":77,"86":77,"87":77,"88":2,"89":77,"90":77,"91":77,"92":77,"93":77,"94":77,"95":77,"96":77,"97":77,"98":77,"99":77,"100":77,"101":77,"102":77,"103":77,"104":77,"105":77,"106":77,"107":77,"108":77,"109":77,"110":77,"111":77,"112":77,"113":77,"114":77,"115":77,"116":77,"117":77,"118":77,"119":77,"120":2,"121":77,"122":77,"123":77,"124":77,"125":77,"126":77,"127":77,"128":77,"129":77,"130":77,"131":77,"132":77,"133":77,"134":77,"135":77,"136":77,"137":77,"138":77,"139":77,"140":77,"141":77,"142":77,"143":77,"144":77,"145":77,"146":77,"147":77,"148":17,"149":17,"150":17,"151":17,"152":17,"153":17,"154":68,"155":17},"f":{"0":120,"1":6,"2":5,"3":2,"4":77,"5":2,"6":77,"7":17},"b":{"0":[2,4],"1":[2,4],"2":[2,4],"3":[3,2],"4":[2,75]},"_coverageSchema":"1a1c01bbd47fc00a2c39e90264f33305004495a9","hash":"3a6427264177de236729b65b2fbbd31bcfa068fb"}
,"/home/runner/work/cse110-w21-group13/cse110-w21-group13/source/src/components/TaskItem.js": {"path":"/home/runner/work/cse110-w21-group13/cse110-w21-group13/source/src/components/TaskItem.js","statementMap":{"0":{"start":{"line":5,"column":22},"end":{"line":5,"column":63}},"1":{"start":{"line":7,"column":24},"end":{"line":7,"column":77}},"2":{"start":{"line":8,"column":8},"end":{"line":8,"column":47}},"3":{"start":{"line":10,"column":21},"end":{"line":10,"column":112}},"4":{"start":{"line":10,"column":39},"end":{"line":10,"column":111}},"5":{"start":{"line":11,"column":8},"end":{"line":14,"column":9}},"6":{"start":{"line":12,"column":12},"end":{"line":12,"column":41}},"7":{"start":{"line":13,"column":12},"end":{"line":13,"column":65}},"8":{"start":{"line":19,"column":22},"end":{"line":19,"column":63}},"9":{"start":{"line":21,"column":8},"end":{"line":21,"column":131}},"10":{"start":{"line":21,"column":47},"end":{"line":21,"column":125}},"11":{"start":{"line":22,"column":8},"end":{"line":22,"column":61}},"12":{"start":{"line":24,"column":8},"end":{"line":24,"column":42}},"13":{"start":{"line":26,"column":25},"end":{"line":26,"column":62}},"14":{"start":{"line":27,"column":8},"end":{"line":30,"column":9}},"15":{"start":{"line":28,"column":26},"end":{"line":28,"column":65}},"16":{"start":{"line":29,"column":12},"end":{"line":29,"column":33}},"17":{"start":{"line":35,"column":8},"end":{"line":35,"column":32}},"18":{"start":{"line":37,"column":8},"end":{"line":37,"column":42}},"19":{"start":{"line":38,"column":22},"end":{"line":38,"column":63}},"20":{"start":{"line":39,"column":21},"end":{"line":39,"column":112}},"21":{"start":{"line":39,"column":39},"end":{"line":39,"column":111}},"22":{"start":{"line":40,"column":19},"end":{"line":40,"column":64}},"23":{"start":{"line":41,"column":22},"end":{"line":41,"column":61}},"24":{"start":{"line":42,"column":25},"end":{"line":42,"column":62}},"25":{"start":{"line":45,"column":8},"end":{"line":100,"column":9}},"26":{"start":{"line":47,"column":12},"end":{"line":47,"column":33}},"27":{"start":{"line":48,"column":12},"end":{"line":48,"column":48}},"28":{"start":{"line":50,"column":12},"end":{"line":50,"column":33}},"29":{"start":{"line":51,"column":12},"end":{"line":51,"column":65}},"30":{"start":{"line":53,"column":12},"end":{"line":53,"column":33}},"31":{"start":{"line":55,"column":12},"end":{"line":78,"column":13}},"32":{"start":{"line":56,"column":29},"end":{"line":56,"column":77}},"33":{"start":{"line":57,"column":30},"end":{"line":57,"column":34}},"34":{"start":{"line":58,"column":16},"end":{"line":71,"column":17}},"35":{"start":{"line":58,"column":29},"end":{"line":58,"column":30}},"36":{"start":{"line":61,"column":20},"end":{"line":70,"column":21}},"37":{"start":{"line":62,"column":24},"end":{"line":62,"column":48}},"38":{"start":{"line":63,"column":24},"end":{"line":63,"column":54}},"39":{"start":{"line":64,"column":24},"end":{"line":64,"column":62}},"40":{"start":{"line":65,"column":41},"end":{"line":65,"column":138}},"41":{"start":{"line":65,"column":59},"end":{"line":65,"column":137}},"42":{"start":{"line":66,"column":24},"end":{"line":66,"column":48}},"43":{"start":{"line":67,"column":24},"end":{"line":67,"column":77}},"44":{"start":{"line":68,"column":24},"end":{"line":68,"column":40}},"45":{"start":{"line":69,"column":24},"end":{"line":69,"column":30}},"46":{"start":{"line":73,"column":16},"end":{"line":77,"column":17}},"47":{"start":{"line":74,"column":20},"end":{"line":74,"column":60}},"48":{"start":{"line":76,"column":20},"end":{"line":76,"column":53}},"49":{"start":{"line":81,"column":12},"end":{"line":81,"column":47}},"50":{"start":{"line":82,"column":12},"end":{"line":82,"column":32}},"51":{"start":{"line":83,"column":12},"end":{"line":83,"column":65}},"52":{"start":{"line":84,"column":30},"end":{"line":84,"column":65}},"53":{"start":{"line":86,"column":12},"end":{"line":97,"column":13}},"54":{"start":{"line":87,"column":16},"end":{"line":87,"column":43}},"55":{"start":{"line":89,"column":16},"end":{"line":89,"column":48}},"56":{"start":{"line":90,"column":16},"end":{"line":90,"column":42}},"57":{"start":{"line":91,"column":16},"end":{"line":91,"column":57}},"58":{"start":{"line":92,"column":32},"end":{"line":92,"column":133}},"59":{"start":{"line":92,"column":50},"end":{"line":92,"column":132}},"60":{"start":{"line":93,"column":16},"end":{"line":93,"column":40}},"61":{"start":{"line":94,"column":16},"end":{"line":94,"column":69}},"62":{"start":{"line":96,"column":16},"end":{"line":96,"column":43}},"63":{"start":{"line":99,"column":12},"end":{"line":99,"column":45}},"64":{"start":{"line":105,"column":8},"end":{"line":105,"column":16}},"65":{"start":{"line":106,"column":23},"end":{"line":106,"column":58}},"66":{"start":{"line":112,"column":19},"end":{"line":112,"column":47}},"67":{"start":{"line":113,"column":8},"end":{"line":113,"column":36}},"68":{"start":{"line":114,"column":22},"end":{"line":114,"column":51}},"69":{"start":{"line":115,"column":8},"end":{"line":115,"column":53}},"70":{"start":{"line":116,"column":8},"end":{"line":116,"column":50}},"71":{"start":{"line":117,"column":8},"end":{"line":117,"column":43}},"72":{"start":{"line":118,"column":8},"end":{"line":118,"column":30}},"73":{"start":{"line":120,"column":8},"end":{"line":120,"column":52}},"74":{"start":{"line":121,"column":22},"end":{"line":121,"column":51}},"75":{"start":{"line":122,"column":8},"end":{"line":122,"column":53}},"76":{"start":{"line":123,"column":8},"end":{"line":123,"column":50}},"77":{"start":{"line":124,"column":8},"end":{"line":124,"column":30}},"78":{"start":{"line":126,"column":8},"end":{"line":126,"column":63}},"79":{"start":{"line":128,"column":22},"end":{"line":128,"column":51}},"80":{"start":{"line":129,"column":8},"end":{"line":129,"column":54}},"81":{"start":{"line":130,"column":8},"end":{"line":130,"column":51}},"82":{"start":{"line":131,"column":8},"end":{"line":131,"column":30}},"83":{"start":{"line":133,"column":8},"end":{"line":133,"column":68}},"84":{"start":{"line":135,"column":22},"end":{"line":135,"column":53}},"85":{"start":{"line":136,"column":8},"end":{"line":226,"column":10}},"86":{"start":{"line":227,"column":8},"end":{"line":227,"column":31}},"87":{"start":{"line":228,"column":8},"end":{"line":228,"column":34}},"88":{"start":{"line":232,"column":8},"end":{"line":232,"column":24}},"89":{"start":{"line":236,"column":23},"end":{"line":236,"column":38}},"90":{"start":{"line":237,"column":21},"end":{"line":237,"column":52}},"91":{"start":{"line":238,"column":8},"end":{"line":238,"column":49}},"92":{"start":{"line":242,"column":0},"end":{"line":242,"column":45}}},"fnMap":{"0":{"name":"(anonymous_0)","decl":{"start":{"line":4,"column":4},"end":{"line":4,"column":5}},"loc":{"start":{"line":4,"column":13},"end":{"line":15,"column":5}},"line":4},"1":{"name":"(anonymous_1)","decl":{"start":{"line":10,"column":32},"end":{"line":10,"column":33}},"loc":{"start":{"line":10,"column":39},"end":{"line":10,"column":111}},"line":10},"2":{"name":"(anonymous_2)","decl":{"start":{"line":18,"column":4},"end":{"line":18,"column":5}},"loc":{"start":{"line":18,"column":17},"end":{"line":31,"column":5}},"line":18},"3":{"name":"(anonymous_3)","decl":{"start":{"line":21,"column":37},"end":{"line":21,"column":38}},"loc":{"start":{"line":21,"column":47},"end":{"line":21,"column":125}},"line":21},"4":{"name":"(anonymous_4)","decl":{"start":{"line":34,"column":4},"end":{"line":34,"column":5}},"loc":{"start":{"line":34,"column":17},"end":{"line":101,"column":5}},"line":34},"5":{"name":"(anonymous_5)","decl":{"start":{"line":39,"column":32},"end":{"line":39,"column":33}},"loc":{"start":{"line":39,"column":39},"end":{"line":39,"column":111}},"line":39},"6":{"name":"(anonymous_6)","decl":{"start":{"line":65,"column":52},"end":{"line":65,"column":53}},"loc":{"start":{"line":65,"column":59},"end":{"line":65,"column":137}},"line":65},"7":{"name":"(anonymous_7)","decl":{"start":{"line":92,"column":43},"end":{"line":92,"column":44}},"loc":{"start":{"line":92,"column":50},"end":{"line":92,"column":132}},"line":92},"8":{"name":"(anonymous_8)","decl":{"start":{"line":104,"column":4},"end":{"line":104,"column":5}},"loc":{"start":{"line":104,"column":18},"end":{"line":229,"column":5}},"line":104},"9":{"name":"(anonymous_9)","decl":{"start":{"line":231,"column":4},"end":{"line":231,"column":5}},"loc":{"start":{"line":231,"column":36},"end":{"line":233,"column":5}},"line":231},"10":{"name":"(anonymous_10)","decl":{"start":{"line":235,"column":4},"end":{"line":235,"column":5}},"loc":{"start":{"line":235,"column":55},"end":{"line":239,"column":5}},"line":235}},"branchMap":{"0":{"loc":{"start":{"line":10,"column":39},"end":{"line":10,"column":111}},"type":"binary-expr","locations":[{"start":{"line":10,"column":39},"end":{"line":10,"column":71}},{"start":{"line":10,"column":75},"end":{"line":10,"column":111}}],"line":10},"1":{"loc":{"start":{"line":11,"column":8},"end":{"line":14,"column":9}},"type":"if","locations":[{"start":{"line":11,"column":8},"end":{"line":14,"column":9}},{"start":{"line":11,"column":8},"end":{"line":14,"column":9}}],"line":11},"2":{"loc":{"start":{"line":21,"column":47},"end":{"line":21,"column":125}},"type":"binary-expr","locations":[{"start":{"line":21,"column":47},"end":{"line":21,"column":82}},{"start":{"line":21,"column":86},"end":{"line":21,"column":125}}],"line":21},"3":{"loc":{"start":{"line":27,"column":8},"end":{"line":30,"column":9}},"type":"if","locations":[{"start":{"line":27,"column":8},"end":{"line":30,"column":9}},{"start":{"line":27,"column":8},"end":{"line":30,"column":9}}],"line":27},"4":{"loc":{"start":{"line":39,"column":39},"end":{"line":39,"column":111}},"type":"binary-expr","locations":[{"start":{"line":39,"column":39},"end":{"line":39,"column":71}},{"start":{"line":39,"column":75},"end":{"line":39,"column":111}}],"line":39},"5":{"loc":{"start":{"line":45,"column":8},"end":{"line":100,"column":9}},"type":"if","locations":[{"start":{"line":45,"column":8},"end":{"line":100,"column":9}},{"start":{"line":45,"column":8},"end":{"line":100,"column":9}}],"line":45},"6":{"loc":{"start":{"line":55,"column":12},"end":{"line":78,"column":13}},"type":"if","locations":[{"start":{"line":55,"column":12},"end":{"line":78,"column":13}},{"start":{"line":55,"column":12},"end":{"line":78,"column":13}}],"line":55},"7":{"loc":{"start":{"line":61,"column":20},"end":{"line":70,"column":21}},"type":"if","locations":[{"start":{"line":61,"column":20},"end":{"line":70,"column":21}},{"start":{"line":61,"column":20},"end":{"line":70,"column":21}}],"line":61},"8":{"loc":{"start":{"line":65,"column":59},"end":{"line":65,"column":137}},"type":"binary-expr","locations":[{"start":{"line":65,"column":59},"end":{"line":65,"column":94}},{"start":{"line":65,"column":98},"end":{"line":65,"column":137}}],"line":65},"9":{"loc":{"start":{"line":73,"column":16},"end":{"line":77,"column":17}},"type":"if","locations":[{"start":{"line":73,"column":16},"end":{"line":77,"column":17}},{"start":{"line":73,"column":16},"end":{"line":77,"column":17}}],"line":73},"10":{"loc":{"start":{"line":86,"column":12},"end":{"line":97,"column":13}},"type":"if","locations":[{"start":{"line":86,"column":12},"end":{"line":97,"column":13}},{"start":{"line":86,"column":12},"end":{"line":97,"column":13}}],"line":86},"11":{"loc":{"start":{"line":92,"column":50},"end":{"line":92,"column":132}},"type":"binary-expr","locations":[{"start":{"line":92,"column":50},"end":{"line":92,"column":87}},{"start":{"line":92,"column":91},"end":{"line":92,"column":132}}],"line":92}},"s":{"0":20,"1":20,"2":20,"3":20,"4":30,"5":20,"6":18,"7":18,"8":14,"9":14,"10":14,"11":14,"12":14,"13":14,"14":14,"15":8,"16":8,"17":42,"18":42,"19":42,"20":42,"21":78,"22":42,"23":42,"24":42,"25":42,"26":14,"27":14,"28":14,"29":14,"30":14,"31":14,"32":12,"33":12,"34":12,"35":12,"36":16,"37":8,"38":8,"39":8,"40":8,"41":8,"42":8,"43":8,"44":8,"45":8,"46":12,"47":4,"48":8,"49":28,"50":28,"51":28,"52":28,"53":28,"54":26,"55":2,"56":2,"57":2,"58":2,"59":4,"60":2,"61":2,"62":2,"63":28,"64":106,"65":106,"66":106,"67":106,"68":106,"69":106,"70":106,"71":106,"72":106,"73":106,"74":106,"75":106,"76":106,"77":106,"78":106,"79":106,"80":106,"81":106,"82":106,"83":106,"84":106,"85":106,"86":106,"87":106,"88":77,"89":106,"90":106,"91":106,"92":77},"f":{"0":20,"1":30,"2":14,"3":14,"4":42,"5":78,"6":8,"7":4,"8":106,"9":77,"10":106},"b":{"0":[30,18],"1":[18,2],"2":[14,14],"3":[8,6],"4":[78,42],"5":[14,28],"6":[12,2],"7":[8,8],"8":[8,8],"9":[4,8],"10":[26,2],"11":[4,2]},"_coverageSchema":"1a1c01bbd47fc00a2c39e90264f33305004495a9","hash":"471b5839d8bb3e75143a5ac8cd75e9fd80b9f231"}
,"/home/runner/work/cse110-w21-group13/cse110-w21-group13/source/src/components/TaskPopUp.js": {"path":"/home/runner/work/cse110-w21-group13/cse110-w21-group13/source/src/components/TaskPopUp.js","statementMap":{"0":{"start":{"line":7,"column":22},"end":{"line":7,"column":63}},"1":{"start":{"line":8,"column":22},"end":{"line":8,"column":72}},"2":{"start":{"line":9,"column":8},"end":{"line":33,"column":9}},"3":{"start":{"line":11,"column":25},"end":{"line":16,"column":13}},"4":{"start":{"line":17,"column":29},"end":{"line":17,"column":64}},"5":{"start":{"line":18,"column":12},"end":{"line":18,"column":49}},"6":{"start":{"line":19,"column":12},"end":{"line":19,"column":59}},"7":{"start":{"line":20,"column":12},"end":{"line":20,"column":53}},"8":{"start":{"line":21,"column":12},"end":{"line":21,"column":59}},"9":{"start":{"line":22,"column":12},"end":{"line":22,"column":80}},"10":{"start":{"line":24,"column":12},"end":{"line":24,"column":29}},"11":{"start":{"line":25,"column":12},"end":{"line":25,"column":65}},"12":{"start":{"line":26,"column":23},"end":{"line":26,"column":67}},"13":{"start":{"line":27,"column":12},"end":{"line":27,"column":48}},"14":{"start":{"line":28,"column":29},"end":{"line":28,"column":62}},"15":{"start":{"line":29,"column":12},"end":{"line":29,"column":82}},"16":{"start":{"line":30,"column":12},"end":{"line":30,"column":28}},"17":{"start":{"line":32,"column":12},"end":{"line":32,"column":30}},"18":{"start":{"line":38,"column":24},"end":{"line":38,"column":72}},"19":{"start":{"line":39,"column":22},"end":{"line":39,"column":66}},"20":{"start":{"line":40,"column":8},"end":{"line":40,"column":39}},"21":{"start":{"line":41,"column":8},"end":{"line":41,"column":25}},"22":{"start":{"line":46,"column":8},"end":{"line":46,"column":16}},"23":{"start":{"line":47,"column":23},"end":{"line":47,"column":58}},"24":{"start":{"line":49,"column":24},"end":{"line":49,"column":53}},"25":{"start":{"line":50,"column":8},"end":{"line":50,"column":53}},"26":{"start":{"line":52,"column":22},"end":{"line":52,"column":72}},"27":{"start":{"line":53,"column":8},"end":{"line":53,"column":53}},"28":{"start":{"line":54,"column":8},"end":{"line":54,"column":47}},"29":{"start":{"line":55,"column":22},"end":{"line":55,"column":71}},"30":{"start":{"line":56,"column":8},"end":{"line":56,"column":37}},"31":{"start":{"line":58,"column":22},"end":{"line":58,"column":74}},"32":{"start":{"line":59,"column":8},"end":{"line":59,"column":43}},"33":{"start":{"line":60,"column":8},"end":{"line":60,"column":47}},"34":{"start":{"line":61,"column":8},"end":{"line":61,"column":76}},"35":{"start":{"line":62,"column":8},"end":{"line":62,"column":46}},"36":{"start":{"line":63,"column":8},"end":{"line":63,"column":50}},"37":{"start":{"line":65,"column":23},"end":{"line":65,"column":73}},"38":{"start":{"line":66,"column":8},"end":{"line":66,"column":54}},"39":{"start":{"line":67,"column":23},"end":{"line":67,"column":75}},"40":{"start":{"line":68,"column":8},"end":{"line":68,"column":51}},"41":{"start":{"line":69,"column":8},"end":{"line":69,"column":50}},"42":{"start":{"line":70,"column":8},"end":{"line":70,"column":33}},"43":{"start":{"line":72,"column":8},"end":{"line":72,"column":68}},"44":{"start":{"line":73,"column":8},"end":{"line":73,"column":66}},"45":{"start":{"line":75,"column":8},"end":{"line":75,"column":54}},"46":{"start":{"line":76,"column":8},"end":{"line":76,"column":49}},"47":{"start":{"line":77,"column":8},"end":{"line":77,"column":50}},"48":{"start":{"line":78,"column":8},"end":{"line":78,"column":49}},"49":{"start":{"line":79,"column":8},"end":{"line":79,"column":50}},"50":{"start":{"line":80,"column":8},"end":{"line":80,"column":47}},"51":{"start":{"line":82,"column":22},"end":{"line":82,"column":53}},"52":{"start":{"line":83,"column":8},"end":{"line":204,"column":11}},"53":{"start":{"line":205,"column":8},"end":{"line":205,"column":36}},"54":{"start":{"line":206,"column":8},"end":{"line":206,"column":34}},"55":{"start":{"line":209,"column":0},"end":{"line":209,"column":47}},"56":{"start":{"line":211,"column":0},"end":{"line":228,"column":3}},"57":{"start":{"line":212,"column":21},"end":{"line":212,"column":62}},"58":{"start":{"line":213,"column":18},"end":{"line":213,"column":54}},"59":{"start":{"line":214,"column":4},"end":{"line":214,"column":41}},"60":{"start":{"line":215,"column":4},"end":{"line":215,"column":37}},"61":{"start":{"line":216,"column":4},"end":{"line":227,"column":7}},"62":{"start":{"line":217,"column":25},"end":{"line":217,"column":58}},"63":{"start":{"line":218,"column":8},"end":{"line":218,"column":78}},"64":{"start":{"line":219,"column":8},"end":{"line":219,"column":24}},"65":{"start":{"line":221,"column":23},"end":{"line":221,"column":75}},"66":{"start":{"line":222,"column":8},"end":{"line":224,"column":9}},"67":{"start":{"line":222,"column":21},"end":{"line":222,"column":22}},"68":{"start":{"line":223,"column":12},"end":{"line":223,"column":35}},"69":{"start":{"line":225,"column":8},"end":{"line":225,"column":97}},"70":{"start":{"line":226,"column":8},"end":{"line":226,"column":62}}},"fnMap":{"0":{"name":"(anonymous_0)","decl":{"start":{"line":6,"column":4},"end":{"line":6,"column":5}},"loc":{"start":{"line":6,"column":14},"end":{"line":34,"column":5}},"line":6},"1":{"name":"(anonymous_1)","decl":{"start":{"line":37,"column":4},"end":{"line":37,"column":5}},"loc":{"start":{"line":37,"column":17},"end":{"line":42,"column":5}},"line":37},"2":{"name":"(anonymous_2)","decl":{"start":{"line":45,"column":4},"end":{"line":45,"column":5}},"loc":{"start":{"line":45,"column":18},"end":{"line":207,"column":5}},"line":45},"3":{"name":"(anonymous_3)","decl":{"start":{"line":211,"column":32},"end":{"line":211,"column":33}},"loc":{"start":{"line":211,"column":38},"end":{"line":228,"column":1}},"line":211},"4":{"name":"(anonymous_4)","decl":{"start":{"line":216,"column":39},"end":{"line":216,"column":40}},"loc":{"start":{"line":216,"column":45},"end":{"line":227,"column":5}},"line":216}},"branchMap":{"0":{"loc":{"start":{"line":9,"column":8},"end":{"line":33,"column":9}},"type":"if","locations":[{"start":{"line":9,"column":8},"end":{"line":33,"column":9}},{"start":{"line":9,"column":8},"end":{"line":33,"column":9}}],"line":9}},"s":{"0":72,"1":72,"2":72,"3":70,"4":70,"5":70,"6":70,"7":70,"8":70,"9":70,"10":70,"11":70,"12":70,"13":70,"14":70,"15":70,"16":70,"17":70,"18":185,"19":185,"20":185,"21":185,"22":77,"23":77,"24":77,"25":77,"26":77,"27":77,"28":77,"29":77,"30":77,"31":77,"32":77,"33":77,"34":77,"35":77,"36":77,"37":77,"38":77,"39":77,"40":77,"41":77,"42":77,"43":77,"44":77,"45":77,"46":77,"47":77,"48":77,"49":77,"50":77,"51":77,"52":77,"53":77,"54":77,"55":77,"56":77,"57":77,"58":77,"59":77,"60":77,"61":77,"62":76,"63":76,"64":76,"65":76,"66":76,"67":76,"68":304,"69":76,"70":76},"f":{"0":72,"1":185,"2":77,"3":77,"4":76},"b":{"0":[70,2]},"_coverageSchema":"1a1c01bbd47fc00a2c39e90264f33305004495a9","hash":"bdca4e173d4465bd2948feb92630231b1720d036"}
,"/home/runner/work/cse110-w21-group13/cse110-w21-group13/source/src/scripts/FocusMode.js": {"path":"/home/runner/work/cse110-w21-group13/cse110-w21-group13/source/src/scripts/FocusMode.js","statementMap":{"0":{"start":{"line":5,"column":24},"end":{"line":5,"column":60}},"1":{"start":{"line":6,"column":20},"end":{"line":6,"column":61}},"2":{"start":{"line":7,"column":22},"end":{"line":7,"column":59}},"3":{"start":{"line":9,"column":4},"end":{"line":9,"column":42}},"4":{"start":{"line":10,"column":4},"end":{"line":10,"column":38}},"5":{"start":{"line":11,"column":4},"end":{"line":11,"column":40}},"6":{"start":{"line":12,"column":4},"end":{"line":20,"column":5}},"7":{"start":{"line":13,"column":8},"end":{"line":13,"column":47}},"8":{"start":{"line":15,"column":8},"end":{"line":15,"column":49}},"9":{"start":{"line":16,"column":22},"end":{"line":16,"column":61}},"10":{"start":{"line":17,"column":8},"end":{"line":19,"column":9}},"11":{"start":{"line":18,"column":12},"end":{"line":18,"column":33}},"12":{"start":{"line":23,"column":17},"end":{"line":23,"column":56}},"13":{"start":{"line":24,"column":0},"end":{"line":24,"column":48}}},"fnMap":{"0":{"name":"toggleState","decl":{"start":{"line":2,"column":9},"end":{"line":2,"column":20}},"loc":{"start":{"line":2,"column":23},"end":{"line":21,"column":1}},"line":2}},"branchMap":{"0":{"loc":{"start":{"line":12,"column":4},"end":{"line":20,"column":5}},"type":"if","locations":[{"start":{"line":12,"column":4},"end":{"line":20,"column":5}},{"start":{"line":12,"column":4},"end":{"line":20,"column":5}}],"line":12},"1":{"loc":{"start":{"line":17,"column":8},"end":{"line":19,"column":9}},"type":"if","locations":[{"start":{"line":17,"column":8},"end":{"line":19,"column":9}},{"start":{"line":17,"column":8},"end":{"line":19,"column":9}}],"line":17}},"s":{"0":33,"1":33,"2":33,"3":33,"4":33,"5":33,"6":33,"7":24,"8":9,"9":9,"10":9,"11":2,"12":77,"13":77},"f":{"0":33},"b":{"0":[24,9],"1":[2,7]},"_coverageSchema":"1a1c01bbd47fc00a2c39e90264f33305004495a9","hash":"761828278aa110e2233bf03ecf552564e67eb065"}
,"/home/runner/work/cse110-w21-group13/cse110-w21-group13/source/src/scripts/Timer.js": {"path":"/home/runner/work/cse110-w21-group13/cse110-w21-group13/source/src/scripts/Timer.js","statementMap":{"0":{"start":{"line":1,"column":20},"end":{"line":1,"column":56}},"1":{"start":{"line":2,"column":29},"end":{"line":2,"column":78}},"2":{"start":{"line":3,"column":17},"end":{"line":3,"column":50}},"3":{"start":{"line":4,"column":19},"end":{"line":4,"column":49}},"4":{"start":{"line":5,"column":15},"end":{"line":5,"column":19}},"5":{"start":{"line":7,"column":18},"end":{"line":7,"column":24}},"6":{"start":{"line":8,"column":19},"end":{"line":8,"column":20}},"7":{"start":{"line":11,"column":0},"end":{"line":15,"column":1}},"8":{"start":{"line":12,"column":4},"end":{"line":12,"column":46}},"9":{"start":{"line":13,"column":4},"end":{"line":13,"column":52}},"10":{"start":{"line":14,"column":4},"end":{"line":14,"column":52}},"11":{"start":{"line":16,"column":15},"end":{"line":16,"column":50}},"12":{"start":{"line":17,"column":16},"end":{"line":17,"column":58}},"13":{"start":{"line":18,"column":20},"end":{"line":18,"column":61}},"14":{"start":{"line":20,"column":0},"end":{"line":20,"column":50}},"15":{"start":{"line":23,"column":23},"end":{"line":23,"column":58}},"16":{"start":{"line":24,"column":24},"end":{"line":24,"column":60}},"17":{"start":{"line":26,"column":4},"end":{"line":49,"column":5}},"18":{"start":{"line":27,"column":8},"end":{"line":27,"column":63}},"19":{"start":{"line":28,"column":8},"end":{"line":31,"column":9}},"20":{"start":{"line":29,"column":12},"end":{"line":29,"column":50}},"21":{"start":{"line":30,"column":12},"end":{"line":30,"column":51}},"22":{"start":{"line":32,"column":8},"end":{"line":32,"column":30}},"23":{"start":{"line":33,"column":8},"end":{"line":33,"column":25}},"24":{"start":{"line":34,"column":11},"end":{"line":49,"column":5}},"25":{"start":{"line":35,"column":8},"end":{"line":35,"column":59}},"26":{"start":{"line":36,"column":8},"end":{"line":39,"column":9}},"27":{"start":{"line":37,"column":12},"end":{"line":37,"column":50}},"28":{"start":{"line":38,"column":12},"end":{"line":38,"column":51}},"29":{"start":{"line":40,"column":8},"end":{"line":40,"column":30}},"30":{"start":{"line":41,"column":8},"end":{"line":41,"column":26}},"31":{"start":{"line":43,"column":8},"end":{"line":43,"column":58}},"32":{"start":{"line":44,"column":8},"end":{"line":47,"column":9}},"33":{"start":{"line":45,"column":12},"end":{"line":45,"column":50}},"34":{"start":{"line":46,"column":12},"end":{"line":46,"column":51}},"35":{"start":{"line":48,"column":8},"end":{"line":48,"column":29}},"36":{"start":{"line":53,"column":20},"end":{"line":53,"column":50}},"37":{"start":{"line":55,"column":4},"end":{"line":58,"column":5}},"38":{"start":{"line":56,"column":8},"end":{"line":56,"column":21}},"39":{"start":{"line":57,"column":8},"end":{"line":57,"column":51}},"40":{"start":{"line":60,"column":4},"end":{"line":64,"column":5}},"41":{"start":{"line":61,"column":8},"end":{"line":61,"column":80}},"42":{"start":{"line":63,"column":8},"end":{"line":63,"column":26}},"43":{"start":{"line":66,"column":18},"end":{"line":66,"column":70}},"44":{"start":{"line":67,"column":18},"end":{"line":67,"column":67}},"45":{"start":{"line":69,"column":4},"end":{"line":74,"column":5}},"46":{"start":{"line":70,"column":8},"end":{"line":70,"column":21}},"47":{"start":{"line":72,"column":8},"end":{"line":72,"column":21}},"48":{"start":{"line":73,"column":8},"end":{"line":73,"column":21}},"49":{"start":{"line":76,"column":4},"end":{"line":78,"column":5}},"50":{"start":{"line":77,"column":8},"end":{"line":77,"column":40}},"51":{"start":{"line":80,"column":4},"end":{"line":80,"column":61}},"52":{"start":{"line":84,"column":4},"end":{"line":84,"column":35}},"53":{"start":{"line":85,"column":4},"end":{"line":85,"column":47}},"54":{"start":{"line":89,"column":4},"end":{"line":89,"column":51}},"55":{"start":{"line":90,"column":4},"end":{"line":90,"column":59}},"56":{"start":{"line":91,"column":4},"end":{"line":91,"column":62}},"57":{"start":{"line":92,"column":4},"end":{"line":92,"column":25}},"58":{"start":{"line":93,"column":4},"end":{"line":93,"column":26}},"59":{"start":{"line":94,"column":4},"end":{"line":94,"column":40}},"60":{"start":{"line":95,"column":4},"end":{"line":95,"column":21}},"61":{"start":{"line":96,"column":4},"end":{"line":96,"column":36}},"62":{"start":{"line":100,"column":4},"end":{"line":103,"column":5}},"63":{"start":{"line":101,"column":8},"end":{"line":101,"column":15}},"64":{"start":{"line":102,"column":8},"end":{"line":102,"column":46}},"65":{"start":{"line":107,"column":4},"end":{"line":107,"column":74}},"66":{"start":{"line":108,"column":4},"end":{"line":108,"column":20}},"67":{"start":{"line":109,"column":4},"end":{"line":113,"column":5}},"68":{"start":{"line":110,"column":8},"end":{"line":110,"column":16}},"69":{"start":{"line":112,"column":8},"end":{"line":112,"column":15}},"70":{"start":{"line":116,"column":0},"end":{"line":116,"column":30}},"71":{"start":{"line":118,"column":0},"end":{"line":118,"column":58}},"72":{"start":{"line":120,"column":0},"end":{"line":175,"column":3}},"73":{"start":{"line":121,"column":19},"end":{"line":121,"column":113}},"74":{"start":{"line":122,"column":19},"end":{"line":122,"column":125}},"75":{"start":{"line":123,"column":19},"end":{"line":123,"column":119}},"76":{"start":{"line":124,"column":20},"end":{"line":124,"column":110}},"77":{"start":{"line":125,"column":4},"end":{"line":174,"column":5}},"78":{"start":{"line":126,"column":8},"end":{"line":167,"column":9}},"79":{"start":{"line":128,"column":12},"end":{"line":128,"column":82}},"80":{"start":{"line":129,"column":12},"end":{"line":129,"column":28}},"81":{"start":{"line":130,"column":12},"end":{"line":130,"column":60}},"82":{"start":{"line":131,"column":12},"end":{"line":131,"column":18}},"83":{"start":{"line":133,"column":12},"end":{"line":133,"column":32}},"84":{"start":{"line":134,"column":12},"end":{"line":134,"column":18}},"85":{"start":{"line":136,"column":12},"end":{"line":136,"column":60}},"86":{"start":{"line":137,"column":12},"end":{"line":137,"column":18}},"87":{"start":{"line":139,"column":12},"end":{"line":139,"column":59}},"88":{"start":{"line":140,"column":12},"end":{"line":140,"column":18}},"89":{"start":{"line":142,"column":12},"end":{"line":142,"column":62}},"90":{"start":{"line":143,"column":12},"end":{"line":143,"column":18}},"91":{"start":{"line":145,"column":12},"end":{"line":151,"column":13}},"92":{"start":{"line":146,"column":16},"end":{"line":146,"column":112}},"93":{"start":{"line":147,"column":19},"end":{"line":151,"column":13}},"94":{"start":{"line":148,"column":16},"end":{"line":148,"column":109}},"95":{"start":{"line":149,"column":19},"end":{"line":151,"column":13}},"96":{"start":{"line":150,"column":16},"end":{"line":150,"column":108}},"97":{"start":{"line":152,"column":12},"end":{"line":152,"column":18}},"98":{"start":{"line":154,"column":26},"end":{"line":154,"column":55}},"99":{"start":{"line":155,"column":12},"end":{"line":155,"column":87}},"100":{"start":{"line":155,"column":37},"end":{"line":155,"column":87}},"101":{"start":{"line":156,"column":12},"end":{"line":156,"column":18}},"102":{"start":{"line":159,"column":12},"end":{"line":163,"column":13}},"103":{"start":{"line":160,"column":16},"end":{"line":160,"column":122}},"104":{"start":{"line":161,"column":19},"end":{"line":163,"column":13}},"105":{"start":{"line":162,"column":16},"end":{"line":162,"column":116}},"106":{"start":{"line":164,"column":12},"end":{"line":164,"column":18}},"107":{"start":{"line":166,"column":12},"end":{"line":166,"column":18}},"108":{"start":{"line":168,"column":11},"end":{"line":174,"column":5}},"109":{"start":{"line":169,"column":8},"end":{"line":173,"column":9}},"110":{"start":{"line":170,"column":12},"end":{"line":170,"column":106}},"111":{"start":{"line":171,"column":15},"end":{"line":173,"column":9}},"112":{"start":{"line":172,"column":12},"end":{"line":172,"column":104}}},"fnMap":{"0":{"name":"switchMode","decl":{"start":{"line":22,"column":9},"end":{"line":22,"column":19}},"loc":{"start":{"line":22,"column":22},"end":{"line":50,"column":1}},"line":22},"1":{"name":"timerFunction","decl":{"start":{"line":52,"column":15},"end":{"line":52,"column":28}},"loc":{"start":{"line":52,"column":31},"end":{"line":81,"column":1}},"line":52},"2":{"name":"start","decl":{"start":{"line":83,"column":15},"end":{"line":83,"column":20}},"loc":{"start":{"line":83,"column":23},"end":{"line":86,"column":1}},"line":83},"3":{"name":"stop","decl":{"start":{"line":88,"column":15},"end":{"line":88,"column":19}},"loc":{"start":{"line":88,"column":22},"end":{"line":97,"column":1}},"line":88},"4":{"name":"stopChecker","decl":{"start":{"line":99,"column":15},"end":{"line":99,"column":26}},"loc":{"start":{"line":99,"column":29},"end":{"line":104,"column":1}},"line":99},"5":{"name":"startAndStopButton","decl":{"start":{"line":106,"column":15},"end":{"line":106,"column":33}},"loc":{"start":{"line":106,"column":36},"end":{"line":114,"column":1}},"line":106},"6":{"name":"(anonymous_6)","decl":{"start":{"line":120,"column":33},"end":{"line":120,"column":34}},"loc":{"start":{"line":120,"column":44},"end":{"line":175,"column":1}},"line":120}},"branchMap":{"0":{"loc":{"start":{"line":11,"column":0},"end":{"line":15,"column":1}},"type":"if","locations":[{"start":{"line":11,"column":0},"end":{"line":15,"column":1}},{"start":{"line":11,"column":0},"end":{"line":15,"column":1}}],"line":11},"1":{"loc":{"start":{"line":26,"column":4},"end":{"line":49,"column":5}},"type":"if","locations":[{"start":{"line":26,"column":4},"end":{"line":49,"column":5}},{"start":{"line":26,"column":4},"end":{"line":49,"column":5}}],"line":26},"2":{"loc":{"start":{"line":26,"column":8},"end":{"line":26,"column":51}},"type":"binary-expr","locations":[{"start":{"line":26,"column":8},"end":{"line":26,"column":30}},{"start":{"line":26,"column":34},"end":{"line":26,"column":51}}],"line":26},"3":{"loc":{"start":{"line":28,"column":8},"end":{"line":31,"column":9}},"type":"if","locations":[{"start":{"line":28,"column":8},"end":{"line":31,"column":9}},{"start":{"line":28,"column":8},"end":{"line":31,"column":9}}],"line":28},"4":{"loc":{"start":{"line":34,"column":11},"end":{"line":49,"column":5}},"type":"if","locations":[{"start":{"line":34,"column":11},"end":{"line":49,"column":5}},{"start":{"line":34,"column":11},"end":{"line":49,"column":5}}],"line":34},"5":{"loc":{"start":{"line":36,"column":8},"end":{"line":39,"column":9}},"type":"if","locations":[{"start":{"line":36,"column":8},"end":{"line":39,"column":9}},{"start":{"line":36,"column":8},"end":{"line":39,"column":9}}],"line":36},"6":{"loc":{"start":{"line":44,"column":8},"end":{"line":47,"column":9}},"type":"if","locations":[{"start":{"line":44,"column":8},"end":{"line":47,"column":9}},{"start":{"line":44,"column":8},"end":{"line":47,"column":9}}],"line":44},"7":{"loc":{"start":{"line":55,"column":4},"end":{"line":58,"column":5}},"type":"if","locations":[{"start":{"line":55,"column":4},"end":{"line":58,"column":5}},{"start":{"line":55,"column":4},"end":{"line":58,"column":5}}],"line":55},"8":{"loc":{"start":{"line":60,"column":4},"end":{"line":64,"column":5}},"type":"if","locations":[{"start":{"line":60,"column":4},"end":{"line":64,"column":5}},{"start":{"line":60,"column":4},"end":{"line":64,"column":5}}],"line":60},"9":{"loc":{"start":{"line":69,"column":4},"end":{"line":74,"column":5}},"type":"if","locations":[{"start":{"line":69,"column":4},"end":{"line":74,"column":5}},{"start":{"line":69,"column":4},"end":{"line":74,"column":5}}],"line":69},"10":{"loc":{"start":{"line":76,"column":4},"end":{"line":78,"column":5}},"type":"if","locations":[{"start":{"line":76,"column":4},"end":{"line":78,"column":5}},{"start":{"line":76,"column":4},"end":{"line":78,"column":5}}],"line":76},"11":{"loc":{"start":{"line":100,"column":4},"end":{"line":103,"column":5}},"type":"if","locations":[{"start":{"line":100,"column":4},"end":{"line":103,"column":5}},{"start":{"line":100,"column":4},"end":{"line":103,"column":5}}],"line":100},"12":{"loc":{"start":{"line":109,"column":4},"end":{"line":113,"column":5}},"type":"if","locations":[{"start":{"line":109,"column":4},"end":{"line":113,"column":5}},{"start":{"line":109,"column":4},"end":{"line":113,"column":5}}],"line":109},"13":{"loc":{"start":{"line":125,"column":4},"end":{"line":174,"column":5}},"type":"if","locations":[{"start":{"line":125,"column":4},"end":{"line":174,"column":5}},{"start":{"line":125,"column":4},"end":{"line":174,"column":5}}],"line":125},"14":{"loc":{"start":{"line":125,"column":8},"end":{"line":125,"column":36}},"type":"binary-expr","locations":[{"start":{"line":125,"column":8},"end":{"line":125,"column":15}},{"start":{"line":125,"column":19},"end":{"line":125,"column":36}}],"line":125},"15":{"loc":{"start":{"line":126,"column":8},"end":{"line":167,"column":9}},"type":"switch","locations":[{"start":{"line":127,"column":8},"end":{"line":131,"column":18}},{"start":{"line":132,"column":8},"end":{"line":134,"column":18}},{"start":{"line":135,"column":8},"end":{"line":137,"column":18}},{"start":{"line":138,"column":8},"end":{"line":140,"column":18}},{"start":{"line":141,"column":8},"end":{"line":143,"column":18}},{"start":{"line":144,"column":8},"end":{"line":152,"column":18}},{"start":{"line":153,"column":8},"end":{"line":157,"column":9}},{"start":{"line":158,"column":8},"end":{"line":164,"column":18}},{"start":{"line":165,"column":8},"end":{"line":166,"column":18}}],"line":126},"16":{"loc":{"start":{"line":145,"column":12},"end":{"line":151,"column":13}},"type":"if","locations":[{"start":{"line":145,"column":12},"end":{"line":151,"column":13}},{"start":{"line":145,"column":12},"end":{"line":151,"column":13}}],"line":145},"17":{"loc":{"start":{"line":147,"column":19},"end":{"line":151,"column":13}},"type":"if","locations":[{"start":{"line":147,"column":19},"end":{"line":151,"column":13}},{"start":{"line":147,"column":19},"end":{"line":151,"column":13}}],"line":147},"18":{"loc":{"start":{"line":149,"column":19},"end":{"line":151,"column":13}},"type":"if","locations":[{"start":{"line":149,"column":19},"end":{"line":151,"column":13}},{"start":{"line":149,"column":19},"end":{"line":151,"column":13}}],"line":149},"19":{"loc":{"start":{"line":155,"column":12},"end":{"line":155,"column":87}},"type":"if","locations":[{"start":{"line":155,"column":12},"end":{"line":155,"column":87}},{"start":{"line":155,"column":12},"end":{"line":155,"column":87}}],"line":155},"20":{"loc":{"start":{"line":159,"column":12},"end":{"line":163,"column":13}},"type":"if","locations":[{"start":{"line":159,"column":12},"end":{"line":163,"column":13}},{"start":{"line":159,"column":12},"end":{"line":163,"column":13}}],"line":159},"21":{"loc":{"start":{"line":161,"column":19},"end":{"line":163,"column":13}},"type":"if","locations":[{"start":{"line":161,"column":19},"end":{"line":163,"column":13}},{"start":{"line":161,"column":19},"end":{"line":163,"column":13}}],"line":161},"22":{"loc":{"start":{"line":168,"column":11},"end":{"line":174,"column":5}},"type":"if","locations":[{"start":{"line":168,"column":11},"end":{"line":174,"column":5}},{"start":{"line":168,"column":11},"end":{"line":174,"column":5}}],"line":168},"23":{"loc":{"start":{"line":169,"column":8},"end":{"line":173,"column":9}},"type":"if","locations":[{"start":{"line":169,"column":8},"end":{"line":173,"column":9}},{"start":{"line":169,"column":8},"end":{"line":173,"column":9}}],"line":169},"24":{"loc":{"start":{"line":171,"column":15},"end":{"line":173,"column":9}},"type":"if","locations":[{"start":{"line":171,"column":15},"end":{"line":173,"column":9}},{"start":{"line":171,"column":15},"end":{"line":173,"column":9}}],"line":171}},"s":{"0":77,"1":77,"2":77,"3":77,"4":77,"5":77,"6":77,"7":77,"8":57,"9":57,"10":57,"11":77,"12":77,"13":77,"14":77,"15":42,"16":42,"17":42,"18":4,"19":4,"20":2,"21":2,"22":4,"23":4,"24":38,"25":12,"26":12,"27":10,"28":10,"29":12,"30":12,"31":26,"32":26,"33":12,"34":12,"35":26,"36":3676,"37":3676,"38":28,"39":28,"40":3676,"41":28,"42":28,"43":3676,"44":3676,"45":3676,"46":3568,"47":108,"48":108,"49":3676,"50":600,"51":3676,"52":48,"53":48,"54":14,"55":14,"56":14,"57":14,"58":14,"59":14,"60":14,"61":14,"62":227,"63":8,"64":8,"65":54,"66":54,"67":54,"68":48,"69":6,"70":77,"71":77,"72":77,"73":47,"74":47,"75":47,"76":47,"77":47,"78":40,"79":4,"80":4,"81":4,"82":4,"83":4,"84":4,"85":4,"86":4,"87":2,"88":2,"89":4,"90":4,"91":8,"92":2,"93":6,"94":2,"95":4,"96":2,"97":8,"98":6,"99":6,"100":4,"101":6,"102":6,"103":2,"104":4,"105":2,"106":6,"107":2,"108":7,"109":6,"110":2,"111":4,"112":2},"f":{"0":42,"1":3676,"2":48,"3":14,"4":227,"5":54,"6":47},"b":{"0":[57,20],"1":[4,38],"2":[42,16],"3":[2,2],"4":[12,26],"5":[10,2],"6":[12,14],"7":[28,3648],"8":[28,3648],"9":[3568,108],"10":[600,3076],"11":[8,219],"12":[48,6],"13":[40,7],"14":[47,45],"15":[4,4,4,2,4,8,6,6,2],"16":[2,6],"17":[2,4],"18":[2,2],"19":[4,2],"20":[2,4],"21":[2,2],"22":[6,1],"23":[2,4],"24":[2,2]},"_coverageSchema":"1a1c01bbd47fc00a2c39e90264f33305004495a9","hash":"91ec052c9309310d0a4d43e5ab957006a793d901"}
,"/home/runner/work/cse110-w21-group13/cse110-w21-group13/source/src/scripts/script.js": {"path":"/home/runner/work/cse110-w21-group13/cse110-w21-group13/source/src/scripts/script.js","statementMap":{"0":{"start":{"line":3,"column":0},"end":{"line":41,"column":3}},"1":{"start":{"line":10,"column":4},"end":{"line":23,"column":5}},"2":{"start":{"line":11,"column":8},"end":{"line":11,"column":19}},"3":{"start":{"line":12,"column":8},"end":{"line":12,"column":15}},"4":{"start":{"line":13,"column":8},"end":{"line":13,"column":24}},"5":{"start":{"line":14,"column":8},"end":{"line":14,"column":20}},"6":{"start":{"line":15,"column":8},"end":{"line":15,"column":26}},"7":{"start":{"line":16,"column":8},"end":{"line":16,"column":61}},"8":{"start":{"line":17,"column":8},"end":{"line":17,"column":44}},"9":{"start":{"line":18,"column":8},"end":{"line":18,"column":45}},"10":{"start":{"line":19,"column":8},"end":{"line":19,"column":52}},"11":{"start":{"line":20,"column":8},"end":{"line":20,"column":45}},"12":{"start":{"line":22,"column":8},"end":{"line":22,"column":58}},"13":{"start":{"line":25,"column":4},"end":{"line":40,"column":5}},"14":{"start":{"line":25,"column":17},"end":{"line":25,"column":18}},"15":{"start":{"line":26,"column":21},"end":{"line":26,"column":56}},"16":{"start":{"line":27,"column":25},"end":{"line":27,"column":62}},"17":{"start":{"line":28,"column":19},"end":{"line":28,"column":64}},"18":{"start":{"line":29,"column":22},"end":{"line":29,"column":61}},"19":{"start":{"line":30,"column":8},"end":{"line":30,"column":45}},"20":{"start":{"line":31,"column":8},"end":{"line":31,"column":55}},"21":{"start":{"line":32,"column":8},"end":{"line":32,"column":49}},"22":{"start":{"line":33,"column":8},"end":{"line":33,"column":55}},"23":{"start":{"line":34,"column":8},"end":{"line":39,"column":9}},"24":{"start":{"line":35,"column":12},"end":{"line":35,"column":45}},"25":{"start":{"line":36,"column":12},"end":{"line":36,"column":39}},"26":{"start":{"line":38,"column":12},"end":{"line":38,"column":33}}},"fnMap":{"0":{"name":"(anonymous_0)","decl":{"start":{"line":3,"column":44},"end":{"line":3,"column":45}},"loc":{"start":{"line":3,"column":50},"end":{"line":41,"column":1}},"line":3}},"branchMap":{"0":{"loc":{"start":{"line":10,"column":4},"end":{"line":23,"column":5}},"type":"if","locations":[{"start":{"line":10,"column":4},"end":{"line":23,"column":5}},{"start":{"line":10,"column":4},"end":{"line":23,"column":5}}],"line":10},"1":{"loc":{"start":{"line":10,"column":8},"end":{"line":10,"column":212}},"type":"binary-expr","locations":[{"start":{"line":10,"column":8},"end":{"line":10,"column":46}},{"start":{"line":10,"column":50},"end":{"line":10,"column":85}},{"start":{"line":10,"column":89},"end":{"line":10,"column":127}},{"start":{"line":10,"column":131},"end":{"line":10,"column":170}},{"start":{"line":10,"column":174},"end":{"line":10,"column":212}}],"line":10},"2":{"loc":{"start":{"line":34,"column":8},"end":{"line":39,"column":9}},"type":"if","locations":[{"start":{"line":34,"column":8},"end":{"line":39,"column":9}},{"start":{"line":34,"column":8},"end":{"line":39,"column":9}}],"line":34}},"s":{"0":77,"1":77,"2":57,"3":57,"4":57,"5":57,"6":57,"7":57,"8":57,"9":57,"10":57,"11":57,"12":20,"13":77,"14":77,"15":36,"16":36,"17":36,"18":36,"19":36,"20":36,"21":36,"22":36,"23":36,"24":18,"25":18,"26":18},"f":{"0":77},"b":{"0":[57,20],"1":[77,20,20,20,20],"2":[18,18]},"_coverageSchema":"1a1c01bbd47fc00a2c39e90264f33305004495a9","hash":"bed4192c1dc46a9fecc8a45f055fd432ee12875e"}
}
