TN:
SF:src/components/HelpPopUp.js
FN:9,(anonymous_0)
FN:14,(anonymous_1)
FN:211,(anonymous_2)
FN:216,(anonymous_3)
FNF:4
FNH:4
FNDA:113,(anonymous_0)
FNDA:77,(anonymous_1)
FNDA:77,(anonymous_2)
FNDA:4,(anonymous_3)
DA:10,113
DA:11,113
DA:15,77
DA:16,77
DA:17,77
DA:18,77
DA:19,77
DA:20,77
DA:21,77
DA:22,77
DA:23,77
DA:24,77
DA:25,77
DA:26,77
DA:27,77
DA:28,77
DA:29,77
DA:30,77
DA:31,77
DA:32,77
DA:33,77
DA:34,77
DA:35,77
DA:36,77
DA:37,77
DA:38,77
DA:39,77
DA:40,77
DA:41,77
DA:42,77
DA:43,77
DA:44,77
DA:46,77
DA:47,77
DA:48,77
DA:49,77
DA:50,77
DA:51,77
DA:52,77
DA:53,77
DA:54,77
DA:55,77
DA:56,77
DA:57,77
DA:58,77
DA:59,77
DA:60,77
DA:61,77
DA:63,77
DA:64,77
DA:65,77
DA:66,77
DA:67,77
DA:68,77
DA:69,77
DA:70,77
DA:71,77
DA:72,77
DA:73,77
DA:74,77
DA:75,77
DA:76,77
DA:77,77
DA:78,77
DA:79,77
DA:80,77
DA:81,77
DA:82,77
DA:83,77
DA:84,77
DA:87,77
DA:88,77
DA:89,77
DA:90,77
DA:91,77
DA:92,77
DA:93,77
DA:94,77
DA:95,77
DA:98,77
DA:99,77
DA:205,77
DA:206,77
DA:209,77
DA:211,77
DA:212,77
DA:213,77
DA:214,77
DA:215,77
DA:216,77
DA:217,4
DA:218,4
DA:219,4
DA:221,4
DA:222,4
DA:223,16
DA:225,4
LF:97
LH:97
BRF:0
BRH:0
end_of_record
TN:
SF:src/components/ResetPopUp.js
FN:9,(anonymous_0)
FN:29,(anonymous_1)
FN:34,(anonymous_2)
FN:184,(anonymous_3)
FN:189,(anonymous_4)
FNF:5
FNH:5
FNDA:6,(anonymous_0)
FNDA:121,(anonymous_1)
FNDA:77,(anonymous_2)
FNDA:77,(anonymous_3)
FNDA:12,(anonymous_4)
DA:11,6
DA:12,6
DA:13,6
DA:14,8
DA:17,6
DA:18,6
DA:19,4
DA:21,6
DA:22,6
DA:23,6
DA:24,6
DA:25,6
DA:30,121
DA:31,121
DA:35,77
DA:36,77
DA:38,77
DA:39,77
DA:41,77
DA:42,77
DA:43,77
DA:45,77
DA:46,77
DA:48,77
DA:49,77
DA:50,77
DA:52,77
DA:53,77
DA:54,77
DA:55,77
DA:56,77
DA:57,77
DA:59,77
DA:60,77
DA:62,77
DA:63,77
DA:64,77
DA:65,77
DA:66,77
DA:67,77
DA:69,77
DA:70,77
DA:178,77
DA:179,77
DA:182,77
DA:184,77
DA:185,77
DA:186,77
DA:187,77
DA:188,77
DA:189,77
DA:190,12
DA:191,12
DA:192,12
DA:194,12
DA:195,12
DA:196,48
DA:198,12
LF:58
LH:58
BRDA:18,0,0,4
BRDA:18,0,1,2
BRF:2
BRH:2
end_of_record
TN:
SF:src/components/SettingsPopUp.js
FN:10,(anonymous_0)
FN:15,(anonymous_1)
FN:44,(anonymous_2)
FN:53,(anonymous_3)
FN:58,(anonymous_4)
FN:164,onInput
FN:428,(anonymous_6)
FN:433,(anonymous_7)
FNF:8
FNH:8
FNDA:120,(anonymous_0)
FNDA:6,(anonymous_1)
FNDA:5,(anonymous_2)
FNDA:2,(anonymous_3)
FNDA:77,(anonymous_4)
FNDA:2,onInput
FNDA:77,(anonymous_6)
FNDA:17,(anonymous_7)
DA:11,120
DA:12,120
DA:16,6
DA:17,6
DA:18,2
DA:19,2
DA:21,6
DA:23,6
DA:24,6
DA:25,2
DA:26,2
DA:28,6
DA:30,6
DA:31,6
DA:32,2
DA:33,2
DA:35,6
DA:37,6
DA:38,6
DA:39,6
DA:40,6
DA:41,6
DA:45,5
DA:46,3
DA:48,2
DA:50,5
DA:54,2
DA:55,2
DA:59,77
DA:60,77
DA:62,77
DA:63,77
DA:65,77
DA:66,77
DA:67,77
DA:69,77
DA:70,77
DA:72,77
DA:73,77
DA:74,77
DA:76,77
DA:77,77
DA:79,77
DA:80,77
DA:81,77
DA:82,77
DA:83,77
DA:84,77
DA:85,77
DA:86,77
DA:87,77
DA:88,77
DA:89,77
DA:90,77
DA:91,77
DA:92,77
DA:93,77
DA:94,77
DA:95,77
DA:96,77
DA:97,77
DA:98,77
DA:99,77
DA:100,77
DA:101,77
DA:102,77
DA:103,77
DA:104,77
DA:105,77
DA:106,77
DA:107,77
DA:108,77
DA:109,77
DA:110,77
DA:111,77
DA:112,77
DA:113,77
DA:114,77
DA:116,77
DA:117,77
DA:118,77
DA:119,77
DA:120,77
DA:121,77
DA:122,77
DA:123,77
DA:124,77
DA:125,77
DA:126,2
DA:128,77
DA:129,77
DA:131,77
DA:133,77
DA:134,77
DA:135,77
DA:136,77
DA:137,77
DA:138,77
DA:139,77
DA:140,77
DA:141,77
DA:142,77
DA:143,77
DA:144,77
DA:145,77
DA:146,77
DA:147,77
DA:148,77
DA:149,77
DA:151,77
DA:152,77
DA:153,77
DA:154,77
DA:155,77
DA:156,77
DA:158,77
DA:159,77
DA:161,77
DA:162,77
DA:164,77
DA:165,2
DA:168,77
DA:169,77
DA:170,77
DA:171,77
DA:172,77
DA:173,77
DA:174,77
DA:175,77
DA:176,77
DA:177,77
DA:178,77
DA:179,77
DA:180,77
DA:181,77
DA:182,77
DA:183,77
DA:184,77
DA:185,77
DA:422,77
DA:423,77
DA:426,77
DA:428,77
DA:429,77
DA:430,77
DA:431,77
DA:432,77
DA:433,77
DA:434,17
DA:435,17
DA:436,17
DA:438,17
DA:439,17
DA:440,68
DA:442,17
LF:155
LH:155
BRDA:17,0,0,2
BRDA:17,0,1,4
BRDA:24,1,0,2
BRDA:24,1,1,4
BRDA:31,2,0,2
BRDA:31,2,1,4
BRDA:45,3,0,3
BRDA:45,3,1,2
BRDA:125,4,0,2
BRDA:125,4,1,75
BRF:10
BRH:10
end_of_record
TN:
SF:src/components/TaskItem.js
FN:10,(anonymous_0)
FN:16,(anonymous_1)
FN:24,(anonymous_2)
FN:27,(anonymous_3)
FN:40,(anonymous_4)
FN:45,(anonymous_5)
FN:71,(anonymous_6)
FN:98,(anonymous_7)
FN:110,(anonymous_8)
FN:237,(anonymous_9)
FN:241,(anonymous_10)
FNF:11
FNH:11
FNDA:20,(anonymous_0)
FNDA:30,(anonymous_1)
FNDA:14,(anonymous_2)
FNDA:14,(anonymous_3)
FNDA:42,(anonymous_4)
FNDA:78,(anonymous_5)
FNDA:8,(anonymous_6)
FNDA:4,(anonymous_7)
FNDA:106,(anonymous_8)
FNDA:77,(anonymous_9)
FNDA:106,(anonymous_10)
DA:11,20
DA:13,20
DA:14,20
DA:16,30
DA:17,20
DA:18,18
DA:19,18
DA:25,14
DA:27,14
DA:28,14
DA:30,14
DA:32,14
DA:33,14
DA:34,8
DA:35,8
DA:41,42
DA:43,42
DA:44,42
DA:45,78
DA:46,42
DA:47,42
DA:48,42
DA:51,42
DA:53,14
DA:54,14
DA:56,14
DA:57,14
DA:59,14
DA:61,14
DA:62,12
DA:63,12
DA:64,12
DA:67,16
DA:68,8
DA:69,8
DA:70,8
DA:71,8
DA:72,8
DA:73,8
DA:74,8
DA:75,8
DA:79,12
DA:80,4
DA:82,8
DA:87,28
DA:88,28
DA:89,28
DA:90,28
DA:92,28
DA:93,26
DA:95,2
DA:96,2
DA:97,2
DA:98,4
DA:99,2
DA:100,2
DA:102,2
DA:105,28
DA:111,106
DA:112,106
DA:118,106
DA:119,106
DA:120,106
DA:121,106
DA:122,106
DA:123,106
DA:124,106
DA:126,106
DA:127,106
DA:128,106
DA:129,106
DA:130,106
DA:132,106
DA:134,106
DA:135,106
DA:136,106
DA:137,106
DA:139,106
DA:141,106
DA:142,106
DA:233,106
DA:234,106
DA:238,77
DA:242,106
DA:243,106
DA:244,106
DA:248,77
LF:87
LH:87
BRDA:16,0,0,30
BRDA:16,0,1,18
BRDA:17,1,0,18
BRDA:17,1,1,2
BRDA:27,2,0,14
BRDA:27,2,1,14
BRDA:33,3,0,8
BRDA:33,3,1,6
BRDA:45,4,0,78
BRDA:45,4,1,42
BRDA:51,5,0,14
BRDA:51,5,1,28
BRDA:61,6,0,12
BRDA:61,6,1,2
BRDA:67,7,0,8
BRDA:67,7,1,8
BRDA:71,8,0,8
BRDA:71,8,1,8
BRDA:79,9,0,4
BRDA:79,9,1,8
BRDA:92,10,0,26
BRDA:92,10,1,2
BRDA:98,11,0,4
BRDA:98,11,1,2
BRF:24
BRH:24
end_of_record
TN:
SF:src/components/TaskPopUp.js
FN:12,(anonymous_0)
FN:43,(anonymous_1)
FN:51,(anonymous_2)
FN:217,(anonymous_3)
FN:222,(anonymous_4)
FNF:5
FNH:5
FNDA:72,(anonymous_0)
FNDA:185,(anonymous_1)
FNDA:77,(anonymous_2)
FNDA:77,(anonymous_3)
FNDA:76,(anonymous_4)
DA:13,72
DA:14,72
DA:15,72
DA:17,70
DA:23,70
DA:24,70
DA:25,70
DA:26,70
DA:27,70
DA:28,70
DA:30,70
DA:31,70
DA:32,70
DA:33,70
DA:34,70
DA:35,70
DA:36,70
DA:38,70
DA:44,185
DA:45,185
DA:46,185
DA:47,185
DA:52,77
DA:53,77
DA:55,77
DA:56,77
DA:58,77
DA:59,77
DA:60,77
DA:61,77
DA:62,77
DA:64,77
DA:65,77
DA:66,77
DA:67,77
DA:68,77
DA:69,77
DA:71,77
DA:72,77
DA:73,77
DA:74,77
DA:75,77
DA:76,77
DA:78,77
DA:79,77
DA:81,77
DA:82,77
DA:83,77
DA:84,77
DA:85,77
DA:86,77
DA:88,77
DA:89,77
DA:211,77
DA:212,77
DA:215,77
DA:217,77
DA:218,77
DA:219,77
DA:220,77
DA:221,77
DA:222,77
DA:223,76
DA:224,76
DA:225,76
DA:227,76
DA:228,76
DA:229,304
DA:231,76
DA:232,76
LF:70
LH:70
BRDA:15,0,0,70
BRDA:15,0,1,2
BRF:2
BRH:2
end_of_record
TN:
SF:src/scripts/FocusMode.js
FN:5,toggleState
FNF:1
FNH:1
FNDA:33,toggleState
DA:8,33
DA:9,33
DA:10,33
DA:12,33
DA:13,33
DA:14,33
DA:15,33
DA:16,24
DA:18,9
DA:19,9
DA:20,9
DA:21,2
DA:26,77
DA:27,77
LF:14
LH:14
BRDA:15,0,0,24
BRDA:15,0,1,9
BRDA:20,1,0,2
BRDA:20,1,1,7
BRF:4
BRH:4
end_of_record
TN:
SF:src/scripts/Timer.js
FN:27,switchMode
FN:62,timerFunction
FN:96,start
FN:104,stop
FN:116,stopChecker
FN:127,startAndStopButton
FN:141,(anonymous_6)
FNF:7
FNH:7
FNDA:42,switchMode
FNDA:3676,timerFunction
FNDA:48,start
FNDA:16,stop
FNDA:237,stopChecker
FNDA:54,startAndStopButton
FNDA:47,(anonymous_6)
DA:1,77
DA:2,77
DA:3,77
DA:4,77
DA:5,77
DA:7,77
DA:8,77
DA:11,77
DA:12,57
DA:13,57
DA:14,57
DA:16,77
DA:17,77
DA:18,77
DA:20,77
DA:28,42
DA:29,42
DA:31,42
DA:32,4
DA:33,4
DA:34,2
DA:35,2
DA:37,4
DA:38,4
DA:39,38
DA:40,12
DA:41,12
DA:42,10
DA:43,10
DA:45,12
DA:46,12
DA:48,26
DA:49,26
DA:50,12
DA:51,12
DA:53,26
DA:63,3676
DA:65,3676
DA:66,28
DA:67,28
DA:70,3676
DA:71,28
DA:73,28
DA:76,3676
DA:77,3676
DA:79,3676
DA:80,3568
DA:82,108
DA:83,108
DA:86,3676
DA:87,600
DA:90,3676
DA:97,48
DA:98,48
DA:105,16
DA:106,16
DA:107,16
DA:108,16
DA:109,16
DA:110,16
DA:111,16
DA:112,16
DA:117,237
DA:118,10
DA:119,10
DA:128,54
DA:129,54
DA:130,54
DA:131,48
DA:133,6
DA:137,77
DA:139,77
DA:141,77
DA:142,47
DA:143,47
DA:144,47
DA:145,47
DA:146,47
DA:147,40
DA:149,4
DA:150,4
DA:151,4
DA:152,4
DA:154,4
DA:155,4
DA:157,4
DA:158,4
DA:160,2
DA:161,2
DA:163,4
DA:164,4
DA:166,8
DA:167,2
DA:168,6
DA:169,2
DA:170,4
DA:171,2
DA:173,8
DA:175,6
DA:176,6
DA:177,6
DA:180,6
DA:181,2
DA:182,4
DA:183,2
DA:185,6
DA:187,2
DA:189,7
DA:190,6
DA:191,2
DA:192,4
DA:193,2
LF:112
LH:112
BRDA:11,0,0,57
BRDA:11,0,1,20
BRDA:31,1,0,4
BRDA:31,1,1,38
BRDA:31,2,0,42
BRDA:31,2,1,16
BRDA:33,3,0,2
BRDA:33,3,1,2
BRDA:39,4,0,12
BRDA:39,4,1,26
BRDA:41,5,0,10
BRDA:41,5,1,2
BRDA:49,6,0,12
BRDA:49,6,1,14
BRDA:65,7,0,28
BRDA:65,7,1,3648
BRDA:70,8,0,28
BRDA:70,8,1,3648
BRDA:79,9,0,3568
BRDA:79,9,1,108
BRDA:86,10,0,600
BRDA:86,10,1,3076
BRDA:117,11,0,10
BRDA:117,11,1,227
BRDA:130,12,0,48
BRDA:130,12,1,6
BRDA:146,13,0,40
BRDA:146,13,1,7
BRDA:146,14,0,47
BRDA:146,14,1,45
BRDA:147,15,0,4
BRDA:147,15,1,4
BRDA:147,15,2,4
BRDA:147,15,3,2
BRDA:147,15,4,4
BRDA:147,15,5,8
BRDA:147,15,6,6
BRDA:147,15,7,6
BRDA:147,15,8,2
BRDA:166,16,0,2
BRDA:166,16,1,6
BRDA:168,17,0,2
BRDA:168,17,1,4
BRDA:170,18,0,2
BRDA:170,18,1,2
BRDA:176,19,0,4
BRDA:176,19,1,2
BRDA:180,20,0,2
BRDA:180,20,1,4
BRDA:182,21,0,2
BRDA:182,21,1,2
BRDA:189,22,0,6
BRDA:189,22,1,1
BRDA:190,23,0,2
BRDA:190,23,1,4
BRDA:192,24,0,2
BRDA:192,24,1,2
BRF:57
BRH:57
end_of_record
TN:
SF:src/scripts/script.js
FN:3,(anonymous_0)
FNF:1
FNH:1
FNDA:77,(anonymous_0)
DA:3,77
DA:10,77
DA:11,57
DA:12,57
DA:13,57
DA:14,57
DA:15,57
DA:16,57
DA:17,57
DA:18,57
DA:19,57
DA:20,57
DA:22,20
DA:25,77
DA:26,36
DA:27,36
DA:28,36
DA:29,36
DA:30,36
DA:31,36
DA:32,36
DA:33,36
DA:34,36
DA:35,18
DA:36,18
DA:38,18
LF:26
LH:26
BRDA:10,0,0,57
BRDA:10,0,1,20
BRDA:10,1,0,77
BRDA:10,1,1,20
BRDA:10,1,2,20
BRDA:10,1,3,20
BRDA:10,1,4,20
BRDA:34,2,0,18
BRDA:34,2,1,18
BRF:9
BRH:9
end_of_record
