TN:
SF:src/components/HelpPopUp.js
FN:4,(anonymous_0)
FN:9,(anonymous_1)
FN:206,(anonymous_2)
FN:211,(anonymous_3)
FNF:4
FNH:4
FNDA:113,(anonymous_0)
FNDA:77,(anonymous_1)
FNDA:77,(anonymous_2)
FNDA:4,(anonymous_3)
DA:5,113
DA:6,113
DA:10,77
DA:11,77
DA:12,77
DA:13,77
DA:14,77
DA:15,77
DA:16,77
DA:17,77
DA:18,77
DA:19,77
DA:20,77
DA:21,77
DA:22,77
DA:23,77
DA:24,77
DA:25,77
DA:26,77
DA:27,77
DA:28,77
DA:29,77
DA:30,77
DA:31,77
DA:32,77
DA:33,77
DA:34,77
DA:35,77
DA:36,77
DA:37,77
DA:38,77
DA:39,77
DA:41,77
DA:42,77
DA:43,77
DA:44,77
DA:45,77
DA:46,77
DA:47,77
DA:48,77
DA:49,77
DA:50,77
DA:51,77
DA:52,77
DA:53,77
DA:54,77
DA:55,77
DA:56,77
DA:58,77
DA:59,77
DA:60,77
DA:61,77
DA:62,77
DA:63,77
DA:64,77
DA:65,77
DA:66,77
DA:67,77
DA:68,77
DA:69,77
DA:70,77
DA:71,77
DA:72,77
DA:73,77
DA:74,77
DA:75,77
DA:76,77
DA:77,77
DA:78,77
DA:79,77
DA:82,77
DA:83,77
DA:84,77
DA:85,77
DA:86,77
DA:87,77
DA:88,77
DA:89,77
DA:90,77
DA:93,77
DA:94,77
DA:200,77
DA:201,77
DA:204,77
DA:206,77
DA:207,77
DA:208,77
DA:209,77
DA:210,77
DA:211,77
DA:212,4
DA:213,4
DA:214,4
DA:216,4
DA:217,4
DA:218,16
DA:220,4
LF:97
LH:97
BRF:0
BRH:0
end_of_record
TN:
SF:src/components/ResetPopUp.js
FN:4,(anonymous_0)
FN:24,(anonymous_1)
FN:29,(anonymous_2)
FN:179,(anonymous_3)
FN:184,(anonymous_4)
FNF:5
FNH:5
FNDA:6,(anonymous_0)
FNDA:121,(anonymous_1)
FNDA:77,(anonymous_2)
FNDA:77,(anonymous_3)
FNDA:12,(anonymous_4)
DA:6,6
DA:7,6
DA:8,6
DA:9,8
DA:12,6
DA:13,6
DA:14,4
DA:16,6
DA:17,6
DA:18,6
DA:19,6
DA:20,6
DA:25,121
DA:26,121
DA:30,77
DA:31,77
DA:33,77
DA:34,77
DA:36,77
DA:37,77
DA:38,77
DA:40,77
DA:41,77
DA:43,77
DA:44,77
DA:45,77
DA:47,77
DA:48,77
DA:49,77
DA:50,77
DA:51,77
DA:52,77
DA:54,77
DA:55,77
DA:57,77
DA:58,77
DA:59,77
DA:60,77
DA:61,77
DA:62,77
DA:64,77
DA:65,77
DA:173,77
DA:174,77
DA:177,77
DA:179,77
DA:180,77
DA:181,77
DA:182,77
DA:183,77
DA:184,77
DA:185,12
DA:186,12
DA:187,12
DA:189,12
DA:190,12
DA:191,48
DA:193,12
LF:58
LH:58
BRDA:13,0,0,4
BRDA:13,0,1,2
BRF:2
BRH:2
end_of_record
TN:
SF:src/components/SettingsPopUp.js
FN:2,(anonymous_0)
FN:7,(anonymous_1)
FN:36,(anonymous_2)
FN:45,(anonymous_3)
FN:50,(anonymous_4)
FN:156,onInput
FN:420,(anonymous_6)
FN:425,(anonymous_7)
FNF:8
FNH:8
FNDA:120,(anonymous_0)
FNDA:6,(anonymous_1)
FNDA:5,(anonymous_2)
FNDA:2,(anonymous_3)
FNDA:77,(anonymous_4)
FNDA:2,onInput
FNDA:77,(anonymous_6)
FNDA:17,(anonymous_7)
DA:3,120
DA:4,120
DA:8,6
DA:9,6
DA:10,2
DA:11,2
DA:13,6
DA:15,6
DA:16,6
DA:17,2
DA:18,2
DA:20,6
DA:22,6
DA:23,6
DA:24,2
DA:25,2
DA:27,6
DA:29,6
DA:30,6
DA:31,6
DA:32,6
DA:33,6
DA:37,5
DA:38,3
DA:40,2
DA:42,5
DA:46,2
DA:47,2
DA:51,77
DA:52,77
DA:54,77
DA:55,77
DA:57,77
DA:58,77
DA:59,77
DA:61,77
DA:62,77
DA:64,77
DA:65,77
DA:66,77
DA:68,77
DA:69,77
DA:71,77
DA:72,77
DA:73,77
DA:74,77
DA:75,77
DA:76,77
DA:77,77
DA:78,77
DA:79,77
DA:80,77
DA:81,77
DA:82,77
DA:83,77
DA:84,77
DA:85,77
DA:86,77
DA:87,77
DA:88,77
DA:89,77
DA:90,77
DA:91,77
DA:92,77
DA:93,77
DA:94,77
DA:95,77
DA:96,77
DA:97,77
DA:98,77
DA:99,77
DA:100,77
DA:101,77
DA:102,77
DA:103,77
DA:104,77
DA:105,77
DA:106,77
DA:108,77
DA:109,77
DA:110,77
DA:111,77
DA:112,77
DA:113,77
DA:114,77
DA:115,77
DA:116,77
DA:117,77
DA:118,2
DA:120,77
DA:121,77
DA:123,77
DA:125,77
DA:126,77
DA:127,77
DA:128,77
DA:129,77
DA:130,77
DA:131,77
DA:132,77
DA:133,77
DA:134,77
DA:135,77
DA:136,77
DA:137,77
DA:138,77
DA:139,77
DA:140,77
DA:141,77
DA:143,77
DA:144,77
DA:145,77
DA:146,77
DA:147,77
DA:148,77
DA:150,77
DA:151,77
DA:153,77
DA:154,77
DA:156,77
DA:157,2
DA:160,77
DA:161,77
DA:162,77
DA:163,77
DA:164,77
DA:165,77
DA:166,77
DA:167,77
DA:168,77
DA:169,77
DA:170,77
DA:171,77
DA:172,77
DA:173,77
DA:174,77
DA:175,77
DA:176,77
DA:177,77
DA:414,77
DA:415,77
DA:418,77
DA:420,77
DA:421,77
DA:422,77
DA:423,77
DA:424,77
DA:425,77
DA:426,17
DA:427,17
DA:428,17
DA:430,17
DA:431,17
DA:432,68
DA:434,17
LF:155
LH:155
BRDA:9,0,0,2
BRDA:9,0,1,4
BRDA:16,1,0,2
BRDA:16,1,1,4
BRDA:23,2,0,2
BRDA:23,2,1,4
BRDA:37,3,0,3
BRDA:37,3,1,2
BRDA:117,4,0,2
BRDA:117,4,1,75
BRF:10
BRH:10
end_of_record
TN:
SF:src/components/TaskItem.js
FN:4,(anonymous_0)
FN:10,(anonymous_1)
FN:18,(anonymous_2)
FN:21,(anonymous_3)
FN:34,(anonymous_4)
FN:39,(anonymous_5)
FN:65,(anonymous_6)
FN:92,(anonymous_7)
FN:104,(anonymous_8)
FN:231,(anonymous_9)
FN:235,(anonymous_10)
FNF:11
FNH:11
FNDA:20,(anonymous_0)
FNDA:30,(anonymous_1)
FNDA:14,(anonymous_2)
FNDA:14,(anonymous_3)
FNDA:42,(anonymous_4)
FNDA:78,(anonymous_5)
FNDA:8,(anonymous_6)
FNDA:4,(anonymous_7)
FNDA:106,(anonymous_8)
FNDA:77,(anonymous_9)
FNDA:106,(anonymous_10)
DA:5,20
DA:7,20
DA:8,20
DA:10,30
DA:11,20
DA:12,18
DA:13,18
DA:19,14
DA:21,14
DA:22,14
DA:24,14
DA:26,14
DA:27,14
DA:28,8
DA:29,8
DA:35,42
DA:37,42
DA:38,42
DA:39,78
DA:40,42
DA:41,42
DA:42,42
DA:45,42
DA:47,14
DA:48,14
DA:50,14
DA:51,14
DA:53,14
DA:55,14
DA:56,12
DA:57,12
DA:58,12
DA:61,16
DA:62,8
DA:63,8
DA:64,8
DA:65,8
DA:66,8
DA:67,8
DA:68,8
DA:69,8
DA:73,12
DA:74,4
DA:76,8
DA:81,28
DA:82,28
DA:83,28
DA:84,28
DA:86,28
DA:87,26
DA:89,2
DA:90,2
DA:91,2
DA:92,4
DA:93,2
DA:94,2
DA:96,2
DA:99,28
DA:105,106
DA:106,106
DA:112,106
DA:113,106
DA:114,106
DA:115,106
DA:116,106
DA:117,106
DA:118,106
DA:120,106
DA:121,106
DA:122,106
DA:123,106
DA:124,106
DA:126,106
DA:128,106
DA:129,106
DA:130,106
DA:131,106
DA:133,106
DA:135,106
DA:136,106
DA:227,106
DA:228,106
DA:232,77
DA:236,106
DA:237,106
DA:238,106
DA:242,77
LF:87
LH:87
BRDA:10,0,0,30
BRDA:10,0,1,18
BRDA:11,1,0,18
BRDA:11,1,1,2
BRDA:21,2,0,14
BRDA:21,2,1,14
BRDA:27,3,0,8
BRDA:27,3,1,6
BRDA:39,4,0,78
BRDA:39,4,1,42
BRDA:45,5,0,14
BRDA:45,5,1,28
BRDA:55,6,0,12
BRDA:55,6,1,2
BRDA:61,7,0,8
BRDA:61,7,1,8
BRDA:65,8,0,8
BRDA:65,8,1,8
BRDA:73,9,0,4
BRDA:73,9,1,8
BRDA:86,10,0,26
BRDA:86,10,1,2
BRDA:92,11,0,4
BRDA:92,11,1,2
BRF:24
BRH:24
end_of_record
TN:
SF:src/components/TaskPopUp.js
FN:6,(anonymous_0)
FN:37,(anonymous_1)
FN:45,(anonymous_2)
FN:211,(anonymous_3)
FN:216,(anonymous_4)
FNF:5
FNH:5
FNDA:72,(anonymous_0)
FNDA:185,(anonymous_1)
FNDA:77,(anonymous_2)
FNDA:77,(anonymous_3)
FNDA:76,(anonymous_4)
DA:7,72
DA:8,72
DA:9,72
DA:11,70
DA:17,70
DA:18,70
DA:19,70
DA:20,70
DA:21,70
DA:22,70
DA:24,70
DA:25,70
DA:26,70
DA:27,70
DA:28,70
DA:29,70
DA:30,70
DA:32,70
DA:38,185
DA:39,185
DA:40,185
DA:41,185
DA:46,77
DA:47,77
DA:49,77
DA:50,77
DA:52,77
DA:53,77
DA:54,77
DA:55,77
DA:56,77
DA:58,77
DA:59,77
DA:60,77
DA:61,77
DA:62,77
DA:63,77
DA:65,77
DA:66,77
DA:67,77
DA:68,77
DA:69,77
DA:70,77
DA:72,77
DA:73,77
DA:75,77
DA:76,77
DA:77,77
DA:78,77
DA:79,77
DA:80,77
DA:82,77
DA:83,77
DA:205,77
DA:206,77
DA:209,77
DA:211,77
DA:212,77
DA:213,77
DA:214,77
DA:215,77
DA:216,77
DA:217,76
DA:218,76
DA:219,76
DA:221,76
DA:222,76
DA:223,304
DA:225,76
DA:226,76
LF:70
LH:70
BRDA:9,0,0,70
BRDA:9,0,1,2
BRF:2
BRH:2
end_of_record
TN:
SF:src/scripts/FocusMode.js
FN:2,toggleState
FNF:1
FNH:1
FNDA:33,toggleState
DA:5,33
DA:6,33
DA:7,33
DA:9,33
DA:10,33
DA:11,33
DA:12,33
DA:13,24
DA:15,9
DA:16,9
DA:17,9
DA:18,2
DA:23,77
DA:24,77
LF:14
LH:14
BRDA:12,0,0,24
BRDA:12,0,1,9
BRDA:17,1,0,2
BRDA:17,1,1,7
BRF:4
BRH:4
end_of_record
TN:
SF:src/scripts/Timer.js
FN:22,switchMode
FN:52,timerFunction
FN:83,start
FN:88,stop
FN:99,stopChecker
FN:106,startAndStopButton
FN:120,(anonymous_6)
FNF:7
FNH:7
FNDA:42,switchMode
FNDA:3676,timerFunction
FNDA:48,start
FNDA:14,stop
FNDA:227,stopChecker
FNDA:54,startAndStopButton
FNDA:47,(anonymous_6)
DA:1,77
DA:2,77
DA:3,77
DA:4,77
DA:5,77
DA:7,77
DA:8,77
DA:11,77
DA:12,57
DA:13,57
DA:14,57
DA:16,77
DA:17,77
DA:18,77
DA:20,77
DA:23,42
DA:24,42
DA:26,42
DA:27,4
DA:28,4
DA:29,2
DA:30,2
DA:32,4
DA:33,4
DA:34,38
DA:35,12
DA:36,12
DA:37,10
DA:38,10
DA:40,12
DA:41,12
DA:43,26
DA:44,26
DA:45,12
DA:46,12
DA:48,26
DA:53,3676
DA:55,3676
DA:56,28
DA:57,28
DA:60,3676
DA:61,28
DA:63,28
DA:66,3676
DA:67,3676
DA:69,3676
DA:70,3568
DA:72,108
DA:73,108
DA:76,3676
DA:77,600
DA:80,3676
DA:84,48
DA:85,48
DA:89,14
DA:90,14
DA:91,14
DA:92,14
DA:93,14
DA:94,14
DA:95,14
DA:96,14
DA:100,227
DA:101,8
DA:102,8
DA:107,54
DA:108,54
DA:109,54
DA:110,48
DA:112,6
DA:116,77
DA:118,77
DA:120,77
DA:121,47
DA:122,47
DA:123,47
DA:124,47
DA:125,47
DA:126,40
DA:128,4
DA:129,4
DA:130,4
DA:131,4
DA:133,4
DA:134,4
DA:136,4
DA:137,4
DA:139,2
DA:140,2
DA:142,4
DA:143,4
DA:145,8
DA:146,2
DA:147,6
DA:148,2
DA:149,4
DA:150,2
DA:152,8
DA:154,6
DA:155,6
DA:156,6
DA:159,6
DA:160,2
DA:161,4
DA:162,2
DA:164,6
DA:166,2
DA:168,7
DA:169,6
DA:170,2
DA:171,4
DA:172,2
LF:112
LH:112
BRDA:11,0,0,57
BRDA:11,0,1,20
BRDA:26,1,0,4
BRDA:26,1,1,38
BRDA:26,2,0,42
BRDA:26,2,1,16
BRDA:28,3,0,2
BRDA:28,3,1,2
BRDA:34,4,0,12
BRDA:34,4,1,26
BRDA:36,5,0,10
BRDA:36,5,1,2
BRDA:44,6,0,12
BRDA:44,6,1,14
BRDA:55,7,0,28
BRDA:55,7,1,3648
BRDA:60,8,0,28
BRDA:60,8,1,3648
BRDA:69,9,0,3568
BRDA:69,9,1,108
BRDA:76,10,0,600
BRDA:76,10,1,3076
BRDA:100,11,0,8
BRDA:100,11,1,219
BRDA:109,12,0,48
BRDA:109,12,1,6
BRDA:125,13,0,40
BRDA:125,13,1,7
BRDA:125,14,0,47
BRDA:125,14,1,45
BRDA:126,15,0,4
BRDA:126,15,1,4
BRDA:126,15,2,4
BRDA:126,15,3,2
BRDA:126,15,4,4
BRDA:126,15,5,8
BRDA:126,15,6,6
BRDA:126,15,7,6
BRDA:126,15,8,2
BRDA:145,16,0,2
BRDA:145,16,1,6
BRDA:147,17,0,2
BRDA:147,17,1,4
BRDA:149,18,0,2
BRDA:149,18,1,2
BRDA:155,19,0,4
BRDA:155,19,1,2
BRDA:159,20,0,2
BRDA:159,20,1,4
BRDA:161,21,0,2
BRDA:161,21,1,2
BRDA:168,22,0,6
BRDA:168,22,1,1
BRDA:169,23,0,2
BRDA:169,23,1,4
BRDA:171,24,0,2
BRDA:171,24,1,2
BRF:57
BRH:57
end_of_record
TN:
SF:src/scripts/script.js
FN:3,(anonymous_0)
FNF:1
FNH:1
FNDA:77,(anonymous_0)
DA:3,77
DA:10,77
DA:11,57
DA:12,57
DA:13,57
DA:14,57
DA:15,57
DA:16,57
DA:17,57
DA:18,57
DA:19,57
DA:20,57
DA:22,20
DA:25,77
DA:26,36
DA:27,36
DA:28,36
DA:29,36
DA:30,36
DA:31,36
DA:32,36
DA:33,36
DA:34,36
DA:35,18
DA:36,18
DA:38,18
LF:26
LH:26
BRDA:10,0,0,57
BRDA:10,0,1,20
BRDA:10,1,0,77
BRDA:10,1,1,20
BRDA:10,1,2,20
BRDA:10,1,3,20
BRDA:10,1,4,20
BRDA:34,2,0,18
BRDA:34,2,1,18
BRF:9
BRH:9
end_of_record
