{"/home/runner/work/cse110-w21-group13/cse110-w21-group13/source/src/components/HelpPopUp.js": {"path":"/home/runner/work/cse110-w21-group13/cse110-w21-group13/source/src/components/HelpPopUp.js","statementMap":{"0":{"start":{"line":3,"column":24},"end":{"line":3,"column":68}},"1":{"start":{"line":4,"column":8},"end":{"line":4,"column":39}},"2":{"start":{"line":8,"column":8},"end":{"line":8,"column":16}},"3":{"start":{"line":9,"column":23},"end":{"line":9,"column":58}},"4":{"start":{"line":10,"column":24},"end":{"line":10,"column":53}},"5":{"start":{"line":11,"column":8},"end":{"line":11,"column":49}},"6":{"start":{"line":12,"column":22},"end":{"line":12,"column":72}},"7":{"start":{"line":13,"column":8},"end":{"line":13,"column":53}},"8":{"start":{"line":14,"column":8},"end":{"line":14,"column":47}},"9":{"start":{"line":15,"column":22},"end":{"line":15,"column":71}},"10":{"start":{"line":16,"column":8},"end":{"line":16,"column":33}},"11":{"start":{"line":17,"column":8},"end":{"line":17,"column":68}},"12":{"start":{"line":18,"column":30},"end":{"line":18,"column":80}},"13":{"start":{"line":19,"column":8},"end":{"line":19,"column":59}},"14":{"start":{"line":20,"column":32},"end":{"line":20,"column":88}},"15":{"start":{"line":21,"column":8},"end":{"line":21,"column":53}},"16":{"start":{"line":22,"column":22},"end":{"line":22,"column":79}},"17":{"start":{"line":23,"column":8},"end":{"line":23,"column":58}},"18":{"start":{"line":24,"column":29},"end":{"line":24,"column":86}},"19":{"start":{"line":25,"column":8},"end":{"line":25,"column":58}},"20":{"start":{"line":26,"column":22},"end":{"line":26,"column":76}},"21":{"start":{"line":27,"column":8},"end":{"line":27,"column":59}},"22":{"start":{"line":28,"column":22},"end":{"line":28,"column":76}},"23":{"start":{"line":29,"column":8},"end":{"line":29,"column":103}},"24":{"start":{"line":30,"column":22},"end":{"line":30,"column":76}},"25":{"start":{"line":31,"column":8},"end":{"line":31,"column":86}},"26":{"start":{"line":32,"column":22},"end":{"line":32,"column":76}},"27":{"start":{"line":33,"column":8},"end":{"line":33,"column":63}},"28":{"start":{"line":34,"column":22},"end":{"line":34,"column":76}},"29":{"start":{"line":35,"column":8},"end":{"line":35,"column":62}},"30":{"start":{"line":36,"column":22},"end":{"line":36,"column":76}},"31":{"start":{"line":37,"column":8},"end":{"line":37,"column":61}},"32":{"start":{"line":39,"column":28},"end":{"line":39,"column":84}},"33":{"start":{"line":40,"column":8},"end":{"line":40,"column":51}},"34":{"start":{"line":41,"column":30},"end":{"line":41,"column":83}},"35":{"start":{"line":42,"column":8},"end":{"line":42,"column":45}},"36":{"start":{"line":43,"column":32},"end":{"line":43,"column":85}},"37":{"start":{"line":44,"column":8},"end":{"line":44,"column":63}},"38":{"start":{"line":45,"column":25},"end":{"line":45,"column":82}},"39":{"start":{"line":46,"column":8},"end":{"line":46,"column":76}},"40":{"start":{"line":47,"column":25},"end":{"line":47,"column":82}},"41":{"start":{"line":48,"column":8},"end":{"line":48,"column":79}},"42":{"start":{"line":49,"column":25},"end":{"line":49,"column":82}},"43":{"start":{"line":50,"column":8},"end":{"line":50,"column":73}},"44":{"start":{"line":51,"column":25},"end":{"line":51,"column":82}},"45":{"start":{"line":52,"column":8},"end":{"line":52,"column":85}},"46":{"start":{"line":53,"column":25},"end":{"line":53,"column":82}},"47":{"start":{"line":54,"column":8},"end":{"line":54,"column":117}},"48":{"start":{"line":56,"column":33},"end":{"line":56,"column":89}},"49":{"start":{"line":57,"column":8},"end":{"line":57,"column":61}},"50":{"start":{"line":58,"column":35},"end":{"line":58,"column":93}},"51":{"start":{"line":59,"column":8},"end":{"line":59,"column":60}},"52":{"start":{"line":60,"column":37},"end":{"line":60,"column":95}},"53":{"start":{"line":61,"column":8},"end":{"line":61,"column":73}},"54":{"start":{"line":62,"column":26},"end":{"line":62,"column":88}},"55":{"start":{"line":63,"column":8},"end":{"line":63,"column":55}},"56":{"start":{"line":64,"column":26},"end":{"line":64,"column":88}},"57":{"start":{"line":65,"column":8},"end":{"line":65,"column":54}},"58":{"start":{"line":66,"column":26},"end":{"line":66,"column":88}},"59":{"start":{"line":67,"column":8},"end":{"line":67,"column":51}},"60":{"start":{"line":68,"column":26},"end":{"line":68,"column":88}},"61":{"start":{"line":69,"column":8},"end":{"line":69,"column":49}},"62":{"start":{"line":70,"column":26},"end":{"line":70,"column":88}},"63":{"start":{"line":71,"column":8},"end":{"line":71,"column":49}},"64":{"start":{"line":72,"column":26},"end":{"line":72,"column":88}},"65":{"start":{"line":73,"column":8},"end":{"line":73,"column":47}},"66":{"start":{"line":74,"column":26},"end":{"line":74,"column":88}},"67":{"start":{"line":75,"column":8},"end":{"line":75,"column":54}},"68":{"start":{"line":76,"column":26},"end":{"line":76,"column":88}},"69":{"start":{"line":77,"column":8},"end":{"line":77,"column":53}},"70":{"start":{"line":80,"column":8},"end":{"line":80,"column":54}},"71":{"start":{"line":81,"column":8},"end":{"line":81,"column":49}},"72":{"start":{"line":82,"column":8},"end":{"line":82,"column":46}},"73":{"start":{"line":83,"column":8},"end":{"line":83,"column":61}},"74":{"start":{"line":84,"column":8},"end":{"line":84,"column":53}},"75":{"start":{"line":85,"column":8},"end":{"line":85,"column":63}},"76":{"start":{"line":86,"column":8},"end":{"line":86,"column":41}},"77":{"start":{"line":87,"column":8},"end":{"line":87,"column":49}},"78":{"start":{"line":88,"column":8},"end":{"line":88,"column":54}},"79":{"start":{"line":91,"column":22},"end":{"line":91,"column":53}},"80":{"start":{"line":92,"column":8},"end":{"line":197,"column":11}},"81":{"start":{"line":198,"column":8},"end":{"line":198,"column":36}},"82":{"start":{"line":199,"column":8},"end":{"line":199,"column":34}},"83":{"start":{"line":202,"column":0},"end":{"line":202,"column":47}},"84":{"start":{"line":204,"column":0},"end":{"line":220,"column":3}},"85":{"start":{"line":205,"column":22},"end":{"line":205,"column":58}},"86":{"start":{"line":206,"column":4},"end":{"line":206,"column":45}},"87":{"start":{"line":207,"column":4},"end":{"line":207,"column":41}},"88":{"start":{"line":208,"column":20},"end":{"line":208,"column":58}},"89":{"start":{"line":209,"column":4},"end":{"line":219,"column":7}},"90":{"start":{"line":210,"column":25},"end":{"line":210,"column":58}},"91":{"start":{"line":211,"column":8},"end":{"line":211,"column":78}},"92":{"start":{"line":212,"column":8},"end":{"line":212,"column":24}},"93":{"start":{"line":214,"column":23},"end":{"line":214,"column":75}},"94":{"start":{"line":215,"column":8},"end":{"line":217,"column":9}},"95":{"start":{"line":215,"column":21},"end":{"line":215,"column":22}},"96":{"start":{"line":216,"column":12},"end":{"line":216,"column":35}},"97":{"start":{"line":218,"column":8},"end":{"line":218,"column":97}}},"fnMap":{"0":{"name":"(anonymous_0)","decl":{"start":{"line":2,"column":4},"end":{"line":2,"column":5}},"loc":{"start":{"line":2,"column":17},"end":{"line":5,"column":5}},"line":2},"1":{"name":"(anonymous_1)","decl":{"start":{"line":7,"column":4},"end":{"line":7,"column":5}},"loc":{"start":{"line":7,"column":18},"end":{"line":200,"column":5}},"line":7},"2":{"name":"(anonymous_2)","decl":{"start":{"line":204,"column":32},"end":{"line":204,"column":33}},"loc":{"start":{"line":204,"column":38},"end":{"line":220,"column":1}},"line":204},"3":{"name":"(anonymous_3)","decl":{"start":{"line":209,"column":38},"end":{"line":209,"column":39}},"loc":{"start":{"line":209,"column":44},"end":{"line":219,"column":5}},"line":209}},"branchMap":{},"s":{"0":3,"1":3,"2":21,"3":21,"4":21,"5":21,"6":21,"7":21,"8":21,"9":21,"10":21,"11":21,"12":21,"13":21,"14":21,"15":21,"16":21,"17":21,"18":21,"19":21,"20":21,"21":21,"22":21,"23":21,"24":21,"25":21,"26":21,"27":21,"28":21,"29":21,"30":21,"31":21,"32":21,"33":21,"34":21,"35":21,"36":21,"37":21,"38":21,"39":21,"40":21,"41":21,"42":21,"43":21,"44":21,"45":21,"46":21,"47":21,"48":21,"49":21,"50":21,"51":21,"52":21,"53":21,"54":21,"55":21,"56":21,"57":21,"58":21,"59":21,"60":21,"61":21,"62":21,"63":21,"64":21,"65":21,"66":21,"67":21,"68":21,"69":21,"70":21,"71":21,"72":21,"73":21,"74":21,"75":21,"76":21,"77":21,"78":21,"79":21,"80":21,"81":21,"82":21,"83":2,"84":2,"85":2,"86":2,"87":2,"88":2,"89":2,"90":1,"91":1,"92":1,"93":1,"94":1,"95":1,"96":1,"97":1},"f":{"0":3,"1":21,"2":2,"3":1},"b":{},"_coverageSchema":"1a1c01bbd47fc00a2c39e90264f33305004495a9","hash":"cb5d2a30ac016a0e4aa047349fce5c44e0041d12"}
,"/home/runner/work/cse110-w21-group13/cse110-w21-group13/source/src/components/ResetPopUp.js": {"path":"/home/runner/work/cse110-w21-group13/cse110-w21-group13/source/src/components/ResetPopUp.js","statementMap":{"0":{"start":{"line":4,"column":8},"end":{"line":4,"column":45}},"1":{"start":{"line":5,"column":25},"end":{"line":5,"column":116}},"2":{"start":{"line":6,"column":8},"end":{"line":8,"column":9}},"3":{"start":{"line":6,"column":21},"end":{"line":6,"column":22}},"4":{"start":{"line":7,"column":12},"end":{"line":7,"column":37}},"5":{"start":{"line":10,"column":26},"end":{"line":10,"column":90}},"6":{"start":{"line":11,"column":8},"end":{"line":13,"column":9}},"7":{"start":{"line":12,"column":12},"end":{"line":12,"column":35}},"8":{"start":{"line":14,"column":8},"end":{"line":14,"column":43}},"9":{"start":{"line":15,"column":25},"end":{"line":15,"column":58}},"10":{"start":{"line":16,"column":8},"end":{"line":16,"column":78}},"11":{"start":{"line":17,"column":8},"end":{"line":17,"column":24}},"12":{"start":{"line":18,"column":8},"end":{"line":18,"column":26}},"13":{"start":{"line":22,"column":24},"end":{"line":22,"column":77}},"14":{"start":{"line":23,"column":8},"end":{"line":23,"column":39}},"15":{"start":{"line":27,"column":8},"end":{"line":27,"column":16}},"16":{"start":{"line":28,"column":23},"end":{"line":28,"column":58}},"17":{"start":{"line":30,"column":24},"end":{"line":30,"column":53}},"18":{"start":{"line":31,"column":8},"end":{"line":31,"column":58}},"19":{"start":{"line":33,"column":22},"end":{"line":33,"column":72}},"20":{"start":{"line":34,"column":8},"end":{"line":34,"column":53}},"21":{"start":{"line":35,"column":8},"end":{"line":35,"column":47}},"22":{"start":{"line":37,"column":22},"end":{"line":37,"column":71}},"23":{"start":{"line":38,"column":8},"end":{"line":38,"column":42}},"24":{"start":{"line":40,"column":24},"end":{"line":40,"column":73}},"25":{"start":{"line":41,"column":8},"end":{"line":41,"column":52}},"26":{"start":{"line":42,"column":8},"end":{"line":42,"column":108}},"27":{"start":{"line":44,"column":23},"end":{"line":44,"column":73}},"28":{"start":{"line":45,"column":8},"end":{"line":45,"column":54}},"29":{"start":{"line":46,"column":27},"end":{"line":46,"column":79}},"30":{"start":{"line":47,"column":8},"end":{"line":47,"column":61}},"31":{"start":{"line":48,"column":8},"end":{"line":48,"column":59}},"32":{"start":{"line":49,"column":8},"end":{"line":49,"column":41}},"33":{"start":{"line":51,"column":8},"end":{"line":51,"column":68}},"34":{"start":{"line":52,"column":8},"end":{"line":52,"column":68}},"35":{"start":{"line":54,"column":8},"end":{"line":54,"column":54}},"36":{"start":{"line":55,"column":8},"end":{"line":55,"column":49}},"37":{"start":{"line":56,"column":8},"end":{"line":56,"column":55}},"38":{"start":{"line":57,"column":8},"end":{"line":57,"column":54}},"39":{"start":{"line":58,"column":8},"end":{"line":58,"column":50}},"40":{"start":{"line":59,"column":8},"end":{"line":59,"column":55}},"41":{"start":{"line":61,"column":22},"end":{"line":61,"column":53}},"42":{"start":{"line":62,"column":8},"end":{"line":169,"column":11}},"43":{"start":{"line":170,"column":8},"end":{"line":170,"column":36}},"44":{"start":{"line":171,"column":8},"end":{"line":171,"column":34}},"45":{"start":{"line":174,"column":0},"end":{"line":174,"column":49}},"46":{"start":{"line":176,"column":0},"end":{"line":192,"column":3}},"47":{"start":{"line":177,"column":23},"end":{"line":177,"column":60}},"48":{"start":{"line":178,"column":4},"end":{"line":178,"column":46}},"49":{"start":{"line":179,"column":4},"end":{"line":179,"column":42}},"50":{"start":{"line":180,"column":21},"end":{"line":180,"column":60}},"51":{"start":{"line":181,"column":4},"end":{"line":191,"column":7}},"52":{"start":{"line":182,"column":25},"end":{"line":182,"column":58}},"53":{"start":{"line":183,"column":8},"end":{"line":183,"column":78}},"54":{"start":{"line":184,"column":8},"end":{"line":184,"column":24}},"55":{"start":{"line":186,"column":23},"end":{"line":186,"column":75}},"56":{"start":{"line":187,"column":8},"end":{"line":189,"column":9}},"57":{"start":{"line":187,"column":21},"end":{"line":187,"column":22}},"58":{"start":{"line":188,"column":12},"end":{"line":188,"column":35}},"59":{"start":{"line":190,"column":8},"end":{"line":190,"column":107}}},"fnMap":{"0":{"name":"(anonymous_0)","decl":{"start":{"line":2,"column":4},"end":{"line":2,"column":5}},"loc":{"start":{"line":2,"column":12},"end":{"line":19,"column":5}},"line":2},"1":{"name":"(anonymous_1)","decl":{"start":{"line":21,"column":4},"end":{"line":21,"column":5}},"loc":{"start":{"line":21,"column":17},"end":{"line":24,"column":5}},"line":21},"2":{"name":"(anonymous_2)","decl":{"start":{"line":26,"column":4},"end":{"line":26,"column":5}},"loc":{"start":{"line":26,"column":18},"end":{"line":172,"column":5}},"line":26},"3":{"name":"(anonymous_3)","decl":{"start":{"line":176,"column":32},"end":{"line":176,"column":33}},"loc":{"start":{"line":176,"column":38},"end":{"line":192,"column":1}},"line":176},"4":{"name":"(anonymous_4)","decl":{"start":{"line":181,"column":39},"end":{"line":181,"column":40}},"loc":{"start":{"line":181,"column":45},"end":{"line":191,"column":5}},"line":181}},"branchMap":{"0":{"loc":{"start":{"line":11,"column":8},"end":{"line":13,"column":9}},"type":"if","locations":[{"start":{"line":11,"column":8},"end":{"line":13,"column":9}},{"start":{"line":11,"column":8},"end":{"line":13,"column":9}}],"line":11}},"s":{"0":3,"1":3,"2":3,"3":3,"4":6,"5":3,"6":3,"7":1,"8":3,"9":3,"10":3,"11":3,"12":3,"13":6,"14":6,"15":22,"16":22,"17":22,"18":22,"19":22,"20":22,"21":22,"22":22,"23":22,"24":22,"25":22,"26":22,"27":22,"28":22,"29":22,"30":22,"31":22,"32":22,"33":22,"34":22,"35":22,"36":22,"37":22,"38":22,"39":22,"40":22,"41":22,"42":22,"43":22,"44":22,"45":2,"46":2,"47":1,"48":1,"49":1,"50":1,"51":1,"52":1,"53":1,"54":1,"55":1,"56":1,"57":1,"58":1,"59":1},"f":{"0":3,"1":6,"2":22,"3":1,"4":1},"b":{"0":[1,2]},"_coverageSchema":"1a1c01bbd47fc00a2c39e90264f33305004495a9","hash":"d7d14d747875fd2425809fbce2e6261d6fe0ad4f"}
,"/home/runner/work/cse110-w21-group13/cse110-w21-group13/source/src/components/SettingsPopUp.js": {"path":"/home/runner/work/cse110-w21-group13/cse110-w21-group13/source/src/components/SettingsPopUp.js","statementMap":{"0":{"start":{"line":3,"column":24},"end":{"line":3,"column":80}},"1":{"start":{"line":4,"column":8},"end":{"line":4,"column":39}},"2":{"start":{"line":8,"column":27},"end":{"line":8,"column":98}},"3":{"start":{"line":9,"column":27},"end":{"line":9,"column":98}},"4":{"start":{"line":10,"column":26},"end":{"line":10,"column":96}},"5":{"start":{"line":11,"column":8},"end":{"line":11,"column":64}},"6":{"start":{"line":12,"column":8},"end":{"line":12,"column":71}},"7":{"start":{"line":13,"column":8},"end":{"line":13,"column":69}},"8":{"start":{"line":14,"column":25},"end":{"line":14,"column":58}},"9":{"start":{"line":15,"column":8},"end":{"line":15,"column":78}},"10":{"start":{"line":16,"column":8},"end":{"line":16,"column":24}},"11":{"start":{"line":17,"column":8},"end":{"line":17,"column":45}},"12":{"start":{"line":18,"column":8},"end":{"line":18,"column":26}},"13":{"start":{"line":22,"column":8},"end":{"line":26,"column":9}},"14":{"start":{"line":23,"column":12},"end":{"line":23,"column":50}},"15":{"start":{"line":25,"column":12},"end":{"line":25,"column":51}},"16":{"start":{"line":27,"column":8},"end":{"line":27,"column":53}},"17":{"start":{"line":31,"column":23},"end":{"line":31,"column":68}},"18":{"start":{"line":32,"column":8},"end":{"line":32,"column":52}},"19":{"start":{"line":36,"column":8},"end":{"line":36,"column":16}},"20":{"start":{"line":37,"column":23},"end":{"line":37,"column":58}},"21":{"start":{"line":39,"column":24},"end":{"line":39,"column":53}},"22":{"start":{"line":40,"column":8},"end":{"line":40,"column":61}},"23":{"start":{"line":42,"column":22},"end":{"line":42,"column":72}},"24":{"start":{"line":43,"column":8},"end":{"line":43,"column":53}},"25":{"start":{"line":44,"column":8},"end":{"line":44,"column":47}},"26":{"start":{"line":46,"column":22},"end":{"line":46,"column":71}},"27":{"start":{"line":47,"column":8},"end":{"line":47,"column":37}},"28":{"start":{"line":49,"column":29},"end":{"line":49,"column":78}},"29":{"start":{"line":50,"column":8},"end":{"line":50,"column":58}},"30":{"start":{"line":51,"column":8},"end":{"line":51,"column":60}},"31":{"start":{"line":53,"column":24},"end":{"line":53,"column":74}},"32":{"start":{"line":54,"column":8},"end":{"line":54,"column":46}},"33":{"start":{"line":56,"column":28},"end":{"line":56,"column":78}},"34":{"start":{"line":57,"column":8},"end":{"line":57,"column":60}},"35":{"start":{"line":58,"column":26},"end":{"line":58,"column":82}},"36":{"start":{"line":59,"column":8},"end":{"line":59,"column":46}},"37":{"start":{"line":60,"column":8},"end":{"line":60,"column":41}},"38":{"start":{"line":61,"column":26},"end":{"line":61,"column":82}},"39":{"start":{"line":62,"column":8},"end":{"line":62,"column":49}},"40":{"start":{"line":63,"column":8},"end":{"line":63,"column":58}},"41":{"start":{"line":64,"column":8},"end":{"line":64,"column":91}},"42":{"start":{"line":65,"column":8},"end":{"line":65,"column":41}},"43":{"start":{"line":66,"column":8},"end":{"line":66,"column":42}},"44":{"start":{"line":67,"column":8},"end":{"line":67,"column":73}},"45":{"start":{"line":68,"column":34},"end":{"line":68,"column":84}},"46":{"start":{"line":69,"column":8},"end":{"line":69,"column":66}},"47":{"start":{"line":70,"column":32},"end":{"line":70,"column":94}},"48":{"start":{"line":71,"column":8},"end":{"line":71,"column":59}},"49":{"start":{"line":72,"column":8},"end":{"line":72,"column":50}},"50":{"start":{"line":73,"column":32},"end":{"line":73,"column":94}},"51":{"start":{"line":74,"column":8},"end":{"line":74,"column":55}},"52":{"start":{"line":75,"column":8},"end":{"line":75,"column":64}},"53":{"start":{"line":76,"column":8},"end":{"line":76,"column":104}},"54":{"start":{"line":77,"column":8},"end":{"line":77,"column":47}},"55":{"start":{"line":78,"column":8},"end":{"line":78,"column":48}},"56":{"start":{"line":79,"column":8},"end":{"line":79,"column":79}},"57":{"start":{"line":80,"column":33},"end":{"line":80,"column":83}},"58":{"start":{"line":81,"column":8},"end":{"line":81,"column":65}},"59":{"start":{"line":82,"column":31},"end":{"line":82,"column":92}},"60":{"start":{"line":83,"column":8},"end":{"line":83,"column":57}},"61":{"start":{"line":84,"column":8},"end":{"line":84,"column":48}},"62":{"start":{"line":85,"column":31},"end":{"line":85,"column":92}},"63":{"start":{"line":86,"column":8},"end":{"line":86,"column":54}},"64":{"start":{"line":87,"column":8},"end":{"line":87,"column":62}},"65":{"start":{"line":88,"column":8},"end":{"line":88,"column":102}},"66":{"start":{"line":89,"column":8},"end":{"line":89,"column":46}},"67":{"start":{"line":90,"column":8},"end":{"line":90,"column":47}},"68":{"start":{"line":91,"column":8},"end":{"line":91,"column":78}},"69":{"start":{"line":93,"column":28},"end":{"line":93,"column":78}},"70":{"start":{"line":94,"column":8},"end":{"line":94,"column":52}},"71":{"start":{"line":95,"column":30},"end":{"line":95,"column":83}},"72":{"start":{"line":96,"column":8},"end":{"line":96,"column":61}},"73":{"start":{"line":97,"column":8},"end":{"line":97,"column":54}},"74":{"start":{"line":98,"column":27},"end":{"line":98,"column":83}},"75":{"start":{"line":99,"column":8},"end":{"line":99,"column":51}},"76":{"start":{"line":100,"column":30},"end":{"line":100,"column":85}},"77":{"start":{"line":101,"column":8},"end":{"line":101,"column":55}},"78":{"start":{"line":102,"column":8},"end":{"line":104,"column":9}},"79":{"start":{"line":103,"column":12},"end":{"line":103,"column":46}},"80":{"start":{"line":105,"column":23},"end":{"line":105,"column":77}},"81":{"start":{"line":106,"column":8},"end":{"line":106,"column":47}},"82":{"start":{"line":108,"column":8},"end":{"line":108,"column":69}},"83":{"start":{"line":110,"column":26},"end":{"line":110,"column":76}},"84":{"start":{"line":111,"column":8},"end":{"line":111,"column":51}},"85":{"start":{"line":112,"column":28},"end":{"line":112,"column":79}},"86":{"start":{"line":113,"column":8},"end":{"line":113,"column":55}},"87":{"start":{"line":114,"column":8},"end":{"line":114,"column":47}},"88":{"start":{"line":115,"column":21},"end":{"line":115,"column":71}},"89":{"start":{"line":116,"column":24},"end":{"line":116,"column":72}},"90":{"start":{"line":117,"column":8},"end":{"line":117,"column":52}},"91":{"start":{"line":118,"column":26},"end":{"line":118,"column":78}},"92":{"start":{"line":119,"column":8},"end":{"line":119,"column":54}},"93":{"start":{"line":120,"column":27},"end":{"line":120,"column":81}},"94":{"start":{"line":121,"column":8},"end":{"line":121,"column":49}},"95":{"start":{"line":122,"column":8},"end":{"line":122,"column":42}},"96":{"start":{"line":123,"column":8},"end":{"line":123,"column":44}},"97":{"start":{"line":124,"column":8},"end":{"line":124,"column":87}},"98":{"start":{"line":125,"column":8},"end":{"line":125,"column":55}},"99":{"start":{"line":126,"column":8},"end":{"line":126,"column":47}},"100":{"start":{"line":128,"column":23},"end":{"line":128,"column":73}},"101":{"start":{"line":129,"column":8},"end":{"line":129,"column":54}},"102":{"start":{"line":130,"column":27},"end":{"line":130,"column":79}},"103":{"start":{"line":131,"column":8},"end":{"line":131,"column":64}},"104":{"start":{"line":132,"column":8},"end":{"line":132,"column":62}},"105":{"start":{"line":133,"column":8},"end":{"line":133,"column":41}},"106":{"start":{"line":135,"column":8},"end":{"line":135,"column":78}},"107":{"start":{"line":136,"column":8},"end":{"line":136,"column":68}},"108":{"start":{"line":138,"column":8},"end":{"line":138,"column":73}},"109":{"start":{"line":139,"column":8},"end":{"line":139,"column":45}},"110":{"start":{"line":141,"column":8},"end":{"line":143,"column":11}},"111":{"start":{"line":142,"column":12},"end":{"line":142,"column":43}},"112":{"start":{"line":145,"column":8},"end":{"line":145,"column":63}},"113":{"start":{"line":146,"column":8},"end":{"line":146,"column":49}},"114":{"start":{"line":147,"column":8},"end":{"line":147,"column":50}},"115":{"start":{"line":148,"column":8},"end":{"line":148,"column":60}},"116":{"start":{"line":149,"column":8},"end":{"line":149,"column":57}},"117":{"start":{"line":150,"column":8},"end":{"line":150,"column":56}},"118":{"start":{"line":151,"column":8},"end":{"line":151,"column":63}},"119":{"start":{"line":152,"column":8},"end":{"line":152,"column":62}},"120":{"start":{"line":153,"column":8},"end":{"line":153,"column":62}},"121":{"start":{"line":154,"column":8},"end":{"line":154,"column":61}},"122":{"start":{"line":155,"column":8},"end":{"line":155,"column":63}},"123":{"start":{"line":156,"column":8},"end":{"line":156,"column":57}},"124":{"start":{"line":157,"column":8},"end":{"line":157,"column":54}},"125":{"start":{"line":158,"column":8},"end":{"line":158,"column":56}},"126":{"start":{"line":159,"column":8},"end":{"line":159,"column":50}},"127":{"start":{"line":160,"column":8},"end":{"line":160,"column":55}},"128":{"start":{"line":161,"column":22},"end":{"line":161,"column":53}},"129":{"start":{"line":162,"column":8},"end":{"line":398,"column":11}},"130":{"start":{"line":399,"column":8},"end":{"line":399,"column":36}},"131":{"start":{"line":400,"column":8},"end":{"line":400,"column":34}},"132":{"start":{"line":403,"column":0},"end":{"line":403,"column":55}},"133":{"start":{"line":405,"column":0},"end":{"line":421,"column":3}},"134":{"start":{"line":406,"column":27},"end":{"line":406,"column":68}},"135":{"start":{"line":407,"column":26},"end":{"line":407,"column":66}},"136":{"start":{"line":408,"column":4},"end":{"line":408,"column":49}},"137":{"start":{"line":409,"column":4},"end":{"line":409,"column":45}},"138":{"start":{"line":410,"column":4},"end":{"line":420,"column":7}},"139":{"start":{"line":411,"column":25},"end":{"line":411,"column":58}},"140":{"start":{"line":412,"column":8},"end":{"line":412,"column":78}},"141":{"start":{"line":413,"column":8},"end":{"line":413,"column":24}},"142":{"start":{"line":415,"column":23},"end":{"line":415,"column":75}},"143":{"start":{"line":416,"column":8},"end":{"line":418,"column":9}},"144":{"start":{"line":416,"column":21},"end":{"line":416,"column":22}},"145":{"start":{"line":417,"column":12},"end":{"line":417,"column":35}},"146":{"start":{"line":419,"column":8},"end":{"line":419,"column":113}}},"fnMap":{"0":{"name":"(anonymous_0)","decl":{"start":{"line":2,"column":4},"end":{"line":2,"column":5}},"loc":{"start":{"line":2,"column":17},"end":{"line":5,"column":5}},"line":2},"1":{"name":"(anonymous_1)","decl":{"start":{"line":7,"column":4},"end":{"line":7,"column":5}},"loc":{"start":{"line":7,"column":22},"end":{"line":19,"column":5}},"line":7},"2":{"name":"(anonymous_2)","decl":{"start":{"line":21,"column":4},"end":{"line":21,"column":5}},"loc":{"start":{"line":21,"column":17},"end":{"line":28,"column":5}},"line":21},"3":{"name":"(anonymous_3)","decl":{"start":{"line":30,"column":4},"end":{"line":30,"column":5}},"loc":{"start":{"line":30,"column":16},"end":{"line":33,"column":5}},"line":30},"4":{"name":"(anonymous_4)","decl":{"start":{"line":35,"column":4},"end":{"line":35,"column":5}},"loc":{"start":{"line":35,"column":18},"end":{"line":401,"column":5}},"line":35},"5":{"name":"onInput","decl":{"start":{"line":141,"column":54},"end":{"line":141,"column":61}},"loc":{"start":{"line":141,"column":64},"end":{"line":143,"column":9}},"line":141},"6":{"name":"(anonymous_6)","decl":{"start":{"line":405,"column":32},"end":{"line":405,"column":33}},"loc":{"start":{"line":405,"column":38},"end":{"line":421,"column":1}},"line":405},"7":{"name":"(anonymous_7)","decl":{"start":{"line":410,"column":45},"end":{"line":410,"column":46}},"loc":{"start":{"line":410,"column":51},"end":{"line":420,"column":5}},"line":410}},"branchMap":{"0":{"loc":{"start":{"line":22,"column":8},"end":{"line":26,"column":9}},"type":"if","locations":[{"start":{"line":22,"column":8},"end":{"line":26,"column":9}},{"start":{"line":22,"column":8},"end":{"line":26,"column":9}}],"line":22},"1":{"loc":{"start":{"line":102,"column":8},"end":{"line":104,"column":9}},"type":"if","locations":[{"start":{"line":102,"column":8},"end":{"line":104,"column":9}},{"start":{"line":102,"column":8},"end":{"line":104,"column":9}}],"line":102}},"s":{"0":5,"1":5,"2":2,"3":2,"4":2,"5":2,"6":2,"7":2,"8":2,"9":2,"10":2,"11":2,"12":2,"13":2,"14":1,"15":1,"16":2,"17":1,"18":1,"19":28,"20":28,"21":28,"22":28,"23":28,"24":28,"25":28,"26":28,"27":28,"28":28,"29":28,"30":28,"31":28,"32":28,"33":28,"34":28,"35":28,"36":28,"37":28,"38":28,"39":28,"40":28,"41":28,"42":28,"43":28,"44":28,"45":28,"46":28,"47":28,"48":28,"49":28,"50":28,"51":28,"52":28,"53":28,"54":28,"55":28,"56":28,"57":28,"58":28,"59":28,"60":28,"61":28,"62":28,"63":28,"64":28,"65":28,"66":28,"67":28,"68":28,"69":28,"70":28,"71":28,"72":28,"73":28,"74":28,"75":28,"76":28,"77":28,"78":28,"79":2,"80":28,"81":28,"82":28,"83":28,"84":28,"85":28,"86":28,"87":28,"88":28,"89":28,"90":28,"91":28,"92":28,"93":28,"94":28,"95":28,"96":28,"97":28,"98":28,"99":28,"100":28,"101":28,"102":28,"103":28,"104":28,"105":28,"106":28,"107":28,"108":28,"109":28,"110":28,"111":1,"112":28,"113":28,"114":28,"115":28,"116":28,"117":28,"118":28,"119":28,"120":28,"121":28,"122":28,"123":28,"124":28,"125":28,"126":28,"127":28,"128":28,"129":28,"130":28,"131":28,"132":2,"133":2,"134":1,"135":1,"136":1,"137":1,"138":1,"139":1,"140":1,"141":1,"142":1,"143":1,"144":1,"145":1,"146":1},"f":{"0":5,"1":2,"2":2,"3":1,"4":28,"5":1,"6":1,"7":1},"b":{"0":[1,1],"1":[2,26]},"_coverageSchema":"1a1c01bbd47fc00a2c39e90264f33305004495a9","hash":"7126794512cd7ca91b3f4f251f25b5840f994a29"}
,"/home/runner/work/cse110-w21-group13/cse110-w21-group13/source/src/components/TaskItem.js": {"path":"/home/runner/work/cse110-w21-group13/cse110-w21-group13/source/src/components/TaskItem.js","statementMap":{"0":{"start":{"line":5,"column":22},"end":{"line":5,"column":63}},"1":{"start":{"line":7,"column":24},"end":{"line":7,"column":77}},"2":{"start":{"line":8,"column":8},"end":{"line":8,"column":47}},"3":{"start":{"line":10,"column":21},"end":{"line":10,"column":112}},"4":{"start":{"line":10,"column":39},"end":{"line":10,"column":111}},"5":{"start":{"line":11,"column":8},"end":{"line":14,"column":9}},"6":{"start":{"line":12,"column":12},"end":{"line":12,"column":41}},"7":{"start":{"line":13,"column":12},"end":{"line":13,"column":65}},"8":{"start":{"line":19,"column":22},"end":{"line":19,"column":63}},"9":{"start":{"line":21,"column":8},"end":{"line":21,"column":131}},"10":{"start":{"line":21,"column":47},"end":{"line":21,"column":125}},"11":{"start":{"line":22,"column":8},"end":{"line":22,"column":61}},"12":{"start":{"line":24,"column":8},"end":{"line":24,"column":42}},"13":{"start":{"line":26,"column":25},"end":{"line":26,"column":62}},"14":{"start":{"line":27,"column":8},"end":{"line":30,"column":9}},"15":{"start":{"line":28,"column":26},"end":{"line":28,"column":65}},"16":{"start":{"line":29,"column":12},"end":{"line":29,"column":33}},"17":{"start":{"line":35,"column":8},"end":{"line":35,"column":32}},"18":{"start":{"line":37,"column":8},"end":{"line":37,"column":42}},"19":{"start":{"line":38,"column":22},"end":{"line":38,"column":63}},"20":{"start":{"line":39,"column":21},"end":{"line":39,"column":112}},"21":{"start":{"line":39,"column":39},"end":{"line":39,"column":111}},"22":{"start":{"line":40,"column":19},"end":{"line":40,"column":64}},"23":{"start":{"line":41,"column":22},"end":{"line":41,"column":61}},"24":{"start":{"line":42,"column":25},"end":{"line":42,"column":62}},"25":{"start":{"line":45,"column":8},"end":{"line":100,"column":9}},"26":{"start":{"line":47,"column":12},"end":{"line":47,"column":33}},"27":{"start":{"line":48,"column":12},"end":{"line":48,"column":48}},"28":{"start":{"line":50,"column":12},"end":{"line":50,"column":33}},"29":{"start":{"line":51,"column":12},"end":{"line":51,"column":65}},"30":{"start":{"line":53,"column":12},"end":{"line":53,"column":33}},"31":{"start":{"line":55,"column":12},"end":{"line":78,"column":13}},"32":{"start":{"line":56,"column":29},"end":{"line":56,"column":77}},"33":{"start":{"line":57,"column":30},"end":{"line":57,"column":34}},"34":{"start":{"line":58,"column":16},"end":{"line":71,"column":17}},"35":{"start":{"line":58,"column":29},"end":{"line":58,"column":30}},"36":{"start":{"line":61,"column":20},"end":{"line":70,"column":21}},"37":{"start":{"line":62,"column":24},"end":{"line":62,"column":48}},"38":{"start":{"line":63,"column":24},"end":{"line":63,"column":54}},"39":{"start":{"line":64,"column":24},"end":{"line":64,"column":62}},"40":{"start":{"line":65,"column":41},"end":{"line":65,"column":138}},"41":{"start":{"line":65,"column":59},"end":{"line":65,"column":137}},"42":{"start":{"line":66,"column":24},"end":{"line":66,"column":48}},"43":{"start":{"line":67,"column":24},"end":{"line":67,"column":77}},"44":{"start":{"line":68,"column":24},"end":{"line":68,"column":40}},"45":{"start":{"line":69,"column":24},"end":{"line":69,"column":30}},"46":{"start":{"line":73,"column":16},"end":{"line":77,"column":17}},"47":{"start":{"line":74,"column":20},"end":{"line":74,"column":60}},"48":{"start":{"line":76,"column":20},"end":{"line":76,"column":53}},"49":{"start":{"line":81,"column":12},"end":{"line":81,"column":47}},"50":{"start":{"line":82,"column":12},"end":{"line":82,"column":32}},"51":{"start":{"line":83,"column":12},"end":{"line":83,"column":65}},"52":{"start":{"line":84,"column":30},"end":{"line":84,"column":65}},"53":{"start":{"line":86,"column":12},"end":{"line":97,"column":13}},"54":{"start":{"line":87,"column":16},"end":{"line":87,"column":43}},"55":{"start":{"line":89,"column":16},"end":{"line":89,"column":48}},"56":{"start":{"line":90,"column":16},"end":{"line":90,"column":42}},"57":{"start":{"line":91,"column":16},"end":{"line":91,"column":57}},"58":{"start":{"line":92,"column":32},"end":{"line":92,"column":133}},"59":{"start":{"line":92,"column":50},"end":{"line":92,"column":132}},"60":{"start":{"line":93,"column":16},"end":{"line":93,"column":40}},"61":{"start":{"line":94,"column":16},"end":{"line":94,"column":69}},"62":{"start":{"line":96,"column":16},"end":{"line":96,"column":43}},"63":{"start":{"line":99,"column":12},"end":{"line":99,"column":45}},"64":{"start":{"line":105,"column":8},"end":{"line":105,"column":16}},"65":{"start":{"line":106,"column":23},"end":{"line":106,"column":58}},"66":{"start":{"line":112,"column":19},"end":{"line":112,"column":47}},"67":{"start":{"line":113,"column":8},"end":{"line":113,"column":36}},"68":{"start":{"line":114,"column":22},"end":{"line":114,"column":51}},"69":{"start":{"line":115,"column":8},"end":{"line":115,"column":53}},"70":{"start":{"line":116,"column":8},"end":{"line":116,"column":50}},"71":{"start":{"line":117,"column":8},"end":{"line":117,"column":43}},"72":{"start":{"line":118,"column":8},"end":{"line":118,"column":30}},"73":{"start":{"line":120,"column":8},"end":{"line":120,"column":52}},"74":{"start":{"line":121,"column":22},"end":{"line":121,"column":51}},"75":{"start":{"line":122,"column":8},"end":{"line":122,"column":53}},"76":{"start":{"line":123,"column":8},"end":{"line":123,"column":50}},"77":{"start":{"line":124,"column":8},"end":{"line":124,"column":30}},"78":{"start":{"line":126,"column":8},"end":{"line":126,"column":63}},"79":{"start":{"line":128,"column":22},"end":{"line":128,"column":51}},"80":{"start":{"line":129,"column":8},"end":{"line":129,"column":54}},"81":{"start":{"line":130,"column":8},"end":{"line":130,"column":51}},"82":{"start":{"line":131,"column":8},"end":{"line":131,"column":30}},"83":{"start":{"line":133,"column":8},"end":{"line":133,"column":68}},"84":{"start":{"line":135,"column":22},"end":{"line":135,"column":53}},"85":{"start":{"line":136,"column":8},"end":{"line":226,"column":10}},"86":{"start":{"line":227,"column":8},"end":{"line":227,"column":31}},"87":{"start":{"line":228,"column":8},"end":{"line":228,"column":34}},"88":{"start":{"line":232,"column":8},"end":{"line":232,"column":24}},"89":{"start":{"line":236,"column":23},"end":{"line":236,"column":38}},"90":{"start":{"line":237,"column":21},"end":{"line":237,"column":52}},"91":{"start":{"line":238,"column":8},"end":{"line":238,"column":49}},"92":{"start":{"line":242,"column":0},"end":{"line":242,"column":45}}},"fnMap":{"0":{"name":"(anonymous_0)","decl":{"start":{"line":4,"column":4},"end":{"line":4,"column":5}},"loc":{"start":{"line":4,"column":13},"end":{"line":15,"column":5}},"line":4},"1":{"name":"(anonymous_1)","decl":{"start":{"line":10,"column":32},"end":{"line":10,"column":33}},"loc":{"start":{"line":10,"column":39},"end":{"line":10,"column":111}},"line":10},"2":{"name":"(anonymous_2)","decl":{"start":{"line":18,"column":4},"end":{"line":18,"column":5}},"loc":{"start":{"line":18,"column":17},"end":{"line":31,"column":5}},"line":18},"3":{"name":"(anonymous_3)","decl":{"start":{"line":21,"column":37},"end":{"line":21,"column":38}},"loc":{"start":{"line":21,"column":47},"end":{"line":21,"column":125}},"line":21},"4":{"name":"(anonymous_4)","decl":{"start":{"line":34,"column":4},"end":{"line":34,"column":5}},"loc":{"start":{"line":34,"column":17},"end":{"line":101,"column":5}},"line":34},"5":{"name":"(anonymous_5)","decl":{"start":{"line":39,"column":32},"end":{"line":39,"column":33}},"loc":{"start":{"line":39,"column":39},"end":{"line":39,"column":111}},"line":39},"6":{"name":"(anonymous_6)","decl":{"start":{"line":65,"column":52},"end":{"line":65,"column":53}},"loc":{"start":{"line":65,"column":59},"end":{"line":65,"column":137}},"line":65},"7":{"name":"(anonymous_7)","decl":{"start":{"line":92,"column":43},"end":{"line":92,"column":44}},"loc":{"start":{"line":92,"column":50},"end":{"line":92,"column":132}},"line":92},"8":{"name":"(anonymous_8)","decl":{"start":{"line":104,"column":4},"end":{"line":104,"column":5}},"loc":{"start":{"line":104,"column":18},"end":{"line":229,"column":5}},"line":104},"9":{"name":"(anonymous_9)","decl":{"start":{"line":231,"column":4},"end":{"line":231,"column":5}},"loc":{"start":{"line":231,"column":36},"end":{"line":233,"column":5}},"line":231},"10":{"name":"(anonymous_10)","decl":{"start":{"line":235,"column":4},"end":{"line":235,"column":5}},"loc":{"start":{"line":235,"column":55},"end":{"line":239,"column":5}},"line":235}},"branchMap":{"0":{"loc":{"start":{"line":10,"column":39},"end":{"line":10,"column":111}},"type":"binary-expr","locations":[{"start":{"line":10,"column":39},"end":{"line":10,"column":71}},{"start":{"line":10,"column":75},"end":{"line":10,"column":111}}],"line":10},"1":{"loc":{"start":{"line":11,"column":8},"end":{"line":14,"column":9}},"type":"if","locations":[{"start":{"line":11,"column":8},"end":{"line":14,"column":9}},{"start":{"line":11,"column":8},"end":{"line":14,"column":9}}],"line":11},"2":{"loc":{"start":{"line":21,"column":47},"end":{"line":21,"column":125}},"type":"binary-expr","locations":[{"start":{"line":21,"column":47},"end":{"line":21,"column":82}},{"start":{"line":21,"column":86},"end":{"line":21,"column":125}}],"line":21},"3":{"loc":{"start":{"line":27,"column":8},"end":{"line":30,"column":9}},"type":"if","locations":[{"start":{"line":27,"column":8},"end":{"line":30,"column":9}},{"start":{"line":27,"column":8},"end":{"line":30,"column":9}}],"line":27},"4":{"loc":{"start":{"line":39,"column":39},"end":{"line":39,"column":111}},"type":"binary-expr","locations":[{"start":{"line":39,"column":39},"end":{"line":39,"column":71}},{"start":{"line":39,"column":75},"end":{"line":39,"column":111}}],"line":39},"5":{"loc":{"start":{"line":45,"column":8},"end":{"line":100,"column":9}},"type":"if","locations":[{"start":{"line":45,"column":8},"end":{"line":100,"column":9}},{"start":{"line":45,"column":8},"end":{"line":100,"column":9}}],"line":45},"6":{"loc":{"start":{"line":55,"column":12},"end":{"line":78,"column":13}},"type":"if","locations":[{"start":{"line":55,"column":12},"end":{"line":78,"column":13}},{"start":{"line":55,"column":12},"end":{"line":78,"column":13}}],"line":55},"7":{"loc":{"start":{"line":61,"column":20},"end":{"line":70,"column":21}},"type":"if","locations":[{"start":{"line":61,"column":20},"end":{"line":70,"column":21}},{"start":{"line":61,"column":20},"end":{"line":70,"column":21}}],"line":61},"8":{"loc":{"start":{"line":65,"column":59},"end":{"line":65,"column":137}},"type":"binary-expr","locations":[{"start":{"line":65,"column":59},"end":{"line":65,"column":94}},{"start":{"line":65,"column":98},"end":{"line":65,"column":137}}],"line":65},"9":{"loc":{"start":{"line":73,"column":16},"end":{"line":77,"column":17}},"type":"if","locations":[{"start":{"line":73,"column":16},"end":{"line":77,"column":17}},{"start":{"line":73,"column":16},"end":{"line":77,"column":17}}],"line":73},"10":{"loc":{"start":{"line":86,"column":12},"end":{"line":97,"column":13}},"type":"if","locations":[{"start":{"line":86,"column":12},"end":{"line":97,"column":13}},{"start":{"line":86,"column":12},"end":{"line":97,"column":13}}],"line":86},"11":{"loc":{"start":{"line":92,"column":50},"end":{"line":92,"column":132}},"type":"binary-expr","locations":[{"start":{"line":92,"column":50},"end":{"line":92,"column":87}},{"start":{"line":92,"column":91},"end":{"line":92,"column":132}}],"line":92}},"s":{"0":8,"1":8,"2":8,"3":8,"4":13,"5":8,"6":6,"7":6,"8":9,"9":9,"10":11,"11":9,"12":9,"13":9,"14":9,"15":6,"16":6,"17":10,"18":10,"19":10,"20":10,"21":11,"22":10,"23":10,"24":10,"25":10,"26":3,"27":3,"28":3,"29":3,"30":3,"31":3,"32":2,"33":2,"34":2,"35":2,"36":4,"37":1,"38":1,"39":1,"40":1,"41":2,"42":1,"43":1,"44":1,"45":1,"46":2,"47":1,"48":1,"49":7,"50":7,"51":7,"52":7,"53":7,"54":6,"55":1,"56":1,"57":1,"58":1,"59":1,"60":1,"61":1,"62":1,"63":7,"64":43,"65":43,"66":43,"67":43,"68":43,"69":43,"70":43,"71":43,"72":43,"73":43,"74":43,"75":43,"76":43,"77":43,"78":43,"79":43,"80":43,"81":43,"82":43,"83":43,"84":43,"85":43,"86":43,"87":43,"88":4,"89":41,"90":41,"91":41,"92":4},"f":{"0":8,"1":13,"2":9,"3":11,"4":10,"5":11,"6":2,"7":1,"8":43,"9":4,"10":41},"b":{"0":[13,6],"1":[6,2],"2":[11,2],"3":[6,3],"4":[11,10],"5":[3,7],"6":[2,1],"7":[1,3],"8":[2,1],"9":[1,1],"10":[6,1],"11":[1,1]},"_coverageSchema":"1a1c01bbd47fc00a2c39e90264f33305004495a9","hash":"ebecaab315c10065f67310a999a192b0318cdf0a"}
,"/home/runner/work/cse110-w21-group13/cse110-w21-group13/source/src/components/TaskPopUp.js": {"path":"/home/runner/work/cse110-w21-group13/cse110-w21-group13/source/src/components/TaskPopUp.js","statementMap":{"0":{"start":{"line":6,"column":22},"end":{"line":6,"column":63}},"1":{"start":{"line":7,"column":22},"end":{"line":7,"column":72}},"2":{"start":{"line":8,"column":8},"end":{"line":32,"column":9}},"3":{"start":{"line":10,"column":25},"end":{"line":15,"column":13}},"4":{"start":{"line":16,"column":29},"end":{"line":16,"column":64}},"5":{"start":{"line":17,"column":12},"end":{"line":17,"column":49}},"6":{"start":{"line":18,"column":12},"end":{"line":18,"column":59}},"7":{"start":{"line":19,"column":12},"end":{"line":19,"column":53}},"8":{"start":{"line":20,"column":12},"end":{"line":20,"column":59}},"9":{"start":{"line":21,"column":12},"end":{"line":21,"column":80}},"10":{"start":{"line":23,"column":12},"end":{"line":23,"column":29}},"11":{"start":{"line":24,"column":12},"end":{"line":24,"column":65}},"12":{"start":{"line":25,"column":23},"end":{"line":25,"column":67}},"13":{"start":{"line":26,"column":12},"end":{"line":26,"column":48}},"14":{"start":{"line":27,"column":29},"end":{"line":27,"column":62}},"15":{"start":{"line":28,"column":12},"end":{"line":28,"column":82}},"16":{"start":{"line":29,"column":12},"end":{"line":29,"column":28}},"17":{"start":{"line":31,"column":12},"end":{"line":31,"column":30}},"18":{"start":{"line":37,"column":24},"end":{"line":37,"column":72}},"19":{"start":{"line":38,"column":22},"end":{"line":38,"column":66}},"20":{"start":{"line":39,"column":8},"end":{"line":39,"column":39}},"21":{"start":{"line":40,"column":8},"end":{"line":40,"column":25}},"22":{"start":{"line":45,"column":8},"end":{"line":45,"column":16}},"23":{"start":{"line":46,"column":23},"end":{"line":46,"column":58}},"24":{"start":{"line":48,"column":24},"end":{"line":48,"column":53}},"25":{"start":{"line":49,"column":8},"end":{"line":49,"column":53}},"26":{"start":{"line":51,"column":22},"end":{"line":51,"column":72}},"27":{"start":{"line":52,"column":8},"end":{"line":52,"column":53}},"28":{"start":{"line":53,"column":8},"end":{"line":53,"column":47}},"29":{"start":{"line":54,"column":22},"end":{"line":54,"column":71}},"30":{"start":{"line":55,"column":8},"end":{"line":55,"column":37}},"31":{"start":{"line":57,"column":22},"end":{"line":57,"column":74}},"32":{"start":{"line":58,"column":8},"end":{"line":58,"column":43}},"33":{"start":{"line":59,"column":8},"end":{"line":59,"column":47}},"34":{"start":{"line":60,"column":8},"end":{"line":60,"column":76}},"35":{"start":{"line":61,"column":8},"end":{"line":61,"column":46}},"36":{"start":{"line":62,"column":8},"end":{"line":62,"column":50}},"37":{"start":{"line":64,"column":23},"end":{"line":64,"column":73}},"38":{"start":{"line":65,"column":8},"end":{"line":65,"column":54}},"39":{"start":{"line":66,"column":23},"end":{"line":66,"column":75}},"40":{"start":{"line":67,"column":8},"end":{"line":67,"column":51}},"41":{"start":{"line":68,"column":8},"end":{"line":68,"column":50}},"42":{"start":{"line":69,"column":8},"end":{"line":69,"column":33}},"43":{"start":{"line":71,"column":8},"end":{"line":71,"column":68}},"44":{"start":{"line":72,"column":8},"end":{"line":72,"column":66}},"45":{"start":{"line":74,"column":8},"end":{"line":74,"column":54}},"46":{"start":{"line":75,"column":8},"end":{"line":75,"column":49}},"47":{"start":{"line":76,"column":8},"end":{"line":76,"column":50}},"48":{"start":{"line":77,"column":8},"end":{"line":77,"column":49}},"49":{"start":{"line":78,"column":8},"end":{"line":78,"column":50}},"50":{"start":{"line":79,"column":8},"end":{"line":79,"column":47}},"51":{"start":{"line":81,"column":22},"end":{"line":81,"column":53}},"52":{"start":{"line":82,"column":8},"end":{"line":203,"column":11}},"53":{"start":{"line":204,"column":8},"end":{"line":204,"column":36}},"54":{"start":{"line":205,"column":8},"end":{"line":205,"column":34}},"55":{"start":{"line":208,"column":0},"end":{"line":208,"column":47}},"56":{"start":{"line":210,"column":0},"end":{"line":227,"column":3}},"57":{"start":{"line":211,"column":21},"end":{"line":211,"column":62}},"58":{"start":{"line":212,"column":18},"end":{"line":212,"column":54}},"59":{"start":{"line":213,"column":4},"end":{"line":213,"column":41}},"60":{"start":{"line":214,"column":4},"end":{"line":214,"column":37}},"61":{"start":{"line":215,"column":4},"end":{"line":226,"column":7}},"62":{"start":{"line":216,"column":25},"end":{"line":216,"column":58}},"63":{"start":{"line":217,"column":8},"end":{"line":217,"column":78}},"64":{"start":{"line":218,"column":8},"end":{"line":218,"column":24}},"65":{"start":{"line":220,"column":23},"end":{"line":220,"column":75}},"66":{"start":{"line":221,"column":8},"end":{"line":223,"column":9}},"67":{"start":{"line":221,"column":21},"end":{"line":221,"column":22}},"68":{"start":{"line":222,"column":12},"end":{"line":222,"column":35}},"69":{"start":{"line":224,"column":8},"end":{"line":224,"column":97}},"70":{"start":{"line":225,"column":8},"end":{"line":225,"column":62}}},"fnMap":{"0":{"name":"(anonymous_0)","decl":{"start":{"line":5,"column":4},"end":{"line":5,"column":5}},"loc":{"start":{"line":5,"column":14},"end":{"line":33,"column":5}},"line":5},"1":{"name":"(anonymous_1)","decl":{"start":{"line":36,"column":4},"end":{"line":36,"column":5}},"loc":{"start":{"line":36,"column":17},"end":{"line":41,"column":5}},"line":36},"2":{"name":"(anonymous_2)","decl":{"start":{"line":44,"column":4},"end":{"line":44,"column":5}},"loc":{"start":{"line":44,"column":18},"end":{"line":206,"column":5}},"line":44},"3":{"name":"(anonymous_3)","decl":{"start":{"line":210,"column":32},"end":{"line":210,"column":33}},"loc":{"start":{"line":210,"column":38},"end":{"line":227,"column":1}},"line":210},"4":{"name":"(anonymous_4)","decl":{"start":{"line":215,"column":39},"end":{"line":215,"column":40}},"loc":{"start":{"line":215,"column":45},"end":{"line":226,"column":5}},"line":215}},"branchMap":{"0":{"loc":{"start":{"line":8,"column":8},"end":{"line":32,"column":9}},"type":"if","locations":[{"start":{"line":8,"column":8},"end":{"line":32,"column":9}},{"start":{"line":8,"column":8},"end":{"line":32,"column":9}}],"line":8}},"s":{"0":3,"1":3,"2":3,"3":2,"4":2,"5":2,"6":2,"7":2,"8":2,"9":2,"10":2,"11":2,"12":2,"13":2,"14":2,"15":2,"16":2,"17":2,"18":5,"19":5,"20":5,"21":5,"22":24,"23":24,"24":24,"25":24,"26":24,"27":24,"28":24,"29":24,"30":24,"31":24,"32":24,"33":24,"34":24,"35":24,"36":24,"37":24,"38":24,"39":24,"40":24,"41":24,"42":24,"43":24,"44":24,"45":24,"46":24,"47":24,"48":24,"49":24,"50":24,"51":24,"52":24,"53":24,"54":24,"55":2,"56":2,"57":1,"58":1,"59":1,"60":1,"61":1,"62":1,"63":1,"64":1,"65":1,"66":1,"67":1,"68":1,"69":1,"70":1},"f":{"0":3,"1":5,"2":24,"3":1,"4":1},"b":{"0":[2,1]},"_coverageSchema":"1a1c01bbd47fc00a2c39e90264f33305004495a9","hash":"92aa8dbe2a29c52506db9eb509429d8d92240432"}
,"/home/runner/work/cse110-w21-group13/cse110-w21-group13/source/src/scripts/FocusMode.js": {"path":"/home/runner/work/cse110-w21-group13/cse110-w21-group13/source/src/scripts/FocusMode.js","statementMap":{"0":{"start":{"line":4,"column":24},"end":{"line":4,"column":60}},"1":{"start":{"line":5,"column":20},"end":{"line":5,"column":61}},"2":{"start":{"line":6,"column":22},"end":{"line":6,"column":59}},"3":{"start":{"line":8,"column":4},"end":{"line":8,"column":42}},"4":{"start":{"line":9,"column":4},"end":{"line":9,"column":38}},"5":{"start":{"line":10,"column":4},"end":{"line":10,"column":40}},"6":{"start":{"line":11,"column":4},"end":{"line":19,"column":5}},"7":{"start":{"line":12,"column":8},"end":{"line":12,"column":47}},"8":{"start":{"line":14,"column":8},"end":{"line":14,"column":49}},"9":{"start":{"line":15,"column":22},"end":{"line":15,"column":61}},"10":{"start":{"line":16,"column":8},"end":{"line":18,"column":9}},"11":{"start":{"line":17,"column":12},"end":{"line":17,"column":33}},"12":{"start":{"line":21,"column":17},"end":{"line":21,"column":56}},"13":{"start":{"line":22,"column":0},"end":{"line":22,"column":48}}},"fnMap":{"0":{"name":"toggleState","decl":{"start":{"line":1,"column":9},"end":{"line":1,"column":20}},"loc":{"start":{"line":1,"column":23},"end":{"line":20,"column":1}},"line":1}},"branchMap":{"0":{"loc":{"start":{"line":11,"column":4},"end":{"line":19,"column":5}},"type":"if","locations":[{"start":{"line":11,"column":4},"end":{"line":19,"column":5}},{"start":{"line":11,"column":4},"end":{"line":19,"column":5}}],"line":11},"1":{"loc":{"start":{"line":16,"column":8},"end":{"line":18,"column":9}},"type":"if","locations":[{"start":{"line":16,"column":8},"end":{"line":18,"column":9}},{"start":{"line":16,"column":8},"end":{"line":18,"column":9}}],"line":16}},"s":{"0":21,"1":21,"2":21,"3":21,"4":21,"5":21,"6":21,"7":10,"8":11,"9":11,"10":11,"11":1,"12":4,"13":4},"f":{"0":21},"b":{"0":[10,11],"1":[1,10]},"_coverageSchema":"1a1c01bbd47fc00a2c39e90264f33305004495a9","hash":"375bd1b4e6de2821dd2749e1e57284bbfb4f4f09"}
,"/home/runner/work/cse110-w21-group13/cse110-w21-group13/source/src/scripts/Timer.js": {"path":"/home/runner/work/cse110-w21-group13/cse110-w21-group13/source/src/scripts/Timer.js","statementMap":{"0":{"start":{"line":1,"column":20},"end":{"line":1,"column":56}},"1":{"start":{"line":2,"column":29},"end":{"line":2,"column":78}},"2":{"start":{"line":3,"column":17},"end":{"line":3,"column":50}},"3":{"start":{"line":4,"column":19},"end":{"line":4,"column":49}},"4":{"start":{"line":5,"column":15},"end":{"line":5,"column":19}},"5":{"start":{"line":7,"column":18},"end":{"line":7,"column":24}},"6":{"start":{"line":8,"column":19},"end":{"line":8,"column":20}},"7":{"start":{"line":11,"column":0},"end":{"line":15,"column":1}},"8":{"start":{"line":12,"column":4},"end":{"line":12,"column":46}},"9":{"start":{"line":13,"column":4},"end":{"line":13,"column":52}},"10":{"start":{"line":14,"column":4},"end":{"line":14,"column":52}},"11":{"start":{"line":16,"column":15},"end":{"line":16,"column":50}},"12":{"start":{"line":17,"column":16},"end":{"line":17,"column":58}},"13":{"start":{"line":18,"column":20},"end":{"line":18,"column":61}},"14":{"start":{"line":20,"column":0},"end":{"line":20,"column":50}},"15":{"start":{"line":23,"column":23},"end":{"line":23,"column":58}},"16":{"start":{"line":24,"column":24},"end":{"line":24,"column":60}},"17":{"start":{"line":26,"column":4},"end":{"line":49,"column":5}},"18":{"start":{"line":27,"column":8},"end":{"line":27,"column":63}},"19":{"start":{"line":28,"column":8},"end":{"line":31,"column":9}},"20":{"start":{"line":29,"column":12},"end":{"line":29,"column":50}},"21":{"start":{"line":30,"column":12},"end":{"line":30,"column":51}},"22":{"start":{"line":32,"column":8},"end":{"line":32,"column":30}},"23":{"start":{"line":33,"column":8},"end":{"line":33,"column":25}},"24":{"start":{"line":34,"column":11},"end":{"line":49,"column":5}},"25":{"start":{"line":35,"column":8},"end":{"line":35,"column":59}},"26":{"start":{"line":36,"column":8},"end":{"line":39,"column":9}},"27":{"start":{"line":37,"column":12},"end":{"line":37,"column":50}},"28":{"start":{"line":38,"column":12},"end":{"line":38,"column":51}},"29":{"start":{"line":40,"column":8},"end":{"line":40,"column":30}},"30":{"start":{"line":41,"column":8},"end":{"line":41,"column":26}},"31":{"start":{"line":43,"column":8},"end":{"line":43,"column":58}},"32":{"start":{"line":44,"column":8},"end":{"line":47,"column":9}},"33":{"start":{"line":45,"column":12},"end":{"line":45,"column":50}},"34":{"start":{"line":46,"column":12},"end":{"line":46,"column":51}},"35":{"start":{"line":48,"column":8},"end":{"line":48,"column":29}},"36":{"start":{"line":53,"column":20},"end":{"line":53,"column":50}},"37":{"start":{"line":55,"column":4},"end":{"line":58,"column":5}},"38":{"start":{"line":56,"column":8},"end":{"line":56,"column":21}},"39":{"start":{"line":57,"column":8},"end":{"line":57,"column":51}},"40":{"start":{"line":60,"column":4},"end":{"line":64,"column":5}},"41":{"start":{"line":61,"column":8},"end":{"line":61,"column":80}},"42":{"start":{"line":63,"column":8},"end":{"line":63,"column":26}},"43":{"start":{"line":66,"column":18},"end":{"line":66,"column":70}},"44":{"start":{"line":67,"column":18},"end":{"line":67,"column":67}},"45":{"start":{"line":69,"column":4},"end":{"line":74,"column":5}},"46":{"start":{"line":70,"column":8},"end":{"line":70,"column":21}},"47":{"start":{"line":72,"column":8},"end":{"line":72,"column":21}},"48":{"start":{"line":73,"column":8},"end":{"line":73,"column":21}},"49":{"start":{"line":76,"column":4},"end":{"line":78,"column":5}},"50":{"start":{"line":77,"column":8},"end":{"line":77,"column":40}},"51":{"start":{"line":80,"column":4},"end":{"line":80,"column":61}},"52":{"start":{"line":84,"column":4},"end":{"line":84,"column":35}},"53":{"start":{"line":85,"column":4},"end":{"line":85,"column":47}},"54":{"start":{"line":89,"column":4},"end":{"line":89,"column":51}},"55":{"start":{"line":90,"column":4},"end":{"line":90,"column":59}},"56":{"start":{"line":91,"column":4},"end":{"line":91,"column":62}},"57":{"start":{"line":92,"column":4},"end":{"line":92,"column":25}},"58":{"start":{"line":93,"column":4},"end":{"line":93,"column":26}},"59":{"start":{"line":94,"column":4},"end":{"line":94,"column":40}},"60":{"start":{"line":95,"column":4},"end":{"line":95,"column":21}},"61":{"start":{"line":96,"column":4},"end":{"line":96,"column":36}},"62":{"start":{"line":100,"column":4},"end":{"line":103,"column":5}},"63":{"start":{"line":101,"column":8},"end":{"line":101,"column":15}},"64":{"start":{"line":102,"column":8},"end":{"line":102,"column":46}},"65":{"start":{"line":107,"column":4},"end":{"line":107,"column":74}},"66":{"start":{"line":108,"column":4},"end":{"line":108,"column":20}},"67":{"start":{"line":109,"column":4},"end":{"line":113,"column":5}},"68":{"start":{"line":110,"column":8},"end":{"line":110,"column":16}},"69":{"start":{"line":112,"column":8},"end":{"line":112,"column":15}},"70":{"start":{"line":116,"column":0},"end":{"line":116,"column":30}},"71":{"start":{"line":118,"column":0},"end":{"line":118,"column":58}},"72":{"start":{"line":120,"column":0},"end":{"line":175,"column":3}},"73":{"start":{"line":121,"column":19},"end":{"line":121,"column":113}},"74":{"start":{"line":122,"column":19},"end":{"line":122,"column":125}},"75":{"start":{"line":123,"column":19},"end":{"line":123,"column":119}},"76":{"start":{"line":124,"column":20},"end":{"line":124,"column":110}},"77":{"start":{"line":125,"column":4},"end":{"line":174,"column":5}},"78":{"start":{"line":126,"column":8},"end":{"line":167,"column":9}},"79":{"start":{"line":128,"column":12},"end":{"line":128,"column":82}},"80":{"start":{"line":129,"column":12},"end":{"line":129,"column":28}},"81":{"start":{"line":130,"column":12},"end":{"line":130,"column":60}},"82":{"start":{"line":131,"column":12},"end":{"line":131,"column":18}},"83":{"start":{"line":133,"column":12},"end":{"line":133,"column":32}},"84":{"start":{"line":134,"column":12},"end":{"line":134,"column":18}},"85":{"start":{"line":136,"column":12},"end":{"line":136,"column":60}},"86":{"start":{"line":137,"column":12},"end":{"line":137,"column":18}},"87":{"start":{"line":139,"column":12},"end":{"line":139,"column":59}},"88":{"start":{"line":140,"column":12},"end":{"line":140,"column":18}},"89":{"start":{"line":142,"column":12},"end":{"line":142,"column":62}},"90":{"start":{"line":143,"column":12},"end":{"line":143,"column":18}},"91":{"start":{"line":145,"column":12},"end":{"line":151,"column":13}},"92":{"start":{"line":146,"column":16},"end":{"line":146,"column":112}},"93":{"start":{"line":147,"column":19},"end":{"line":151,"column":13}},"94":{"start":{"line":148,"column":16},"end":{"line":148,"column":109}},"95":{"start":{"line":149,"column":19},"end":{"line":151,"column":13}},"96":{"start":{"line":150,"column":16},"end":{"line":150,"column":108}},"97":{"start":{"line":152,"column":12},"end":{"line":152,"column":18}},"98":{"start":{"line":154,"column":26},"end":{"line":154,"column":55}},"99":{"start":{"line":155,"column":12},"end":{"line":155,"column":87}},"100":{"start":{"line":155,"column":37},"end":{"line":155,"column":87}},"101":{"start":{"line":156,"column":12},"end":{"line":156,"column":18}},"102":{"start":{"line":159,"column":12},"end":{"line":163,"column":13}},"103":{"start":{"line":160,"column":16},"end":{"line":160,"column":122}},"104":{"start":{"line":161,"column":19},"end":{"line":163,"column":13}},"105":{"start":{"line":162,"column":16},"end":{"line":162,"column":116}},"106":{"start":{"line":164,"column":12},"end":{"line":164,"column":18}},"107":{"start":{"line":166,"column":12},"end":{"line":166,"column":18}},"108":{"start":{"line":168,"column":11},"end":{"line":174,"column":5}},"109":{"start":{"line":169,"column":8},"end":{"line":173,"column":9}},"110":{"start":{"line":170,"column":12},"end":{"line":170,"column":106}},"111":{"start":{"line":171,"column":15},"end":{"line":173,"column":9}},"112":{"start":{"line":172,"column":12},"end":{"line":172,"column":104}}},"fnMap":{"0":{"name":"switchMode","decl":{"start":{"line":22,"column":9},"end":{"line":22,"column":19}},"loc":{"start":{"line":22,"column":22},"end":{"line":50,"column":1}},"line":22},"1":{"name":"timerFunction","decl":{"start":{"line":52,"column":15},"end":{"line":52,"column":28}},"loc":{"start":{"line":52,"column":31},"end":{"line":81,"column":1}},"line":52},"2":{"name":"start","decl":{"start":{"line":83,"column":15},"end":{"line":83,"column":20}},"loc":{"start":{"line":83,"column":23},"end":{"line":86,"column":1}},"line":83},"3":{"name":"stop","decl":{"start":{"line":88,"column":15},"end":{"line":88,"column":19}},"loc":{"start":{"line":88,"column":22},"end":{"line":97,"column":1}},"line":88},"4":{"name":"stopChecker","decl":{"start":{"line":99,"column":15},"end":{"line":99,"column":26}},"loc":{"start":{"line":99,"column":29},"end":{"line":104,"column":1}},"line":99},"5":{"name":"startAndStopButton","decl":{"start":{"line":106,"column":15},"end":{"line":106,"column":33}},"loc":{"start":{"line":106,"column":36},"end":{"line":114,"column":1}},"line":106},"6":{"name":"(anonymous_6)","decl":{"start":{"line":120,"column":33},"end":{"line":120,"column":34}},"loc":{"start":{"line":120,"column":44},"end":{"line":175,"column":1}},"line":120}},"branchMap":{"0":{"loc":{"start":{"line":11,"column":0},"end":{"line":15,"column":1}},"type":"if","locations":[{"start":{"line":11,"column":0},"end":{"line":15,"column":1}},{"start":{"line":11,"column":0},"end":{"line":15,"column":1}}],"line":11},"1":{"loc":{"start":{"line":26,"column":4},"end":{"line":49,"column":5}},"type":"if","locations":[{"start":{"line":26,"column":4},"end":{"line":49,"column":5}},{"start":{"line":26,"column":4},"end":{"line":49,"column":5}}],"line":26},"2":{"loc":{"start":{"line":26,"column":8},"end":{"line":26,"column":51}},"type":"binary-expr","locations":[{"start":{"line":26,"column":8},"end":{"line":26,"column":30}},{"start":{"line":26,"column":34},"end":{"line":26,"column":51}}],"line":26},"3":{"loc":{"start":{"line":28,"column":8},"end":{"line":31,"column":9}},"type":"if","locations":[{"start":{"line":28,"column":8},"end":{"line":31,"column":9}},{"start":{"line":28,"column":8},"end":{"line":31,"column":9}}],"line":28},"4":{"loc":{"start":{"line":34,"column":11},"end":{"line":49,"column":5}},"type":"if","locations":[{"start":{"line":34,"column":11},"end":{"line":49,"column":5}},{"start":{"line":34,"column":11},"end":{"line":49,"column":5}}],"line":34},"5":{"loc":{"start":{"line":36,"column":8},"end":{"line":39,"column":9}},"type":"if","locations":[{"start":{"line":36,"column":8},"end":{"line":39,"column":9}},{"start":{"line":36,"column":8},"end":{"line":39,"column":9}}],"line":36},"6":{"loc":{"start":{"line":44,"column":8},"end":{"line":47,"column":9}},"type":"if","locations":[{"start":{"line":44,"column":8},"end":{"line":47,"column":9}},{"start":{"line":44,"column":8},"end":{"line":47,"column":9}}],"line":44},"7":{"loc":{"start":{"line":55,"column":4},"end":{"line":58,"column":5}},"type":"if","locations":[{"start":{"line":55,"column":4},"end":{"line":58,"column":5}},{"start":{"line":55,"column":4},"end":{"line":58,"column":5}}],"line":55},"8":{"loc":{"start":{"line":60,"column":4},"end":{"line":64,"column":5}},"type":"if","locations":[{"start":{"line":60,"column":4},"end":{"line":64,"column":5}},{"start":{"line":60,"column":4},"end":{"line":64,"column":5}}],"line":60},"9":{"loc":{"start":{"line":69,"column":4},"end":{"line":74,"column":5}},"type":"if","locations":[{"start":{"line":69,"column":4},"end":{"line":74,"column":5}},{"start":{"line":69,"column":4},"end":{"line":74,"column":5}}],"line":69},"10":{"loc":{"start":{"line":76,"column":4},"end":{"line":78,"column":5}},"type":"if","locations":[{"start":{"line":76,"column":4},"end":{"line":78,"column":5}},{"start":{"line":76,"column":4},"end":{"line":78,"column":5}}],"line":76},"11":{"loc":{"start":{"line":100,"column":4},"end":{"line":103,"column":5}},"type":"if","locations":[{"start":{"line":100,"column":4},"end":{"line":103,"column":5}},{"start":{"line":100,"column":4},"end":{"line":103,"column":5}}],"line":100},"12":{"loc":{"start":{"line":109,"column":4},"end":{"line":113,"column":5}},"type":"if","locations":[{"start":{"line":109,"column":4},"end":{"line":113,"column":5}},{"start":{"line":109,"column":4},"end":{"line":113,"column":5}}],"line":109},"13":{"loc":{"start":{"line":125,"column":4},"end":{"line":174,"column":5}},"type":"if","locations":[{"start":{"line":125,"column":4},"end":{"line":174,"column":5}},{"start":{"line":125,"column":4},"end":{"line":174,"column":5}}],"line":125},"14":{"loc":{"start":{"line":125,"column":8},"end":{"line":125,"column":36}},"type":"binary-expr","locations":[{"start":{"line":125,"column":8},"end":{"line":125,"column":15}},{"start":{"line":125,"column":19},"end":{"line":125,"column":36}}],"line":125},"15":{"loc":{"start":{"line":126,"column":8},"end":{"line":167,"column":9}},"type":"switch","locations":[{"start":{"line":127,"column":8},"end":{"line":131,"column":18}},{"start":{"line":132,"column":8},"end":{"line":134,"column":18}},{"start":{"line":135,"column":8},"end":{"line":137,"column":18}},{"start":{"line":138,"column":8},"end":{"line":140,"column":18}},{"start":{"line":141,"column":8},"end":{"line":143,"column":18}},{"start":{"line":144,"column":8},"end":{"line":152,"column":18}},{"start":{"line":153,"column":8},"end":{"line":157,"column":9}},{"start":{"line":158,"column":8},"end":{"line":164,"column":18}},{"start":{"line":165,"column":8},"end":{"line":166,"column":18}}],"line":126},"16":{"loc":{"start":{"line":145,"column":12},"end":{"line":151,"column":13}},"type":"if","locations":[{"start":{"line":145,"column":12},"end":{"line":151,"column":13}},{"start":{"line":145,"column":12},"end":{"line":151,"column":13}}],"line":145},"17":{"loc":{"start":{"line":147,"column":19},"end":{"line":151,"column":13}},"type":"if","locations":[{"start":{"line":147,"column":19},"end":{"line":151,"column":13}},{"start":{"line":147,"column":19},"end":{"line":151,"column":13}}],"line":147},"18":{"loc":{"start":{"line":149,"column":19},"end":{"line":151,"column":13}},"type":"if","locations":[{"start":{"line":149,"column":19},"end":{"line":151,"column":13}},{"start":{"line":149,"column":19},"end":{"line":151,"column":13}}],"line":149},"19":{"loc":{"start":{"line":155,"column":12},"end":{"line":155,"column":87}},"type":"if","locations":[{"start":{"line":155,"column":12},"end":{"line":155,"column":87}},{"start":{"line":155,"column":12},"end":{"line":155,"column":87}}],"line":155},"20":{"loc":{"start":{"line":159,"column":12},"end":{"line":163,"column":13}},"type":"if","locations":[{"start":{"line":159,"column":12},"end":{"line":163,"column":13}},{"start":{"line":159,"column":12},"end":{"line":163,"column":13}}],"line":159},"21":{"loc":{"start":{"line":161,"column":19},"end":{"line":163,"column":13}},"type":"if","locations":[{"start":{"line":161,"column":19},"end":{"line":163,"column":13}},{"start":{"line":161,"column":19},"end":{"line":163,"column":13}}],"line":161},"22":{"loc":{"start":{"line":168,"column":11},"end":{"line":174,"column":5}},"type":"if","locations":[{"start":{"line":168,"column":11},"end":{"line":174,"column":5}},{"start":{"line":168,"column":11},"end":{"line":174,"column":5}}],"line":168},"23":{"loc":{"start":{"line":169,"column":8},"end":{"line":173,"column":9}},"type":"if","locations":[{"start":{"line":169,"column":8},"end":{"line":173,"column":9}},{"start":{"line":169,"column":8},"end":{"line":173,"column":9}}],"line":169},"24":{"loc":{"start":{"line":171,"column":15},"end":{"line":173,"column":9}},"type":"if","locations":[{"start":{"line":171,"column":15},"end":{"line":173,"column":9}},{"start":{"line":171,"column":15},"end":{"line":173,"column":9}}],"line":171}},"s":{"0":26,"1":26,"2":26,"3":26,"4":26,"5":26,"6":26,"7":26,"8":17,"9":17,"10":17,"11":26,"12":26,"13":26,"14":26,"15":30,"16":30,"17":30,"18":2,"19":2,"20":1,"21":1,"22":2,"23":2,"24":28,"25":8,"26":8,"27":7,"28":7,"29":8,"30":8,"31":20,"32":20,"33":6,"34":6,"35":20,"36":3779,"37":3779,"38":17,"39":17,"40":3779,"41":18,"42":18,"43":3779,"44":3779,"45":3779,"46":3702,"47":77,"48":77,"49":3779,"50":620,"51":3779,"52":16,"53":16,"54":13,"55":13,"56":13,"57":13,"58":13,"59":13,"60":13,"61":13,"62":7476,"63":1,"64":1,"65":28,"66":28,"67":28,"68":16,"69":12,"70":26,"71":26,"72":26,"73":324,"74":324,"75":324,"76":324,"77":324,"78":271,"79":18,"80":18,"81":18,"82":18,"83":21,"84":21,"85":13,"86":13,"87":12,"88":12,"89":14,"90":14,"91":79,"92":1,"93":78,"94":1,"95":77,"96":1,"97":79,"98":31,"99":31,"100":15,"101":31,"102":59,"103":1,"104":58,"105":1,"106":59,"107":24,"108":53,"109":27,"110":1,"111":26,"112":1},"f":{"0":30,"1":3779,"2":16,"3":13,"4":7476,"5":28,"6":324},"b":{"0":[17,9],"1":[2,28],"2":[30,10],"3":[1,1],"4":[8,20],"5":[7,1],"6":[6,14],"7":[17,3762],"8":[18,3761],"9":[3702,77],"10":[620,3159],"11":[1,7475],"12":[16,12],"13":[271,53],"14":[324,214],"15":[18,21,13,12,14,79,31,59,24],"16":[1,78],"17":[1,77],"18":[1,76],"19":[15,16],"20":[1,58],"21":[1,57],"22":[27,26],"23":[1,26],"24":[1,25]},"_coverageSchema":"1a1c01bbd47fc00a2c39e90264f33305004495a9","hash":"33910ba9b4f601bf0d1142a360b64104224dfee7"}
,"/home/runner/work/cse110-w21-group13/cse110-w21-group13/source/src/scripts/script.js": {"path":"/home/runner/work/cse110-w21-group13/cse110-w21-group13/source/src/scripts/script.js","statementMap":{"0":{"start":{"line":3,"column":0},"end":{"line":41,"column":3}},"1":{"start":{"line":10,"column":4},"end":{"line":23,"column":5}},"2":{"start":{"line":11,"column":8},"end":{"line":11,"column":19}},"3":{"start":{"line":12,"column":8},"end":{"line":12,"column":15}},"4":{"start":{"line":13,"column":8},"end":{"line":13,"column":24}},"5":{"start":{"line":14,"column":8},"end":{"line":14,"column":20}},"6":{"start":{"line":15,"column":8},"end":{"line":15,"column":26}},"7":{"start":{"line":16,"column":8},"end":{"line":16,"column":61}},"8":{"start":{"line":17,"column":8},"end":{"line":17,"column":44}},"9":{"start":{"line":18,"column":8},"end":{"line":18,"column":45}},"10":{"start":{"line":19,"column":8},"end":{"line":19,"column":52}},"11":{"start":{"line":20,"column":8},"end":{"line":20,"column":45}},"12":{"start":{"line":22,"column":8},"end":{"line":22,"column":58}},"13":{"start":{"line":25,"column":4},"end":{"line":40,"column":5}},"14":{"start":{"line":25,"column":17},"end":{"line":25,"column":18}},"15":{"start":{"line":26,"column":21},"end":{"line":26,"column":56}},"16":{"start":{"line":27,"column":25},"end":{"line":27,"column":62}},"17":{"start":{"line":28,"column":19},"end":{"line":28,"column":64}},"18":{"start":{"line":29,"column":22},"end":{"line":29,"column":61}},"19":{"start":{"line":30,"column":8},"end":{"line":30,"column":45}},"20":{"start":{"line":31,"column":8},"end":{"line":31,"column":55}},"21":{"start":{"line":32,"column":8},"end":{"line":32,"column":49}},"22":{"start":{"line":33,"column":8},"end":{"line":33,"column":55}},"23":{"start":{"line":34,"column":8},"end":{"line":39,"column":9}},"24":{"start":{"line":35,"column":12},"end":{"line":35,"column":45}},"25":{"start":{"line":36,"column":12},"end":{"line":36,"column":39}},"26":{"start":{"line":38,"column":12},"end":{"line":38,"column":33}}},"fnMap":{"0":{"name":"(anonymous_0)","decl":{"start":{"line":3,"column":44},"end":{"line":3,"column":45}},"loc":{"start":{"line":3,"column":50},"end":{"line":41,"column":1}},"line":3}},"branchMap":{"0":{"loc":{"start":{"line":10,"column":4},"end":{"line":23,"column":5}},"type":"if","locations":[{"start":{"line":10,"column":4},"end":{"line":23,"column":5}},{"start":{"line":10,"column":4},"end":{"line":23,"column":5}}],"line":10},"1":{"loc":{"start":{"line":10,"column":8},"end":{"line":10,"column":85}},"type":"binary-expr","locations":[{"start":{"line":10,"column":8},"end":{"line":10,"column":46}},{"start":{"line":10,"column":50},"end":{"line":10,"column":85}}],"line":10},"2":{"loc":{"start":{"line":34,"column":8},"end":{"line":39,"column":9}},"type":"if","locations":[{"start":{"line":34,"column":8},"end":{"line":39,"column":9}},{"start":{"line":34,"column":8},"end":{"line":39,"column":9}}],"line":34}},"s":{"0":1,"1":4,"2":1,"3":1,"4":1,"5":1,"6":1,"7":1,"8":1,"9":1,"10":1,"11":1,"12":3,"13":4,"14":4,"15":5,"16":5,"17":5,"18":5,"19":5,"20":5,"21":5,"22":5,"23":5,"24":1,"25":1,"26":4},"f":{"0":4},"b":{"0":[1,3],"1":[4,3],"2":[1,4]},"_coverageSchema":"1a1c01bbd47fc00a2c39e90264f33305004495a9","hash":"8e5f7646c76b51a6481d04ba1c90dbac3a54dfbf"}
}
