TN:
SF:src/components/HelpPopUp.js
FN:9,(anonymous_0)
FN:14,(anonymous_1)
FN:211,(anonymous_2)
FN:216,(anonymous_3)
FNF:4
FNH:4
FNDA:3,(anonymous_0)
FNDA:21,(anonymous_1)
FNDA:2,(anonymous_2)
FNDA:1,(anonymous_3)
DA:10,3
DA:11,3
DA:15,21
DA:16,21
DA:17,21
DA:18,21
DA:19,21
DA:20,21
DA:21,21
DA:22,21
DA:23,21
DA:24,21
DA:25,21
DA:26,21
DA:27,21
DA:28,21
DA:29,21
DA:30,21
DA:31,21
DA:32,21
DA:33,21
DA:34,21
DA:35,21
DA:36,21
DA:37,21
DA:38,21
DA:39,21
DA:40,21
DA:41,21
DA:42,21
DA:43,21
DA:44,21
DA:46,21
DA:47,21
DA:48,21
DA:49,21
DA:50,21
DA:51,21
DA:52,21
DA:53,21
DA:54,21
DA:55,21
DA:56,21
DA:57,21
DA:58,21
DA:59,21
DA:60,21
DA:61,21
DA:63,21
DA:64,21
DA:65,21
DA:66,21
DA:67,21
DA:68,21
DA:69,21
DA:70,21
DA:71,21
DA:72,21
DA:73,21
DA:74,21
DA:75,21
DA:76,21
DA:77,21
DA:78,21
DA:79,21
DA:80,21
DA:81,21
DA:82,21
DA:83,21
DA:84,21
DA:87,21
DA:88,21
DA:89,21
DA:90,21
DA:91,21
DA:92,21
DA:93,21
DA:94,21
DA:95,21
DA:98,21
DA:99,21
DA:205,21
DA:206,21
DA:209,2
DA:211,2
DA:212,2
DA:213,2
DA:214,2
DA:215,2
DA:216,2
DA:217,1
DA:218,1
DA:219,1
DA:221,1
DA:222,1
DA:223,1
DA:225,1
LF:97
LH:97
BRF:0
BRH:0
end_of_record
TN:
SF:src/components/ResetPopUp.js
FN:9,(anonymous_0)
FN:29,(anonymous_1)
FN:34,(anonymous_2)
FN:184,(anonymous_3)
FN:189,(anonymous_4)
FNF:5
FNH:5
FNDA:3,(anonymous_0)
FNDA:6,(anonymous_1)
FNDA:22,(anonymous_2)
FNDA:1,(anonymous_3)
FNDA:1,(anonymous_4)
DA:11,3
DA:12,3
DA:13,3
DA:14,6
DA:17,3
DA:18,3
DA:19,1
DA:21,3
DA:22,3
DA:23,3
DA:24,3
DA:25,3
DA:30,6
DA:31,6
DA:35,22
DA:36,22
DA:38,22
DA:39,22
DA:41,22
DA:42,22
DA:43,22
DA:45,22
DA:46,22
DA:48,22
DA:49,22
DA:50,22
DA:52,22
DA:53,22
DA:54,22
DA:55,22
DA:56,22
DA:57,22
DA:59,22
DA:60,22
DA:62,22
DA:63,22
DA:64,22
DA:65,22
DA:66,22
DA:67,22
DA:69,22
DA:70,22
DA:178,22
DA:179,22
DA:182,2
DA:184,2
DA:185,1
DA:186,1
DA:187,1
DA:188,1
DA:189,1
DA:190,1
DA:191,1
DA:192,1
DA:194,1
DA:195,1
DA:196,1
DA:198,1
LF:58
LH:58
BRDA:18,0,0,1
BRDA:18,0,1,2
BRF:2
BRH:2
end_of_record
TN:
SF:src/components/SettingsPopUp.js
FN:10,(anonymous_0)
FN:15,(anonymous_1)
FN:44,(anonymous_2)
FN:53,(anonymous_3)
FN:58,(anonymous_4)
FN:164,onInput
FN:428,(anonymous_6)
FN:433,(anonymous_7)
FNF:8
FNH:8
FNDA:7,(anonymous_0)
FNDA:4,(anonymous_1)
FNDA:2,(anonymous_2)
FNDA:1,(anonymous_3)
FNDA:30,(anonymous_4)
FNDA:1,onInput
FNDA:1,(anonymous_6)
FNDA:1,(anonymous_7)
DA:11,7
DA:12,7
DA:16,4
DA:17,4
DA:18,1
DA:19,1
DA:21,4
DA:23,4
DA:24,4
DA:25,1
DA:26,1
DA:28,4
DA:30,4
DA:31,4
DA:32,1
DA:33,1
DA:35,4
DA:37,4
DA:38,4
DA:39,4
DA:40,4
DA:41,4
DA:45,2
DA:46,1
DA:48,1
DA:50,2
DA:54,1
DA:55,1
DA:59,30
DA:60,30
DA:62,30
DA:63,30
DA:65,30
DA:66,30
DA:67,30
DA:69,30
DA:70,30
DA:72,30
DA:73,30
DA:74,30
DA:76,30
DA:77,30
DA:79,30
DA:80,30
DA:81,30
DA:82,30
DA:83,30
DA:84,30
DA:85,30
DA:86,30
DA:87,30
DA:88,30
DA:89,30
DA:90,30
DA:91,30
DA:92,30
DA:93,30
DA:94,30
DA:95,30
DA:96,30
DA:97,30
DA:98,30
DA:99,30
DA:100,30
DA:101,30
DA:102,30
DA:103,30
DA:104,30
DA:105,30
DA:106,30
DA:107,30
DA:108,30
DA:109,30
DA:110,30
DA:111,30
DA:112,30
DA:113,30
DA:114,30
DA:116,30
DA:117,30
DA:118,30
DA:119,30
DA:120,30
DA:121,30
DA:122,30
DA:123,30
DA:124,30
DA:125,30
DA:126,2
DA:128,30
DA:129,30
DA:131,30
DA:133,30
DA:134,30
DA:135,30
DA:136,30
DA:137,30
DA:138,30
DA:139,30
DA:140,30
DA:141,30
DA:142,30
DA:143,30
DA:144,30
DA:145,30
DA:146,30
DA:147,30
DA:148,30
DA:149,30
DA:151,30
DA:152,30
DA:153,30
DA:154,30
DA:155,30
DA:156,30
DA:158,30
DA:159,30
DA:161,30
DA:162,30
DA:164,30
DA:165,1
DA:168,30
DA:169,30
DA:170,30
DA:171,30
DA:172,30
DA:173,30
DA:174,30
DA:175,30
DA:176,30
DA:177,30
DA:178,30
DA:179,30
DA:180,30
DA:181,30
DA:182,30
DA:183,30
DA:184,30
DA:185,30
DA:422,30
DA:423,30
DA:426,2
DA:428,2
DA:429,1
DA:430,1
DA:431,1
DA:432,1
DA:433,1
DA:434,1
DA:435,1
DA:436,1
DA:438,1
DA:439,1
DA:440,1
DA:442,1
LF:155
LH:155
BRDA:17,0,0,1
BRDA:17,0,1,3
BRDA:24,1,0,1
BRDA:24,1,1,3
BRDA:31,2,0,1
BRDA:31,2,1,3
BRDA:45,3,0,1
BRDA:45,3,1,1
BRDA:125,4,0,2
BRDA:125,4,1,28
BRF:10
BRH:10
end_of_record
TN:
SF:src/components/TaskItem.js
FN:10,(anonymous_0)
FN:16,(anonymous_1)
FN:24,(anonymous_2)
FN:27,(anonymous_3)
FN:40,(anonymous_4)
FN:45,(anonymous_5)
FN:71,(anonymous_6)
FN:98,(anonymous_7)
FN:110,(anonymous_8)
FN:237,(anonymous_9)
FN:241,(anonymous_10)
FNF:11
FNH:11
FNDA:8,(anonymous_0)
FNDA:13,(anonymous_1)
FNDA:9,(anonymous_2)
FNDA:11,(anonymous_3)
FNDA:10,(anonymous_4)
FNDA:11,(anonymous_5)
FNDA:2,(anonymous_6)
FNDA:1,(anonymous_7)
FNDA:43,(anonymous_8)
FNDA:4,(anonymous_9)
FNDA:41,(anonymous_10)
DA:11,8
DA:13,8
DA:14,8
DA:16,13
DA:17,8
DA:18,6
DA:19,6
DA:25,9
DA:27,11
DA:28,9
DA:30,9
DA:32,9
DA:33,9
DA:34,6
DA:35,6
DA:41,10
DA:43,10
DA:44,10
DA:45,11
DA:46,10
DA:47,10
DA:48,10
DA:51,10
DA:53,3
DA:54,3
DA:56,3
DA:57,3
DA:59,3
DA:61,3
DA:62,2
DA:63,2
DA:64,2
DA:67,4
DA:68,1
DA:69,1
DA:70,1
DA:71,2
DA:72,1
DA:73,1
DA:74,1
DA:75,1
DA:79,2
DA:80,1
DA:82,1
DA:87,7
DA:88,7
DA:89,7
DA:90,7
DA:92,7
DA:93,6
DA:95,1
DA:96,1
DA:97,1
DA:98,1
DA:99,1
DA:100,1
DA:102,1
DA:105,7
DA:111,43
DA:112,43
DA:118,43
DA:119,43
DA:120,43
DA:121,43
DA:122,43
DA:123,43
DA:124,43
DA:126,43
DA:127,43
DA:128,43
DA:129,43
DA:130,43
DA:132,43
DA:134,43
DA:135,43
DA:136,43
DA:137,43
DA:139,43
DA:141,43
DA:142,43
DA:233,43
DA:234,43
DA:238,4
DA:242,41
DA:243,41
DA:244,41
DA:248,4
LF:87
LH:87
BRDA:16,0,0,13
BRDA:16,0,1,6
BRDA:17,1,0,6
BRDA:17,1,1,2
BRDA:27,2,0,11
BRDA:27,2,1,2
BRDA:33,3,0,6
BRDA:33,3,1,3
BRDA:45,4,0,11
BRDA:45,4,1,10
BRDA:51,5,0,3
BRDA:51,5,1,7
BRDA:61,6,0,2
BRDA:61,6,1,1
BRDA:67,7,0,1
BRDA:67,7,1,3
BRDA:71,8,0,2
BRDA:71,8,1,1
BRDA:79,9,0,1
BRDA:79,9,1,1
BRDA:92,10,0,6
BRDA:92,10,1,1
BRDA:98,11,0,1
BRDA:98,11,1,1
BRF:24
BRH:24
end_of_record
TN:
SF:src/components/TaskPopUp.js
FN:12,(anonymous_0)
FN:43,(anonymous_1)
FN:51,(anonymous_2)
FN:217,(anonymous_3)
FN:222,(anonymous_4)
FNF:5
FNH:5
FNDA:3,(anonymous_0)
FNDA:5,(anonymous_1)
FNDA:24,(anonymous_2)
FNDA:1,(anonymous_3)
FNDA:1,(anonymous_4)
DA:13,3
DA:14,3
DA:15,3
DA:17,2
DA:23,2
DA:24,2
DA:25,2
DA:26,2
DA:27,2
DA:28,2
DA:30,2
DA:31,2
DA:32,2
DA:33,2
DA:34,2
DA:35,2
DA:36,2
DA:38,2
DA:44,5
DA:45,5
DA:46,5
DA:47,5
DA:52,24
DA:53,24
DA:55,24
DA:56,24
DA:58,24
DA:59,24
DA:60,24
DA:61,24
DA:62,24
DA:64,24
DA:65,24
DA:66,24
DA:67,24
DA:68,24
DA:69,24
DA:71,24
DA:72,24
DA:73,24
DA:74,24
DA:75,24
DA:76,24
DA:78,24
DA:79,24
DA:81,24
DA:82,24
DA:83,24
DA:84,24
DA:85,24
DA:86,24
DA:88,24
DA:89,24
DA:211,24
DA:212,24
DA:215,2
DA:217,2
DA:218,1
DA:219,1
DA:220,1
DA:221,1
DA:222,1
DA:223,1
DA:224,1
DA:225,1
DA:227,1
DA:228,1
DA:229,1
DA:231,1
DA:232,1
LF:70
LH:70
BRDA:15,0,0,2
BRDA:15,0,1,1
BRF:2
BRH:2
end_of_record
TN:
SF:src/scripts/FocusMode.js
FN:5,toggleState
FNF:1
FNH:1
FNDA:21,toggleState
DA:8,21
DA:9,21
DA:10,21
DA:12,21
DA:13,21
DA:14,21
DA:15,21
DA:16,10
DA:18,11
DA:19,11
DA:20,11
DA:21,1
DA:26,4
DA:27,4
LF:14
LH:14
BRDA:15,0,0,10
BRDA:15,0,1,11
BRDA:20,1,0,1
BRDA:20,1,1,10
BRF:4
BRH:4
end_of_record
TN:
SF:src/scripts/Timer.js
FN:27,switchMode
FN:62,timerFunction
FN:96,start
FN:104,stop
FN:116,stopChecker
FN:127,startAndStopButton
FN:141,(anonymous_6)
FNF:7
FNH:7
FNDA:30,switchMode
FNDA:3779,timerFunction
FNDA:16,start
FNDA:13,stop
FNDA:7476,stopChecker
FNDA:28,startAndStopButton
FNDA:324,(anonymous_6)
DA:1,26
DA:2,26
DA:3,26
DA:4,26
DA:5,26
DA:7,26
DA:8,26
DA:11,26
DA:12,17
DA:13,17
DA:14,17
DA:16,26
DA:17,26
DA:18,26
DA:20,26
DA:28,30
DA:29,30
DA:31,30
DA:32,2
DA:33,2
DA:34,1
DA:35,1
DA:37,2
DA:38,2
DA:39,28
DA:40,8
DA:41,8
DA:42,7
DA:43,7
DA:45,8
DA:46,8
DA:48,20
DA:49,20
DA:50,6
DA:51,6
DA:53,20
DA:63,3779
DA:65,3779
DA:66,17
DA:67,17
DA:70,3779
DA:71,18
DA:73,18
DA:76,3779
DA:77,3779
DA:79,3779
DA:80,3702
DA:82,77
DA:83,77
DA:86,3779
DA:87,620
DA:90,3779
DA:97,16
DA:98,16
DA:105,13
DA:106,13
DA:107,13
DA:108,13
DA:109,13
DA:110,13
DA:111,13
DA:112,13
DA:117,7476
DA:118,1
DA:119,1
DA:128,28
DA:129,28
DA:130,28
DA:131,16
DA:133,12
DA:137,26
DA:139,26
DA:141,26
DA:142,324
DA:143,324
DA:144,324
DA:145,324
DA:146,324
DA:147,271
DA:149,18
DA:150,18
DA:151,18
DA:152,18
DA:154,21
DA:155,21
DA:157,13
DA:158,13
DA:160,12
DA:161,12
DA:163,14
DA:164,14
DA:166,79
DA:167,1
DA:168,78
DA:169,1
DA:170,77
DA:171,1
DA:173,79
DA:175,31
DA:176,31
DA:177,31
DA:180,59
DA:181,1
DA:182,58
DA:183,1
DA:185,59
DA:187,24
DA:189,53
DA:190,27
DA:191,1
DA:192,26
DA:193,1
LF:112
LH:112
BRDA:11,0,0,17
BRDA:11,0,1,9
BRDA:31,1,0,2
BRDA:31,1,1,28
BRDA:31,2,0,30
BRDA:31,2,1,10
BRDA:33,3,0,1
BRDA:33,3,1,1
BRDA:39,4,0,8
BRDA:39,4,1,20
BRDA:41,5,0,7
BRDA:41,5,1,1
BRDA:49,6,0,6
BRDA:49,6,1,14
BRDA:65,7,0,17
BRDA:65,7,1,3762
BRDA:70,8,0,18
BRDA:70,8,1,3761
BRDA:79,9,0,3702
BRDA:79,9,1,77
BRDA:86,10,0,620
BRDA:86,10,1,3159
BRDA:117,11,0,1
BRDA:117,11,1,7475
BRDA:130,12,0,16
BRDA:130,12,1,12
BRDA:146,13,0,271
BRDA:146,13,1,53
BRDA:146,14,0,324
BRDA:146,14,1,214
BRDA:147,15,0,18
BRDA:147,15,1,21
BRDA:147,15,2,13
BRDA:147,15,3,12
BRDA:147,15,4,14
BRDA:147,15,5,79
BRDA:147,15,6,31
BRDA:147,15,7,59
BRDA:147,15,8,24
BRDA:166,16,0,1
BRDA:166,16,1,78
BRDA:168,17,0,1
BRDA:168,17,1,77
BRDA:170,18,0,1
BRDA:170,18,1,76
BRDA:176,19,0,15
BRDA:176,19,1,16
BRDA:180,20,0,1
BRDA:180,20,1,58
BRDA:182,21,0,1
BRDA:182,21,1,57
BRDA:189,22,0,27
BRDA:189,22,1,26
BRDA:190,23,0,1
BRDA:190,23,1,26
BRDA:192,24,0,1
BRDA:192,24,1,25
BRF:57
BRH:57
end_of_record
TN:
SF:src/scripts/script.js
FN:3,(anonymous_0)
FNF:1
FNH:1
FNDA:4,(anonymous_0)
DA:3,1
DA:10,4
DA:11,1
DA:12,1
DA:13,1
DA:14,1
DA:15,1
DA:16,1
DA:17,1
DA:18,1
DA:19,1
DA:20,1
DA:22,3
DA:25,4
DA:26,5
DA:27,5
DA:28,5
DA:29,5
DA:30,5
DA:31,5
DA:32,5
DA:33,5
DA:34,5
DA:35,1
DA:36,1
DA:38,4
LF:26
LH:26
BRDA:10,0,0,1
BRDA:10,0,1,3
BRDA:10,1,0,4
BRDA:10,1,1,3
BRDA:10,1,2,3
BRDA:10,1,3,3
BRDA:10,1,4,3
BRDA:34,2,0,1
BRDA:34,2,1,4
BRF:9
BRH:9
end_of_record
