TN:
SF:source/src/components/HelpPopUp.js
FN:9,(anonymous_0)
FN:15,(anonymous_1)
FN:21,(anonymous_2)
FN:40,(anonymous_3)
FN:54,(anonymous_4)
FN:65,init
FN:67,(anonymous_6)
FN:76,(anonymous_7)
FNF:8
FNH:7
FNDA:18,(anonymous_0)
FNDA:2,(anonymous_1)
FNDA:20,(anonymous_2)
FNDA:20,(anonymous_3)
FNDA:18,(anonymous_4)
FNDA:20,init
FNDA:18,(anonymous_6)
FNDA:0,(anonymous_7)
DA:10,18
DA:11,18
DA:16,2
DA:17,2
DA:22,20
DA:23,20
DA:24,20
DA:25,20
DA:27,20
DA:29,20
DA:41,20
DA:42,0
DA:45,20
DA:47,20
DA:48,20
DA:50,20
DA:55,18
DA:57,18
DA:58,18
DA:60,18
DA:63,2
DA:66,20
DA:67,20
DA:68,18
DA:69,18
DA:70,18
DA:71,18
DA:72,0
DA:75,18
DA:76,18
DA:77,0
DA:79,18
DA:83,2
DA:84,0
DA:86,2
LF:35
LH:31
BRDA:41,0,0,0
BRDA:41,0,1,20
BRDA:71,1,0,0
BRDA:71,1,1,18
BRDA:83,2,0,0
BRDA:83,2,1,2
BRF:6
BRH:3
end_of_record
TN:
SF:source/src/components/ResetPopUp.js
FN:9,(anonymous_0)
FN:31,(anonymous_1)
FN:37,(anonymous_2)
FN:59,(anonymous_3)
FN:72,(anonymous_4)
FN:82,init
FN:85,(anonymous_6)
FNF:7
FNH:7
FNDA:3,(anonymous_0)
FNDA:5,(anonymous_1)
FNDA:22,(anonymous_2)
FNDA:22,(anonymous_3)
FNDA:20,(anonymous_4)
FNDA:19,init
FNDA:18,(anonymous_6)
DA:11,3
DA:12,3
DA:13,3
DA:14,6
DA:17,3
DA:18,3
DA:19,2
DA:21,3
DA:22,3
DA:23,3
DA:24,3
DA:25,0
DA:27,3
DA:32,5
DA:33,5
DA:38,22
DA:39,22
DA:40,22
DA:41,22
DA:43,22
DA:48,22
DA:60,22
DA:61,0
DA:64,22
DA:65,22
DA:67,22
DA:68,22
DA:73,20
DA:74,20
DA:76,20
DA:77,20
DA:80,2
DA:83,19
DA:84,19
DA:85,19
DA:86,18
DA:87,18
DA:88,18
DA:89,0
DA:92,18
DA:93,18
DA:94,0
DA:96,18
DA:100,2
DA:101,1
DA:103,1
LF:46
LH:42
BRDA:18,0,0,2
BRDA:18,0,1,1
BRDA:24,1,0,0
BRDA:24,1,1,3
BRDA:60,2,0,0
BRDA:60,2,1,22
BRDA:88,3,0,0
BRDA:88,3,1,18
BRDA:100,4,0,1
BRDA:100,4,1,1
BRF:10
BRH:7
end_of_record
TN:
SF:source/src/components/SettingsPopUp.js
FN:9,(anonymous_0)
FN:15,(anonymous_1)
FN:75,(anonymous_2)
FN:120,(anonymous_3)
FN:125,(anonymous_4)
FN:134,(anonymous_5)
FN:148,(anonymous_6)
FN:159,(anonymous_7)
FN:165,(anonymous_8)
FN:172,(anonymous_9)
FN:209,(anonymous_10)
FN:271,(anonymous_11)
FN:295,init
FN:298,(anonymous_13)
FNF:14
FNH:12
FNDA:8,(anonymous_0)
FNDA:2,(anonymous_1)
FNDA:8,(anonymous_2)
FNDA:2,(anonymous_3)
FNDA:0,(anonymous_4)
FNDA:0,(anonymous_5)
FNDA:2,(anonymous_6)
FNDA:1,(anonymous_7)
FNDA:33,(anonymous_8)
FNDA:33,(anonymous_9)
FNDA:32,(anonymous_10)
FNDA:30,(anonymous_11)
FNDA:19,init
FNDA:18,(anonymous_13)
DA:10,8
DA:11,8
DA:16,2
DA:18,2
DA:19,0
DA:20,0
DA:21,2
DA:22,0
DA:23,0
DA:26,2
DA:27,2
DA:28,2
DA:29,0
DA:30,0
DA:31,0
DA:32,0
DA:34,0
DA:35,0
DA:39,2
DA:40,2
DA:41,2
DA:42,0
DA:43,0
DA:44,0
DA:45,0
DA:47,0
DA:51,2
DA:52,2
DA:53,2
DA:54,0
DA:55,0
DA:56,0
DA:57,0
DA:59,0
DA:63,2
DA:64,2
DA:65,2
DA:66,2
DA:67,2
DA:68,2
DA:70,2
DA:71,2
DA:76,8
DA:77,8
DA:78,1
DA:79,1
DA:81,8
DA:83,8
DA:84,8
DA:85,1
DA:86,1
DA:88,8
DA:90,8
DA:91,8
DA:92,1
DA:93,1
DA:95,8
DA:97,8
DA:98,8
DA:99,8
DA:100,0
DA:102,8
DA:104,8
DA:105,1
DA:107,7
DA:111,8
DA:112,8
DA:113,8
DA:114,8
DA:115,8
DA:121,2
DA:126,0
DA:127,0
DA:129,0
DA:135,0
DA:136,0
DA:138,0
DA:149,2
DA:150,2
DA:151,1
DA:152,1
DA:154,1
DA:160,1
DA:161,1
DA:166,33
DA:167,33
DA:168,33
DA:173,33
DA:174,33
DA:175,33
DA:176,33
DA:178,33
DA:180,33
DA:211,32
DA:212,0
DA:215,32
DA:216,32
DA:218,32
DA:219,32
DA:222,32
DA:224,32
DA:225,32
DA:226,32
DA:228,32
DA:229,32
DA:230,32
DA:232,32
DA:233,32
DA:234,2
DA:236,32
DA:237,32
DA:239,32
DA:240,32
DA:241,12
DA:243,32
DA:244,32
DA:246,32
DA:247,32
DA:248,32
DA:249,32
DA:250,32
DA:252,32
DA:253,32
DA:254,0
DA:256,32
DA:257,32
DA:259,32
DA:260,32
DA:261,0
DA:263,32
DA:264,32
DA:266,32
DA:267,32
DA:272,30
DA:273,30
DA:275,30
DA:276,30
DA:278,30
DA:279,30
DA:280,30
DA:282,30
DA:283,30
DA:285,30
DA:286,30
DA:288,30
DA:289,30
DA:293,2
DA:296,19
DA:297,19
DA:298,19
DA:299,18
DA:300,18
DA:301,18
DA:302,0
DA:305,18
DA:306,18
DA:307,0
DA:309,18
DA:313,2
DA:314,1
DA:316,1
LF:161
LH:129
BRDA:18,0,0,0
BRDA:18,0,1,2
BRDA:18,1,0,2
BRDA:18,1,1,1
BRDA:21,2,0,0
BRDA:21,2,1,2
BRDA:21,3,0,2
BRDA:21,3,1,0
BRDA:28,4,0,0
BRDA:28,4,1,2
BRDA:31,5,0,0
BRDA:31,5,1,0
BRDA:41,6,0,0
BRDA:41,6,1,2
BRDA:44,7,0,0
BRDA:44,7,1,0
BRDA:53,8,0,0
BRDA:53,8,1,2
BRDA:56,9,0,0
BRDA:56,9,1,0
BRDA:77,10,0,1
BRDA:77,10,1,7
BRDA:84,11,0,1
BRDA:84,11,1,7
BRDA:91,12,0,1
BRDA:91,12,1,7
BRDA:99,13,0,0
BRDA:99,13,1,8
BRDA:104,14,0,1
BRDA:104,14,1,7
BRDA:126,15,0,0
BRDA:126,15,1,0
BRDA:135,16,0,0
BRDA:135,16,1,0
BRDA:150,17,0,1
BRDA:150,17,1,1
BRDA:211,18,0,0
BRDA:211,18,1,32
BRDA:233,19,0,2
BRDA:233,19,1,30
BRDA:240,20,0,12
BRDA:240,20,1,20
BRDA:253,21,0,0
BRDA:253,21,1,32
BRDA:260,22,0,0
BRDA:260,22,1,32
BRDA:301,23,0,0
BRDA:301,23,1,18
BRDA:313,24,0,1
BRDA:313,24,1,1
BRF:50
BRH:29
end_of_record
TN:
SF:source/src/components/TaskItem.js
FN:9,(anonymous_0)
FN:15,(anonymous_1)
FN:44,(anonymous_2)
FN:47,(anonymous_3)
FN:60,(anonymous_4)
FN:69,(anonymous_5)
FN:95,(anonymous_6)
FN:122,(anonymous_7)
FN:135,(anonymous_8)
FN:156,(anonymous_9)
FN:180,(anonymous_10)
FN:190,(anonymous_11)
FN:201,(anonymous_12)
FNF:13
FNH:13
FNDA:5,(anonymous_0)
FNDA:8,(anonymous_1)
FNDA:10,(anonymous_2)
FNDA:11,(anonymous_3)
FNDA:10,(anonymous_4)
FNDA:11,(anonymous_5)
FNDA:2,(anonymous_6)
FNDA:1,(anonymous_7)
FNDA:43,(anonymous_8)
FNDA:54,(anonymous_9)
FNDA:49,(anonymous_10)
FNDA:4,(anonymous_11)
FNDA:41,(anonymous_12)
DA:10,5
DA:12,5
DA:13,5
DA:15,8
DA:16,5
DA:17,5
DA:20,5
DA:21,1
DA:23,4
DA:27,5
DA:28,4
DA:30,1
DA:34,5
DA:37,5
DA:38,1
DA:45,10
DA:47,11
DA:48,10
DA:50,10
DA:52,10
DA:53,10
DA:54,6
DA:55,6
DA:62,10
DA:63,9
DA:67,10
DA:68,10
DA:69,11
DA:70,10
DA:71,10
DA:72,10
DA:75,10
DA:77,3
DA:78,3
DA:80,3
DA:81,3
DA:83,3
DA:85,3
DA:86,2
DA:87,2
DA:88,2
DA:91,4
DA:92,1
DA:93,1
DA:94,1
DA:95,2
DA:96,1
DA:97,1
DA:98,1
DA:99,1
DA:103,2
DA:104,1
DA:106,1
DA:111,7
DA:112,7
DA:113,7
DA:114,7
DA:116,7
DA:117,6
DA:120,1
DA:121,1
DA:122,1
DA:123,1
DA:124,1
DA:127,1
DA:130,7
DA:136,43
DA:137,43
DA:138,43
DA:139,43
DA:140,43
DA:142,43
DA:157,54
DA:158,0
DA:166,54
DA:171,54
DA:172,54
DA:174,54
DA:176,54
DA:181,49
DA:183,49
DA:184,49
DA:185,49
DA:186,49
DA:191,4
DA:202,41
DA:206,4
LF:87
LH:86
BRDA:15,0,0,8
BRDA:15,0,1,5
BRDA:16,1,0,5
BRDA:16,1,1,0
BRDA:20,2,0,1
BRDA:20,2,1,4
BRDA:27,3,0,4
BRDA:27,3,1,1
BRDA:37,4,0,1
BRDA:37,4,1,4
BRDA:37,5,0,5
BRDA:37,5,1,1
BRDA:47,6,0,11
BRDA:47,6,1,2
BRDA:53,7,0,6
BRDA:53,7,1,4
BRDA:62,8,0,9
BRDA:62,8,1,1
BRDA:69,9,0,11
BRDA:69,9,1,10
BRDA:75,10,0,3
BRDA:75,10,1,7
BRDA:85,11,0,2
BRDA:85,11,1,1
BRDA:91,12,0,1
BRDA:91,12,1,3
BRDA:95,13,0,2
BRDA:95,13,1,1
BRDA:103,14,0,1
BRDA:103,14,1,1
BRDA:116,15,0,6
BRDA:116,15,1,1
BRDA:157,16,0,0
BRDA:157,16,1,54
BRF:34
BRH:32
end_of_record
TN:
SF:source/src/components/TaskPopUp.js
FN:9,(anonymous_0)
FN:49,(anonymous_1)
FN:57,(anonymous_2)
FN:75,(anonymous_3)
FN:87,(anonymous_4)
FN:98,init
FN:101,(anonymous_6)
FNF:7
FNH:7
FNDA:3,(anonymous_0)
FNDA:4,(anonymous_1)
FNDA:23,(anonymous_2)
FNDA:19,(anonymous_3)
FNDA:17,(anonymous_4)
FNDA:19,init
FNDA:1,(anonymous_6)
DA:10,3
DA:11,3
DA:12,3
DA:14,2
DA:20,2
DA:21,2
DA:22,2
DA:23,2
DA:24,2
DA:25,2
DA:27,2
DA:28,0
DA:30,2
DA:32,2
DA:34,2
DA:35,2
DA:36,2
DA:37,2
DA:38,2
DA:39,2
DA:40,2
DA:41,0
DA:44,2
DA:50,4
DA:51,4
DA:52,4
DA:53,4
DA:58,23
DA:59,23
DA:60,23
DA:61,23
DA:62,23
DA:64,23
DA:76,19
DA:77,0
DA:79,19
DA:80,19
DA:82,19
DA:83,19
DA:88,17
DA:89,17
DA:91,17
DA:92,17
DA:96,2
DA:99,19
DA:100,19
DA:101,19
DA:102,1
DA:103,1
DA:104,1
DA:105,0
DA:108,1
DA:109,1
DA:110,0
DA:112,1
DA:113,1
DA:117,2
DA:118,1
DA:120,1
LF:59
LH:54
BRDA:12,0,0,2
BRDA:12,0,1,1
BRDA:27,1,0,0
BRDA:27,1,1,2
BRDA:40,2,0,0
BRDA:40,2,1,2
BRDA:76,3,0,0
BRDA:76,3,1,19
BRDA:104,4,0,0
BRDA:104,4,1,1
BRDA:117,5,0,1
BRDA:117,5,1,1
BRF:12
BRH:8
end_of_record
TN:
SF:source/src/scripts/FocusMode.js
FN:5,toggleState
FN:39,(anonymous_1)
FNF:2
FNH:2
FNDA:29,toggleState
FNDA:21,(anonymous_1)
DA:8,29
DA:9,29
DA:10,29
DA:11,29
DA:13,29
DA:14,29
DA:15,29
DA:16,29
DA:17,29
DA:18,14
DA:19,14
DA:21,15
DA:22,15
DA:23,15
DA:24,15
DA:25,1
DA:30,29
DA:31,29
DA:32,29
DA:33,0
DA:39,2
DA:40,21
DA:41,21
LF:23
LH:22
BRDA:17,0,0,14
BRDA:17,0,1,15
BRDA:24,1,0,1
BRDA:24,1,1,14
BRDA:32,2,0,0
BRDA:32,2,1,29
BRF:6
BRH:5
end_of_record
TN:
SF:source/src/scripts/Timer.js
FN:70,togglePomoButtonOff
FN:80,togglePomoButtonOn
FN:91,updateTabLabel
FN:104,switchMode
FN:153,toggleState
FN:181,(anonymous_5)
FN:221,timerFunction
FN:255,createTimerWorker
FN:258,(anonymous_8)
FN:281,start
FN:291,(anonymous_10)
FN:295,(anonymous_11)
FN:296,waitUntilReady
FN:315,stop
FN:345,stopChecker
FN:356,(anonymous_15)
FN:375,(anonymous_16)
FN:387,(anonymous_17)
FNF:18
FNH:10
FNDA:18,togglePomoButtonOff
FNDA:31,togglePomoButtonOn
FNDA:5930,updateTabLabel
FNDA:49,switchMode
FNDA:0,toggleState
FNDA:0,(anonymous_5)
FNDA:5840,timerFunction
FNDA:0,createTimerWorker
FNDA:0,(anonymous_8)
FNDA:23,start
FNDA:0,(anonymous_10)
FNDA:0,(anonymous_11)
FNDA:0,waitUntilReady
FNDA:18,stop
FNDA:115529,stopChecker
FNDA:40,(anonymous_15)
FNDA:0,(anonymous_16)
FNDA:400,(anonymous_17)
DA:6,30
DA:7,30
DA:8,30
DA:9,30
DA:10,30
DA:11,30
DA:12,30
DA:24,30
DA:31,30
DA:38,30
DA:43,30
DA:44,30
DA:45,17
DA:46,17
DA:50,30
DA:51,30
DA:52,17
DA:53,17
DA:57,30
DA:58,30
DA:59,17
DA:60,17
DA:63,30
DA:71,18
DA:72,18
DA:81,31
DA:82,31
DA:92,5930
DA:93,5930
DA:94,18
DA:95,5912
DA:96,3395
DA:105,49
DA:106,49
DA:108,49
DA:109,49
DA:114,49
DA:115,18
DA:116,18
DA:118,18
DA:119,4
DA:120,4
DA:121,4
DA:122,4
DA:124,14
DA:125,14
DA:126,14
DA:127,14
DA:129,18
DA:131,31
DA:132,31
DA:133,31
DA:134,31
DA:135,31
DA:136,31
DA:139,49
DA:142,0
DA:144,49
DA:145,49
DA:146,49
DA:155,0
DA:156,0
DA:157,0
DA:158,0
DA:159,0
DA:160,0
DA:161,0
DA:162,0
DA:164,0
DA:165,0
DA:166,0
DA:168,0
DA:169,0
DA:170,0
DA:171,0
DA:172,0
DA:181,30
DA:182,0
DA:183,0
DA:186,0
DA:189,0
DA:190,0
DA:191,0
DA:192,0
DA:194,0
DA:196,0
DA:198,0
DA:199,0
DA:200,0
DA:201,0
DA:203,0
DA:204,0
DA:205,0
DA:206,0
DA:208,0
DA:211,0
DA:213,0
DA:214,0
DA:222,5840
DA:224,5840
DA:225,31
DA:226,31
DA:229,5840
DA:230,33
DA:231,33
DA:232,0
DA:236,5840
DA:237,5840
DA:239,5840
DA:240,5724
DA:242,116
DA:243,116
DA:246,5840
DA:247,5840
DA:248,5840
DA:256,0
DA:258,0
DA:259,0
DA:260,0
DA:261,0
DA:262,0
DA:263,0
DA:264,0
DA:265,0
DA:269,0
DA:270,0
DA:272,0
DA:276,30
DA:283,23
DA:284,0
DA:287,23
DA:288,0
DA:289,0
DA:291,0
DA:292,0
DA:295,0
DA:296,0
DA:297,0
DA:298,0
DA:301,0
DA:303,23
DA:304,23
DA:306,23
DA:307,23
DA:308,23
DA:309,23
DA:316,18
DA:317,18
DA:318,18
DA:320,18
DA:321,0
DA:324,18
DA:325,18
DA:326,0
DA:329,18
DA:331,18
DA:332,18
DA:333,18
DA:334,18
DA:335,18
DA:336,18
DA:337,18
DA:338,18
DA:339,18
DA:346,115529
DA:347,1
DA:348,1
DA:356,30
DA:357,40
DA:358,40
DA:359,0
DA:361,40
DA:362,23
DA:364,17
DA:369,30
DA:375,30
DA:376,0
DA:377,0
DA:378,0
DA:387,30
DA:388,400
DA:389,400
DA:390,400
DA:391,400
DA:392,400
DA:393,321
DA:395,26
DA:396,26
DA:397,0
DA:399,26
DA:400,26
DA:402,29
DA:403,29
DA:405,17
DA:406,17
DA:408,16
DA:409,16
DA:411,18
DA:412,18
DA:414,95
DA:415,1
DA:416,94
DA:417,1
DA:418,93
DA:419,1
DA:421,95
DA:424,21
DA:425,21
DA:426,21
DA:429,71
DA:430,1
DA:431,70
DA:432,1
DA:434,71
DA:436,28
DA:438,79
DA:439,49
DA:440,1
DA:441,48
DA:442,1
LF:220
LH:152
BRDA:44,0,0,17
BRDA:44,0,1,13
BRDA:51,1,0,17
BRDA:51,1,1,13
BRDA:58,2,0,17
BRDA:58,2,1,13
BRDA:93,3,0,18
BRDA:93,3,1,5912
BRDA:95,4,0,3395
BRDA:95,4,1,2517
BRDA:114,5,0,18
BRDA:114,5,1,31
BRDA:118,6,0,4
BRDA:118,6,1,14
BRDA:139,7,0,0
BRDA:139,7,1,49
BRDA:164,8,0,0
BRDA:164,8,1,0
BRDA:171,9,0,0
BRDA:171,9,1,0
BRDA:182,10,0,0
BRDA:182,10,1,0
BRDA:189,11,0,0
BRDA:189,11,1,0
BRDA:191,12,0,0
BRDA:191,12,1,0
BRDA:191,13,0,0
BRDA:191,13,1,0
BRDA:205,14,0,0
BRDA:205,14,1,0
BRDA:224,15,0,31
BRDA:224,15,1,5809
BRDA:229,16,0,33
BRDA:229,16,1,5807
BRDA:231,17,0,0
BRDA:231,17,1,33
BRDA:239,18,0,5724
BRDA:239,18,1,116
BRDA:260,19,0,0
BRDA:260,19,1,0
BRDA:262,20,0,0
BRDA:262,20,1,0
BRDA:264,21,0,0
BRDA:264,21,1,0
BRDA:276,22,0,0
BRDA:276,22,1,30
BRDA:283,23,0,0
BRDA:283,23,1,23
BRDA:287,24,0,0
BRDA:287,24,1,23
BRDA:320,25,0,0
BRDA:320,25,1,18
BRDA:325,26,0,0
BRDA:325,26,1,18
BRDA:346,27,0,1
BRDA:346,27,1,115528
BRDA:358,28,0,0
BRDA:358,28,1,40
BRDA:361,29,0,23
BRDA:361,29,1,17
BRDA:377,30,0,0
BRDA:377,30,1,0
BRDA:377,31,0,0
BRDA:377,31,1,0
BRDA:377,31,2,0
BRDA:392,32,0,321
BRDA:392,32,1,79
BRDA:392,33,0,400
BRDA:392,33,1,375
BRDA:393,34,0,26
BRDA:393,34,1,29
BRDA:393,34,2,17
BRDA:393,34,3,16
BRDA:393,34,4,18
BRDA:393,34,5,95
BRDA:393,34,6,21
BRDA:393,34,7,71
BRDA:393,34,8,28
BRDA:396,35,0,0
BRDA:396,35,1,26
BRDA:414,36,0,1
BRDA:414,36,1,94
BRDA:416,37,0,1
BRDA:416,37,1,93
BRDA:418,38,0,1
BRDA:418,38,1,92
BRDA:425,39,0,1
BRDA:425,39,1,20
BRDA:429,40,0,1
BRDA:429,40,1,70
BRDA:431,41,0,1
BRDA:431,41,1,69
BRDA:438,42,0,49
BRDA:438,42,1,30
BRDA:439,43,0,1
BRDA:439,43,1,48
BRDA:441,44,0,1
BRDA:441,44,1,47
BRF:98
BRH:64
end_of_record
TN:
SF:source/src/scripts/script.js
FN:1,initializeLocalStorage
FN:20,(anonymous_1)
FN:27,getTasks
FN:34,showInComplete
FN:57,showCompleted
FN:77,buildTaskList
FN:80,(anonymous_6)
FN:82,(anonymous_7)
FN:94,(anonymous_8)
FN:105,(anonymous_9)
FNF:10
FNH:10
FNDA:1,initializeLocalStorage
FNDA:15,(anonymous_1)
FNDA:6,getTasks
FNDA:6,showInComplete
FNDA:1,showCompleted
FNDA:6,buildTaskList
FNDA:8,(anonymous_6)
FNDA:32,(anonymous_7)
FNDA:6,(anonymous_8)
FNDA:8,(anonymous_9)
DA:1,1
DA:2,1
DA:20,1
DA:21,15
DA:22,15
DA:28,6
DA:36,6
DA:37,6
DA:38,6
DA:41,6
DA:42,6
DA:45,6
DA:46,7
DA:47,5
DA:49,2
DA:59,1
DA:60,1
DA:61,1
DA:64,1
DA:65,1
DA:68,1
DA:69,2
DA:70,1
DA:72,1
DA:78,6
DA:80,6
DA:81,8
DA:82,8
DA:83,32
DA:85,8
DA:86,8
DA:89,6
DA:94,1
DA:95,6
DA:96,6
DA:98,6
DA:99,6
DA:100,6
DA:101,6
DA:103,6
DA:104,6
DA:105,6
DA:106,8
DA:107,1
DA:108,1
DA:109,1
DA:111,7
DA:115,6
DA:116,1
DA:119,6
DA:120,6
DA:121,6
DA:123,0
DA:127,6
DA:130,6
DA:131,6
LF:56
LH:55
BRDA:21,0,0,15
BRDA:21,0,1,0
BRDA:46,1,0,5
BRDA:46,1,1,2
BRDA:69,2,0,1
BRDA:69,2,1,1
BRDA:106,3,0,1
BRDA:106,3,1,7
BRDA:115,4,0,1
BRDA:115,4,1,5
BRDA:120,5,0,6
BRDA:120,5,1,0
BRF:12
BRH:10
end_of_record
TN:
SF:source/tests/Constants.js
FNF:0
FNH:0
DA:1,7
DA:6,7
DA:11,7
DA:16,7
DA:21,7
DA:26,7
LF:6
LH:6
BRF:0
BRH:0
end_of_record
TN:
SF:source/tests/utils.js
FN:13,addTemplates
FN:19,(anonymous_1)
FN:23,(anonymous_2)
FN:24,(anonymous_3)
FN:29,(anonymous_4)
FN:29,(anonymous_5)
FN:30,(anonymous_6)
FN:40,dispatchDOMLoadedEvent
FNF:8
FNH:6
FNDA:8,addTemplates
FNDA:13,(anonymous_1)
FNDA:13,(anonymous_2)
FNDA:0,(anonymous_3)
FNDA:8,(anonymous_4)
FNDA:5,(anonymous_5)
FNDA:0,(anonymous_6)
FNDA:29,dispatchDOMLoadedEvent
DA:1,8
DA:2,8
DA:17,8
DA:19,8
DA:20,13
DA:21,13
DA:23,13
DA:24,0
DA:28,8
DA:29,8
DA:30,0
DA:32,8
DA:41,29
LF:13
LH:11
BRDA:13,0,0,0
BRF:1
BRH:0
end_of_record
