{
  "D:\\学习\\21WI\\CSE110\\cse110-w21-group13\\source\\src\\scripts\\script.js": {
    "path": "D:\\学习\\21WI\\CSE110\\cse110-w21-group13\\source\\src\\scripts\\script.js",
    "statementMap": {
      "0": {
        "start": {
          "line": 3,
          "column": 0
        },
        "end": {
          "line": 48,
          "column": 3
        }
      },
      "1": {
        "start": {
          "line": 9,
          "column": 4
        },
        "end": {
          "line": 29,
          "column": 5
        }
      },
      "2": {
        "start": {
          "line": 10,
          "column": 8
        },
        "end": {
          "line": 10,
          "column": 19
        }
      },
      "3": {
        "start": {
          "line": 11,
          "column": 8
        },
        "end": {
          "line": 11,
          "column": 15
        }
      },
      "4": {
        "start": {
          "line": 12,
          "column": 8
        },
        "end": {
          "line": 12,
          "column": 24
        }
      },
      "5": {
        "start": {
          "line": 13,
          "column": 8
        },
        "end": {
          "line": 13,
          "column": 20
        }
      },
      "6": {
        "start": {
          "line": 14,
          "column": 8
        },
        "end": {
          "line": 14,
          "column": 26
        }
      },
      "7": {
        "start": {
          "line": 15,
          "column": 8
        },
        "end": {
          "line": 15,
          "column": 61
        }
      },
      "8": {
        "start": {
          "line": 16,
          "column": 8
        },
        "end": {
          "line": 16,
          "column": 44
        }
      },
      "9": {
        "start": {
          "line": 17,
          "column": 8
        },
        "end": {
          "line": 17,
          "column": 45
        }
      },
      "10": {
        "start": {
          "line": 18,
          "column": 8
        },
        "end": {
          "line": 18,
          "column": 52
        }
      },
      "11": {
        "start": {
          "line": 19,
          "column": 8
        },
        "end": {
          "line": 19,
          "column": 45
        }
      },
      "12": {
        "start": {
          "line": 22,
          "column": 8
        },
        "end": {
          "line": 22,
          "column": 58
        }
      },
      "13": {
        "start": {
          "line": 31,
          "column": 4
        },
        "end": {
          "line": 47,
          "column": 5
        }
      },
      "14": {
        "start": {
          "line": 31,
          "column": 17
        },
        "end": {
          "line": 31,
          "column": 18
        }
      },
      "15": {
        "start": {
          "line": 32,
          "column": 21
        },
        "end": {
          "line": 32,
          "column": 56
        }
      },
      "16": {
        "start": {
          "line": 33,
          "column": 25
        },
        "end": {
          "line": 33,
          "column": 62
        }
      },
      "17": {
        "start": {
          "line": 34,
          "column": 19
        },
        "end": {
          "line": 34,
          "column": 64
        }
      },
      "18": {
        "start": {
          "line": 35,
          "column": 22
        },
        "end": {
          "line": 35,
          "column": 61
        }
      },
      "19": {
        "start": {
          "line": 36,
          "column": 8
        },
        "end": {
          "line": 36,
          "column": 45
        }
      },
      "20": {
        "start": {
          "line": 37,
          "column": 8
        },
        "end": {
          "line": 37,
          "column": 55
        }
      },
      "21": {
        "start": {
          "line": 38,
          "column": 8
        },
        "end": {
          "line": 38,
          "column": 49
        }
      },
      "22": {
        "start": {
          "line": 39,
          "column": 8
        },
        "end": {
          "line": 39,
          "column": 55
        }
      },
      "23": {
        "start": {
          "line": 40,
          "column": 8
        },
        "end": {
          "line": 46,
          "column": 9
        }
      },
      "24": {
        "start": {
          "line": 41,
          "column": 12
        },
        "end": {
          "line": 41,
          "column": 45
        }
      },
      "25": {
        "start": {
          "line": 42,
          "column": 12
        },
        "end": {
          "line": 42,
          "column": 39
        }
      },
      "26": {
        "start": {
          "line": 45,
          "column": 12
        },
        "end": {
          "line": 45,
          "column": 33
        }
      }
    },
    "fnMap": {
      "0": {
        "name": "(anonymous_0)",
        "decl": {
          "start": {
            "line": 3,
            "column": 44
          },
          "end": {
            "line": 3,
            "column": 45
          }
        },
        "loc": {
          "start": {
            "line": 3,
            "column": 50
          },
          "end": {
            "line": 48,
            "column": 1
          }
        },
        "line": 3
      }
    },
    "branchMap": {
      "0": {
        "loc": {
          "start": {
            "line": 9,
            "column": 4
          },
          "end": {
            "line": 29,
            "column": 5
          }
        },
        "type": "if",
        "locations": [
          {
            "start": {
              "line": 9,
              "column": 4
            },
            "end": {
              "line": 29,
              "column": 5
            }
          },
          {
            "start": {
              "line": 9,
              "column": 4
            },
            "end": {
              "line": 29,
              "column": 5
            }
          }
        ],
        "line": 9
      },
      "1": {
        "loc": {
          "start": {
            "line": 9,
            "column": 8
          },
          "end": {
            "line": 9,
            "column": 85
          }
        },
        "type": "binary-expr",
        "locations": [
          {
            "start": {
              "line": 9,
              "column": 8
            },
            "end": {
              "line": 9,
              "column": 46
            }
          },
          {
            "start": {
              "line": 9,
              "column": 50
            },
            "end": {
              "line": 9,
              "column": 85
            }
          }
        ],
        "line": 9
      },
      "2": {
        "loc": {
          "start": {
            "line": 40,
            "column": 8
          },
          "end": {
            "line": 46,
            "column": 9
          }
        },
        "type": "if",
        "locations": [
          {
            "start": {
              "line": 40,
              "column": 8
            },
            "end": {
              "line": 46,
              "column": 9
            }
          },
          {
            "start": {
              "line": 40,
              "column": 8
            },
            "end": {
              "line": 46,
              "column": 9
            }
          }
        ],
        "line": 40
      }
    },
    "s": {
      "0": 67,
      "1": 67,
      "2": 47,
      "3": 47,
      "4": 47,
      "5": 47,
      "6": 47,
      "7": 47,
      "8": 47,
      "9": 47,
      "10": 47,
      "11": 47,
      "12": 20,
      "13": 67,
      "14": 67,
      "15": 36,
      "16": 36,
      "17": 36,
      "18": 36,
      "19": 36,
      "20": 36,
      "21": 36,
      "22": 36,
      "23": 36,
      "24": 18,
      "25": 18,
      "26": 18
    },
    "f": {
      "0": 67
    },
    "b": {
      "0": [
        47,
        20
      ],
      "1": [
        67,
        20
      ],
      "2": [
        18,
        18
      ]
    },
    "_coverageSchema": "1a1c01bbd47fc00a2c39e90264f33305004495a9",
    "hash": "82378cf48050652a152a7e7d80f7153049dda7a8"
  },
  "D:\\学习\\21WI\\CSE110\\cse110-w21-group13\\source\\src\\scripts\\Timer.js": {
    "path": "D:\\学习\\21WI\\CSE110\\cse110-w21-group13\\source\\src\\scripts\\Timer.js",
    "statementMap": {
      "0": {
        "start": {
          "line": 1,
          "column": 20
        },
        "end": {
          "line": 1,
          "column": 56
        }
      },
      "1": {
        "start": {
          "line": 2,
          "column": 29
        },
        "end": {
          "line": 2,
          "column": 78
        }
      },
      "2": {
        "start": {
          "line": 3,
          "column": 17
        },
        "end": {
          "line": 3,
          "column": 50
        }
      },
      "3": {
        "start": {
          "line": 4,
          "column": 19
        },
        "end": {
          "line": 4,
          "column": 49
        }
      },
      "4": {
        "start": {
          "line": 5,
          "column": 15
        },
        "end": {
          "line": 5,
          "column": 19
        }
      },
      "5": {
        "start": {
          "line": 7,
          "column": 18
        },
        "end": {
          "line": 7,
          "column": 24
        }
      },
      "6": {
        "start": {
          "line": 8,
          "column": 19
        },
        "end": {
          "line": 8,
          "column": 20
        }
      },
      "7": {
        "start": {
          "line": 10,
          "column": 16
        },
        "end": {
          "line": 10,
          "column": 45
        }
      },
      "8": {
        "start": {
          "line": 13,
          "column": 0
        },
        "end": {
          "line": 17,
          "column": 1
        }
      },
      "9": {
        "start": {
          "line": 14,
          "column": 4
        },
        "end": {
          "line": 14,
          "column": 46
        }
      },
      "10": {
        "start": {
          "line": 15,
          "column": 4
        },
        "end": {
          "line": 15,
          "column": 52
        }
      },
      "11": {
        "start": {
          "line": 16,
          "column": 4
        },
        "end": {
          "line": 16,
          "column": 52
        }
      },
      "12": {
        "start": {
          "line": 18,
          "column": 15
        },
        "end": {
          "line": 18,
          "column": 50
        }
      },
      "13": {
        "start": {
          "line": 19,
          "column": 16
        },
        "end": {
          "line": 19,
          "column": 58
        }
      },
      "14": {
        "start": {
          "line": 20,
          "column": 20
        },
        "end": {
          "line": 20,
          "column": 61
        }
      },
      "15": {
        "start": {
          "line": 22,
          "column": 0
        },
        "end": {
          "line": 22,
          "column": 50
        }
      },
      "16": {
        "start": {
          "line": 25,
          "column": 23
        },
        "end": {
          "line": 25,
          "column": 58
        }
      },
      "17": {
        "start": {
          "line": 26,
          "column": 24
        },
        "end": {
          "line": 26,
          "column": 60
        }
      },
      "18": {
        "start": {
          "line": 28,
          "column": 4
        },
        "end": {
          "line": 51,
          "column": 5
        }
      },
      "19": {
        "start": {
          "line": 29,
          "column": 8
        },
        "end": {
          "line": 29,
          "column": 63
        }
      },
      "20": {
        "start": {
          "line": 30,
          "column": 8
        },
        "end": {
          "line": 33,
          "column": 9
        }
      },
      "21": {
        "start": {
          "line": 31,
          "column": 12
        },
        "end": {
          "line": 31,
          "column": 50
        }
      },
      "22": {
        "start": {
          "line": 32,
          "column": 12
        },
        "end": {
          "line": 32,
          "column": 51
        }
      },
      "23": {
        "start": {
          "line": 34,
          "column": 8
        },
        "end": {
          "line": 34,
          "column": 30
        }
      },
      "24": {
        "start": {
          "line": 35,
          "column": 8
        },
        "end": {
          "line": 35,
          "column": 25
        }
      },
      "25": {
        "start": {
          "line": 36,
          "column": 11
        },
        "end": {
          "line": 51,
          "column": 5
        }
      },
      "26": {
        "start": {
          "line": 37,
          "column": 8
        },
        "end": {
          "line": 37,
          "column": 59
        }
      },
      "27": {
        "start": {
          "line": 38,
          "column": 8
        },
        "end": {
          "line": 41,
          "column": 9
        }
      },
      "28": {
        "start": {
          "line": 39,
          "column": 12
        },
        "end": {
          "line": 39,
          "column": 50
        }
      },
      "29": {
        "start": {
          "line": 40,
          "column": 12
        },
        "end": {
          "line": 40,
          "column": 51
        }
      },
      "30": {
        "start": {
          "line": 42,
          "column": 8
        },
        "end": {
          "line": 42,
          "column": 30
        }
      },
      "31": {
        "start": {
          "line": 43,
          "column": 8
        },
        "end": {
          "line": 43,
          "column": 26
        }
      },
      "32": {
        "start": {
          "line": 45,
          "column": 8
        },
        "end": {
          "line": 45,
          "column": 58
        }
      },
      "33": {
        "start": {
          "line": 46,
          "column": 8
        },
        "end": {
          "line": 49,
          "column": 9
        }
      },
      "34": {
        "start": {
          "line": 47,
          "column": 12
        },
        "end": {
          "line": 47,
          "column": 50
        }
      },
      "35": {
        "start": {
          "line": 48,
          "column": 12
        },
        "end": {
          "line": 48,
          "column": 51
        }
      },
      "36": {
        "start": {
          "line": 50,
          "column": 8
        },
        "end": {
          "line": 50,
          "column": 29
        }
      },
      "37": {
        "start": {
          "line": 55,
          "column": 20
        },
        "end": {
          "line": 55,
          "column": 50
        }
      },
      "38": {
        "start": {
          "line": 57,
          "column": 4
        },
        "end": {
          "line": 60,
          "column": 5
        }
      },
      "39": {
        "start": {
          "line": 58,
          "column": 8
        },
        "end": {
          "line": 58,
          "column": 21
        }
      },
      "40": {
        "start": {
          "line": 59,
          "column": 8
        },
        "end": {
          "line": 59,
          "column": 51
        }
      },
      "41": {
        "start": {
          "line": 62,
          "column": 4
        },
        "end": {
          "line": 66,
          "column": 5
        }
      },
      "42": {
        "start": {
          "line": 63,
          "column": 8
        },
        "end": {
          "line": 63,
          "column": 80
        }
      },
      "43": {
        "start": {
          "line": 65,
          "column": 8
        },
        "end": {
          "line": 65,
          "column": 26
        }
      },
      "44": {
        "start": {
          "line": 68,
          "column": 18
        },
        "end": {
          "line": 68,
          "column": 70
        }
      },
      "45": {
        "start": {
          "line": 69,
          "column": 18
        },
        "end": {
          "line": 69,
          "column": 67
        }
      },
      "46": {
        "start": {
          "line": 71,
          "column": 4
        },
        "end": {
          "line": 76,
          "column": 5
        }
      },
      "47": {
        "start": {
          "line": 72,
          "column": 8
        },
        "end": {
          "line": 72,
          "column": 21
        }
      },
      "48": {
        "start": {
          "line": 74,
          "column": 8
        },
        "end": {
          "line": 74,
          "column": 21
        }
      },
      "49": {
        "start": {
          "line": 75,
          "column": 8
        },
        "end": {
          "line": 75,
          "column": 21
        }
      },
      "50": {
        "start": {
          "line": 78,
          "column": 4
        },
        "end": {
          "line": 80,
          "column": 5
        }
      },
      "51": {
        "start": {
          "line": 79,
          "column": 8
        },
        "end": {
          "line": 79,
          "column": 40
        }
      },
      "52": {
        "start": {
          "line": 82,
          "column": 4
        },
        "end": {
          "line": 82,
          "column": 61
        }
      },
      "53": {
        "start": {
          "line": 86,
          "column": 4
        },
        "end": {
          "line": 89,
          "column": 5
        }
      },
      "54": {
        "start": {
          "line": 87,
          "column": 8
        },
        "end": {
          "line": 87,
          "column": 15
        }
      },
      "55": {
        "start": {
          "line": 88,
          "column": 8
        },
        "end": {
          "line": 88,
          "column": 46
        }
      },
      "56": {
        "start": {
          "line": 93,
          "column": 4
        },
        "end": {
          "line": 93,
          "column": 35
        }
      },
      "57": {
        "start": {
          "line": 94,
          "column": 4
        },
        "end": {
          "line": 94,
          "column": 47
        }
      },
      "58": {
        "start": {
          "line": 98,
          "column": 4
        },
        "end": {
          "line": 98,
          "column": 51
        }
      },
      "59": {
        "start": {
          "line": 99,
          "column": 4
        },
        "end": {
          "line": 99,
          "column": 59
        }
      },
      "60": {
        "start": {
          "line": 100,
          "column": 4
        },
        "end": {
          "line": 100,
          "column": 62
        }
      },
      "61": {
        "start": {
          "line": 101,
          "column": 4
        },
        "end": {
          "line": 101,
          "column": 25
        }
      },
      "62": {
        "start": {
          "line": 102,
          "column": 4
        },
        "end": {
          "line": 102,
          "column": 26
        }
      },
      "63": {
        "start": {
          "line": 103,
          "column": 4
        },
        "end": {
          "line": 103,
          "column": 40
        }
      },
      "64": {
        "start": {
          "line": 104,
          "column": 4
        },
        "end": {
          "line": 104,
          "column": 21
        }
      },
      "65": {
        "start": {
          "line": 105,
          "column": 4
        },
        "end": {
          "line": 105,
          "column": 36
        }
      },
      "66": {
        "start": {
          "line": 109,
          "column": 4
        },
        "end": {
          "line": 109,
          "column": 74
        }
      },
      "67": {
        "start": {
          "line": 110,
          "column": 4
        },
        "end": {
          "line": 110,
          "column": 20
        }
      },
      "68": {
        "start": {
          "line": 111,
          "column": 4
        },
        "end": {
          "line": 115,
          "column": 5
        }
      },
      "69": {
        "start": {
          "line": 112,
          "column": 8
        },
        "end": {
          "line": 112,
          "column": 16
        }
      },
      "70": {
        "start": {
          "line": 114,
          "column": 8
        },
        "end": {
          "line": 114,
          "column": 15
        }
      },
      "71": {
        "start": {
          "line": 117,
          "column": 0
        },
        "end": {
          "line": 117,
          "column": 58
        }
      },
      "72": {
        "start": {
          "line": 119,
          "column": 0
        },
        "end": {
          "line": 175,
          "column": 3
        }
      },
      "73": {
        "start": {
          "line": 120,
          "column": 19
        },
        "end": {
          "line": 120,
          "column": 113
        }
      },
      "74": {
        "start": {
          "line": 121,
          "column": 19
        },
        "end": {
          "line": 121,
          "column": 125
        }
      },
      "75": {
        "start": {
          "line": 122,
          "column": 19
        },
        "end": {
          "line": 122,
          "column": 119
        }
      },
      "76": {
        "start": {
          "line": 123,
          "column": 20
        },
        "end": {
          "line": 123,
          "column": 110
        }
      },
      "77": {
        "start": {
          "line": 124,
          "column": 4
        },
        "end": {
          "line": 174,
          "column": 5
        }
      },
      "78": {
        "start": {
          "line": 125,
          "column": 8
        },
        "end": {
          "line": 164,
          "column": 9
        }
      },
      "79": {
        "start": {
          "line": 127,
          "column": 16
        },
        "end": {
          "line": 127,
          "column": 86
        }
      },
      "80": {
        "start": {
          "line": 128,
          "column": 16
        },
        "end": {
          "line": 128,
          "column": 32
        }
      },
      "81": {
        "start": {
          "line": 129,
          "column": 16
        },
        "end": {
          "line": 129,
          "column": 64
        }
      },
      "82": {
        "start": {
          "line": 130,
          "column": 16
        },
        "end": {
          "line": 130,
          "column": 22
        }
      },
      "83": {
        "start": {
          "line": 132,
          "column": 16
        },
        "end": {
          "line": 132,
          "column": 36
        }
      },
      "84": {
        "start": {
          "line": 133,
          "column": 16
        },
        "end": {
          "line": 133,
          "column": 22
        }
      },
      "85": {
        "start": {
          "line": 135,
          "column": 16
        },
        "end": {
          "line": 135,
          "column": 64
        }
      },
      "86": {
        "start": {
          "line": 136,
          "column": 16
        },
        "end": {
          "line": 136,
          "column": 22
        }
      },
      "87": {
        "start": {
          "line": 138,
          "column": 16
        },
        "end": {
          "line": 138,
          "column": 63
        }
      },
      "88": {
        "start": {
          "line": 139,
          "column": 16
        },
        "end": {
          "line": 139,
          "column": 22
        }
      },
      "89": {
        "start": {
          "line": 141,
          "column": 16
        },
        "end": {
          "line": 141,
          "column": 66
        }
      },
      "90": {
        "start": {
          "line": 142,
          "column": 16
        },
        "end": {
          "line": 142,
          "column": 22
        }
      },
      "91": {
        "start": {
          "line": 144,
          "column": 16
        },
        "end": {
          "line": 150,
          "column": 17
        }
      },
      "92": {
        "start": {
          "line": 145,
          "column": 20
        },
        "end": {
          "line": 145,
          "column": 116
        }
      },
      "93": {
        "start": {
          "line": 146,
          "column": 23
        },
        "end": {
          "line": 150,
          "column": 17
        }
      },
      "94": {
        "start": {
          "line": 147,
          "column": 20
        },
        "end": {
          "line": 147,
          "column": 113
        }
      },
      "95": {
        "start": {
          "line": 148,
          "column": 23
        },
        "end": {
          "line": 150,
          "column": 17
        }
      },
      "96": {
        "start": {
          "line": 149,
          "column": 20
        },
        "end": {
          "line": 149,
          "column": 112
        }
      },
      "97": {
        "start": {
          "line": 151,
          "column": 16
        },
        "end": {
          "line": 151,
          "column": 22
        }
      },
      "98": {
        "start": {
          "line": 153,
          "column": 16
        },
        "end": {
          "line": 153,
          "column": 66
        }
      },
      "99": {
        "start": {
          "line": 154,
          "column": 16
        },
        "end": {
          "line": 154,
          "column": 22
        }
      },
      "100": {
        "start": {
          "line": 156,
          "column": 16
        },
        "end": {
          "line": 160,
          "column": 17
        }
      },
      "101": {
        "start": {
          "line": 157,
          "column": 20
        },
        "end": {
          "line": 157,
          "column": 126
        }
      },
      "102": {
        "start": {
          "line": 158,
          "column": 23
        },
        "end": {
          "line": 160,
          "column": 17
        }
      },
      "103": {
        "start": {
          "line": 159,
          "column": 20
        },
        "end": {
          "line": 159,
          "column": 120
        }
      },
      "104": {
        "start": {
          "line": 161,
          "column": 16
        },
        "end": {
          "line": 161,
          "column": 22
        }
      },
      "105": {
        "start": {
          "line": 163,
          "column": 16
        },
        "end": {
          "line": 163,
          "column": 22
        }
      },
      "106": {
        "start": {
          "line": 166,
          "column": 9
        },
        "end": {
          "line": 174,
          "column": 5
        }
      },
      "107": {
        "start": {
          "line": 167,
          "column": 8
        },
        "end": {
          "line": 172,
          "column": 9
        }
      },
      "108": {
        "start": {
          "line": 168,
          "column": 12
        },
        "end": {
          "line": 168,
          "column": 106
        }
      },
      "109": {
        "start": {
          "line": 169,
          "column": 15
        },
        "end": {
          "line": 172,
          "column": 9
        }
      },
      "110": {
        "start": {
          "line": 170,
          "column": 12
        },
        "end": {
          "line": 170,
          "column": 104
        }
      }
    },
    "fnMap": {
      "0": {
        "name": "switchMode",
        "decl": {
          "start": {
            "line": 24,
            "column": 9
          },
          "end": {
            "line": 24,
            "column": 19
          }
        },
        "loc": {
          "start": {
            "line": 24,
            "column": 22
          },
          "end": {
            "line": 52,
            "column": 1
          }
        },
        "line": 24
      },
      "1": {
        "name": "timerFunction",
        "decl": {
          "start": {
            "line": 54,
            "column": 15
          },
          "end": {
            "line": 54,
            "column": 28
          }
        },
        "loc": {
          "start": {
            "line": 54,
            "column": 31
          },
          "end": {
            "line": 83,
            "column": 1
          }
        },
        "line": 54
      },
      "2": {
        "name": "stopChecker",
        "decl": {
          "start": {
            "line": 85,
            "column": 15
          },
          "end": {
            "line": 85,
            "column": 26
          }
        },
        "loc": {
          "start": {
            "line": 85,
            "column": 29
          },
          "end": {
            "line": 90,
            "column": 1
          }
        },
        "line": 85
      },
      "3": {
        "name": "start",
        "decl": {
          "start": {
            "line": 92,
            "column": 15
          },
          "end": {
            "line": 92,
            "column": 20
          }
        },
        "loc": {
          "start": {
            "line": 92,
            "column": 23
          },
          "end": {
            "line": 95,
            "column": 1
          }
        },
        "line": 92
      },
      "4": {
        "name": "stop",
        "decl": {
          "start": {
            "line": 97,
            "column": 15
          },
          "end": {
            "line": 97,
            "column": 19
          }
        },
        "loc": {
          "start": {
            "line": 97,
            "column": 22
          },
          "end": {
            "line": 106,
            "column": 1
          }
        },
        "line": 97
      },
      "5": {
        "name": "startAndStopButton",
        "decl": {
          "start": {
            "line": 108,
            "column": 15
          },
          "end": {
            "line": 108,
            "column": 33
          }
        },
        "loc": {
          "start": {
            "line": 108,
            "column": 36
          },
          "end": {
            "line": 116,
            "column": 1
          }
        },
        "line": 108
      },
      "6": {
        "name": "(anonymous_6)",
        "decl": {
          "start": {
            "line": 119,
            "column": 33
          },
          "end": {
            "line": 119,
            "column": 34
          }
        },
        "loc": {
          "start": {
            "line": 119,
            "column": 44
          },
          "end": {
            "line": 175,
            "column": 1
          }
        },
        "line": 119
      }
    },
    "branchMap": {
      "0": {
        "loc": {
          "start": {
            "line": 13,
            "column": 0
          },
          "end": {
            "line": 17,
            "column": 1
          }
        },
        "type": "if",
        "locations": [
          {
            "start": {
              "line": 13,
              "column": 0
            },
            "end": {
              "line": 17,
              "column": 1
            }
          },
          {
            "start": {
              "line": 13,
              "column": 0
            },
            "end": {
              "line": 17,
              "column": 1
            }
          }
        ],
        "line": 13
      },
      "1": {
        "loc": {
          "start": {
            "line": 28,
            "column": 4
          },
          "end": {
            "line": 51,
            "column": 5
          }
        },
        "type": "if",
        "locations": [
          {
            "start": {
              "line": 28,
              "column": 4
            },
            "end": {
              "line": 51,
              "column": 5
            }
          },
          {
            "start": {
              "line": 28,
              "column": 4
            },
            "end": {
              "line": 51,
              "column": 5
            }
          }
        ],
        "line": 28
      },
      "2": {
        "loc": {
          "start": {
            "line": 28,
            "column": 8
          },
          "end": {
            "line": 28,
            "column": 51
          }
        },
        "type": "binary-expr",
        "locations": [
          {
            "start": {
              "line": 28,
              "column": 8
            },
            "end": {
              "line": 28,
              "column": 30
            }
          },
          {
            "start": {
              "line": 28,
              "column": 34
            },
            "end": {
              "line": 28,
              "column": 51
            }
          }
        ],
        "line": 28
      },
      "3": {
        "loc": {
          "start": {
            "line": 30,
            "column": 8
          },
          "end": {
            "line": 33,
            "column": 9
          }
        },
        "type": "if",
        "locations": [
          {
            "start": {
              "line": 30,
              "column": 8
            },
            "end": {
              "line": 33,
              "column": 9
            }
          },
          {
            "start": {
              "line": 30,
              "column": 8
            },
            "end": {
              "line": 33,
              "column": 9
            }
          }
        ],
        "line": 30
      },
      "4": {
        "loc": {
          "start": {
            "line": 36,
            "column": 11
          },
          "end": {
            "line": 51,
            "column": 5
          }
        },
        "type": "if",
        "locations": [
          {
            "start": {
              "line": 36,
              "column": 11
            },
            "end": {
              "line": 51,
              "column": 5
            }
          },
          {
            "start": {
              "line": 36,
              "column": 11
            },
            "end": {
              "line": 51,
              "column": 5
            }
          }
        ],
        "line": 36
      },
      "5": {
        "loc": {
          "start": {
            "line": 38,
            "column": 8
          },
          "end": {
            "line": 41,
            "column": 9
          }
        },
        "type": "if",
        "locations": [
          {
            "start": {
              "line": 38,
              "column": 8
            },
            "end": {
              "line": 41,
              "column": 9
            }
          },
          {
            "start": {
              "line": 38,
              "column": 8
            },
            "end": {
              "line": 41,
              "column": 9
            }
          }
        ],
        "line": 38
      },
      "6": {
        "loc": {
          "start": {
            "line": 46,
            "column": 8
          },
          "end": {
            "line": 49,
            "column": 9
          }
        },
        "type": "if",
        "locations": [
          {
            "start": {
              "line": 46,
              "column": 8
            },
            "end": {
              "line": 49,
              "column": 9
            }
          },
          {
            "start": {
              "line": 46,
              "column": 8
            },
            "end": {
              "line": 49,
              "column": 9
            }
          }
        ],
        "line": 46
      },
      "7": {
        "loc": {
          "start": {
            "line": 57,
            "column": 4
          },
          "end": {
            "line": 60,
            "column": 5
          }
        },
        "type": "if",
        "locations": [
          {
            "start": {
              "line": 57,
              "column": 4
            },
            "end": {
              "line": 60,
              "column": 5
            }
          },
          {
            "start": {
              "line": 57,
              "column": 4
            },
            "end": {
              "line": 60,
              "column": 5
            }
          }
        ],
        "line": 57
      },
      "8": {
        "loc": {
          "start": {
            "line": 62,
            "column": 4
          },
          "end": {
            "line": 66,
            "column": 5
          }
        },
        "type": "if",
        "locations": [
          {
            "start": {
              "line": 62,
              "column": 4
            },
            "end": {
              "line": 66,
              "column": 5
            }
          },
          {
            "start": {
              "line": 62,
              "column": 4
            },
            "end": {
              "line": 66,
              "column": 5
            }
          }
        ],
        "line": 62
      },
      "9": {
        "loc": {
          "start": {
            "line": 71,
            "column": 4
          },
          "end": {
            "line": 76,
            "column": 5
          }
        },
        "type": "if",
        "locations": [
          {
            "start": {
              "line": 71,
              "column": 4
            },
            "end": {
              "line": 76,
              "column": 5
            }
          },
          {
            "start": {
              "line": 71,
              "column": 4
            },
            "end": {
              "line": 76,
              "column": 5
            }
          }
        ],
        "line": 71
      },
      "10": {
        "loc": {
          "start": {
            "line": 78,
            "column": 4
          },
          "end": {
            "line": 80,
            "column": 5
          }
        },
        "type": "if",
        "locations": [
          {
            "start": {
              "line": 78,
              "column": 4
            },
            "end": {
              "line": 80,
              "column": 5
            }
          },
          {
            "start": {
              "line": 78,
              "column": 4
            },
            "end": {
              "line": 80,
              "column": 5
            }
          }
        ],
        "line": 78
      },
      "11": {
        "loc": {
          "start": {
            "line": 86,
            "column": 4
          },
          "end": {
            "line": 89,
            "column": 5
          }
        },
        "type": "if",
        "locations": [
          {
            "start": {
              "line": 86,
              "column": 4
            },
            "end": {
              "line": 89,
              "column": 5
            }
          },
          {
            "start": {
              "line": 86,
              "column": 4
            },
            "end": {
              "line": 89,
              "column": 5
            }
          }
        ],
        "line": 86
      },
      "12": {
        "loc": {
          "start": {
            "line": 111,
            "column": 4
          },
          "end": {
            "line": 115,
            "column": 5
          }
        },
        "type": "if",
        "locations": [
          {
            "start": {
              "line": 111,
              "column": 4
            },
            "end": {
              "line": 115,
              "column": 5
            }
          },
          {
            "start": {
              "line": 111,
              "column": 4
            },
            "end": {
              "line": 115,
              "column": 5
            }
          }
        ],
        "line": 111
      },
      "13": {
        "loc": {
          "start": {
            "line": 124,
            "column": 4
          },
          "end": {
            "line": 174,
            "column": 5
          }
        },
        "type": "if",
        "locations": [
          {
            "start": {
              "line": 124,
              "column": 4
            },
            "end": {
              "line": 174,
              "column": 5
            }
          },
          {
            "start": {
              "line": 124,
              "column": 4
            },
            "end": {
              "line": 174,
              "column": 5
            }
          }
        ],
        "line": 124
      },
      "14": {
        "loc": {
          "start": {
            "line": 124,
            "column": 8
          },
          "end": {
            "line": 124,
            "column": 36
          }
        },
        "type": "binary-expr",
        "locations": [
          {
            "start": {
              "line": 124,
              "column": 8
            },
            "end": {
              "line": 124,
              "column": 15
            }
          },
          {
            "start": {
              "line": 124,
              "column": 19
            },
            "end": {
              "line": 124,
              "column": 36
            }
          }
        ],
        "line": 124
      },
      "15": {
        "loc": {
          "start": {
            "line": 125,
            "column": 8
          },
          "end": {
            "line": 164,
            "column": 9
          }
        },
        "type": "switch",
        "locations": [
          {
            "start": {
              "line": 126,
              "column": 12
            },
            "end": {
              "line": 130,
              "column": 22
            }
          },
          {
            "start": {
              "line": 131,
              "column": 12
            },
            "end": {
              "line": 133,
              "column": 22
            }
          },
          {
            "start": {
              "line": 134,
              "column": 12
            },
            "end": {
              "line": 136,
              "column": 22
            }
          },
          {
            "start": {
              "line": 137,
              "column": 12
            },
            "end": {
              "line": 139,
              "column": 22
            }
          },
          {
            "start": {
              "line": 140,
              "column": 12
            },
            "end": {
              "line": 142,
              "column": 22
            }
          },
          {
            "start": {
              "line": 143,
              "column": 12
            },
            "end": {
              "line": 151,
              "column": 22
            }
          },
          {
            "start": {
              "line": 152,
              "column": 12
            },
            "end": {
              "line": 154,
              "column": 22
            }
          },
          {
            "start": {
              "line": 155,
              "column": 12
            },
            "end": {
              "line": 161,
              "column": 22
            }
          },
          {
            "start": {
              "line": 162,
              "column": 12
            },
            "end": {
              "line": 163,
              "column": 22
            }
          }
        ],
        "line": 125
      },
      "16": {
        "loc": {
          "start": {
            "line": 144,
            "column": 16
          },
          "end": {
            "line": 150,
            "column": 17
          }
        },
        "type": "if",
        "locations": [
          {
            "start": {
              "line": 144,
              "column": 16
            },
            "end": {
              "line": 150,
              "column": 17
            }
          },
          {
            "start": {
              "line": 144,
              "column": 16
            },
            "end": {
              "line": 150,
              "column": 17
            }
          }
        ],
        "line": 144
      },
      "17": {
        "loc": {
          "start": {
            "line": 146,
            "column": 23
          },
          "end": {
            "line": 150,
            "column": 17
          }
        },
        "type": "if",
        "locations": [
          {
            "start": {
              "line": 146,
              "column": 23
            },
            "end": {
              "line": 150,
              "column": 17
            }
          },
          {
            "start": {
              "line": 146,
              "column": 23
            },
            "end": {
              "line": 150,
              "column": 17
            }
          }
        ],
        "line": 146
      },
      "18": {
        "loc": {
          "start": {
            "line": 148,
            "column": 23
          },
          "end": {
            "line": 150,
            "column": 17
          }
        },
        "type": "if",
        "locations": [
          {
            "start": {
              "line": 148,
              "column": 23
            },
            "end": {
              "line": 150,
              "column": 17
            }
          },
          {
            "start": {
              "line": 148,
              "column": 23
            },
            "end": {
              "line": 150,
              "column": 17
            }
          }
        ],
        "line": 148
      },
      "19": {
        "loc": {
          "start": {
            "line": 156,
            "column": 16
          },
          "end": {
            "line": 160,
            "column": 17
          }
        },
        "type": "if",
        "locations": [
          {
            "start": {
              "line": 156,
              "column": 16
            },
            "end": {
              "line": 160,
              "column": 17
            }
          },
          {
            "start": {
              "line": 156,
              "column": 16
            },
            "end": {
              "line": 160,
              "column": 17
            }
          }
        ],
        "line": 156
      },
      "20": {
        "loc": {
          "start": {
            "line": 158,
            "column": 23
          },
          "end": {
            "line": 160,
            "column": 17
          }
        },
        "type": "if",
        "locations": [
          {
            "start": {
              "line": 158,
              "column": 23
            },
            "end": {
              "line": 160,
              "column": 17
            }
          },
          {
            "start": {
              "line": 158,
              "column": 23
            },
            "end": {
              "line": 160,
              "column": 17
            }
          }
        ],
        "line": 158
      },
      "21": {
        "loc": {
          "start": {
            "line": 166,
            "column": 9
          },
          "end": {
            "line": 174,
            "column": 5
          }
        },
        "type": "if",
        "locations": [
          {
            "start": {
              "line": 166,
              "column": 9
            },
            "end": {
              "line": 174,
              "column": 5
            }
          },
          {
            "start": {
              "line": 166,
              "column": 9
            },
            "end": {
              "line": 174,
              "column": 5
            }
          }
        ],
        "line": 166
      },
      "22": {
        "loc": {
          "start": {
            "line": 167,
            "column": 8
          },
          "end": {
            "line": 172,
            "column": 9
          }
        },
        "type": "if",
        "locations": [
          {
            "start": {
              "line": 167,
              "column": 8
            },
            "end": {
              "line": 172,
              "column": 9
            }
          },
          {
            "start": {
              "line": 167,
              "column": 8
            },
            "end": {
              "line": 172,
              "column": 9
            }
          }
        ],
        "line": 167
      },
      "23": {
        "loc": {
          "start": {
            "line": 169,
            "column": 15
          },
          "end": {
            "line": 172,
            "column": 9
          }
        },
        "type": "if",
        "locations": [
          {
            "start": {
              "line": 169,
              "column": 15
            },
            "end": {
              "line": 172,
              "column": 9
            }
          },
          {
            "start": {
              "line": 169,
              "column": 15
            },
            "end": {
              "line": 172,
              "column": 9
            }
          }
        ],
        "line": 169
      }
    },
    "s": {
      "0": 67,
      "1": 67,
      "2": 67,
      "3": 67,
      "4": 67,
      "5": 67,
      "6": 67,
      "7": 67,
      "8": 67,
      "9": 47,
      "10": 47,
      "11": 47,
      "12": 67,
      "13": 67,
      "14": 67,
      "15": 67,
      "16": 27,
      "17": 27,
      "18": 27,
      "19": 2,
      "20": 2,
      "21": 2,
      "22": 2,
      "23": 2,
      "24": 2,
      "25": 25,
      "26": 6,
      "27": 6,
      "28": 6,
      "29": 6,
      "30": 6,
      "31": 6,
      "32": 19,
      "33": 19,
      "34": 6,
      "35": 6,
      "36": 19,
      "37": 1870,
      "38": 1870,
      "39": 14,
      "40": 14,
      "41": 1870,
      "42": 14,
      "43": 14,
      "44": 1870,
      "45": 1870,
      "46": 1870,
      "47": 1798,
      "48": 72,
      "49": 72,
      "50": 1870,
      "51": 300,
      "52": 1870,
      "53": 179,
      "54": 10,
      "55": 10,
      "56": 44,
      "57": 44,
      "58": 14,
      "59": 14,
      "60": 14,
      "61": 14,
      "62": 14,
      "63": 14,
      "64": 14,
      "65": 14,
      "66": 48,
      "67": 48,
      "68": 48,
      "69": 44,
      "70": 4,
      "71": 67,
      "72": 67,
      "73": 26,
      "74": 26,
      "75": 26,
      "76": 26,
      "77": 26,
      "78": 26,
      "79": 2,
      "80": 2,
      "81": 2,
      "82": 2,
      "83": 4,
      "84": 4,
      "85": 4,
      "86": 4,
      "87": 2,
      "88": 2,
      "89": 4,
      "90": 4,
      "91": 6,
      "92": 2,
      "93": 4,
      "94": 2,
      "95": 2,
      "96": 2,
      "97": 6,
      "98": 0,
      "99": 0,
      "100": 4,
      "101": 2,
      "102": 2,
      "103": 2,
      "104": 4,
      "105": 0,
      "106": 0,
      "107": 0,
      "108": 0,
      "109": 0,
      "110": 0
    },
    "f": {
      "0": 27,
      "1": 1870,
      "2": 179,
      "3": 44,
      "4": 14,
      "5": 48,
      "6": 26
    },
    "b": {
      "0": [
        47,
        20
      ],
      "1": [
        2,
        25
      ],
      "2": [
        27,
        8
      ],
      "3": [
        2,
        0
      ],
      "4": [
        6,
        19
      ],
      "5": [
        6,
        0
      ],
      "6": [
        6,
        13
      ],
      "7": [
        14,
        1856
      ],
      "8": [
        14,
        1856
      ],
      "9": [
        1798,
        72
      ],
      "10": [
        300,
        1570
      ],
      "11": [
        10,
        169
      ],
      "12": [
        44,
        4
      ],
      "13": [
        26,
        0
      ],
      "14": [
        26,
        26
      ],
      "15": [
        2,
        4,
        4,
        2,
        4,
        6,
        0,
        4,
        0
      ],
      "16": [
        2,
        4
      ],
      "17": [
        2,
        2
      ],
      "18": [
        2,
        0
      ],
      "19": [
        2,
        2
      ],
      "20": [
        2,
        0
      ],
      "21": [
        0,
        0
      ],
      "22": [
        0,
        0
      ],
      "23": [
        0,
        0
      ]
    },
    "_coverageSchema": "1a1c01bbd47fc00a2c39e90264f33305004495a9",
    "hash": "dd5e82ae9d5edf3805dc2a2ab350b0e816f893e9"
  },
  "D:\\学习\\21WI\\CSE110\\cse110-w21-group13\\source\\src\\scripts\\FocusMode.js": {
    "path": "D:\\学习\\21WI\\CSE110\\cse110-w21-group13\\source\\src\\scripts\\FocusMode.js",
    "statementMap": {
      "0": {
        "start": {
          "line": 3,
          "column": 21
        },
        "end": {
          "line": 3,
          "column": 60
        }
      },
      "1": {
        "start": {
          "line": 4,
          "column": 24
        },
        "end": {
          "line": 4,
          "column": 60
        }
      },
      "2": {
        "start": {
          "line": 5,
          "column": 20
        },
        "end": {
          "line": 5,
          "column": 61
        }
      },
      "3": {
        "start": {
          "line": 6,
          "column": 22
        },
        "end": {
          "line": 6,
          "column": 59
        }
      },
      "4": {
        "start": {
          "line": 7,
          "column": 4
        },
        "end": {
          "line": 7,
          "column": 39
        }
      },
      "5": {
        "start": {
          "line": 8,
          "column": 4
        },
        "end": {
          "line": 8,
          "column": 42
        }
      },
      "6": {
        "start": {
          "line": 9,
          "column": 4
        },
        "end": {
          "line": 9,
          "column": 38
        }
      },
      "7": {
        "start": {
          "line": 10,
          "column": 4
        },
        "end": {
          "line": 10,
          "column": 40
        }
      },
      "8": {
        "start": {
          "line": 11,
          "column": 4
        },
        "end": {
          "line": 16,
          "column": 5
        }
      },
      "9": {
        "start": {
          "line": 12,
          "column": 8
        },
        "end": {
          "line": 12,
          "column": 47
        }
      },
      "10": {
        "start": {
          "line": 15,
          "column": 8
        },
        "end": {
          "line": 15,
          "column": 49
        }
      },
      "11": {
        "start": {
          "line": 18,
          "column": 17
        },
        "end": {
          "line": 18,
          "column": 56
        }
      },
      "12": {
        "start": {
          "line": 19,
          "column": 0
        },
        "end": {
          "line": 19,
          "column": 48
        }
      }
    },
    "fnMap": {
      "0": {
        "name": "toggleState",
        "decl": {
          "start": {
            "line": 1,
            "column": 9
          },
          "end": {
            "line": 1,
            "column": 20
          }
        },
        "loc": {
          "start": {
            "line": 1,
            "column": 23
          },
          "end": {
            "line": 17,
            "column": 1
          }
        },
        "line": 1
      }
    },
    "branchMap": {
      "0": {
        "loc": {
          "start": {
            "line": 11,
            "column": 4
          },
          "end": {
            "line": 16,
            "column": 5
          }
        },
        "type": "if",
        "locations": [
          {
            "start": {
              "line": 11,
              "column": 4
            },
            "end": {
              "line": 16,
              "column": 5
            }
          },
          {
            "start": {
              "line": 11,
              "column": 4
            },
            "end": {
              "line": 16,
              "column": 5
            }
          }
        ],
        "line": 11
      }
    },
    "s": {
      "0": 24,
      "1": 24,
      "2": 24,
      "3": 24,
      "4": 24,
      "5": 24,
      "6": 24,
      "7": 24,
      "8": 24,
      "9": 17,
      "10": 7,
      "11": 67,
      "12": 67
    },
    "f": {
      "0": 24
    },
    "b": {
      "0": [
        17,
        7
      ]
    },
    "_coverageSchema": "1a1c01bbd47fc00a2c39e90264f33305004495a9",
    "hash": "37fe448cd2a5bbd14c8b7f88438ddae3745d5b1c"
  },
  "D:\\学习\\21WI\\CSE110\\cse110-w21-group13\\source\\src\\components\\TaskItem.js": {
    "path": "D:\\学习\\21WI\\CSE110\\cse110-w21-group13\\source\\src\\components\\TaskItem.js",
    "statementMap": {
      "0": {
        "start": {
          "line": 5,
          "column": 22
        },
        "end": {
          "line": 5,
          "column": 63
        }
      },
      "1": {
        "start": {
          "line": 7,
          "column": 24
        },
        "end": {
          "line": 7,
          "column": 77
        }
      },
      "2": {
        "start": {
          "line": 8,
          "column": 8
        },
        "end": {
          "line": 8,
          "column": 47
        }
      },
      "3": {
        "start": {
          "line": 10,
          "column": 21
        },
        "end": {
          "line": 10,
          "column": 112
        }
      },
      "4": {
        "start": {
          "line": 10,
          "column": 39
        },
        "end": {
          "line": 10,
          "column": 111
        }
      },
      "5": {
        "start": {
          "line": 11,
          "column": 8
        },
        "end": {
          "line": 14,
          "column": 9
        }
      },
      "6": {
        "start": {
          "line": 12,
          "column": 12
        },
        "end": {
          "line": 12,
          "column": 41
        }
      },
      "7": {
        "start": {
          "line": 13,
          "column": 12
        },
        "end": {
          "line": 13,
          "column": 65
        }
      },
      "8": {
        "start": {
          "line": 19,
          "column": 22
        },
        "end": {
          "line": 19,
          "column": 63
        }
      },
      "9": {
        "start": {
          "line": 21,
          "column": 8
        },
        "end": {
          "line": 21,
          "column": 131
        }
      },
      "10": {
        "start": {
          "line": 21,
          "column": 47
        },
        "end": {
          "line": 21,
          "column": 125
        }
      },
      "11": {
        "start": {
          "line": 22,
          "column": 8
        },
        "end": {
          "line": 22,
          "column": 61
        }
      },
      "12": {
        "start": {
          "line": 24,
          "column": 8
        },
        "end": {
          "line": 24,
          "column": 42
        }
      },
      "13": {
        "start": {
          "line": 26,
          "column": 25
        },
        "end": {
          "line": 26,
          "column": 62
        }
      },
      "14": {
        "start": {
          "line": 27,
          "column": 8
        },
        "end": {
          "line": 30,
          "column": 9
        }
      },
      "15": {
        "start": {
          "line": 28,
          "column": 26
        },
        "end": {
          "line": 28,
          "column": 65
        }
      },
      "16": {
        "start": {
          "line": 29,
          "column": 12
        },
        "end": {
          "line": 29,
          "column": 33
        }
      },
      "17": {
        "start": {
          "line": 35,
          "column": 8
        },
        "end": {
          "line": 35,
          "column": 32
        }
      },
      "18": {
        "start": {
          "line": 37,
          "column": 8
        },
        "end": {
          "line": 37,
          "column": 42
        }
      },
      "19": {
        "start": {
          "line": 39,
          "column": 22
        },
        "end": {
          "line": 39,
          "column": 63
        }
      },
      "20": {
        "start": {
          "line": 40,
          "column": 21
        },
        "end": {
          "line": 40,
          "column": 112
        }
      },
      "21": {
        "start": {
          "line": 40,
          "column": 39
        },
        "end": {
          "line": 40,
          "column": 111
        }
      },
      "22": {
        "start": {
          "line": 42,
          "column": 19
        },
        "end": {
          "line": 42,
          "column": 64
        }
      },
      "23": {
        "start": {
          "line": 43,
          "column": 22
        },
        "end": {
          "line": 43,
          "column": 61
        }
      },
      "24": {
        "start": {
          "line": 44,
          "column": 25
        },
        "end": {
          "line": 44,
          "column": 62
        }
      },
      "25": {
        "start": {
          "line": 46,
          "column": 8
        },
        "end": {
          "line": 105,
          "column": 9
        }
      },
      "26": {
        "start": {
          "line": 48,
          "column": 12
        },
        "end": {
          "line": 48,
          "column": 33
        }
      },
      "27": {
        "start": {
          "line": 49,
          "column": 12
        },
        "end": {
          "line": 49,
          "column": 48
        }
      },
      "28": {
        "start": {
          "line": 51,
          "column": 12
        },
        "end": {
          "line": 51,
          "column": 33
        }
      },
      "29": {
        "start": {
          "line": 52,
          "column": 12
        },
        "end": {
          "line": 52,
          "column": 65
        }
      },
      "30": {
        "start": {
          "line": 54,
          "column": 12
        },
        "end": {
          "line": 54,
          "column": 33
        }
      },
      "31": {
        "start": {
          "line": 56,
          "column": 12
        },
        "end": {
          "line": 80,
          "column": 13
        }
      },
      "32": {
        "start": {
          "line": 57,
          "column": 29
        },
        "end": {
          "line": 57,
          "column": 77
        }
      },
      "33": {
        "start": {
          "line": 59,
          "column": 30
        },
        "end": {
          "line": 59,
          "column": 34
        }
      },
      "34": {
        "start": {
          "line": 60,
          "column": 16
        },
        "end": {
          "line": 72,
          "column": 17
        }
      },
      "35": {
        "start": {
          "line": 60,
          "column": 29
        },
        "end": {
          "line": 60,
          "column": 30
        }
      },
      "36": {
        "start": {
          "line": 62,
          "column": 20
        },
        "end": {
          "line": 71,
          "column": 21
        }
      },
      "37": {
        "start": {
          "line": 63,
          "column": 24
        },
        "end": {
          "line": 63,
          "column": 48
        }
      },
      "38": {
        "start": {
          "line": 64,
          "column": 24
        },
        "end": {
          "line": 64,
          "column": 54
        }
      },
      "39": {
        "start": {
          "line": 65,
          "column": 24
        },
        "end": {
          "line": 65,
          "column": 62
        }
      },
      "40": {
        "start": {
          "line": 66,
          "column": 41
        },
        "end": {
          "line": 66,
          "column": 138
        }
      },
      "41": {
        "start": {
          "line": 66,
          "column": 59
        },
        "end": {
          "line": 66,
          "column": 137
        }
      },
      "42": {
        "start": {
          "line": 67,
          "column": 24
        },
        "end": {
          "line": 67,
          "column": 48
        }
      },
      "43": {
        "start": {
          "line": 68,
          "column": 24
        },
        "end": {
          "line": 68,
          "column": 77
        }
      },
      "44": {
        "start": {
          "line": 69,
          "column": 24
        },
        "end": {
          "line": 69,
          "column": 40
        }
      },
      "45": {
        "start": {
          "line": 70,
          "column": 24
        },
        "end": {
          "line": 70,
          "column": 30
        }
      },
      "46": {
        "start": {
          "line": 74,
          "column": 16
        },
        "end": {
          "line": 79,
          "column": 17
        }
      },
      "47": {
        "start": {
          "line": 75,
          "column": 20
        },
        "end": {
          "line": 75,
          "column": 60
        }
      },
      "48": {
        "start": {
          "line": 78,
          "column": 20
        },
        "end": {
          "line": 78,
          "column": 53
        }
      },
      "49": {
        "start": {
          "line": 84,
          "column": 12
        },
        "end": {
          "line": 84,
          "column": 47
        }
      },
      "50": {
        "start": {
          "line": 85,
          "column": 12
        },
        "end": {
          "line": 85,
          "column": 32
        }
      },
      "51": {
        "start": {
          "line": 86,
          "column": 12
        },
        "end": {
          "line": 86,
          "column": 65
        }
      },
      "52": {
        "start": {
          "line": 87,
          "column": 30
        },
        "end": {
          "line": 87,
          "column": 65
        }
      },
      "53": {
        "start": {
          "line": 89,
          "column": 12
        },
        "end": {
          "line": 102,
          "column": 13
        }
      },
      "54": {
        "start": {
          "line": 90,
          "column": 16
        },
        "end": {
          "line": 90,
          "column": 43
        }
      },
      "55": {
        "start": {
          "line": 94,
          "column": 16
        },
        "end": {
          "line": 94,
          "column": 48
        }
      },
      "56": {
        "start": {
          "line": 95,
          "column": 16
        },
        "end": {
          "line": 95,
          "column": 42
        }
      },
      "57": {
        "start": {
          "line": 96,
          "column": 16
        },
        "end": {
          "line": 96,
          "column": 57
        }
      },
      "58": {
        "start": {
          "line": 97,
          "column": 32
        },
        "end": {
          "line": 97,
          "column": 133
        }
      },
      "59": {
        "start": {
          "line": 97,
          "column": 50
        },
        "end": {
          "line": 97,
          "column": 132
        }
      },
      "60": {
        "start": {
          "line": 98,
          "column": 16
        },
        "end": {
          "line": 98,
          "column": 40
        }
      },
      "61": {
        "start": {
          "line": 99,
          "column": 16
        },
        "end": {
          "line": 99,
          "column": 69
        }
      },
      "62": {
        "start": {
          "line": 101,
          "column": 16
        },
        "end": {
          "line": 101,
          "column": 43
        }
      },
      "63": {
        "start": {
          "line": 104,
          "column": 12
        },
        "end": {
          "line": 104,
          "column": 45
        }
      },
      "64": {
        "start": {
          "line": 111,
          "column": 8
        },
        "end": {
          "line": 111,
          "column": 16
        }
      },
      "65": {
        "start": {
          "line": 112,
          "column": 23
        },
        "end": {
          "line": 112,
          "column": 58
        }
      },
      "66": {
        "start": {
          "line": 118,
          "column": 19
        },
        "end": {
          "line": 118,
          "column": 47
        }
      },
      "67": {
        "start": {
          "line": 119,
          "column": 8
        },
        "end": {
          "line": 119,
          "column": 36
        }
      },
      "68": {
        "start": {
          "line": 120,
          "column": 22
        },
        "end": {
          "line": 120,
          "column": 51
        }
      },
      "69": {
        "start": {
          "line": 121,
          "column": 8
        },
        "end": {
          "line": 121,
          "column": 53
        }
      },
      "70": {
        "start": {
          "line": 122,
          "column": 8
        },
        "end": {
          "line": 122,
          "column": 50
        }
      },
      "71": {
        "start": {
          "line": 123,
          "column": 8
        },
        "end": {
          "line": 123,
          "column": 43
        }
      },
      "72": {
        "start": {
          "line": 124,
          "column": 8
        },
        "end": {
          "line": 124,
          "column": 30
        }
      },
      "73": {
        "start": {
          "line": 126,
          "column": 8
        },
        "end": {
          "line": 126,
          "column": 52
        }
      },
      "74": {
        "start": {
          "line": 127,
          "column": 22
        },
        "end": {
          "line": 127,
          "column": 51
        }
      },
      "75": {
        "start": {
          "line": 128,
          "column": 8
        },
        "end": {
          "line": 128,
          "column": 53
        }
      },
      "76": {
        "start": {
          "line": 129,
          "column": 8
        },
        "end": {
          "line": 129,
          "column": 50
        }
      },
      "77": {
        "start": {
          "line": 130,
          "column": 8
        },
        "end": {
          "line": 130,
          "column": 30
        }
      },
      "78": {
        "start": {
          "line": 132,
          "column": 8
        },
        "end": {
          "line": 132,
          "column": 63
        }
      },
      "79": {
        "start": {
          "line": 134,
          "column": 22
        },
        "end": {
          "line": 134,
          "column": 51
        }
      },
      "80": {
        "start": {
          "line": 135,
          "column": 8
        },
        "end": {
          "line": 135,
          "column": 54
        }
      },
      "81": {
        "start": {
          "line": 136,
          "column": 8
        },
        "end": {
          "line": 136,
          "column": 51
        }
      },
      "82": {
        "start": {
          "line": 137,
          "column": 8
        },
        "end": {
          "line": 137,
          "column": 30
        }
      },
      "83": {
        "start": {
          "line": 139,
          "column": 8
        },
        "end": {
          "line": 139,
          "column": 68
        }
      },
      "84": {
        "start": {
          "line": 141,
          "column": 22
        },
        "end": {
          "line": 141,
          "column": 53
        }
      },
      "85": {
        "start": {
          "line": 142,
          "column": 8
        },
        "end": {
          "line": 215,
          "column": 10
        }
      },
      "86": {
        "start": {
          "line": 216,
          "column": 8
        },
        "end": {
          "line": 216,
          "column": 31
        }
      },
      "87": {
        "start": {
          "line": 217,
          "column": 8
        },
        "end": {
          "line": 217,
          "column": 34
        }
      },
      "88": {
        "start": {
          "line": 221,
          "column": 8
        },
        "end": {
          "line": 221,
          "column": 24
        }
      },
      "89": {
        "start": {
          "line": 225,
          "column": 23
        },
        "end": {
          "line": 225,
          "column": 38
        }
      },
      "90": {
        "start": {
          "line": 226,
          "column": 21
        },
        "end": {
          "line": 226,
          "column": 52
        }
      },
      "91": {
        "start": {
          "line": 227,
          "column": 8
        },
        "end": {
          "line": 227,
          "column": 49
        }
      },
      "92": {
        "start": {
          "line": 231,
          "column": 0
        },
        "end": {
          "line": 231,
          "column": 45
        }
      }
    },
    "fnMap": {
      "0": {
        "name": "(anonymous_0)",
        "decl": {
          "start": {
            "line": 4,
            "column": 4
          },
          "end": {
            "line": 4,
            "column": 5
          }
        },
        "loc": {
          "start": {
            "line": 4,
            "column": 13
          },
          "end": {
            "line": 15,
            "column": 5
          }
        },
        "line": 4
      },
      "1": {
        "name": "(anonymous_1)",
        "decl": {
          "start": {
            "line": 10,
            "column": 32
          },
          "end": {
            "line": 10,
            "column": 33
          }
        },
        "loc": {
          "start": {
            "line": 10,
            "column": 39
          },
          "end": {
            "line": 10,
            "column": 111
          }
        },
        "line": 10
      },
      "2": {
        "name": "(anonymous_2)",
        "decl": {
          "start": {
            "line": 18,
            "column": 4
          },
          "end": {
            "line": 18,
            "column": 5
          }
        },
        "loc": {
          "start": {
            "line": 18,
            "column": 17
          },
          "end": {
            "line": 31,
            "column": 5
          }
        },
        "line": 18
      },
      "3": {
        "name": "(anonymous_3)",
        "decl": {
          "start": {
            "line": 21,
            "column": 37
          },
          "end": {
            "line": 21,
            "column": 38
          }
        },
        "loc": {
          "start": {
            "line": 21,
            "column": 47
          },
          "end": {
            "line": 21,
            "column": 125
          }
        },
        "line": 21
      },
      "4": {
        "name": "(anonymous_4)",
        "decl": {
          "start": {
            "line": 34,
            "column": 4
          },
          "end": {
            "line": 34,
            "column": 5
          }
        },
        "loc": {
          "start": {
            "line": 34,
            "column": 17
          },
          "end": {
            "line": 106,
            "column": 5
          }
        },
        "line": 34
      },
      "5": {
        "name": "(anonymous_5)",
        "decl": {
          "start": {
            "line": 40,
            "column": 32
          },
          "end": {
            "line": 40,
            "column": 33
          }
        },
        "loc": {
          "start": {
            "line": 40,
            "column": 39
          },
          "end": {
            "line": 40,
            "column": 111
          }
        },
        "line": 40
      },
      "6": {
        "name": "(anonymous_6)",
        "decl": {
          "start": {
            "line": 66,
            "column": 52
          },
          "end": {
            "line": 66,
            "column": 53
          }
        },
        "loc": {
          "start": {
            "line": 66,
            "column": 59
          },
          "end": {
            "line": 66,
            "column": 137
          }
        },
        "line": 66
      },
      "7": {
        "name": "(anonymous_7)",
        "decl": {
          "start": {
            "line": 97,
            "column": 43
          },
          "end": {
            "line": 97,
            "column": 44
          }
        },
        "loc": {
          "start": {
            "line": 97,
            "column": 50
          },
          "end": {
            "line": 97,
            "column": 132
          }
        },
        "line": 97
      },
      "8": {
        "name": "(anonymous_8)",
        "decl": {
          "start": {
            "line": 110,
            "column": 4
          },
          "end": {
            "line": 110,
            "column": 5
          }
        },
        "loc": {
          "start": {
            "line": 110,
            "column": 18
          },
          "end": {
            "line": 218,
            "column": 5
          }
        },
        "line": 110
      },
      "9": {
        "name": "(anonymous_9)",
        "decl": {
          "start": {
            "line": 220,
            "column": 4
          },
          "end": {
            "line": 220,
            "column": 5
          }
        },
        "loc": {
          "start": {
            "line": 220,
            "column": 36
          },
          "end": {
            "line": 222,
            "column": 5
          }
        },
        "line": 220
      },
      "10": {
        "name": "(anonymous_10)",
        "decl": {
          "start": {
            "line": 224,
            "column": 4
          },
          "end": {
            "line": 224,
            "column": 5
          }
        },
        "loc": {
          "start": {
            "line": 224,
            "column": 55
          },
          "end": {
            "line": 228,
            "column": 5
          }
        },
        "line": 224
      }
    },
    "branchMap": {
      "0": {
        "loc": {
          "start": {
            "line": 10,
            "column": 39
          },
          "end": {
            "line": 10,
            "column": 111
          }
        },
        "type": "binary-expr",
        "locations": [
          {
            "start": {
              "line": 10,
              "column": 39
            },
            "end": {
              "line": 10,
              "column": 71
            }
          },
          {
            "start": {
              "line": 10,
              "column": 75
            },
            "end": {
              "line": 10,
              "column": 111
            }
          }
        ],
        "line": 10
      },
      "1": {
        "loc": {
          "start": {
            "line": 11,
            "column": 8
          },
          "end": {
            "line": 14,
            "column": 9
          }
        },
        "type": "if",
        "locations": [
          {
            "start": {
              "line": 11,
              "column": 8
            },
            "end": {
              "line": 14,
              "column": 9
            }
          },
          {
            "start": {
              "line": 11,
              "column": 8
            },
            "end": {
              "line": 14,
              "column": 9
            }
          }
        ],
        "line": 11
      },
      "2": {
        "loc": {
          "start": {
            "line": 21,
            "column": 47
          },
          "end": {
            "line": 21,
            "column": 125
          }
        },
        "type": "binary-expr",
        "locations": [
          {
            "start": {
              "line": 21,
              "column": 47
            },
            "end": {
              "line": 21,
              "column": 82
            }
          },
          {
            "start": {
              "line": 21,
              "column": 86
            },
            "end": {
              "line": 21,
              "column": 125
            }
          }
        ],
        "line": 21
      },
      "3": {
        "loc": {
          "start": {
            "line": 27,
            "column": 8
          },
          "end": {
            "line": 30,
            "column": 9
          }
        },
        "type": "if",
        "locations": [
          {
            "start": {
              "line": 27,
              "column": 8
            },
            "end": {
              "line": 30,
              "column": 9
            }
          },
          {
            "start": {
              "line": 27,
              "column": 8
            },
            "end": {
              "line": 30,
              "column": 9
            }
          }
        ],
        "line": 27
      },
      "4": {
        "loc": {
          "start": {
            "line": 40,
            "column": 39
          },
          "end": {
            "line": 40,
            "column": 111
          }
        },
        "type": "binary-expr",
        "locations": [
          {
            "start": {
              "line": 40,
              "column": 39
            },
[...]
        }
      },
      "123": {
        "start": {
          "line": 157,
          "column": 8
        },
        "end": {
          "line": 157,
          "column": 50
        }
      },
      "124": {
        "start": {
          "line": 158,
          "column": 8
        },
        "end": {
          "line": 158,
          "column": 55
        }
      },
      "125": {
        "start": {
          "line": 159,
          "column": 22
        },
        "end": {
          "line": 159,
          "column": 53
        }
      },
      "126": {
        "start": {
          "line": 160,
          "column": 8
        },
        "end": {
          "line": 393,
          "column": 11
        }
      },
      "127": {
        "start": {
          "line": 394,
          "column": 8
        },
        "end": {
          "line": 394,
          "column": 36
        }
      },
      "128": {
        "start": {
          "line": 395,
          "column": 8
        },
        "end": {
          "line": 395,
          "column": 34
        }
      },
      "129": {
        "start": {
          "line": 398,
          "column": 0
        },
        "end": {
          "line": 398,
          "column": 55
        }
      },
      "130": {
        "start": {
          "line": 400,
          "column": 0
        },
        "end": {
          "line": 416,
          "column": 3
        }
      },
      "131": {
        "start": {
          "line": 401,
          "column": 27
        },
        "end": {
          "line": 401,
          "column": 68
        }
      },
      "132": {
        "start": {
          "line": 402,
          "column": 26
        },
        "end": {
          "line": 402,
          "column": 66
        }
      },
      "133": {
        "start": {
          "line": 403,
          "column": 4
        },
        "end": {
          "line": 403,
          "column": 49
        }
      },
      "134": {
        "start": {
          "line": 404,
          "column": 4
        },
        "end": {
          "line": 404,
          "column": 45
        }
      },
      "135": {
        "start": {
          "line": 405,
          "column": 4
        },
        "end": {
          "line": 415,
          "column": 7
        }
      },
      "136": {
        "start": {
          "line": 406,
          "column": 25
        },
        "end": {
          "line": 406,
          "column": 58
        }
      },
      "137": {
        "start": {
          "line": 407,
          "column": 8
        },
        "end": {
          "line": 407,
          "column": 78
        }
      },
      "138": {
        "start": {
          "line": 408,
          "column": 8
        },
        "end": {
          "line": 408,
          "column": 24
        }
      },
      "139": {
        "start": {
          "line": 410,
          "column": 23
        },
        "end": {
          "line": 410,
          "column": 75
        }
      },
      "140": {
        "start": {
          "line": 411,
          "column": 5
        },
        "end": {
          "line": 413,
          "column": 6
        }
      },
      "141": {
        "start": {
          "line": 411,
          "column": 18
        },
        "end": {
          "line": 411,
          "column": 19
        }
      },
      "142": {
        "start": {
          "line": 412,
          "column": 9
        },
        "end": {
          "line": 412,
          "column": 32
        }
      },
      "143": {
        "start": {
          "line": 414,
          "column": 8
        },
        "end": {
          "line": 414,
          "column": 113
        }
      }
    },
    "fnMap": {
      "0": {
        "name": "(anonymous_0)",
        "decl": {
          "start": {
            "line": 2,
            "column": 4
          },
          "end": {
            "line": 2,
            "column": 5
          }
        },
        "loc": {
          "start": {
            "line": 2,
            "column": 17
          },
          "end": {
            "line": 5,
            "column": 5
          }
        },
        "line": 2
      },
      "1": {
        "name": "(anonymous_1)",
        "decl": {
          "start": {
            "line": 7,
            "column": 4
          },
          "end": {
            "line": 7,
            "column": 5
          }
        },
        "loc": {
          "start": {
            "line": 7,
            "column": 22
          },
          "end": {
            "line": 20,
            "column": 5
          }
        },
        "line": 7
      },
      "2": {
        "name": "(anonymous_2)",
        "decl": {
          "start": {
            "line": 22,
            "column": 4
          },
          "end": {
            "line": 22,
            "column": 5
          }
        },
        "loc": {
          "start": {
            "line": 22,
            "column": 17
          },
          "end": {
            "line": 29,
            "column": 5
          }
        },
        "line": 22
      },
      "3": {
        "name": "(anonymous_3)",
        "decl": {
          "start": {
            "line": 31,
            "column": 4
          },
          "end": {
            "line": 31,
            "column": 5
          }
        },
        "loc": {
          "start": {
            "line": 31,
            "column": 16
          },
          "end": {
            "line": 34,
            "column": 5
          }
        },
        "line": 31
      },
      "4": {
        "name": "(anonymous_4)",
        "decl": {
          "start": {
            "line": 36,
            "column": 4
          },
          "end": {
            "line": 36,
            "column": 5
          }
        },
        "loc": {
          "start": {
            "line": 36,
            "column": 18
          },
          "end": {
            "line": 396,
            "column": 5
          }
        },
        "line": 36
      },
      "5": {
        "name": "(anonymous_5)",
        "decl": {
          "start": {
            "line": 139,
            "column": 45
          },
          "end": {
            "line": 139,
            "column": 46
          }
        },
        "loc": {
          "start": {
            "line": 139,
            "column": 57
          },
          "end": {
            "line": 141,
            "column": 9
          }
        },
        "line": 139
      },
      "6": {
        "name": "(anonymous_6)",
        "decl": {
          "start": {
            "line": 400,
            "column": 32
          },
          "end": {
            "line": 400,
            "column": 33
          }
        },
        "loc": {
          "start": {
            "line": 400,
            "column": 38
          },
          "end": {
            "line": 416,
            "column": 1
          }
        },
        "line": 400
      },
      "7": {
        "name": "(anonymous_7)",
        "decl": {
          "start": {
            "line": 405,
            "column": 45
          },
          "end": {
            "line": 405,
            "column": 46
          }
        },
        "loc": {
          "start": {
            "line": 405,
            "column": 51
          },
          "end": {
            "line": 415,
            "column": 5
          }
        },
        "line": 405
      }
    },
    "branchMap": {
      "0": {
        "loc": {
          "start": {
            "line": 23,
            "column": 8
          },
          "end": {
            "line": 27,
            "column": 9
          }
        },
        "type": "if",
        "locations": [
          {
            "start": {
              "line": 23,
              "column": 8
            },
            "end": {
              "line": 27,
              "column": 9
            }
          },
          {
            "start": {
              "line": 23,
              "column": 8
            },
            "end": {
              "line": 27,
              "column": 9
            }
          }
        ],
        "line": 23
      },
      "1": {
        "loc": {
          "start": {
            "line": 100,
            "column": 8
          },
          "end": {
            "line": 102,
            "column": 9
          }
        },
        "type": "if",
        "locations": [
          {
            "start": {
              "line": 100,
              "column": 8
            },
            "end": {
              "line": 102,
              "column": 9
            }
          },
          {
            "start": {
              "line": 100,
              "column": 8
            },
            "end": {
              "line": 102,
              "column": 9
            }
          }
        ],
        "line": 100
      }
    },
    "s": {
      "0": 100,
      "1": 100,
      "2": 4,
      "3": 4,
      "4": 4,
      "5": 4,
      "6": 4,
      "7": 4,
      "8": 4,
      "9": 4,
      "10": 4,
      "11": 4,
      "12": 4,
      "13": 5,
      "14": 3,
      "15": 2,
      "16": 5,
      "17": 2,
      "18": 2,
      "19": 67,
      "20": 67,
      "21": 67,
      "22": 67,
      "23": 67,
      "24": 67,
      "25": 67,
      "26": 67,
      "27": 67,
      "28": 67,
      "29": 67,
      "30": 67,
      "31": 67,
      "32": 67,
      "33": 67,
      "34": 67,
      "35": 67,
      "36": 67,
      "37": 67,
      "38": 67,
      "39": 67,
      "40": 67,
      "41": 67,
      "42": 67,
      "43": 67,
      "44": 67,
      "45": 67,
      "46": 67,
      "47": 67,
      "48": 67,
      "49": 67,
      "50": 67,
      "51": 67,
      "52": 67,
      "53": 67,
      "54": 67,
      "55": 67,
      "56": 67,
      "57": 67,
      "58": 67,
      "59": 67,
      "60": 67,
      "61": 67,
      "62": 67,
      "63": 67,
      "64": 67,
      "65": 67,
      "66": 67,
      "67": 67,
      "68": 67,
      "69": 67,
      "70": 67,
      "71": 67,
      "72": 67,
      "73": 67,
      "74": 67,
      "75": 67,
      "76": 2,
      "77": 67,
      "78": 67,
      "79": 67,
      "80": 67,
      "81": 67,
      "82": 67,
      "83": 67,
      "84": 67,
      "85": 67,
      "86": 67,
      "87": 67,
      "88": 67,
      "89": 67,
      "90": 67,
      "91": 67,
      "92": 67,
      "93": 67,
      "94": 67,
      "95": 67,
      "96": 67,
      "97": 67,
      "98": 67,
      "99": 67,
      "100": 67,
      "101": 67,
      "102": 67,
      "103": 67,
      "104": 67,
      "105": 67,
      "106": 67,
      "107": 67,
      "108": 2,
      "109": 67,
      "110": 67,
      "111": 67,
      "112": 67,
      "113": 67,
      "114": 67,
      "115": 67,
      "116": 67,
      "117": 67,
      "118": 67,
      "119": 67,
      "120": 67,
      "121": 67,
      "122": 67,
      "123": 67,
      "124": 67,
      "125": 67,
      "126": 67,
      "127": 67,
      "128": 67,
      "129": 67,
      "130": 67,
      "131": 67,
      "132": 67,
      "133": 67,
      "134": 67,
      "135": 67,
      "136": 15,
      "137": 15,
      "138": 15,
      "139": 15,
      "140": 15,
      "141": 15,
      "142": 60,
      "143": 15
    },
    "f": {
      "0": 100,
      "1": 4,
      "2": 5,
      "3": 2,
      "4": 67,
      "5": 2,
      "6": 67,
      "7": 15
    },
    "b": {
      "0": [
        3,
        2
      ],
      "1": [
        2,
        65
      ]
    },
    "_coverageSchema": "1a1c01bbd47fc00a2c39e90264f33305004495a9",
    "hash": "2f502253fbd0e10206a87a84f9d4dd15ca494d28"
  },
  "D:\\学习\\21WI\\CSE110\\cse110-w21-group13\\source\\src\\components\\HelpPopUp.js": {
    "path": "D:\\学习\\21WI\\CSE110\\cse110-w21-group13\\source\\src\\components\\HelpPopUp.js",
    "statementMap": {
      "0": {
        "start": {
          "line": 3,
          "column": 24
        },
        "end": {
          "line": 3,
          "column": 68
        }
      },
      "1": {
        "start": {
          "line": 4,
          "column": 8
        },
        "end": {
          "line": 4,
          "column": 39
        }
      },
      "2": {
        "start": {
          "line": 8,
          "column": 8
        },
        "end": {
          "line": 8,
          "column": 16
        }
      },
      "3": {
        "start": {
          "line": 9,
          "column": 23
        },
        "end": {
          "line": 9,
          "column": 58
        }
      },
      "4": {
        "start": {
          "line": 11,
          "column": 24
        },
        "end": {
          "line": 11,
          "column": 53
        }
      },
      "5": {
        "start": {
          "line": 12,
          "column": 8
        },
        "end": {
          "line": 12,
          "column": 49
        }
      },
      "6": {
        "start": {
          "line": 14,
          "column": 22
        },
        "end": {
          "line": 14,
          "column": 72
        }
      },
      "7": {
        "start": {
          "line": 15,
          "column": 8
        },
        "end": {
          "line": 15,
          "column": 53
        }
      },
      "8": {
        "start": {
          "line": 16,
          "column": 8
        },
        "end": {
          "line": 16,
          "column": 47
        }
      },
      "9": {
        "start": {
          "line": 18,
          "column": 22
        },
        "end": {
          "line": 18,
          "column": 71
        }
      },
      "10": {
        "start": {
          "line": 19,
          "column": 8
        },
        "end": {
          "line": 19,
          "column": 33
        }
      },
      "11": {
        "start": {
          "line": 21,
          "column": 8
        },
        "end": {
          "line": 21,
          "column": 68
        }
      },
      "12": {
        "start": {
          "line": 23,
          "column": 8
        },
        "end": {
          "line": 23,
          "column": 54
        }
      },
      "13": {
        "start": {
          "line": 24,
          "column": 8
        },
        "end": {
          "line": 24,
          "column": 49
        }
      },
      "14": {
        "start": {
          "line": 25,
          "column": 8
        },
        "end": {
          "line": 25,
          "column": 46
        }
      },
      "15": {
        "start": {
          "line": 27,
          "column": 22
        },
        "end": {
          "line": 27,
          "column": 53
        }
      },
      "16": {
        "start": {
          "line": 28,
          "column": 8
        },
        "end": {
          "line": 75,
          "column": 11
        }
      },
      "17": {
        "start": {
          "line": 76,
          "column": 8
        },
        "end": {
          "line": 76,
          "column": 36
        }
      },
      "18": {
        "start": {
          "line": 77,
          "column": 8
        },
        "end": {
          "line": 77,
          "column": 34
        }
      },
      "19": {
        "start": {
          "line": 80,
          "column": 0
        },
        "end": {
          "line": 80,
          "column": 47
        }
      },
      "20": {
        "start": {
          "line": 82,
          "column": 0
        },
        "end": {
          "line": 98,
          "column": 3
        }
      },
      "21": {
        "start": {
          "line": 83,
          "column": 22
        },
        "end": {
          "line": 83,
          "column": 58
        }
      },
      "22": {
        "start": {
          "line": 84,
          "column": 4
        },
        "end": {
          "line": 84,
          "column": 45
        }
      },
      "23": {
        "start": {
          "line": 85,
          "column": 4
        },
        "end": {
          "line": 85,
          "column": 41
        }
      },
      "24": {
        "start": {
          "line": 86,
          "column": 20
        },
        "end": {
          "line": 86,
          "column": 58
        }
      },
      "25": {
        "start": {
          "line": 87,
          "column": 4
        },
        "end": {
          "line": 97,
          "column": 7
        }
      },
      "26": {
        "start": {
          "line": 88,
          "column": 25
        },
        "end": {
          "line": 88,
          "column": 58
        }
      },
      "27": {
        "start": {
          "line": 89,
          "column": 8
        },
        "end": {
          "line": 89,
          "column": 76
        }
      },
      "28": {
        "start": {
          "line": 90,
          "column": 8
        },
        "end": {
          "line": 90,
          "column": 24
        }
      },
      "29": {
        "start": {
          "line": 92,
          "column": 23
        },
        "end": {
          "line": 92,
          "column": 75
        }
      },
      "30": {
        "start": {
          "line": 93,
          "column": 8
        },
        "end": {
          "line": 95,
          "column": 9
        }
      },
      "31": {
        "start": {
          "line": 93,
          "column": 21
        },
        "end": {
          "line": 93,
          "column": 22
        }
      },
      "32": {
        "start": {
          "line": 94,
          "column": 12
        },
        "end": {
          "line": 94,
          "column": 35
        }
      },
      "33": {
        "start": {
          "line": 96,
          "column": 8
        },
        "end": {
          "line": 96,
          "column": 97
        }
      }
    },
    "fnMap": {
      "0": {
        "name": "(anonymous_0)",
        "decl": {
          "start": {
            "line": 2,
            "column": 4
          },
          "end": {
            "line": 2,
            "column": 5
          }
        },
        "loc": {
          "start": {
            "line": 2,
            "column": 17
          },
          "end": {
            "line": 5,
            "column": 5
          }
        },
        "line": 2
      },
      "1": {
        "name": "(anonymous_1)",
        "decl": {
          "start": {
            "line": 7,
            "column": 4
          },
          "end": {
            "line": 7,
            "column": 5
          }
        },
        "loc": {
          "start": {
            "line": 7,
            "column": 18
          },
          "end": {
            "line": 78,
            "column": 5
          }
        },
        "line": 7
      },
      "2": {
        "name": "(anonymous_2)",
        "decl": {
          "start": {
            "line": 82,
            "column": 32
          },
          "end": {
            "line": 82,
            "column": 33
          }
        },
        "loc": {
          "start": {
            "line": 82,
            "column": 38
          },
          "end": {
            "line": 98,
            "column": 1
          }
        },
        "line": 82
      },
      "3": {
        "name": "(anonymous_3)",
        "decl": {
          "start": {
            "line": 87,
            "column": 38
          },
          "end": {
            "line": 87,
            "column": 39
          }
        },
        "loc": {
          "start": {
            "line": 87,
            "column": 44
          },
          "end": {
            "line": 97,
            "column": 5
          }
        },
        "line": 87
      }
    },
    "branchMap": {},
    "s": {
      "0": 95,
      "1": 95,
      "2": 67,
      "3": 67,
      "4": 67,
      "5": 67,
      "6": 67,
      "7": 67,
      "8": 67,
      "9": 67,
      "10": 67,
      "11": 67,
      "12": 67,
      "13": 67,
      "14": 67,
      "15": 67,
      "16": 67,
      "17": 67,
      "18": 67,
      "19": 67,
      "20": 67,
      "21": 67,
      "22": 67,
      "23": 67,
      "24": 67,
      "25": 67,
      "26": 4,
      "27": 4,
      "28": 4,
      "29": 4,
      "30": 4,
      "31": 4,
      "32": 16,
      "33": 4
    },
    "f": {
      "0": 95,
      "1": 67,
      "2": 67,
      "3": 4
    },
    "b": {},
    "_coverageSchema": "1a1c01bbd47fc00a2c39e90264f33305004495a9",
    "hash": "80196c0358794e31cbb008163eff5f8e179c5e9f"
  }
}