TN:
SF:src/components/ResetPopUp.js
FN:2,(anonymous_0)
FN:13,(anonymous_1)
FN:18,(anonymous_2)
FN:142,(anonymous_3)
FN:146,(anonymous_4)
FNF:5
FNH:5
FNDA:1,(anonymous_0)
FNDA:2,(anonymous_1)
FNDA:4,(anonymous_2)
FNDA:1,(anonymous_3)
FNDA:1,(anonymous_4)
DA:3,1
DA:4,1
DA:5,1
DA:7,2
DA:9,1
DA:10,1
DA:14,2
DA:15,2
DA:19,4
DA:20,4
DA:22,4
DA:23,4
DA:25,4
DA:26,4
DA:27,4
DA:28,4
DA:29,4
DA:30,4
DA:31,4
DA:32,4
DA:33,4
DA:34,4
DA:36,4
DA:37,4
DA:38,4
DA:39,4
DA:41,4
DA:42,4
DA:44,4
DA:45,4
DA:136,4
DA:137,4
DA:140,1
DA:142,1
DA:143,1
DA:144,1
DA:145,1
DA:146,1
DA:147,1
DA:151,1
LF:40
LH:40
BRF:0
BRH:0
end_of_record
TN:
SF:src/components/SettingsPopUp.js
FN:2,(anonymous_0)
FN:7,(anonymous_1)
FN:18,(anonymous_2)
FN:99,(anonymous_3)
FN:103,(anonymous_4)
FNF:5
FNH:5
FNDA:2,(anonymous_0)
FNDA:1,(anonymous_1)
FNDA:5,(anonymous_2)
FNDA:1,(anonymous_3)
FNDA:1,(anonymous_4)
DA:3,2
DA:4,2
DA:8,1
DA:9,1
DA:10,1
DA:11,1
DA:12,1
DA:13,1
DA:15,1
DA:19,5
DA:20,5
DA:22,5
DA:23,5
DA:24,5
DA:25,5
DA:27,5
DA:28,5
DA:29,5
DA:30,5
DA:31,5
DA:32,5
DA:33,5
DA:34,5
DA:35,5
DA:36,5
DA:37,5
DA:38,5
DA:39,5
DA:40,5
DA:41,5
DA:42,5
DA:43,5
DA:44,5
DA:46,5
DA:47,5
DA:48,5
DA:49,5
DA:50,5
DA:51,5
DA:52,5
DA:53,5
DA:55,5
DA:56,5
DA:58,5
DA:59,5
DA:93,5
DA:94,5
DA:97,1
DA:99,1
DA:100,1
DA:101,1
DA:102,1
DA:103,1
DA:104,1
DA:108,1
LF:55
LH:55
BRF:0
BRH:0
end_of_record
TN:
SF:src/components/TaskItem.js
FN:4,(anonymous_0)
FN:10,(anonymous_1)
FN:18,(anonymous_2)
FN:21,(anonymous_3)
FN:28,(anonymous_4)
FN:74,(anonymous_5)
FN:78,(anonymous_6)
FNF:7
FNH:7
FNDA:3,(anonymous_0)
FNDA:4,(anonymous_1)
FNDA:3,(anonymous_2)
FNDA:3,(anonymous_3)
FNDA:14,(anonymous_4)
FNDA:3,(anonymous_5)
FNDA:14,(anonymous_6)
DA:5,3
DA:7,3
DA:8,3
DA:10,4
DA:11,3
DA:12,2
DA:13,2
DA:19,3
DA:21,3
DA:22,3
DA:24,3
DA:29,14
DA:30,14
DA:36,14
DA:37,14
DA:41,14
DA:43,14
DA:44,14
DA:45,14
DA:46,14
DA:48,14
DA:50,14
DA:51,14
DA:70,14
DA:71,14
DA:75,3
DA:79,14
DA:80,14
DA:81,14
DA:82,14
DA:86,3
DA:88,3
LF:32
LH:32
BRDA:10,0,0,4
BRDA:10,0,1,2
BRDA:11,1,0,2
BRDA:11,1,1,1
BRDA:21,2,0,3
BRDA:21,2,1,3
BRF:6
BRH:6
end_of_record
TN:
SF:src/components/TaskPopUp.js
FN:6,(anonymous_0)
FN:32,(anonymous_1)
FN:40,(anonymous_2)
FN:187,(anonymous_3)
FN:191,(anonymous_4)
FNF:5
FNH:5
FNDA:2,(anonymous_0)
FNDA:2,(anonymous_1)
FNDA:6,(anonymous_2)
FNDA:1,(anonymous_3)
FNDA:1,(anonymous_4)
DA:7,2
DA:8,2
DA:9,2
DA:11,1
DA:16,1
DA:17,1
DA:18,1
DA:19,1
DA:20,1
DA:22,1
DA:23,1
DA:24,1
DA:25,1
DA:27,1
DA:33,2
DA:34,2
DA:35,2
DA:36,2
DA:41,6
DA:42,6
DA:44,6
DA:45,6
DA:47,6
DA:48,6
DA:49,6
DA:50,6
DA:51,6
DA:53,6
DA:54,6
DA:55,6
DA:56,6
DA:57,6
DA:59,6
DA:60,6
DA:61,6
DA:62,6
DA:63,6
DA:64,6
DA:66,6
DA:67,6
DA:69,6
DA:70,6
DA:173,6
DA:174,6
DA:178,1
DA:187,1
DA:188,1
DA:189,1
DA:190,1
DA:191,1
DA:192,1
DA:196,1
LF:52
LH:52
BRDA:9,0,0,1
BRDA:9,0,1,1
BRF:2
BRH:2
end_of_record
TN:
SF:src/scripts/Timer.js
FN:24,switchMode
FN:47,timerFunction
FN:72,start
FN:77,resetTimer
FN:82,stop
FN:92,startAndStopButton
FNF:6
FNH:6
FNDA:10,switchMode
FNDA:2828,timerFunction
FNDA:5,start
FNDA:1,resetTimer
FNDA:1,stop
FNDA:6,startAndStopButton
DA:1,6
DA:2,6
DA:4,6
DA:8,6
DA:9,6
DA:10,6
DA:11,6
DA:13,6
DA:14,1
DA:15,1
DA:16,1
DA:18,6
DA:19,6
DA:20,6
DA:22,6
DA:25,10
DA:26,10
DA:27,10
DA:28,1
DA:29,1
DA:30,1
DA:31,1
DA:32,1
DA:33,9
DA:34,5
DA:35,5
DA:36,5
DA:37,5
DA:38,5
DA:40,4
DA:41,4
DA:42,4
DA:43,4
DA:48,2828
DA:50,2828
DA:51,10
DA:52,10
DA:55,2828
DA:56,2828
DA:58,2828
DA:59,2777
DA:61,51
DA:62,51
DA:65,2828
DA:66,470
DA:69,2828
DA:73,5
DA:74,5
DA:78,1
DA:79,1
DA:83,1
DA:84,1
DA:85,1
DA:86,1
DA:87,1
DA:88,1
DA:89,1
DA:93,6
DA:94,5
DA:96,1
DA:100,6
LF:61
LH:61
BRDA:13,0,0,1
BRDA:13,0,1,5
BRDA:27,1,0,1
BRDA:27,1,1,9
BRDA:27,2,0,10
BRDA:27,2,1,6
BRDA:33,3,0,5
BRDA:33,3,1,4
BRDA:50,4,0,10
BRDA:50,4,1,2818
BRDA:58,5,0,2777
BRDA:58,5,1,51
BRDA:65,6,0,470
BRDA:65,6,1,2358
BRDA:93,7,0,5
BRDA:93,7,1,1
BRF:16
BRH:16
end_of_record
TN:
SF:src/scripts/script.js
FN:5,(anonymous_0)
FNF:1
FNH:1
FNDA:3,(anonymous_0)
DA:5,1
DA:9,3
DA:10,1
DA:11,1
DA:12,1
DA:13,1
DA:16,2
DA:18,3
DA:19,3
DA:20,3
DA:21,3
DA:22,3
DA:24,3
LF:13
LH:13
BRDA:9,0,0,1
BRDA:9,0,1,2
BRDA:9,1,0,3
BRDA:9,1,1,2
BRF:4
BRH:4
end_of_record
